#
# A fatal error has been detected by the Java Runtime Environment:
#
#  EXCEPTION_ACCESS_VIOLATION (0xc0000005) at pc=0x00007ff9489ee48d, pid=2036, tid=4592
#
# JRE version: Java(TM) SE Runtime Environment (11.0.4+10) (build 11.0.4+10-LTS)
# Java VM: Java HotSpot(TM) 64-Bit Server VM (11.0.4+10-LTS, mixed mode, tiered, compressed oops, g1 gc, windows-amd64)
# Problematic frame:
# V  [jvm.dll+0x65e48d]
#
# No core dump will be written. Minidumps are not enabled by default on client versions of Windows
#
# If you would like to submit a bug report, please visit:
#   http://bugreport.java.com/bugreport/crash.jsp
#

---------------  S U M M A R Y ------------

Command Line: -Dcom.sun.management.jmxremote -Dcom.sun.management.jmxremote.port=49861 -Dcom.sun.management.jmxremote.authenticate=false -Dcom.sun.management.jmxremote.ssl=false -Djava.rmi.server.hostname=localhost -Dspring.jmx.enabled=true -Dspring.liveBeansView.mbeanDomain -Dspring.application.admin.enabled=true -Xverify:none -XX:TieredStopAtLevel=1 -Dspring.boot.project.name=newproject -Dfile.encoding=Cp1252 com.example.demo.NewprojectApplication --spring.output.ansi.enabled=always

Host: Intel(R) Core(TM) i5-2410M CPU @ 2.30GHz, 4 cores, 7G,  Windows 10 , 64 bit Build 18362 (10.0.18362.329)
Time: Thu Feb  6 21:49:20 2020 India Standard Time elapsed time: 1527 seconds (0d 0h 25m 27s)

---------------  T H R E A D  ---------------

Current thread (0x00000295acaf0000):  JavaThread "DestroyJavaVM" [_thread_in_vm, id=4592, stack(0x000000fdcf900000,0x000000fdcfa00000)]

Stack: [0x000000fdcf900000,0x000000fdcfa00000],  sp=0x000000fdcf9ff610,  free space=1021k
Native frames: (J=compiled Java code, j=interpreted, Vv=VM code, C=native code)
V  [jvm.dll+0x65e48d]
V  [jvm.dll+0x65ea3a]
V  [jvm.dll+0x373509]
V  [jvm.dll+0x733a23]
V  [jvm.dll+0x3d4b08]
C  [javaw.exe+0x367e]
C  [javaw.exe+0x17e2c]
C  [KERNEL32.DLL+0x17bd4]
C  [ntdll.dll+0x6ced1]


siginfo: EXCEPTION_ACCESS_VIOLATION (0xc0000005), reading address 0x0000001000000017


Register to memory mapping:

RIP=0x00007ff9489ee48d jvm.dll
RAX=0x0000000000000001 is an unknown value
RBX=0x000000100000000f is an unknown value
RCX=0x0000029585fe0000 points into unknown readable memory: 00 00 00 00 00 00 00 00
RDX=0x0000029585fe0000 points into unknown readable memory: 00 00 00 00 00 00 00 00
RSP=0x000000fdcf9ff610 points into unknown readable memory: cd 00 00 00 00 00 00 00
RBP=0x0 is NULL
RSI=0x0000000000000001 is an unknown value
RDI=0x00000295a77e72b0 points into unknown readable memory: 0f 00 00 00 10 00 00 00
R8 =0x0000000000000003 is an unknown value
R9 =0x0000000000000001 is an unknown value
R10=0x0000000000008000 is an unknown value
R11=0x000000fdcf9ff510 points into unknown readable memory: 00 00 00 00 00 00 00 00
R12=0x0000029588158298 points into unknown readable memory: d0 fa 3d 81 00 00 00 00
R13=0x0000029586000850 points into unknown readable memory: 63 6f 6d 2e 65 78 61 6d
R14=0x0000029588158288 points into unknown readable memory: 10 ff 3d 81 00 00 00 00
R15=0x0000029588158280 points into unknown readable memory: 10 ff 3d 81 00 00 00 00


Registers:
RAX=0x0000000000000001, RBX=0x000000100000000f, RCX=0x0000029585fe0000, RDX=0x0000029585fe0000
RSP=0x000000fdcf9ff610, RBP=0x0000000000000000, RSI=0x0000000000000001, RDI=0x00000295a77e72b0
R8 =0x0000000000000003, R9 =0x0000000000000001, R10=0x0000000000008000, R11=0x000000fdcf9ff510
R12=0x0000029588158298, R13=0x0000029586000850, R14=0x0000029588158288, R15=0x0000029588158280
RIP=0x00007ff9489ee48d, EFLAGS=0x0000000000010206

Top of Stack: (sp=0x000000fdcf9ff610)
0x000000fdcf9ff610:   00000000000000cd 00007ff900000000
0x000000fdcf9ff620:   0000029500000000 0000000000000000
0x000000fdcf9ff630:   00000295acaf0000 00007ff9489eea3a
0x000000fdcf9ff640:   0000029588155060 000000fdcf9ff7f8
0x000000fdcf9ff650:   0000000000000001 00000295acaf0000
0x000000fdcf9ff660:   00000295abd9f0f0 00007ff948703509
0x000000fdcf9ff670:   0000000000000000 000000fdcf9ff7f8
0x000000fdcf9ff680:   0000000000000000 0000029500000010
0x000000fdcf9ff690:   00000295acaf0000 00007ff948ac3a23
0x000000fdcf9ff6a0:   0000029588155060 0000029588154d90
0x000000fdcf9ff6b0:   0000000000000001 000000fdcf9ff7f8
0x000000fdcf9ff6c0:   00000295acaf0000 0000029588158288
0x000000fdcf9ff6d0:   000000000000000e 0000000000000000
0x000000fdcf9ff6e0:   00000295aaf4b400 00000295881579d0
0x000000fdcf9ff6f0:   00000295acaf0000 00000295aaf4b4d0
0x000000fdcf9ff700:   00000295881579d0 00000295881579e0 

Instructions: (pc=0x00007ff9489ee48d)
0x00007ff9489ee46d:   8b ce e8 ac b8 a5 ff 48 8b 3d d5 ef 40 00 48 8b
0x00007ff9489ee47d:   74 24 40 48 85 ff 74 39 48 8b 1f 48 85 db 74 29
0x00007ff9489ee48d:   48 83 7b 08 01 75 1a 48 8b 53 18 89 2b 48 85 d2
0x00007ff9489ee49d:   74 0f 39 6b 04 48 8b cb e8 e6 36 c9 ff 48 89 6b 


Stack slot to memory mapping:
stack at sp + 0 slots: 0x00000000000000cd is an unknown value
stack at sp + 1 slots: 0x00007ff900000000 is an unknown value
stack at sp + 2 slots: 0x0000029500000000 is an unknown value
stack at sp + 3 slots: 0x0 is NULL
stack at sp + 4 slots: 0x00000295acaf0000 points into unknown readable memory: 98 7d c6 48 f9 7f 00 00
stack at sp + 5 slots: 0x00007ff9489eea3a jvm.dll
stack at sp + 6 slots: 0x0000029588155060 points into unknown readable memory: 00 00 00 00 00 00 00 00
stack at sp + 7 slots: 0x000000fdcf9ff7f8 points into unknown readable memory: 00 00 00 00 00 00 00 00


---------------  P R O C E S S  ---------------

Threads class SMR info:
_java_thread_list=0x00000295abd9f0f0, length=16, elements={
0x00000295a6518800, 0x00000295a6d54000, 0x00000295a6d62800, 0x00000295a6dae800,
0x00000295a6dbb800, 0x00000295a64d5000, 0x00000295a7010800, 0x00000295a7936000,
0x00000295a793c800, 0x00000295a793d800, 0x00000295acbc9800, 0x00000295acbc8000,
0x00000295acaeb800, 0x00000295acaf1000, 0x00000295acaee800, 0x00000295acaf2000
}

Java Threads: ( => current thread )
  0x00000295a6518800 JavaThread "Reference Handler" daemon [_thread_blocked, id=9788, stack(0x000000fdd0000000,0x000000fdd0100000)]
  0x00000295a6d54000 JavaThread "Finalizer" daemon [_thread_blocked, id=9492, stack(0x000000fdd0100000,0x000000fdd0200000)]
  0x00000295a6d62800 JavaThread "Attach Listener" daemon [_thread_blocked, id=3932, stack(0x000000fdd0300000,0x000000fdd0400000)]
  0x00000295a6dae800 JavaThread "C1 CompilerThread0" daemon [_thread_blocked, id=8164, stack(0x000000fdd0400000,0x000000fdd0500000)]
  0x00000295a6dbb800 JavaThread "Sweeper thread" daemon [_thread_blocked, id=2884, stack(0x000000fdd0500000,0x000000fdd0600000)]
  0x00000295a64d5000 JavaThread "Common-Cleaner" daemon [_thread_blocked, id=9908, stack(0x000000fdd0600000,0x000000fdd0700000)]
  0x00000295a7010800 JavaThread "Service Thread" daemon [_thread_blocked, id=9712, stack(0x000000fdd0800000,0x000000fdd0900000)]
  0x00000295a7936000 JavaThread "RMI TCP Accept-0" daemon [_thread_in_native, id=1324, stack(0x000000fdd0b00000,0x000000fdd0c00000)]
  0x00000295a793c800 JavaThread "RMI TCP Accept-49861" daemon [_thread_in_native, id=5444, stack(0x000000fdd0c00000,0x000000fdd0d00000)]
  0x00000295a793d800 JavaThread "RMI TCP Accept-0" daemon [_thread_in_native, id=5488, stack(0x000000fdd0d00000,0x000000fdd0e00000)]
  0x00000295acbc9800 JavaThread "mysql-cj-abandoned-connection-cleanup" daemon [_thread_blocked, id=1512, stack(0x000000fdd1500000,0x000000fdd1600000)]
  0x00000295acbc8000 JavaThread "Live Reload Server" daemon [_thread_in_native, id=6492, stack(0x000000fdd1800000,0x000000fdd1900000)]
  0x00000295acaeb800 JavaThread "RMI TCP Connection(1)-127.0.0.1" daemon [_thread_in_native, id=6456, stack(0x000000fdd1000000,0x000000fdd1100000)]
  0x00000295acaf1000 JavaThread "RMI Scheduler(0)" daemon [_thread_blocked, id=8856, stack(0x000000fdd1600000,0x000000fdd1700000)]
  0x00000295acaee800 JavaThread "RMI TCP Connection(2)-127.0.0.1" daemon [_thread_in_native, id=1956, stack(0x000000fdd1900000,0x000000fdd1a00000)]
  0x00000295acaf2000 JavaThread "JMX server connection timeout 102" daemon [_thread_blocked, id=5992, stack(0x000000fdd1a00000,0x000000fdd1b00000)]

Other Threads:
  0x000002958816c000 GCTaskThread "GC Thread#0" [stack: 0x000000fdcfa00000,0x000000fdcfb00000] [id=6788]
  0x00000295a78f9000 GCTaskThread "GC Thread#1" [stack: 0x000000fdd0900000,0x000000fdd0a00000] [id=10048]
  0x00000295a78f9800 GCTaskThread "GC Thread#2" [stack: 0x000000fdd0a00000,0x000000fdd0b00000] [id=9432]
  0x00000295a8690800 GCTaskThread "GC Thread#3" [stack: 0x000000fdd1300000,0x000000fdd1400000] [id=2108]
  0x000002958819e000 ConcurrentGCThread "G1 Main Marker" [stack: 0x000000fdcfb00000,0x000000fdcfc00000] [id=8276]
  0x00000295881a0800 ConcurrentGCThread "G1 Conc#0" [stack: 0x000000fdcfc00000,0x000000fdcfd00000] [id=3456]
  0x00000295a6383800 ConcurrentGCThread "G1 Refine#0" [stack: 0x000000fdcfd00000,0x000000fdcfe00000] [id=3792]
  0x00000295a6384800 ConcurrentGCThread "G1 Young RemSet Sampling" [stack: 0x000000fdcfe00000,0x000000fdcff00000] [id=3888]

=>0x00000295acaf0000 (exited) JavaThread "DestroyJavaVM" [_thread_in_vm, id=4592, stack(0x000000fdcf900000,0x000000fdcfa00000)]

Threads with active compile tasks:

VM state:at safepoint (shutting down)

VM Mutex/Monitor currently owned by a thread:  ([mutex/lock_event])
[0x0000029588154d90] Threads_lock - owner thread: 0x00000295a6d23800

Heap address: 0x0000000080c00000, size: 2036 MB, Compressed Oops mode: 32-bit
Narrow klass base: 0x0000000000000000, Narrow klass shift: 3
Compressed class space size: 1073741824 Address: 0x0000000100000000

Heap:
 garbage-first heap   total 157696K, used 120586K [0x0000000080c00000, 0x0000000100000000)
  region size 1024K, 73 young (74752K), 1 survivors (1024K)
 Metaspace       used 74112K, capacity 76506K, committed 76672K, reserved 1116160K
  class space    used 9870K, capacity 10785K, committed 10880K, reserved 1048576K
Heap Regions: E=young(eden), S=young(survivor), O=old, HS=humongous(starts), HC=humongous(continues), CS=collection set, F=free, A=archive, TAMS=top-at-mark-start (previous, next)
|   0|0x0000000080c00000, 0x0000000080d00000, 0x0000000080d00000|100%|HS|  |TAMS 0x0000000080d00000, 0x0000000080c00000| Complete 
|   1|0x0000000080d00000, 0x0000000080e00000, 0x0000000080e00000|100%| O|  |TAMS 0x0000000080e00000, 0x0000000080d00000| Untracked 
|   2|0x0000000080e00000, 0x0000000080f00000, 0x0000000080f00000|100%| O|  |TAMS 0x0000000080f00000, 0x0000000080e00000| Untracked 
|   3|0x0000000080f00000, 0x0000000081000000, 0x0000000081000000|100%| O|  |TAMS 0x0000000081000000, 0x0000000080f00000| Untracked 
|   4|0x0000000081000000, 0x0000000081100000, 0x0000000081100000|100%| O|  |TAMS 0x0000000081100000, 0x0000000081000000| Untracked 
|   5|0x0000000081100000, 0x0000000081200000, 0x0000000081200000|100%| O|  |TAMS 0x0000000081200000, 0x0000000081100000| Untracked 
|   6|0x0000000081200000, 0x0000000081300000, 0x0000000081300000|100%| O|  |TAMS 0x0000000081300000, 0x0000000081200000| Untracked 
|   7|0x0000000081300000, 0x0000000081400000, 0x0000000081400000|100%| O|  |TAMS 0x0000000081400000, 0x0000000081300000| Untracked 
|   8|0x0000000081400000, 0x0000000081500000, 0x0000000081500000|100%| O|  |TAMS 0x0000000081500000, 0x0000000081400000| Untracked 
|   9|0x0000000081500000, 0x0000000081600000, 0x0000000081600000|100%| O|  |TAMS 0x0000000081600000, 0x0000000081500000| Untracked 
|  10|0x0000000081600000, 0x0000000081700000, 0x0000000081700000|100%| O|  |TAMS 0x0000000081700000, 0x0000000081600000| Untracked 
|  11|0x0000000081700000, 0x0000000081800000, 0x0000000081800000|100%| O|  |TAMS 0x0000000081800000, 0x0000000081700000| Untracked 
|  12|0x0000000081800000, 0x0000000081900000, 0x0000000081900000|100%| O|  |TAMS 0x0000000081900000, 0x0000000081800000| Untracked 
|  13|0x0000000081900000, 0x0000000081a00000, 0x0000000081a00000|100%| O|  |TAMS 0x0000000081a00000, 0x0000000081900000| Untracked 
|  14|0x0000000081a00000, 0x0000000081b00000, 0x0000000081b00000|100%| O|  |TAMS 0x0000000081b00000, 0x0000000081a00000| Untracked 
|  15|0x0000000081b00000, 0x0000000081c00000, 0x0000000081c00000|100%| O|  |TAMS 0x0000000081c00000, 0x0000000081b00000| Untracked 
|  16|0x0000000081c00000, 0x0000000081d00000, 0x0000000081d00000|100%| O|  |TAMS 0x0000000081d00000, 0x0000000081c00000| Untracked 
|  17|0x0000000081d00000, 0x0000000081e00000, 0x0000000081e00000|100%| O|  |TAMS 0x0000000081e00000, 0x0000000081d00000| Untracked 
|  18|0x0000000081e00000, 0x0000000081f00000, 0x0000000081f00000|100%| O|  |TAMS 0x0000000081f00000, 0x0000000081e00000| Untracked 
|  19|0x0000000081f00000, 0x0000000082000000, 0x0000000082000000|100%| O|  |TAMS 0x0000000082000000, 0x0000000081f00000| Untracked 
|  20|0x0000000082000000, 0x0000000082100000, 0x0000000082100000|100%| O|  |TAMS 0x0000000082100000, 0x0000000082000000| Untracked 
|  21|0x0000000082100000, 0x0000000082200000, 0x0000000082200000|100%| O|  |TAMS 0x0000000082200000, 0x0000000082100000| Untracked 
|  22|0x0000000082200000, 0x0000000082300000, 0x0000000082300000|100%| O|  |TAMS 0x0000000082200000, 0x0000000082200000| Untracked 
|  23|0x0000000082300000, 0x0000000082400000, 0x0000000082400000|100%| O|  |TAMS 0x0000000082300000, 0x0000000082300000| Untracked 
|  24|0x0000000082400000, 0x0000000082400000, 0x0000000082500000|  0%| F|  |TAMS 0x0000000082400000, 0x0000000082400000| Untracked 
|  25|0x0000000082500000, 0x0000000082600000, 0x0000000082600000|100%| O|  |TAMS 0x0000000082500000, 0x0000000082500000| Untracked 
|  26|0x0000000082600000, 0x0000000082700000, 0x0000000082700000|100%| O|  |TAMS 0x0000000082600000, 0x0000000082600000| Untracked 
|  27|0x0000000082700000, 0x0000000082800000, 0x0000000082800000|100%| O|  |TAMS 0x0000000082800000, 0x0000000082700000| Untracked 
|  28|0x0000000082800000, 0x0000000082900000, 0x0000000082900000|100%| O|  |TAMS 0x0000000082900000, 0x0000000082800000| Untracked 
|  29|0x0000000082900000, 0x000000008298bc00, 0x0000000082a00000| 54%| O|  |TAMS 0x0000000082900000, 0x0000000082900000| Untracked 
|  30|0x0000000082a00000, 0x0000000082a00000, 0x0000000082b00000|  0%| F|  |TAMS 0x0000000082a00000, 0x0000000082a00000| Untracked 
|  31|0x0000000082b00000, 0x0000000082b00000, 0x0000000082c00000|  0%| F|  |TAMS 0x0000000082b00000, 0x0000000082b00000| Untracked 
|  32|0x0000000082c00000, 0x0000000082d00000, 0x0000000082d00000|100%| O|  |TAMS 0x0000000082d00000, 0x0000000082c00000| Untracked 
|  33|0x0000000082d00000, 0x0000000082e00000, 0x0000000082e00000|100%| O|  |TAMS 0x0000000082e00000, 0x0000000082d00000| Untracked 
|  34|0x0000000082e00000, 0x0000000082e00000, 0x0000000082f00000|  0%| F|  |TAMS 0x0000000082e00000, 0x0000000082e00000| Untracked 
|  35|0x0000000082f00000, 0x0000000082f00000, 0x0000000083000000|  0%| F|  |TAMS 0x0000000082f00000, 0x0000000082f00000| Untracked 
|  36|0x0000000083000000, 0x0000000083000000, 0x0000000083100000|  0%| F|  |TAMS 0x0000000083000000, 0x0000000083000000| Untracked 
|  37|0x0000000083100000, 0x0000000083100000, 0x0000000083200000|  0%| F|  |TAMS 0x0000000083100000, 0x0000000083100000| Untracked 
|  38|0x0000000083200000, 0x0000000083300000, 0x0000000083300000|100%| O|  |TAMS 0x0000000083300000, 0x0000000083200000| Untracked 
|  39|0x0000000083300000, 0x0000000083300000, 0x0000000083400000|  0%| F|  |TAMS 0x0000000083300000, 0x0000000083300000| Untracked 
|  40|0x0000000083400000, 0x0000000083400000, 0x0000000083500000|  0%| F|  |TAMS 0x0000000083400000, 0x0000000083400000| Untracked 
|  41|0x0000000083500000, 0x0000000083600000, 0x0000000083600000|100%| O|  |TAMS 0x0000000083600000, 0x0000000083500000| Untracked 
|  42|0x0000000083600000, 0x0000000083700000, 0x0000000083700000|100%| O|  |TAMS 0x0000000083700000, 0x0000000083600000| Untracked 
|  43|0x0000000083700000, 0x0000000083800000, 0x0000000083800000|100%| O|  |TAMS 0x0000000083800000, 0x0000000083700000| Untracked 
|  44|0x0000000083800000, 0x0000000083900000, 0x0000000083900000|100%| O|  |TAMS 0x0000000083900000, 0x0000000083800000| Untracked 
|  45|0x0000000083900000, 0x0000000083a00000, 0x0000000083a00000|100%| O|  |TAMS 0x0000000083a00000, 0x0000000083900000| Untracked 
|  46|0x0000000083a00000, 0x0000000083b00000, 0x0000000083b00000|100%| O|  |TAMS 0x0000000083b00000, 0x0000000083a00000| Untracked 
|  47|0x0000000083b00000, 0x0000000083c00000, 0x0000000083c00000|100%| O|  |TAMS 0x0000000083c00000, 0x0000000083b00000| Untracked 
|  48|0x0000000083c00000, 0x0000000083d00000, 0x0000000083d00000|100%| O|  |TAMS 0x0000000083d00000, 0x0000000083c00000| Untracked 
|  49|0x0000000083d00000, 0x0000000083e00000, 0x0000000083e00000|100%| O|  |TAMS 0x0000000083e00000, 0x0000000083d00000| Untracked 
|  50|0x0000000083e00000, 0x0000000083f00000, 0x0000000083f00000|100%| O|  |TAMS 0x0000000083f00000, 0x0000000083e00000| Untracked 
|  51|0x0000000083f00000, 0x0000000084000000, 0x0000000084000000|100%| O|  |TAMS 0x0000000084000000, 0x0000000083f00000| Untracked 
|  52|0x0000000084000000, 0x0000000084100000, 0x0000000084100000|100%| O|  |TAMS 0x0000000084100000, 0x0000000084000000| Untracked 
|  53|0x0000000084100000, 0x0000000084200000, 0x0000000084200000|100%| O|  |TAMS 0x0000000084200000, 0x0000000084100000| Untracked 
|  54|0x0000000084200000, 0x0000000084300000, 0x0000000084300000|100%| O|  |TAMS 0x0000000084300000, 0x0000000084200000| Untracked 
|  55|0x0000000084300000, 0x0000000084400000, 0x0000000084400000|100%| O|  |TAMS 0x0000000084400000, 0x0000000084300000| Untracked 
|  56|0x0000000084400000, 0x0000000084500000, 0x0000000084500000|100%| O|  |TAMS 0x000000008441c800, 0x0000000084400000| Untracked 
|  57|0x0000000084500000, 0x0000000084500000, 0x0000000084600000|  0%| F|  |TAMS 0x0000000084500000, 0x0000000084500000| Untracked 
|  58|0x0000000084600000, 0x0000000084600000, 0x0000000084700000|  0%| F|  |TAMS 0x0000000084600000, 0x0000000084600000| Untracked 
|  59|0x0000000084700000, 0x0000000084700000, 0x0000000084800000|  0%| F|  |TAMS 0x0000000084700000, 0x0000000084700000| Untracked 
|  60|0x0000000084800000, 0x0000000084800000, 0x0000000084900000|  0%| F|  |TAMS 0x0000000084800000, 0x0000000084800000| Untracked 
|  61|0x0000000084900000, 0x0000000084900000, 0x0000000084a00000|  0%| F|  |TAMS 0x0000000084900000, 0x0000000084900000| Untracked 
|  62|0x0000000084a00000, 0x0000000084a00000, 0x0000000084b00000|  0%| F|  |TAMS 0x0000000084a00000, 0x0000000084a00000| Untracked 
|  63|0x0000000084b00000, 0x0000000084b00000, 0x0000000084c00000|  0%| F|  |TAMS 0x0000000084b00000, 0x0000000084b00000| Untracked 
|  64|0x0000000084c00000, 0x0000000084c00000, 0x0000000084d00000|  0%| F|  |TAMS 0x0000000084c00000, 0x0000000084c00000| Untracked 
|  65|0x0000000084d00000, 0x0000000084d00000, 0x0000000084e00000|  0%| F|  |TAMS 0x0000000084d00000, 0x0000000084d00000| Untracked 
|  66|0x0000000084e00000, 0x0000000084e00000, 0x0000000084f00000|  0%| F|  |TAMS 0x0000000084e00000, 0x0000000084e00000| Untracked 
|  67|0x0000000084f00000, 0x0000000084f00000, 0x0000000085000000|  0%| F|  |TAMS 0x0000000084f00000, 0x0000000084f00000| Untracked 
|  68|0x0000000085000000, 0x0000000085000000, 0x0000000085100000|  0%| F|  |TAMS 0x0000000085000000, 0x0000000085000000| Untracked 
|  69|0x0000000085100000, 0x0000000085100000, 0x0000000085200000|  0%| F|  |TAMS 0x0000000085100000, 0x0000000085100000| Untracked 
|  70|0x0000000085200000, 0x0000000085200000, 0x0000000085300000|  0%| F|  |TAMS 0x0000000085200000, 0x0000000085200000| Untracked 
|  71|0x0000000085300000, 0x0000000085300000, 0x0000000085400000|  0%| F|  |TAMS 0x0000000085300000, 0x0000000085300000| Untracked 
|  72|0x0000000085400000, 0x0000000085400000, 0x0000000085500000|  0%| F|  |TAMS 0x0000000085400000, 0x0000000085400000| Untracked 
|  73|0x0000000085500000, 0x0000000085500000, 0x0000000085600000|  0%| F|  |TAMS 0x0000000085500000, 0x0000000085500000| Untracked 
|  74|0x0000000085600000, 0x0000000085600000, 0x0000000085700000|  0%| F|  |TAMS 0x0000000085600000, 0x0000000085600000| Untracked 
|  75|0x0000000085700000, 0x0000000085700000, 0x0000000085800000|  0%| F|  |TAMS 0x0000000085700000, 0x0000000085700000| Untracked 
|  76|0x0000000085800000, 0x0000000085800000, 0x0000000085900000|  0%| F|  |TAMS 0x0000000085800000, 0x0000000085800000| Untracked 
|  77|0x0000000085900000, 0x0000000085900000, 0x0000000085a00000|  0%| F|  |TAMS 0x0000000085900000, 0x0000000085900000| Untracked 
|  78|0x0000000085a00000, 0x0000000085a00000, 0x0000000085b00000|  0%| F|  |TAMS 0x0000000085a00000, 0x0000000085a00000| Untracked 
|  79|0x0000000085b00000, 0x0000000085b00000, 0x0000000085c00000|  0%| F|  |TAMS 0x0000000085b00000, 0x0000000085b00000| Untracked 
|  80|0x0000000085c00000, 0x0000000085c00000, 0x0000000085d00000|  0%| F|  |TAMS 0x0000000085c00000, 0x0000000085c00000| Untracked 
|  81|0x0000000085d00000, 0x0000000085e00000, 0x0000000085e00000|100%| E|  |TAMS 0x0000000085d00000, 0x0000000085d00000| Complete 
|  82|0x0000000085e00000, 0x0000000085f00000, 0x0000000085f00000|100%| E|CS|TAMS 0x0000000085e00000, 0x0000000085e00000| Complete 
|  83|0x0000000085f00000, 0x0000000086000000, 0x0000000086000000|100%| E|CS|TAMS 0x0000000085f00000, 0x0000000085f00000| Complete 
|  84|0x0000000086000000, 0x0000000086100000, 0x0000000086100000|100%| E|  |TAMS 0x0000000086000000, 0x0000000086000000| Complete 
|  85|0x0000000086100000, 0x0000000086200000, 0x0000000086200000|100%| E|CS|TAMS 0x0000000086100000, 0x0000000086100000| Complete 
|  86|0x0000000086200000, 0x0000000086300000, 0x0000000086300000|100%| E|CS|TAMS 0x0000000086200000, 0x0000000086200000| Complete 
|  87|0x0000000086300000, 0x0000000086400000, 0x0000000086400000|100%| E|CS|TAMS 0x0000000086300000, 0x0000000086300000| Complete 
|  88|0x0000000086400000, 0x0000000086500000, 0x0000000086500000|100%| E|CS|TAMS 0x0000000086400000, 0x0000000086400000| Complete 
|  89|0x0000000086500000, 0x0000000086600000, 0x0000000086600000|100%| E|CS|TAMS 0x0000000086500000, 0x0000000086500000| Complete 
|  90|0x0000000086600000, 0x0000000086700000, 0x0000000086700000|100%| E|CS|TAMS 0x0000000086600000, 0x0000000086600000| Complete 
|  91|0x0000000086700000, 0x0000000086800000, 0x0000000086800000|100%| E|CS|TAMS 0x0000000086700000, 0x0000000086700000| Complete 
|  92|0x0000000086800000, 0x0000000086900000, 0x0000000086900000|100%| E|CS|TAMS 0x0000000086800000, 0x0000000086800000| Complete 
|  93|0x0000000086900000, 0x0000000086a00000, 0x0000000086a00000|100%| E|CS|TAMS 0x0000000086900000, 0x0000000086900000| Complete 
|  94|0x0000000086a00000, 0x0000000086b00000, 0x0000000086b00000|100%| E|CS|TAMS 0x0000000086a00000, 0x0000000086a00000| Complete 
|  95|0x0000000086b00000, 0x0000000086c00000, 0x0000000086c00000|100%| E|CS|TAMS 0x0000000086b00000, 0x0000000086b00000| Complete 
|  96|0x0000000086c00000, 0x0000000086d00000, 0x0000000086d00000|100%| E|CS|TAMS 0x0000000086c00000, 0x0000000086c00000| Complete 
|  97|0x0000000086d00000, 0x0000000086e00000, 0x0000000086e00000|100%| E|CS|TAMS 0x0000000086d00000, 0x0000000086d00000| Complete 
|  98|0x0000000086e00000, 0x0000000086f00000, 0x0000000086f00000|100%| E|CS|TAMS 0x0000000086e00000, 0x0000000086e00000| Complete 
|  99|0x0000000086f00000, 0x0000000087000000, 0x0000000087000000|100%| E|CS|TAMS 0x0000000086f00000, 0x0000000086f00000| Complete 
| 100|0x0000000087000000, 0x0000000087100000, 0x0000000087100000|100%| E|CS|TAMS 0x0000000087000000, 0x0000000087000000| Complete 
| 101|0x0000000087100000, 0x0000000087200000, 0x0000000087200000|100%| E|CS|TAMS 0x0000000087100000, 0x0000000087100000| Complete 
| 102|0x0000000087200000, 0x0000000087300000, 0x0000000087300000|100%| E|CS|TAMS 0x0000000087200000, 0x0000000087200000| Complete 
| 103|0x0000000087300000, 0x0000000087400000, 0x0000000087400000|100%| E|CS|TAMS 0x0000000087300000, 0x0000000087300000| Complete 
| 104|0x0000000087400000, 0x0000000087500000, 0x0000000087500000|100%| E|CS|TAMS 0x0000000087400000, 0x0000000087400000| Complete 
| 105|0x0000000087500000, 0x0000000087600000, 0x0000000087600000|100%| E|CS|TAMS 0x0000000087500000, 0x0000000087500000| Complete 
| 106|0x0000000087600000, 0x0000000087700000, 0x0000000087700000|100%| E|CS|TAMS 0x0000000087600000, 0x0000000087600000| Complete 
| 107|0x0000000087700000, 0x0000000087800000, 0x0000000087800000|100%| E|CS|TAMS 0x0000000087700000, 0x0000000087700000| Complete 
| 108|0x0000000087800000, 0x0000000087900000, 0x0000000087900000|100%| E|CS|TAMS 0x0000000087800000, 0x0000000087800000| Complete 
| 109|0x0000000087900000, 0x0000000087a00000, 0x0000000087a00000|100%| E|CS|TAMS 0x0000000087900000, 0x0000000087900000| Complete 
| 110|0x0000000087a00000, 0x0000000087b00000, 0x0000000087b00000|100%| E|CS|TAMS 0x0000000087a00000, 0x0000000087a00000| Complete 
| 111|0x0000000087b00000, 0x0000000087c00000, 0x0000000087c00000|100%| E|CS|TAMS 0x0000000087b00000, 0x0000000087b00000| Complete 
| 112|0x0000000087c00000, 0x0000000087d00000, 0x0000000087d00000|100%| E|CS|TAMS 0x0000000087c00000, 0x0000000087c00000| Complete 
| 113|0x0000000087d00000, 0x0000000087e00000, 0x0000000087e00000|100%| E|CS|TAMS 0x0000000087d00000, 0x0000000087d00000| Complete 
| 114|0x0000000087e00000, 0x0000000087f00000, 0x0000000087f00000|100%| E|CS|TAMS 0x0000000087e00000, 0x0000000087e00000| Complete 
| 115|0x0000000087f00000, 0x0000000088000000, 0x0000000088000000|100%| E|CS|TAMS 0x0000000087f00000, 0x0000000087f00000| Complete 
| 116|0x0000000088000000, 0x0000000088100000, 0x0000000088100000|100%| E|CS|TAMS 0x0000000088000000, 0x0000000088000000| Complete 
| 117|0x0000000088100000, 0x0000000088200000, 0x0000000088200000|100%| E|CS|TAMS 0x0000000088100000, 0x0000000088100000| Complete 
| 118|0x0000000088200000, 0x0000000088300000, 0x0000000088300000|100%| E|CS|TAMS 0x0000000088200000, 0x0000000088200000| Complete 
| 119|0x0000000088300000, 0x0000000088400000, 0x0000000088400000|100%| E|CS|TAMS 0x0000000088300000, 0x0000000088300000| Complete 
| 120|0x0000000088400000, 0x0000000088500000, 0x0000000088500000|100%| E|CS|TAMS 0x0000000088400000, 0x0000000088400000| Complete 
| 121|0x0000000088500000, 0x0000000088600000, 0x0000000088600000|100%| E|CS|TAMS 0x0000000088500000, 0x0000000088500000| Complete 
| 122|0x0000000088600000, 0x0000000088700000, 0x0000000088700000|100%| E|CS|TAMS 0x0000000088600000, 0x0000000088600000| Complete 
| 123|0x0000000088700000, 0x0000000088800000, 0x0000000088800000|100%| E|CS|TAMS 0x0000000088700000, 0x0000000088700000| Complete 
| 124|0x0000000088800000, 0x0000000088900000, 0x0000000088900000|100%| E|CS|TAMS 0x0000000088800000, 0x0000000088800000| Complete 
| 125|0x0000000088900000, 0x0000000088a00000, 0x0000000088a00000|100%| E|CS|TAMS 0x0000000088900000, 0x0000000088900000| Complete 
| 126|0x0000000088a00000, 0x0000000088b00000, 0x0000000088b00000|100%| E|CS|TAMS 0x0000000088a00000, 0x0000000088a00000| Complete 
| 127|0x0000000088b00000, 0x0000000088c00000, 0x0000000088c00000|100%| E|CS|TAMS 0x0000000088b00000, 0x0000000088b00000| Complete 
| 128|0x0000000088c00000, 0x0000000088d00000, 0x0000000088d00000|100%| E|CS|TAMS 0x0000000088c00000, 0x0000000088c00000| Complete 
| 129|0x0000000088d00000, 0x0000000088e00000, 0x0000000088e00000|100%| E|CS|TAMS 0x0000000088d00000, 0x0000000088d00000| Complete 
| 130|0x0000000088e00000, 0x0000000088f00000, 0x0000000088f00000|100%| E|CS|TAMS 0x0000000088e00000, 0x0000000088e00000| Complete 
| 131|0x0000000088f00000, 0x0000000089000000, 0x0000000089000000|100%| E|CS|TAMS 0x0000000088f00000, 0x0000000088f00000| Complete 
| 132|0x0000000089000000, 0x0000000089100000, 0x0000000089100000|100%| E|CS|TAMS 0x0000000089000000, 0x0000000089000000| Complete 
| 133|0x0000000089100000, 0x0000000089200000, 0x0000000089200000|100%| E|CS|TAMS 0x0000000089100000, 0x0000000089100000| Complete 
| 134|0x0000000089200000, 0x0000000089300000, 0x0000000089300000|100%| E|CS|TAMS 0x0000000089200000, 0x0000000089200000| Complete 
| 135|0x0000000089300000, 0x0000000089400000, 0x0000000089400000|100%| E|CS|TAMS 0x0000000089300000, 0x0000000089300000| Complete 
| 136|0x0000000089400000, 0x0000000089500000, 0x0000000089500000|100%| E|CS|TAMS 0x0000000089400000, 0x0000000089400000| Complete 
| 137|0x0000000089500000, 0x0000000089600000, 0x0000000089600000|100%| E|CS|TAMS 0x0000000089500000, 0x0000000089500000| Complete 
| 138|0x0000000089600000, 0x0000000089700000, 0x0000000089700000|100%| E|CS|TAMS 0x0000000089600000, 0x0000000089600000| Complete 
| 139|0x0000000089700000, 0x0000000089800000, 0x0000000089800000|100%| E|CS|TAMS 0x0000000089700000, 0x0000000089700000| Complete 
| 140|0x0000000089800000, 0x0000000089900000, 0x0000000089900000|100%| E|CS|TAMS 0x0000000089800000, 0x0000000089800000| Complete 
| 141|0x0000000089900000, 0x0000000089a00000, 0x0000000089a00000|100%| E|CS|TAMS 0x0000000089900000, 0x0000000089900000| Complete 
| 142|0x0000000089a00000, 0x0000000089b00000, 0x0000000089b00000|100%| E|CS|TAMS 0x0000000089a00000, 0x0000000089a00000| Complete 
| 143|0x0000000089b00000, 0x0000000089c00000, 0x0000000089c00000|100%| E|CS|TAMS 0x0000000089b00000, 0x0000000089b00000| Complete 
| 144|0x0000000089c00000, 0x0000000089d00000, 0x0000000089d00000|100%| E|CS|TAMS 0x0000000089c00000, 0x0000000089c00000| Complete 
| 145|0x0000000089d00000, 0x0000000089e00000, 0x0000000089e00000|100%| E|CS|TAMS 0x0000000089d00000, 0x0000000089d00000| Complete 
| 146|0x0000000089e00000, 0x0000000089f00000, 0x0000000089f00000|100%| E|CS|TAMS 0x0000000089e00000, 0x0000000089e00000| Complete 
| 147|0x0000000089f00000, 0x000000008a000000, 0x000000008a000000|100%| E|CS|TAMS 0x0000000089f00000, 0x0000000089f00000| Complete 
| 148|0x000000008a000000, 0x000000008a036f90, 0x000000008a100000| 21%| S|CS|TAMS 0x000000008a000000, 0x000000008a000000| Complete 
| 149|0x000000008a100000, 0x000000008a200000, 0x000000008a200000|100%| E|CS|TAMS 0x000000008a100000, 0x000000008a100000| Complete 
| 150|0x000000008a200000, 0x000000008a300000, 0x000000008a300000|100%| E|CS|TAMS 0x000000008a200000, 0x000000008a200000| Complete 
| 151|0x000000008a300000, 0x000000008a400000, 0x000000008a400000|100%| E|CS|TAMS 0x000000008a300000, 0x000000008a300000| Complete 
| 152|0x000000008a400000, 0x000000008a500000, 0x000000008a500000|100%| E|CS|TAMS 0x000000008a400000, 0x000000008a400000| Complete 
| 153|0x000000008a500000, 0x000000008a600000, 0x000000008a600000|100%| E|CS|TAMS 0x000000008a500000, 0x000000008a500000| Complete 

Card table byte_map: [0x000002959f840000,0x000002959fc40000] _byte_map_base: 0x000002959f43a000

Marking Bits (Prev, Next): (CMBitMap*) 0x0000029588195328, (CMBitMap*) 0x0000029588195360
 Prev Bits: [0x00000295a0040000, 0x00000295a2010000)
 Next Bits: [0x00000295a2010000, 0x00000295a3fe0000)

Polling page: 0x00000295878d0000

Metaspace:

Usage:
  Non-class:     64.18 MB capacity,    62.74 MB ( 98%) used,     1.18 MB (  2%) free+waste,   269.81 KB ( <1%) overhead. 
      Class:     10.53 MB capacity,     9.64 MB ( 92%) used,   783.36 KB (  7%) free+waste,   131.63 KB (  1%) overhead. 
       Both:     74.71 MB capacity,    72.38 MB ( 97%) used,     1.95 MB (  3%) free+waste,   401.44 KB ( <1%) overhead. 

Virtual space:
  Non-class space:       66.00 MB reserved,      64.25 MB ( 97%) committed 
      Class space:        1.00 GB reserved,      10.63 MB (  1%) committed 
             Both:        1.06 GB reserved,      74.88 MB (  7%) committed 

Chunk freelists:
   Non-Class:  896 bytes
       Class:  128 bytes
        Both:  1.00 KB

CodeHeap 'non-profiled nmethods': size=238912Kb used=11470Kb max_used=11470Kb free=227441Kb
 bounds [0x0000029590af0000, 0x0000029591630000, 0x000002959f440000]
CodeHeap 'non-nmethods': size=6848Kb used=1275Kb max_used=2383Kb free=5573Kb
 bounds [0x0000029590440000, 0x0000029590710000, 0x0000029590af0000]
 total_blobs=7562 nmethods=6752 adapters=585
 compilation: enabled
              stopped_count=0, restarted_count=0
 full_count=0

Compilation events (10 events):
Event: 1524.809 Thread 0x00000295a6dae800 6874       1       java.lang.Module::<init> (25 bytes)
Event: 1524.809 Thread 0x00000295a6dae800 nmethod 6874 0x0000029591624990 code [0x0000029591624b40, 0x0000029591624d18]
Event: 1524.809 Thread 0x00000295a6dae800 6875       1       java.io.ObjectOutputStream$BlockDataOutputStream::writeUTF (46 bytes)
Event: 1524.809 Thread 0x00000295a6dae800 nmethod 6875 0x0000029591624d90 code [0x0000029591624f80, 0x00000295916251c0]
Event: 1524.819 Thread 0x00000295a6dae800 6876       1       org.apache.catalina.ContainerEvent::getType (5 bytes)
Event: 1524.819 Thread 0x00000295a6dae800 nmethod 6876 0x0000029591625310 code [0x00000295916254c0, 0x00000295916255d8]
Event: 1524.831 Thread 0x00000295a6dae800 6877       1       sun.nio.ch.Util$BufferCache::next (8 bytes)
Event: 1524.831 Thread 0x00000295a6dae800 nmethod 6877 0x0000029591625690 code [0x0000029591625840, 0x0000029591625978]
Event: 1524.831 Thread 0x00000295a6dae800 6878       1       org.apache.tomcat.util.net.AbstractEndpoint::isSSLEnabled (5 bytes)
Event: 1524.831 Thread 0x00000295a6dae800 nmethod 6878 0x0000029591625a10 code [0x0000029591625bc0, 0x0000029591625cd8]

GC Heap History (10 events):
Event: 153.350 GC heap before
{Heap before GC invocations=40 (full 0):
 garbage-first heap   total 157696K, used 126114K [0x0000000080c00000, 0x0000000100000000)
  region size 1024K, 79 young (80896K), 8 survivors (8192K)
 Metaspace       used 64733K, capacity 66771K, committed 66816K, reserved 1105920K
  class space    used 8662K, capacity 9466K, committed 9472K, reserved 1048576K
}
Event: 153.377 GC heap after
{Heap after GC invocations=41 (full 0):
 garbage-first heap   total 157696K, used 57560K [0x0000000080c00000, 0x0000000100000000)
  region size 1024K, 8 young (8192K), 8 survivors (8192K)
 Metaspace       used 64733K, capacity 66771K, committed 66816K, reserved 1105920K
  class space    used 8662K, capacity 9466K, committed 9472K, reserved 1048576K
}
Event: 153.398 GC heap before
{Heap before GC invocations=41 (full 0):
 garbage-first heap   total 157696K, used 58584K [0x0000000080c00000, 0x0000000100000000)
  region size 1024K, 9 young (9216K), 8 survivors (8192K)
 Metaspace       used 64774K, capacity 66813K, committed 66944K, reserved 1105920K
  class space    used 8671K, capacity 9480K, committed 9600K, reserved 1048576K
}
Event: 153.409 GC heap after
{Heap after GC invocations=42 (full 0):
 garbage-first heap   total 157696K, used 45511K [0x0000000080c00000, 0x0000000100000000)
  region size 1024K, 2 young (2048K), 2 survivors (2048K)
 Metaspace       used 64774K, capacity 66813K, committed 66944K, reserved 1105920K
  class space    used 8671K, capacity 9480K, committed 9600K, reserved 1048576K
}
Event: 182.021 GC heap before
{Heap before GC invocations=42 (full 0):
 garbage-first heap   total 157696K, used 125383K [0x0000000080c00000, 0x0000000100000000)
  region size 1024K, 80 young (81920K), 2 survivors (2048K)
 Metaspace       used 72447K, capacity 74709K, committed 74880K, reserved 1114112K
  class space    used 9636K, capacity 10515K, committed 10624K, reserved 1048576K
}
Event: 182.031 GC heap after
{Heap after GC invocations=43 (full 0):
 garbage-first heap   total 157696K, used 50005K [0x0000000080c00000, 0x0000000100000000)
  region size 1024K, 6 young (6144K), 6 survivors (6144K)
 Metaspace       used 72447K, capacity 74709K, committed 74880K, reserved 1114112K
  class space    used 9636K, capacity 10515K, committed 10624K, reserved 1048576K
}
Event: 701.501 GC heap before
{Heap before GC invocations=44 (full 0):
 garbage-first heap   total 157696K, used 124757K [0x0000000080c00000, 0x0000000100000000)
  region size 1024K, 80 young (81920K), 6 survivors (6144K)
 Metaspace       used 73311K, capacity 75534K, committed 75648K, reserved 1114112K
  class space    used 9744K, capacity 10595K, committed 10624K, reserved 1048576K
}
Event: 701.516 GC heap after
{Heap after GC invocations=45 (full 0):
 garbage-first heap   total 157696K, used 50725K [0x0000000080c00000, 0x0000000100000000)
  region size 1024K, 2 young (2048K), 2 survivors (2048K)
 Metaspace       used 73311K, capacity 75534K, committed 75648K, reserved 1114112K
  class space    used 9744K, capacity 10595K, committed 10624K, reserved 1048576K
}
Event: 760.235 GC heap before
{Heap before GC invocations=45 (full 0):
 garbage-first heap   total 157696K, used 55845K [0x0000000080c00000, 0x0000000100000000)
  region size 1024K, 7 young (7168K), 2 survivors (2048K)
 Metaspace       used 73311K, capacity 75534K, committed 75648K, reserved 1114112K
  class space    used 9744K, capacity 10595K, committed 10624K, reserved 1048576K
}
Event: 760.240 GC heap after
{Heap after GC invocations=46 (full 0):
 garbage-first heap   total 157696K, used 48906K [0x0000000080c00000, 0x0000000100000000)
  region size 1024K, 1 young (1024K), 1 survivors (1024K)
 Metaspace       used 73311K, capacity 75534K, committed 75648K, reserved 1114112K
  class space    used 9744K, capacity 10595K, committed 10624K, reserved 1048576K
}

Deoptimization events (0 events):
No events

Classes redefined (0 events):
No events

Internal exceptions (10 events):
Event: 183.635 Thread 0x00000295acae9800 Exception <a 'java/net/SocketException'{0x000000008a2e0d20}: Software caused connection abort: recv failed> (0x000000008a2e0d20) thrown at [t:/workspace/open/src/hotspot/share/prims/jni.cpp, line 636]
Event: 183.636 Thread 0x00000295acae9000 Exception <a 'java/net/SocketException'{0x000000008a009450}: Software caused connection abort: recv failed> (0x000000008a009450) thrown at [t:/workspace/open/src/hotspot/share/prims/jni.cpp, line 636]
Event: 1524.509 Thread 0x00000295acaee800 Exception <a 'java/lang/NoSuchMethodError'{0x000000008629fe00}: <clinit>> (0x000000008629fe00) thrown at [t:/workspace/open/src/hotspot/share/prims/jni.cpp, line 1364]
Event: 1524.533 Thread 0x00000295acaee800 Exception <a 'java/lang/ClassNotFoundException'{0x00000000862de9b8}: javax/management/remote/rmi/RMIConnectionImpl_Skel> (0x00000000862de9b8) thrown at [t:/workspace/open/src/hotspot/share/classfile/systemDictionary.cpp, line 231]
Event: 1524.584 Thread 0x00000295acbc6800 Exception <a 'java/lang/InterruptedException'{0x000000008634e5b0}: sleep interrupted> (0x000000008634e5b0) thrown at [t:/workspace/open/src/hotspot/share/prims/jvm.cpp, line 3117]
Event: 1524.807 Thread 0x00000295acaee800 Exception <a 'java/lang/NoSuchMethodError'{0x0000000085f784f0}: <clinit>> (0x0000000085f784f0) thrown at [t:/workspace/open/src/hotspot/share/prims/jni.cpp, line 1364]
Event: 1524.832 Thread 0x00000295ac0f7800 Exception <a 'java/lang/InterruptedException'{0x0000000085d00840}: sleep interrupted> (0x0000000085d00840) thrown at [t:/workspace/open/src/hotspot/share/prims/jvm.cpp, line 3117]
Event: 1524.855 Thread 0x00000295acbc8800 Exception <a 'sun/net/ConnectionResetException'{0x0000000085de7490}: > (0x0000000085de7490) thrown at [t:/workspace/open/src/hotspot/share/prims/jni.cpp, line 636]
Event: 1526.857 Thread 0x00000295acbc8800 Exception <a 'java/net/ConnectException'{0x0000000085de7ff0}: Connection refused: connect> (0x0000000085de7ff0) thrown at [t:/workspace/open/src/hotspot/share/prims/jni.cpp, line 636]
Event: 1526.858 Thread 0x00000295ab637800 Exception <a 'java/net/SocketException'{0x000000008a580a00}: Interrupted function call: accept failed> (0x000000008a580a00) thrown at [t:/workspace/open/src/hotspot/share/prims/jni.cpp, line 636]

Events (10 events):
Event: 1526.857 loading class sun/net/util/SocketExceptions
Event: 1526.857 loading class sun/net/util/SocketExceptions done
Event: 1526.857 loading class sun/net/util/SocketExceptions$1
Event: 1526.857 loading class sun/net/util/SocketExceptions$1 done
Event: 1526.858 Executing VM operation: RevokeBias
Event: 1526.858 Executing VM operation: RevokeBias done
Event: 1526.858 Thread 0x00000295ab637800 Thread exited: 0x00000295ab637800
Event: 1526.859 Thread 0x00000295acbc8800 Thread exited: 0x00000295acbc8800
Event: 1526.860 Thread 0x00000295a6d60000 Thread exited: 0x00000295a6d60000
Event: 1526.860 Thread 0x00000295acaf0000 Thread exited: 0x00000295acaf0000


Dynamic libraries:
0x00007ff716070000 - 0x00007ff7160b7000 	C:\Program Files\Java\jdk-11.0.4\bin\javaw.exe
0x00007ff98fc60000 - 0x00007ff98fe50000 	C:\WINDOWS\SYSTEM32\ntdll.dll
0x00007ff98d5b0000 - 0x00007ff98d662000 	C:\WINDOWS\System32\KERNEL32.DLL
0x00007ff98c430000 - 0x00007ff98c6d3000 	C:\WINDOWS\System32\KERNELBASE.dll
0x00007ff98a0b0000 - 0x00007ff98a13f000 	C:\WINDOWS\SYSTEM32\apphelp.dll
0x00007ff950c10000 - 0x00007ff9510a2000 	C:\WINDOWS\SYSTEM32\AcLayers.DLL
0x00007ff98f9a0000 - 0x00007ff98fa3e000 	C:\WINDOWS\System32\msvcrt.dll
0x00007ff98d670000 - 0x00007ff98d804000 	C:\WINDOWS\System32\USER32.dll
0x00007ff98d1d0000 - 0x00007ff98d1f1000 	C:\WINDOWS\System32\win32u.dll
0x00007ff98f3f0000 - 0x00007ff98f416000 	C:\WINDOWS\System32\GDI32.dll
0x00007ff98c8b0000 - 0x00007ff98ca44000 	C:\WINDOWS\System32\gdi32full.dll
0x00007ff98c390000 - 0x00007ff98c42e000 	C:\WINDOWS\System32\msvcp_win.dll
0x00007ff98c730000 - 0x00007ff98c82a000 	C:\WINDOWS\System32\ucrtbase.dll
0x00007ff98f6a0000 - 0x00007ff98f6f2000 	C:\WINDOWS\System32\SHLWAPI.dll
0x00007ff98df60000 - 0x00007ff98e296000 	C:\WINDOWS\System32\combase.dll
0x00007ff98edf0000 - 0x00007ff98ef10000 	C:\WINDOWS\System32\RPCRT4.dll
0x00007ff98c260000 - 0x00007ff98c2e0000 	C:\WINDOWS\System32\bcryptPrimitives.dll
0x00007ff98e7e0000 - 0x00007ff98e883000 	C:\WINDOWS\System32\ADVAPI32.dll
0x00007ff98f600000 - 0x00007ff98f697000 	C:\WINDOWS\System32\sechost.dll
0x0000029585e80000 - 0x0000029585e83000 	C:\WINDOWS\SYSTEM32\sfc.dll
0x00007ff980b30000 - 0x00007ff980bb9000 	C:\WINDOWS\SYSTEM32\WINSPOOL.DRV
0x00007ff98c1b0000 - 0x00007ff98c1c1000 	C:\WINDOWS\System32\kernel.appcore.dll
0x00007ff98d200000 - 0x00007ff98d226000 	C:\WINDOWS\System32\bcrypt.dll
0x00007ff98a2b0000 - 0x00007ff98a39f000 	C:\WINDOWS\SYSTEM32\PROPSYS.dll
0x00007ff98f8d0000 - 0x00007ff98f994000 	C:\WINDOWS\System32\OLEAUT32.dll
0x00007ff98d380000 - 0x00007ff98d429000 	C:\WINDOWS\System32\shcore.dll
0x00007ff98b720000 - 0x00007ff98b75a000 	C:\WINDOWS\SYSTEM32\IPHLPAPI.DLL
0x00007ff96fd60000 - 0x00007ff96fd71000 	C:\WINDOWS\SYSTEM32\sfc_os.DLL
0x00007ff98d570000 - 0x00007ff98d59e000 	C:\WINDOWS\System32\IMM32.DLL
0x00007ff97e0f0000 - 0x00007ff97e375000 	C:\WINDOWS\WinSxS\amd64_microsoft.windows.common-controls_6595b64144ccf1df_6.0.18362.592_none_e6c0b1911312be02\COMCTL32.dll
0x00007ff98a4a0000 - 0x00007ff98a4aa000 	C:\WINDOWS\SYSTEM32\VERSION.dll
0x00007ff9888a0000 - 0x00007ff9888b6000 	C:\Program Files\Java\jdk-11.0.4\bin\vcruntime140.dll
0x00007ff988780000 - 0x00007ff98882a000 	C:\Program Files\Java\jdk-11.0.4\bin\msvcp140.dll
0x00007ff948390000 - 0x00007ff948eb7000 	C:\Program Files\Java\jdk-11.0.4\bin\server\jvm.dll
0x00007ff98f840000 - 0x00007ff98f848000 	C:\WINDOWS\System32\PSAPI.DLL
0x00007ff97d630000 - 0x00007ff97d639000 	C:\WINDOWS\SYSTEM32\WSOCK32.dll
0x00007ff98f700000 - 0x00007ff98f76f000 	C:\WINDOWS\System32\WS2_32.dll
0x00007ff988bd0000 - 0x00007ff988bf4000 	C:\WINDOWS\SYSTEM32\WINMM.dll
0x00007ff988ba0000 - 0x00007ff988bcd000 	C:\WINDOWS\SYSTEM32\WINMMBASE.dll
0x00007ff98c6e0000 - 0x00007ff98c72a000 	C:\WINDOWS\System32\cfgmgr32.dll
0x00007ff975a40000 - 0x00007ff975a51000 	C:\Program Files\Java\jdk-11.0.4\bin\verify.dll
0x00007ff97ce50000 - 0x00007ff97d044000 	C:\WINDOWS\SYSTEM32\DBGHELP.DLL
0x00007ff97ce20000 - 0x00007ff97ce4a000 	C:\WINDOWS\SYSTEM32\dbgcore.DLL
0x00007ff973bf0000 - 0x00007ff973c19000 	C:\Program Files\Java\jdk-11.0.4\bin\java.dll
0x00007ff973280000 - 0x00007ff973296000 	C:\Program Files\Java\jdk-11.0.4\bin\zip.dll
0x00007ff97bfa0000 - 0x00007ff97bfaa000 	C:\Program Files\Java\jdk-11.0.4\bin\jimage.dll
0x00007ff98d810000 - 0x00007ff98def5000 	C:\WINDOWS\System32\SHELL32.dll
0x00007ff98ca50000 - 0x00007ff98d1cf000 	C:\WINDOWS\System32\windows.storage.dll
0x00007ff98c1d0000 - 0x00007ff98c1ef000 	C:\WINDOWS\System32\profapi.dll
0x00007ff98c1f0000 - 0x00007ff98c23a000 	C:\WINDOWS\System32\powrprof.dll
0x00007ff98c1a0000 - 0x00007ff98c1b0000 	C:\WINDOWS\System32\UMPDC.dll
0x00007ff98c830000 - 0x00007ff98c847000 	C:\WINDOWS\System32\cryptsp.dll
0x00007ff973260000 - 0x00007ff973279000 	C:\Program Files\Java\jdk-11.0.4\bin\net.dll
0x00007ff98fa40000 - 0x00007ff98fc16000 	C:\WINDOWS\System32\urlmon.dll
0x00007ff98eb40000 - 0x00007ff98ede6000 	C:\WINDOWS\System32\iertutil.dll
0x00007ff9809e0000 - 0x00007ff980ad0000 	C:\WINDOWS\SYSTEM32\WINHTTP.dll
0x00007ff98bbe0000 - 0x00007ff98bbec000 	C:\WINDOWS\SYSTEM32\CRYPTBASE.DLL
0x00007ff98ba10000 - 0x00007ff98ba77000 	C:\WINDOWS\system32\mswsock.dll
0x00007ff96f6c0000 - 0x00007ff96f6d3000 	C:\Program Files\Java\jdk-11.0.4\bin\nio.dll
0x00007ff988870000 - 0x00007ff988879000 	C:\Program Files\Java\jdk-11.0.4\bin\management.dll
0x00007ff986cd0000 - 0x00007ff986cdc000 	C:\Program Files\Java\jdk-11.0.4\bin\management_ext.dll
0x00007ff958bd0000 - 0x00007ff958be6000 	C:\WINDOWS\system32\napinsp.dll
0x00007ff958930000 - 0x00007ff95894a000 	C:\WINDOWS\system32\pnrpnsp.dll
0x00007ff98b7b0000 - 0x00007ff98b87a000 	C:\WINDOWS\SYSTEM32\DNSAPI.dll
0x00007ff98e960000 - 0x00007ff98e968000 	C:\WINDOWS\System32\NSI.dll
0x00007ff961260000 - 0x00007ff96126e000 	C:\WINDOWS\System32\winrnr.dll
0x00007ff988760000 - 0x00007ff98877c000 	C:\WINDOWS\system32\NLAapi.dll
0x00007ff97f570000 - 0x00007ff97f585000 	C:\WINDOWS\system32\wshbth.dll
0x00007ff97f6c0000 - 0x00007ff97f6ca000 	C:\Windows\System32\rasadhlp.dll
0x00007ff980f60000 - 0x00007ff980fd7000 	C:\WINDOWS\System32\fwpuclnt.dll
0x00007ff98b580000 - 0x00007ff98b5b3000 	C:\WINDOWS\system32\rsaenh.dll
0x00007ff98c0c0000 - 0x00007ff98c0e5000 	C:\WINDOWS\SYSTEM32\USERENV.dll
0x00007ff981060000 - 0x00007ff981076000 	C:\WINDOWS\SYSTEM32\dhcpcsvc6.DLL
0x00007ff981240000 - 0x00007ff98125c000 	C:\WINDOWS\SYSTEM32\dhcpcsvc.DLL

dbghelp: loaded successfully - version: 4.0.5 - missing functions: none
symbol engine: initialized successfully - sym options: 0x614 - pdb path: .;C:\Program Files\Java\jdk-11.0.4\bin;C:\WINDOWS\SYSTEM32;C:\WINDOWS\WinSxS\amd64_microsoft.windows.common-controls_6595b64144ccf1df_6.0.18362.592_none_e6c0b1911312be02;C:\Program Files\Java\jdk-11.0.4\bin\server

VM Arguments:
jvm_args: -Dcom.sun.management.jmxremote -Dcom.sun.management.jmxremote.port=49861 -Dcom.sun.management.jmxremote.authenticate=false -Dcom.sun.management.jmxremote.ssl=false -Djava.rmi.server.hostname=localhost -Dspring.jmx.enabled=true -Dspring.liveBeansView.mbeanDomain -Dspring.application.admin.enabled=true -Xverify:none -XX:TieredStopAtLevel=1 -Dspring.boot.project.name=newproject -Dfile.encoding=Cp1252 
java_command: com.example.demo.NewprojectApplication --spring.output.ansi.enabled=always
java_class_path (initial): C:\Users\ASHISH\Desktop\sts\newproject\bin\main;C:\Users\ASHISH\.gradle\caches\modules-2\files-2.1\org.springframework.boot\spring-boot-starter-data-jpa\2.2.4.RELEASE\374fc811a6e64632593cae83fe6786b1b93b574\spring-boot-starter-data-jpa-2.2.4.RELEASE.jar;C:\Users\ASHISH\.gradle\caches\modules-2\files-2.1\org.springframework.boot\spring-boot-starter-security\2.2.4.RELEASE\6ae84ac22148368eca716c64424e2f5d9db7a156\spring-boot-starter-security-2.2.4.RELEASE.jar;C:\Users\ASHISH\.gradle\caches\modules-2\files-2.1\org.springframework.boot\spring-boot-starter-thymeleaf\2.2.4.RELEASE\168d71302f3227702e8a2d74841136c6e0814d81\spring-boot-starter-thymeleaf-2.2.4.RELEASE.jar;C:\Users\ASHISH\.gradle\caches\modules-2\files-2.1\org.springframework.boot\spring-boot-starter-web-services\2.2.4.RELEASE\3c19d62e7891bb70d99d1366fddc31a5b09cf0a7\spring-boot-starter-web-services-2.2.4.RELEASE.jar;C:\Users\ASHISH\.gradle\caches\modules-2\files-2.1\com.vaadin\vaadin-spring-boot-starter\14.1.16\a5db68224e202cac2f1f2e0356f3ba4203dc93cf\vaadin-spring-boot-starter-14.1.16.jar;C:\Users\ASHISH\.gradle\caches\modules-2\files-2.1\org.springframework.boot\spring-boot-starter-web\2.2.4.RELEASE\ec75d01d212b5229c16d872fb127744c0ed46ed8\spring-boot-starter-web-2.2.4.RELEASE.jar;C:\Users\ASHISH\.gradle\caches\modules-2\files-2.1\org.springframework.boot\spring-boot-starter-webflux\2.2.4.RELEASE\e26ab42e62ac9a398941dda033b0ea17edce2643\spring-boot-starter-webflux-2.2.4.RELEASE.jar;C:\Users\ASHISH\.gradle\caches\modules-2\files-2.1\org.springframework.boot\spring-boot-starter-aop\2.2.4.RELEASE\26fe8208e070eb17e48e101f812c4519103165a\spring-boot-starter-aop-2.2.4.RELEASE.jar;C:\Users\ASHISH\.gradle\caches\modules-2\files-2.1\org.springframework.boot\spring-boot-starter-jdbc\2.2.4.RELEASE\2391d4f6f338b1eee003f0aadfcd4124cd3ed191\spring-boot-starter-jdbc-2.2.4.RELEASE.jar;C:\Users\ASHISH\.gradle\caches\modules-2\files-2.1\com.sun.xml.messaging.saaj\saaj-impl\1.5.1\e76b10e4f99630d0e5
Launcher Type: SUN_STANDARD

[Global flags]
     bool BytecodeVerificationLocal                = false                                     {product} {command line}
     bool BytecodeVerificationRemote               = false                                     {product} {command line}
     intx CICompilerCount                          = 3                                         {product} {ergonomic}
     uint ConcGCThreads                            = 1                                         {product} {ergonomic}
     uint G1ConcRefinementThreads                  = 4                                         {product} {ergonomic}
   size_t G1HeapRegionSize                         = 1048576                                   {product} {ergonomic}
    uintx GCDrainStackTargetSize                   = 64                                        {product} {ergonomic}
   size_t InitialHeapSize                          = 134217728                                 {product} {ergonomic}
     bool ManagementServer                         = true                                      {product} {command line}
   size_t MarkStackSize                            = 4194304                                   {product} {ergonomic}
   size_t MaxHeapSize                              = 2134900736                                {product} {ergonomic}
   size_t MaxNewSize                               = 1280311296                                {product} {ergonomic}
   size_t MinHeapDeltaBytes                        = 1048576                                   {product} {ergonomic}
    uintx NonNMethodCodeHeapSize                   = 6973028                                {pd product} {ergonomic}
    uintx NonProfiledCodeHeapSize                  = 244685212                              {pd product} {ergonomic}
    uintx ProfiledCodeHeapSize                     = 0                                      {pd product} {ergonomic}
    uintx ReservedCodeCacheSize                    = 251658240                              {pd product} {ergonomic}
     bool SegmentedCodeCache                       = true                                      {product} {ergonomic}
     intx TieredStopAtLevel                        = 1                                         {product} {command line}
     bool UseCompressedClassPointers               = true                                 {lp64_product} {ergonomic}
     bool UseCompressedOops                        = true                                 {lp64_product} {ergonomic}
     bool UseG1GC                                  = true                                      {product} {ergonomic}
     bool UseLargePagesIndividualAllocation        = false                                  {pd product} {ergonomic}

Logging:
Log output configuration:
 #0: stdout all=warning uptime,level,tags
 #1: stderr all=off uptime,level,tags

Environment Variables:
PATH=C:/Program Files/Java/jdk-11.0.4/bin/server;C:/Program Files/Java/jdk-11.0.4/bin;C:\Program Files\Java\jdk-11.0.4\bin;C:\Program Files (x86)\Common Files\Microsoft Shared\Windows Live;C:\WINDOWS\system32;C:\WINDOWS;C:\WINDOWS\System32\Wbem;C:\WINDOWS\System32\WindowsPowerShell\v1.0\;C:\Program Files (x86)\Windows Live\Shared;C:\Program Files (x86)\ATI Technologies\ATI.ACE\Core-Static;C:\Program Files\Intel\WiFi\bin\;C:\Program Files\Common Files\Intel\WirelessCommon\;C:\WINDOWS\System32\OpenSSH\;C:\Program Files (x86)\AMD\ATI.ACE\Core-Static;C:\Program Files\nodejs\;C:\Program Files\Git\cmd;C:\Program Files\Java\jdk-11.0.4\bin;;C:\Users\ASHISH\Desktop\sts-bundle\sts-3.9.10.RELEASE;
USERNAME=ASHISH
OS=Windows_NT
PROCESSOR_IDENTIFIER=Intel64 Family 6 Model 42 Stepping 7, GenuineIntel



---------------  S Y S T E M  ---------------

OS: Windows 10 , 64 bit Build 18362 (10.0.18362.329)

CPU:total 4 (initial active 4) (2 cores per cpu, 2 threads per core) family 6 model 42 stepping 7, cmov, cx8, fxsr, mmx, sse, sse2, sse3, ssse3, sse4.1, sse4.2, popcnt, avx, aes, clmul, ht, tsc, tscinvbit

Memory: 4k page, system-wide physical 8139M (3720M free)
TotalPageFile size 16331M (AvailPageFile size 11695M)
current process WorkingSet (physical memory assigned to process): 304M, peak: 311M
current process commit charge ("private bytes"): 354M, peak: 357M

vm_info: Java HotSpot(TM) 64-Bit Server VM (11.0.4+10-LTS) for windows-amd64 JRE (11.0.4+10-LTS), built on Jul  4 2019 16:28:13 by "mach5one" with MS VC++ 15.5 (VS2017)

END.
