#
# A fatal error has been detected by the Java Runtime Environment:
#
#  EXCEPTION_ACCESS_VIOLATION (0xc0000005) at pc=0x00007ffa1c45e7a5, pid=9464, tid=7880
#
# JRE version: Java(TM) SE Runtime Environment (11.0.4+10) (build 11.0.4+10-LTS)
# Java VM: Java HotSpot(TM) 64-Bit Server VM (11.0.4+10-LTS, mixed mode, tiered, compressed oops, g1 gc, windows-amd64)
# Problematic frame:
# V  [jvm.dll+0x65e7a5]
#
# No core dump will be written. Minidumps are not enabled by default on client versions of Windows
#
# If you would like to submit a bug report, please visit:
#   http://bugreport.java.com/bugreport/crash.jsp
#

---------------  S U M M A R Y ------------

Command Line: -Dcom.sun.management.jmxremote -Dcom.sun.management.jmxremote.port=58159 -Dcom.sun.management.jmxremote.authenticate=false -Dcom.sun.management.jmxremote.ssl=false -Djava.rmi.server.hostname=localhost -Dspring.jmx.enabled=true -Dspring.liveBeansView.mbeanDomain -Dspring.application.admin.enabled=true -Xverify:none -XX:TieredStopAtLevel=1 -Dspring.boot.project.name=newproject -Dfile.encoding=Cp1252 com.example.demo.NewprojectApplication --spring.output.ansi.enabled=always

Host: Intel(R) Core(TM) i5-2410M CPU @ 2.30GHz, 4 cores, 7G,  Windows 10 , 64 bit Build 18362 (10.0.18362.329)
Time: Thu Feb  6 07:21:19 2020 India Standard Time elapsed time: 1 seconds (0d 0h 0m 1s)

---------------  T H R E A D  ---------------

Current thread (0x000001d086ba2000):  WatcherThread [stack: 0x0000008fb8500000,0x0000008fb8600000] [id=7880]

Stack: [0x0000008fb8500000,0x0000008fb8600000],  sp=0x0000008fb85ff880,  free space=1022k
Native frames: (J=compiled Java code, j=interpreted, Vv=VM code, C=native code)
V  [jvm.dll+0x65e7a5]
V  [jvm.dll+0x6c7a2f]
V  [jvm.dll+0x71321d]
V  [jvm.dll+0x738bd9]
V  [jvm.dll+0x634c82]
C  [ucrtbase.dll+0x20e72]
C  [KERNEL32.DLL+0x17bd4]
C  [ntdll.dll+0x6ced1]


siginfo: EXCEPTION_ACCESS_VIOLATION (0xc0000005), reading address 0x0000000800000007


Register to memory mapping:

RIP=0x00007ffa1c45e7a5 jvm.dll
RAX=0x0000000800000007 is an unknown value
RBX=0x000001d086b58f20 points into unknown readable memory: 60 a4 6c 1c fa 7f 00 00
RCX=0x000001d086b73b00 points into unknown readable memory: 07 00 00 00 08 00 00 00
RDX=0x0000000000000035 is an unknown value
RSP=0x0000008fb85ff880 points into unknown readable memory: f0 49 44 e5 d0 01 00 00
RBP=0x0000000000000002 is an unknown value
RSI=0x000001d086b73c40 points into unknown readable memory: e0 b8 bf 86 d0 01 00 00
RDI=0x0 is NULL
R8 =0x0 is NULL
R9 =0x000001d0eef00b80 is at begin+0 in a stub
StubRoutines::atomic_cmpxchg_long [0x000001d0eef00b80, 0x000001d0eef00b89[ (9 bytes)
R10=