#
# A fatal error has been detected by the Java Runtime Environment:
#
#  EXCEPTION_ACCESS_VIOLATION (0xc0000005) at pc=0x00007ff955377a29, pid=1636, tid=7092
#
# JRE version: Java(TM) SE Runtime Environment (11.0.4+10) (build 11.0.4+10-LTS)
# Java VM: Java HotSpot(TM) 64-Bit Server VM (11.0.4+10-LTS, mixed mode, tiered, compressed oops, g1 gc, windows-amd64)
# Problematic frame:
# V  [jvm.dll+0x6c7a29]
#
# No core dump will be written. Minidumps are not enabled by default on client versions of Windows
#
# If you would like to submit a bug report, please visit:
#   http://bugreport.java.com/bugreport/crash.jsp
#

---------------  S U M M A R Y ------------

Command Line: -Dcom.sun.management.jmxremote -Dcom.sun.management.jmxremote.port=62622 -Dcom.sun.management.jmxremote.authenticate=false -Dcom.sun.management.jmxremote.ssl=false -Djava.rmi.server.hostname=localhost -Dspring.jmx.enabled=true -Dspring.liveBeansView.mbeanDomain -Dspring.application.admin.enabled=true -Xverify:none -XX:TieredStopAtLevel=1 -Dspring.boot.project.name=newproject -Dfile.encoding=Cp1252 com.example.demo.NewprojectApplication --spring.output.ansi.enabled=always

Host: Intel(R) Core(TM) i5-2410M CPU @ 2.30GHz, 4 cores, 7G,  Windows 10 , 64 bit Build 18362 (10.0.18362.329)
Time: Sat Feb  8 12:09:23 2020 India Standard Time elapsed time: 1 seconds (0d 0h 0m 1s)

---------------  T H R E A D  ---------------

Current thread (0x0000026e652ba800):  WatcherThread [stack: 0x0000007cd4f00000,0x0000007cd5000000] [id=7092]

Stack: [0x0000007cd4f00000,0x0000007cd5000000],  sp=0x0000007cd4fff5f0,  free space=1021k
Native frames: (J=compiled Java code, j=interpreted, Vv=VM code, C=native code)
V  [jvm.dll+0x6c7a29]
V  [jvm.dll+0x71321d]
V  [jvm.dll+0x738bd9]
V  [jvm.dll+0x634c82]
C  [ucrtbase.dll+0x20e72]
C  [KERNEL32.DLL+0x17bd4]
C  [ntdll.dll+0x6ced1]


siginfo: EXCEPTION_ACCESS_VIOLATION (0xc0000005), reading address 0x0000000400000003


Register to memory mapping:

RIP=0x00007ff955377a29 jvm.dll
RAX=0x0000026e64a36660 points into unknown readable memory: 03 00 00 00 04 00 00 00
RBX=0x0 is NULL
RCX=0x0000000400000003 is an unknown value
RDX=0x0000000000000035 is an unknown value
RSP=0x0000007cd4fff5f0 points into unknown readable memory: 00 a8 2b 65 6e 02 00 00
RBP=0x0000000000000002 is an unknown value
RSI=0x0000026e64a36620 points into unknown readable memory: 00 f2 24 65 6e 02 00 00
RDI=0x0 is NULL
R8 =0x0 is NULL
R9 =0x0000026e4ddd0b80 is at begin+0 in a stub
StubRoutines::atomic_cmpxchg_long [0x0000026e4ddd0b80, 0x0000026e4ddd0b89[ (9 bytes)
R10=0x00000000546c6148 is an unknown value
R11=0x000000faffc01e31 is an unknown value
R12=0x0 is NULL
R13=