#
# A fatal error has been detected by the Java Runtime Environment:
#
#  EXCEPTION_ACCESS_VIOLATION (0xc0000005) at pc=0x00007ffc003c7a29, pid=8984, tid=8760
#
# JRE version: Java(TM) SE Runtime Environment (11.0.4+10) (build 11.0.4+10-LTS)
# Java VM: Java HotSpot(TM) 64-Bit Server VM (11.0.4+10-LTS, mixed mode, tiered, compressed oops, g1 gc, windows-amd64)
# Problematic frame:
# V  [jvm.dll+0x6c7a29]
#
# No core dump will be written. Minidumps are not enabled by default on client versions of Windows
#
# If you would like to submit a bug report, please visit:
#   http://bugreport.java.com/bugreport/crash.jsp
#

---------------  S U M M A R Y ------------

Command Line: -Dcom.sun.management.jmxremote -Dcom.sun.management.jmxremote.port=64882 -Dcom.sun.management.jmxremote.authenticate=false -Dcom.sun.management.jmxremote.ssl=false -Djava.rmi.server.hostname=localhost -Dspring.jmx.enabled=true -Dspring.liveBeansView.mbeanDomain -Dspring.application.admin.enabled=true -Xverify:none -XX:TieredStopAtLevel=1 -Dspring.boot.project.name=newproject -Dfile.encoding=Cp1252 com.example.demo.NewprojectApplication --spring.output.ansi.enabled=always

Host: Intel(R) Core(TM) i5-2410M CPU @ 2.30GHz, 4 cores, 7G,  Windows 10 , 64 bit Build 18362 (10.0.18362.329)
Time: Tue Feb  4 23:04:26 2020 India Standard Time elapsed time: 1 seconds (0d 0h 0m 1s)

---------------  T H R E A D  ---------------

Current thread (0x000001a9f0f7c800):  WatcherThread [stack: 0x0000000101b00000,0x0000000101c00000] [id=8760]

Stack: [0x0000000101b00000,0x0000000101c00000],  sp=0x0000000101bffa30,  free space=1022k
Native frames: (J=compiled Java code, j=interpreted, Vv=VM code, C=native code)
V  [jvm.dll+0x6c7a29]
V  [jvm.dll+0x71321d]
V  [jvm.dll+0x738bd9]
V  [jvm.dll+0x634c82]
C  [ucrtbase.dll+0x20e72]
C  [KERNEL32.DLL+0x17bd4]
C  [ntdll.dll+0x6ced1]


siginfo: EXCEPTION_ACCESS_VIOLATION (0xc0000005), reading address 0x0000000400000003


Register to memory mapping:

RIP=0x00007ffc003c7a29 jvm.dll
RAX=0x000001a9f0ed6cd0 points into unknown readable memory: 03 00 00 00 04 00 00 00
RBX=0x0 is NULL
RCX=0x0000000400000003 is an unknown value
RDX=0x0000000000000032 is an unknown value
RSP=0x0000000101bffa30 points into unknown readable memory: 00 c8 f7 f0 a9 01 00 00
RBP=0x0000000000000002 is an unknown value
RSI=0x000001a9f0ed6fe0 points into unknown readable memory: 40 56 f6 f0 a9 01 00 00
RDI=0x0 is NULL
R8 =0x0 is NULL
R9 =0x000001a999a50b80 is at begin+0 in a stub
StubRoutines::atomic_cmpxchg_long [0x000001a999a50b80, 0x000001a999a50b89[ (9 bytes)
R10=0x00000000546c6148 is an unknown value
R11=0x0000016b15fe8b38 is an unknown value
R12=0x0 is NULL
R13=0x000001a9f0f7c800 points into unknown readable memory: 58 7c 5d 00 fc 7f 00 00
R14=0x0000000000000032 is an unknown value
R15=0x000001a9f0e82660 points into unknown readable memory: 00 00 00 00 00 00 00 00


Registers:
RAX=0x000001a9f0ed6cd0, RBX=0x0000000000000000, RCX=0x0000000400000003, RDX=0x0000000000000032
RSP=0x0000000101bffa30, RBP=0x0000000000000002, RSI=0x000001a9f0ed6fe0, RDI=0x0000000000000000
R8 =0x0000000000000000, R9 =0x000001a999a50b80, R10=0x00000000546c6148, R11=0x0000016b15fe8b38
R12=0x0000000000000000, R13=0x000001a9f0f7c800, R14=0x0000000000000032, R15=0x000001a9f0e82660
RIP=0x00007ffc003c7a29, EFLAGS=0x0000000000010202

Top of Stack: (sp=0x0000000101bffa30)
0x0000000101bffa30:   000001a9f0f7c800 000001a9f0f7c800
0x0000000101bffa40:   0000ae6fa671c090 00007ffc003087c9
0x0000000101bffa50:   00007ffc00773798 00007ffc0041321d
0x0000000101bffa60:   0000000000000001 000001a991764cd0
0x0000000101bffa70:   000001a991764cd0 431bde82d7b634db
0x0000000101bffa80:   000001a9f0e82660 0000ae6fa671c090
0x0000000101bffa90:   000001a991764cd0 00007ffc00438bd9
0x0000000101bffaa0:   0000000000000001 0000000000000032
0x0000000101bffab0:   0000000000000032 0000000000000002
0x0000000101bffac0:   0000000000000000 0000000000000000
0x0000000101bffad0:   0000000000000000 0000000000000000
0x0000000101bffae0:   0000000000000000 0000000000000000
0x0000000101bffaf0:   0000000000000000 0000000000000000
0x0000000101bffb00:   0000000000000000 0000000000000000
0x0000000101bffb10:   0000000000000000 0000000101bffd50
0x0000000101bffb20:   000001a9f0f7c800 00007ffc00334c82 

Instructions: (pc=0x00007ffc003c7a29)
0x00007ffc003c7a09:   20 48 8b 35 47 6c 3a 00 33 db 48 8b 06 39 18 7e
0x00007ffc003c7a19:   27 48 89 7c 24 30 8b fb 48 8b 40 18 48 8b 0c 07
0x00007ffc003c7a29:   48 8b 01 ff 50 08 48 8b 06 48 8d 7f 08 ff c3 3b
0x00007ffc003c7a39:   18 7c e5 48 8b 7c 24 30 48 8b 5c 24 38 48 83 c4 


Stack slot to memory mapping:
stack at sp + 0 slots: 0x000001a9f0f7c800 points into unknown readable memory: 58 7c 5d 00 fc 7f 00 00
stack at sp + 1 slots: 0x000001a9f0f7c800 points into unknown readable memory: 58 7c 5d 00 fc 7f 00 00
stack at sp + 2 slots: 