#
# A fatal error has been detected by the Java Runtime Environment:
#
#  EXCEPTION_ACCESS_VIOLATION (0xc0000005) at pc=0x00007ffb7a917a16, pid=1276, tid=4856
#
# JRE version: Java(TM) SE Runtime Environment (11.0.4+10) (build 11.0.4+10-LTS)
# Java VM: Java HotSpot(TM) 64-Bit Server VM (11.0.4+10-LTS, mixed mode, tiered, compressed oops, g1 gc, windows-amd64)
# Problematic frame:
# V  [jvm.dll+0x6c7a16]
#
# No core dump will be written. Minidumps are not enabled by default on client versions of Windows
#
# If you would like to submit a bug report, please visit:
#   http://bugreport.java.com/bugreport/crash.jsp
#

---------------  S U M M A R Y ------------

Command Line: -Dcom.sun.management.jmxremote -Dcom.sun.management.jmxremote.port=63327 -Dcom.sun.management.jmxremote.authenticate=false -Dcom.sun.management.jmxremote.ssl=false -Djava.rmi.server.hostname=localhost -Dspring.jmx.enabled=true -Dspring.liveBeansView.mbeanDomain -Dspring.application.admin.enabled=true -Xverify:none -XX:TieredStopAtLevel=1 -Dspring.boot.project.name=newproject -Dfile.encoding=Cp1252 com.example.demo.NewprojectApplication --spring.output.ansi.enabled=always

Host: Intel(R) Core(TM) i5-2410M CPU @ 2.30GHz, 4 cores, 7G,  Windows 10 , 64 bit Build 18362 (10.0.18362.329)
Time: Mon Feb 10 21:51:39 2020 India Standard Time elapsed time: 1 seconds (0d 0h 0m 1s)

---------------  T H R E A D  ---------------

Current thread (0x00000173f540e800):  WatcherThread [stack: 0x00000056eb700000,0x00000056eb800000] [id=4856]

Stack: [0x00000056eb700000,0x00000056eb800000],  sp=0x00000056eb7ff790,  free space=1021k
Native frames: (J=compiled Java code, j=interpreted, Vv=VM code, C=native code)
V  [jvm.dll+0x6c7a16]
V  [jvm.dll+0x71321d]
V  [jvm.dll+0x738bd9]
V  [jvm.dll+0x634c82]
C  [ucrtbase.dll+0x20e72]
C  [KERNEL32.DLL+0x17bd4]
C  [ntdll.dll+0x6ced1]


siginfo: EXCEPTION_ACCESS_VIOLATION (0xc0000005), reading address 0x0000000800000007


Register to memory mapping:

RIP=0x00007ffb7a917a16 jvm.dll
RAX=0x0000000800000007 is an unknown value
RBX=0x0 is NULL
RCX=0x00000173f5aee340 points into unknown readable memory: 58 35 b2 7a fb 7f 00 00
RDX=0x0000000000000032 is an unknown value
RSP=0x00000056eb7ff790 points into unknown readable memory: 00 e8 40 f5 73 01 00 00
RBP=0x0000000000000002 is an unknown value
RSI=0x00000173d3ab7960 points into unknown readable memory: 07 00 00 00 08 00 00 00
RDI=0x0000000000000001 is an unknown value
R8 =0x0000000000000031 is an unknown value
R9 =0x00000173dd820b80 is at begin+0 in a stub
StubRoutines::atomic_cmpxchg_long [0x00000173dd820b80, 0x00000173dd820b89[ (9 bytes)
R10=0x00000000546c6148 is an unknown value
R11=0x00000129559ac0e9 is an unknown value
R12=0x0 is NULL
R13=0x00000173f540e800 points into unknown readable memory: 58 7c b2 7a fb 7f 00 00
R14=0x0000000000000001 is an unknown value
R15=0x00000173f53241d0 points into unknown readable memory: 00 00 00 00 00 00 00 00


Registers:
RAX=0x0000000800000007, RBX=0x0000000000000000, RCX=0x00000173f5aee340, RDX=0x0000000000000032
RSP=0x00000056eb7ff790, RBP=0x0000000000000002, RSI=0x00000173d3ab7960, RDI=0x0000000000000001
R8 =0x0000000000000031, R9 =0x00000173dd820b80, R10=0x00000000546c6148, R11=0x00000129559ac0e9
R12=0x0000000000000000, R13=0x00000173f540e800, R14=0x0000000000000001, R15=0x00000173f53241d0
RIP=0x00007ffb7a917a16, EFLAGS=0x0000000000010246

Top of Stack: (sp=0x00000056eb7ff790)
0x00000056eb7ff790:   00000173f540e800 00000173f540e800
0x00000056eb7ff7a0:   00009ad00542e0e4 00007ffb7a8587c9
0x00000056eb7ff7b0:   00007ffb7acc3798 00007ffb7a96321d
0x00000056eb7ff7c0:   00000173d3d07660 00000173d3d07660
0x00000056eb7ff7d0:   00000173d3d07660 431bde82d7b634db
0x00000056eb7ff7e0:   00000173f53241d0 00009ad00542e0e4
0x00000056eb7ff7f0:   00000173d3d07660 00007ffb7a988bd9
0x00000056eb7ff800:   0000000000000001 0000000000000001
0x00000056eb7ff810:   0000000000000001 0000000000000002
0x00000056eb7ff820:   0000000000000000 0000000000000000
0x00000056eb7ff830:   0000000000000000 0000000000000000
0x00000056eb7ff840:   0000000000000000 0000000000000000
0x00000056eb7ff850:   0000000000000000 0000000000000000
0x00000056eb7ff860:   0000000000000000 0000000000000000
0x00000056eb7ff870:   0000000000000000 00000056eb7ff930
0x00000056eb7ff880:   00000173f540e800 00007ffb7a884c82 

Instructions: (pc=0x00007ffb7a917a16)
0x00007ffb7a9179f6:   cc cc cc cc cc cc cc cc cc cc 48 89 5c 24 10 56
0x00007ffb7a917a06:   48 83 ec 20 48 8b 35 47 6c 3a 00 33 db 48 8b 06
0x00007ffb7a917a16:   39 18 7e 27 48 89 7c 24 30 8b fb 48 8b 40 18 48
0x00007ffb7a917a26:   8b 0c 07 48 8b 01 ff 50 08 48 8b 06 48 8d 7f 08 


Stack slot to memory mapping:
stack at sp + 0 slots: 0x00000173f540e800 points into unknown readable memory: 58 7c b2 7a fb 7f 00 00
stack at sp + 1 slots: 0x00000173f540e800 points into unknown readable memory: 58 7c b2 7a fb 7f 00 00
stack at sp + 2 slots: 