#
# A fatal error has been detected by the Java Runtime Environment:
#
#  EXCEPTION_ACCESS_VIOLATION (0xc0000005) at pc=0x00007ffb821fe7a5, pid=1208, tid=8236
#
# JRE version: Java(TM) SE Runtime Environment (11.0.4+10) (build 11.0.4+10-LTS)
# Java VM: Java HotSpot(TM) 64-Bit Server VM (11.0.4+10-LTS, mixed mode, tiered, compressed oops, g1 gc, windows-amd64)
# Problematic frame:
# V  [jvm.dll+0x65e7a5]
#
# No core dump will be written. Minidumps are not enabled by default on client versions of Windows
#
# If you would like to submit a bug report, please visit:
#   http://bugreport.java.com/bugreport/crash.jsp
#

---------------  S U M M A R Y ------------

Command Line: -Dcom.sun.management.jmxremote -Dcom.sun.management.jmxremote.port=50566 -Dcom.sun.management.jmxremote.authenticate=false -Dcom.sun.management.jmxremote.ssl=false -Djava.rmi.server.hostname=localhost -Dspring.jmx.enabled=true -Dspring.liveBeansView.mbeanDomain -Dspring.application.admin.enabled=true -Xverify:none -XX:TieredStopAtLevel=1 -Dspring.boot.project.name=newproject -Dfile.encoding=Cp1252 com.example.demo.NewprojectApplication --spring.output.ansi.enabled=always

Host: Intel(R) Core(TM) i5-2410M CPU @ 2.30GHz, 4 cores, 7G,  Windows 10 , 64 bit Build 18362 (10.0.18362.329)
Time: Tue Feb 11 23:01:40 2020 India Standard Time elapsed time: 1 seconds (0d 0h 0m 1s)

---------------  T H R E A D  ---------------

Current thread (0x00000189d4fd8800):  WatcherThread [stack: 0x0000000ac3100000,0x0000000ac3200000] [id=8236]

Stack: [0x0000000ac3100000,0x0000000ac3200000],  sp=0x0000000ac31ff490,  free space=1021k
Native frames: (J=compiled Java code, j=interpreted, Vv=VM code, C=native code)
V  [jvm.dll+0x65e7a5]
V  [jvm.dll+0x6c7a2f]
V  [jvm.dll+0x71321d]
V  [jvm.dll+0x738bd9]
V  [jvm.dll+0x634c82]
C  [ucrtbase.dll+0x20e72]
C  [KERNEL32.DLL+0x17bd4]
C  [ntdll.dll+0x6ced1]


siginfo: EXCEPTION_ACCESS_VIOLATION (0xc0000005), reading address 0x0000000c0000000b


Register to memory mapping:

RIP=0x00007ffb821fe7a5 jvm.dll
RAX=0x0000000c0000000b is an unknown value
RBX=0x00000189d4f55b40 points into unknown readable memory: 60 a4 46 82 fb 7f 00 00
RCX=0x00000189d4f36430 points into unknown readable memory: 0b 00 00 00 0c 00 00 00
RDX=0x0000000000000032 is an unknown value
RSP=0x0000000ac31ff490 points into unknown readable memory: 40 68 7a b5 89 01 00 00
RBP=0x0000000000000002 is an unknown value
RSI=0x00000189d4f363d0 points into unknown readable memory: d0 09 f7 d4 89 01 00 00
RDI=0x0 is NULL
R8 =0x0 is NULL
R9 =0x00000189bda90b80 is at begin+0 in a stub
StubRoutines::atomic_cmpxchg_long [0x00000189bda90b80, 0x00000189bda90b89[ (9 bytes)
R10=0x00000000546c6148 is an unknown value
R11=