#
# A fatal error has been detected by the Java Runtime Environment:
#
#  EXCEPTION_ACCESS_VIOLATION (0xc0000005) at pc=0x00007ff95530e7a5, pid=5204, tid=12384
#
# JRE version: Java(TM) SE Runtime Environment (11.0.4+10) (build 11.0.4+10-LTS)
# Java VM: Java HotSpot(TM) 64-Bit Server VM (11.0.4+10-LTS, mixed mode, tiered, compressed oops, g1 gc, windows-amd64)
# Problematic frame:
# V  [jvm.dll+0x65e7a5]
#
# No core dump will be written. Minidumps are not enabled by default on client versions of Windows
#
# If you would like to submit a bug report, please visit:
#   http://bugreport.java.com/bugreport/crash.jsp
#

---------------  S U M M A R Y ------------

Command Line: -Dcom.sun.management.jmxremote -Dcom.sun.management.jmxremote.port=62375 -Dcom.sun.management.jmxremote.authenticate=false -Dcom.sun.management.jmxremote.ssl=false -Djava.rmi.server.hostname=localhost -Dspring.jmx.enabled=true -Dspring.liveBeansView.mbeanDomain -Dspring.application.admin.enabled=true -Xverify:none -XX:TieredStopAtLevel=1 -Dspring.boot.project.name=newproject -Dfile.encoding=Cp1252 com.example.demo.NewprojectApplication --spring.output.ansi.enabled=always

Host: Intel(R) Core(TM) i5-2410M CPU @ 2.30GHz, 4 cores, 7G,  Windows 10 , 64 bit Build 18362 (10.0.18362.329)
Time: Sat Feb  8 11:38:45 2020 India Standard Time elapsed time: 1 seconds (0d 0h 0m 1s)

---------------  T H R E A D  ---------------

Current thread (0x000001cc10980800):  WatcherThread [stack: 0x0000006863500000,0x0000006863600000] [id=12384]

Stack: [0x0000006863500000,0x0000006863600000],  sp=0x00000068635ff850,  free space=1022k
Native frames: (J=compiled Java code, j=interpreted, Vv=VM code, C=native code)
V  [jvm.dll+0x65e7a5]
V  [jvm.dll+0x6c7a2f]
V  [jvm.dll+0x71321d]
V  [jvm.dll+0x738bd9]
V  [jvm.dll+0x634c82]
C  [ucrtbase.dll+0x20e72]
C  [KERNEL32.DLL+0x17bd4]
C  [ntdll.dll+0x6ced1]


siginfo: EXCEPTION_ACCESS_VIOLATION (0xc0000005), reading address 0x0000000c0000000b


Register to memory mapping:

RIP=0x00007ff95530e7a5 jvm.dll
RAX=0x0000000c0000000b is an unknown value
RBX=0x000001cc108a88e0 points into unknown readable memory: 60 a4 57 55 f9 7f 00 00
RCX=0x000001cc10889c00 points into unknown readable memory: 0b 00 00 00 0c 00 00 00
RDX=0x0000000000000032 is an unknown value
RSP=0x00000068635ff850 points into unknown readable memory: 70 aa 0c 71 cc 01 00 00
RBP=0x0000000000000002 is an unknown value
RSI=0x000001cc10889bc0 points into unknown readable memory: a0 34 91 10 cc 01 00 00
RDI=0x0 is NULL
R8 =0x0 is NULL
R9 =0x000001cc00000b80 is at begin+0 in a stub
StubRoutines::atomic_cmpxchg_long [0x000001cc00000b80, 0x000001cc00000b89[ (9 bytes)
R10=0x00000000546c6148 is an unknown value
R11=0x000000faffc01e31 is an unknown value
R12=0x0 is NULL
R13=0x000001cc10980800 points into unknown readable memory: 58 7c 58 55 f9 7f 00 00
R14=0x0000000000000032 is an unknown value
R15=0x000001cc1084ded0 points into unknown readable memory: 00 00 00 00 00 00 00 00


Registers:
RAX=0x0000000c0000000b, RBX=0x000001cc108a88e0, RCX=0x000001cc10889c00, RDX=0x0000000000000032
RSP=0x00000068635ff850, RBP=0x0000000000000002, RSI=0x000001cc10889bc0, RDI=0x0000000000000000
R8 =0x0000000000000000, R9 =0x000001cc00000b80, R10=0x00000000546c6148, R11=0x000000faffc01e31
R12=0x0000000000000000, R13=0x000001cc10980800, R14=0x0000000000000032, R15=0x000001cc1084ded0
RIP=0x00007ff95530e7a5, EFLAGS=0x0000000000010206

Top of Stack: (sp=0x00000068635ff850)
0x00000068635ff850:   000001cc710caa70 000000000000094c
0x00000068635ff860:   0000000000000001 00007ff9552b7d40
0x00000068635ff870:   0000000000000000 00007ff955377a2f
0x00000068635ff880:   000001cc10980800 000001cc10980800
0x00000068635ff890:   00007e1119bb5ff0 00007ff9552b87c9
0x00000068635ff8a0:   00007ff955723798 00007ff9553c321d
0x00000068635ff8b0:   0000000000000001 000001cc710caa70
0x00000068635ff8c0:   000001cc710caa70 431bde82d7b634db
0x00000068635ff8d0:   000001cc1084ded0 00007e1119bb5ff0
0x00000068635ff8e0:   000001cc710caa70 00007ff9553e8bd9
0x00000068635ff8f0:   0000000000000001 0000000000000032
0x00000068635ff900:   0000000000000032 0000000000000002
0x00000068635ff910:   0000000000000000 0000000000000000
0x00000068635ff920:   0000000000000000 0000000000000000
0x00000068635ff930:   0000000000000000 0000000000000000
0x00000068635ff940:   0000000000000000 0000000000000000 

Instructions: (pc=0x00007ff95530e7a5)
0x00007ff95530e785:   70 48 83 c4 50 5f c3 cc cc cc cc 40 53 48 83 ec
0x00007ff95530e795:   20 48 8b d9 48 8b 49 38 48 85 c9 74 0c 48 8b 01
0x00007ff95530e7a5:   ff 10 48 8b 4b 28 48 89 01 48 83 c4 20 5b c3 cc
0x00007ff95530e7b5:   cc cc cc cc cc cc cc cc cc cc cc 48 89 5c 24 08 


Stack slot to memory mapping:
stack at sp + 0 slots: 0x000001cc710caa70 points into unknown readable memory: 01 00 00 00 00 00 00 00
stack at sp + 1 slots: 0x000000000000094c is an unknown value
stack at sp + 2 slots: 0x0000000000000001 is an unknown value
stack at sp + 3 slots: 0x00007ff9552b7d40 jvm.dll
stack at sp + 4 slots: 0x0 is NULL
stack at sp + 5 slots: 0x00007ff955377a2f jvm.dll
stack at sp + 6 slots: 0x000001cc10980800 points into unknown readable memory: 58 7c 58 55 f9 7f 00 00
stack at sp + 7 slots: 0x000001cc10980800 points into unknown readable memory: 58 7c 58 55 f9 7f 00 00


---------------  P R O C E S S  ---------------

Threads class SMR info:
_java_thread_list=0x000001cc10913200, length=14, elements={
0x000001cc710cc000, 0x000001cc0f518800, 0x000001cc0f521800, 0x000001cc0fe30800,
0x000001cc0fe32000, 0x000001cc0fe34000, 0x000001cc0f52c000, 0x000001cc0f49a800,
0x000001cc10025000, 0x000001cc10026000, 0x000001cc100a8800, 0x000001cc10897800,
0x000001cc108ba800, 0x000001cc10976800
}

Java Threads: ( => current thread )
  0x000001cc710cc000 JavaThread "main" [_thread_in_vm, id=9000, stack(0x0000006861e00000,0x0000006861f00000)]
  0x000001cc0f518800 JavaThread "Reference Handler" daemon [_thread_blocked, id=8548, stack(0x0000006862500000,0x0000006862600000)]
  0x000001cc0f521800 JavaThread "Finalizer" daemon [_thread_blocked, id=13364, stack(0x0000006862600000,0x0000006862700000)]
  0x000001cc0fe30800 JavaThread "Signal Dispatcher" daemon [_thread_blocked, id=10592, stack(0x0000006862700000,0x0000006862800000)]
  0x000001cc0fe32000 JavaThread "Attach Listener" daemon [_thread_blocked, id=13416, stack(0x0000006862800000,0x0000006862900000)]
  0x000001cc0fe34000 JavaThread "C1 CompilerThread0" daemon [_thread_in_native, id=4332, stack(0x0000006862900000,0x0000006862a00000)]
  0x000001cc0f52c000 JavaThread "Sweeper thread" daemon [_thread_blocked, id=12388, stack(0x0000006862a00000,0x0000006862b00000)]
  0x000001cc0f49a800 JavaThread "Common-Cleaner" daemon [_thread_blocked, id=7336, stack(0x0000006862b00000,0x0000006862c00000)]
  0x000001cc10025000 JavaThread "C1 CompilerThread1" daemon [_thread_blocked, id=13932, stack(0x0000006862c00000,0x0000006862d00000)]
  0x000001cc10026000 JavaThread "C1 CompilerThread2" daemon [_thread_blocked, id=5632, stack(0x0000006862d00000,0x0000006862e00000)]
  0x000001cc100a8800 JavaThread "Service Thread" daemon [_thread_blocked, id=856, stack(0x0000006862e00000,0x0000006862f00000)]
  0x000001cc10897800 JavaThread "RMI TCP Accept-0" daemon [_thread_in_native, id=7100, stack(0x0000006863200000,0x0000006863300000)]
  0x000001cc108ba800 JavaThread "RMI TCP Accept-62375" daemon [_thread_in_native, id=7860, stack(0x0000006863300000,0x0000006863400000)]
  0x000001cc10976800 JavaThread "RMI TCP Accept-0" daemon [_thread_in_native, id=7276, stack(0x0000006863400000,0x0000006863500000)]

Other Threads:
  0x000001cc0f4de800 VMThread "VM Thread" [stack: 0x0000006862400000,0x0000006862500000] [id=6232]
=>0x000001cc10980800 WatcherThread [stack: 0x0000006863500000,0x0000006863600000] [id=12384]
  0x000001cc710e3000 GCTaskThread "GC Thread#0" [stack: 0x0000006861f00000,0x0000006862000000] [id=13268]
  0x000001cc10877800 GCTaskThread "GC Thread#1" [stack: 0x0000006863000000,0x0000006863100000] [id=7792]
  0x000001cc10878800 GCTaskThread "GC Thread#2" [stack: 0x0000006863100000,0x0000006863200000] [id=5792]
  0x000001cc71114800 ConcurrentGCThread "G1 Main Marker" [stack: 0x0000006862000000,0x0000006862100000] [id=8416]
  0x000001cc71116800 ConcurrentGCThread "G1 Conc#0" [stack: 0x0000006862100000,0x0000006862200000] [id=1248]
  0x000001cc0f34c800 ConcurrentGCThread "G1 Refine#0" [stack: 0x0000006862200000,0x0000006862300000] [id=12268]
  0x000001cc0f34d000 ConcurrentGCThread "G1 Young RemSet Sampling" [stack: 0x0000006862300000,0x0000006862400000] [id=12632]

Threads with active compile tasks:
C1 CompilerThread11266       1       java.util.jar.JarFile::maybeInstantiateVerifier (112 bytes)

VM state:not at safepoint (normal execution)

VM Mutex/Monitor currently owned by a thread:  ([mutex/lock_event])
[0x000001cc710caa70] PeriodicTask_lock - owner thread: 0x000001cc10980800

Heap address: 0x0000000080c00000, size: 2036 MB, Compressed Oops mode: 32-bit
Narrow klass base: 0x0000000000000000, Narrow klass shift: 3
Compressed class space size: 1073741824 Address: 0x0000000100000000

Heap:
 garbage-first heap   total 131072K, used 10117K [0x0000000080c00000, 0x0000000100000000)
  region size 1024K, 3 young (3072K), 1 survivors (1024K)
 Metaspace       used 13150K, capacity 13429K, committed 13568K, reserved 1060864K
  class space    used 1388K, capacity 1506K, committed 1536K, reserved 1048576K
Heap Regions: E=young(eden), S=young(survivor), O=old, HS=humongous(starts), HC=humongous(continues), CS=collection set, F=free, A=archive, TAMS=top-at-mark-start (previous, next)
|   0|0x0000000080c00000, 0x0000000080d00000, 0x0000000080d00000|100%|HS|  |TAMS 0x0000000080c00000, 0x0000000080c00000| Complete 
|   1|0x0000000080d00000, 0x0000000080e00000, 0x0000000080e00000|100%| O|  |TAMS 0x0000000080d00000, 0x0000000080d00000| Untracked 
|   2|0x0000000080e00000, 0x0000000080f00000, 0x0000000080f00000|100%| O|  |TAMS 0x0000000080e00000, 0x0000000080e00000| Untracked 
|   3|0x0000000080f00000, 0x0000000081000000, 0x0000000081000000|100%| O|  |TAMS 0x0000000080f00000, 0x0000000080f00000| Untracked 
|   4|0x0000000081000000, 0x0000000081100000, 0x0000000081100000|100%| O|  |TAMS 0x0000000081000000, 0x0000000081000000| Untracked 
|   5|0x0000000081100000, 0x0000000081200000, 0x0000000081200000|100%| O|  |TAMS 0x0000000081100000, 0x0000000081100000| Untracked 
|   6|0x0000000081200000, 0x0000000081300000, 0x0000000081300000|100%| O|  |TAMS 0x0000000081200000, 0x0000000081200000| Untracked 
|   7|0x0000000081300000, 0x00000000813e1600, 0x0000000081400000| 88%| O|  |TAMS 0x0000000081300000, 0x0000000081300000| Untracked 
|   8|0x0000000081400000, 0x0000000081400000, 0x0000000081500000|  0%| F|  |TAMS 0x0000000081400000, 0x0000000081400000| Untracked 
|   9|0x0000000081500000, 0x0000000081500000, 0x0000000081600000|  0%| F|  |TAMS 0x0000000081500000, 0x0000000081500000| Untracked 
|  10|0x0000000081600000, 0x0000000081600000, 0x0000000081700000|  0%| F|  |TAMS 0x0000000081600000, 0x0000000081600000| Untracked 
|  11|0x0000000081700000, 0x0000000081700000, 0x0000000081800000|  0%| F|  |TAMS 0x0000000081700000, 0x0000000081700000| Untracked 
|  12|0x0000000081800000, 0x0000000081800000, 0x0000000081900000|  0%| F|  |TAMS 0x0000000081800000, 0x0000000081800000| Untracked 
|  13|0x0000000081900000, 0x0000000081900000, 0x0000000081a00000|  0%| F|  |TAMS 0x0000000081900000, 0x0000000081900000| Untracked 
|  14|0x0000000081a00000, 0x0000000081a00000, 0x0000000081b00000|  0%| F|  |TAMS 0x0000000081a00000, 0x0000000081a00000| Untracked 
|  15|0x0000000081b00000, 0x0000000081b00000, 0x0000000081c00000|  0%| F|  |TAMS 0x0000000081b00000, 0x0000000081b00000| Untracked 
|  16|0x0000000081c00000, 0x0000000081c00000, 0x0000000081d00000|  0%| F|  |TAMS 0x0000000081c00000, 0x0000000081c00000| Untracked 
|  17|0x0000000081d00000, 0x0000000081d00000, 0x0000000081e00000|  0%| F|  |TAMS 0x0000000081d00000, 0x0000000081d00000| Untracked 
|  18|0x0000000081e00000, 0x0000000081e00000, 0x0000000081f00000|  0%| F|  |TAMS 0x0000000081e00000, 0x0000000081e00000| Untracked 
|  19|0x0000000081f00000, 0x0000000081f00000, 0x0000000082000000|  0%| F|  |TAMS 0x0000000081f00000, 0x0000000081f00000| Untracked 
|  20|0x0000000082000000, 0x0000000082000000, 0x0000000082100000|  0%| F|  |TAMS 0x0000000082000000, 0x0000000082000000| Untracked 
|  21|0x0000000082100000, 0x0000000082100000, 0x0000000082200000|  0%| F|  |TAMS 0x0000000082100000, 0x0000000082100000| Untracked 
|  22|0x0000000082200000, 0x0000000082200000, 0x0000000082300000|  0%| F|  |TAMS 0x0000000082200000, 0x0000000082200000| Untracked 
|  23|0x0000000082300000, 0x0000000082300000, 0x0000000082400000|  0%| F|  |TAMS 0x0000000082300000, 0x0000000082300000| Untracked 
|  24|0x0000000082400000, 0x0000000082400000, 0x0000000082500000|  0%| F|  |TAMS 0x0000000082400000, 0x0000000082400000| Untracked 
|  25|0x0000000082500000, 0x0000000082500000, 0x0000000082600000|  0%| F|  |TAMS 0x0000000082500000, 0x0000000082500000| Untracked 
|  26|0x0000000082600000, 0x0000000082600000, 0x0000000082700000|  0%| F|  |TAMS 0x0000000082600000, 0x0000000082600000| Untracked 
|  27|0x0000000082700000, 0x0000000082700000, 0x0000000082800000|  0%| F|  |TAMS 0x0000000082700000, 0x0000000082700000| Untracked 
|  28|0x0000000082800000, 0x0000000082800000, 0x0000000082900000|  0%| F|  |TAMS 0x0000000082800000, 0x0000000082800000| Untracked 
|  29|0x0000000082900000, 0x0000000082900000, 0x0000000082a00000|  0%| F|  |TAMS 0x0000000082900000, 0x0000000082900000| Untracked 
|  30|0x0000000082a00000, 0x0000000082a00000, 0x0000000082b00000|  0%| F|  |TAMS 0x0000000082a00000, 0x0000000082a00000| Untracked 
|  31|0x0000000082b00000, 0x0000000082b00000, 0x0000000082c00000|  0%| F|  |TAMS 0x0000000082b00000, 0x0000000082b00000| Untracked 
|  32|0x0000000082c00000, 0x0000000082c00000, 0x0000000082d00000|  0%| F|  |TAMS 0x0000000082c00000, 0x0000000082c00000| Untracked 
|  33|0x0000000082d00000, 0x0000000082d00000, 0x0000000082e00000|  0%| F|  |TAMS 0x0000000082d00000, 0x0000000082d00000| Untracked 
|  34|0x0000000082e00000, 0x0000000082e00000, 0x0000000082f00000|  0%| F|  |TAMS 0x0000000082e00000, 0x0000000082e00000| Untracked 
|  35|0x0000000082f00000, 0x0000000082f00000, 0x0000000083000000|  0%| F|  |TAMS 0x0000000082f00000, 0x0000000082f00000| Untracked 
|  36|0x0000000083000000, 0x0000000083000000, 0x0000000083100000|  0%| F|  |TAMS 0x0000000083000000, 0x0000000083000000| Untracked 
|  37|0x0000000083100000, 0x0000000083100000, 0x0000000083200000|  0%| F|  |TAMS 0x0000000083100000, 0x0000000083100000| Untracked 
|  38|0x0000000083200000, 0x0000000083200000, 0x0000000083300000|  0%| F|  |TAMS 0x0000000083200000, 0x0000000083200000| Untracked 
|  39|0x0000000083300000, 0x0000000083300000, 0x0000000083400000|  0%| F|  |TAMS 0x0000000083300000, 0x0000000083300000| Untracked 
|  40|0x0000000083400000, 0x0000000083400000, 0x0000000083500000|  0%| F|  |TAMS 0x0000000083400000, 0x0000000083400000| Untracked 
|  41|0x0000000083500000, 0x0000000083500000, 0x0000000083600000|  0%| F|  |TAMS 0x0000000083500000, 0x0000000083500000| Untracked 
|  42|0x0000000083600000, 0x0000000083600000, 0x0000000083700000|  0%| F|  |TAMS 0x0000000083600000, 0x0000000083600000| Untracked 
|  43|0x0000000083700000, 0x0000000083700000, 0x0000000083800000|  0%| F|  |TAMS 0x0000000083700000, 0x0000000083700000| Untracked 
|  44|0x0000000083800000, 0x0000000083800000, 0x0000000083900000|  0%| F|  |TAMS 0x0000000083800000, 0x0000000083800000| Untracked 
|  45|0x0000000083900000, 0x0000000083900000, 0x0000000083a00000|  0%| F|  |TAMS 0x0000000083900000, 0x0000000083900000| Untracked 
|  46|0x0000000083a00000, 0x0000000083a00000, 0x0000000083b00000|  0%| F|  |TAMS 0x0000000083a00000, 0x0000000083a00000| Untracked 
|  47|0x0000000083b00000, 0x0000000083b00000, 0x0000000083c00000|  0%| F|  |TAMS 0x0000000083b00000, 0x0000000083b00000| Untracked 
|  48|0x0000000083c00000, 0x0000000083c00000, 0x0000000083d00000|  0%| F|  |TAMS 0x0000000083c00000, 0x0000000083c00000| Untracked 
|  49|0x0000000083d00000, 0x0000000083d00000, 0x0000000083e00000|  0%| F|  |TAMS 0x0000000083d00000, 0x0000000083d00000| Untracked 
|  50|0x0000000083e00000, 0x0000000083e00000, 0x0000000083f00000|  0%| F|  |TAMS 0x0000000083e00000, 0x0000000083e00000| Untracked 
|  51|0x0000000083f00000, 0x0000000083f00000, 0x0000000084000000|  0%| F|  |TAMS 0x0000000083f00000, 0x0000000083f00000| Untracked 
|  52|0x0000000084000000, 0x0000000084000000, 0x0000000084100000|  0%| F|  |TAMS 0x0000000084000000, 0x0000000084000000| Untracked 
|  53|0x0000000084100000, 0x0000000084100000, 0x0000000084200000|  0%| F|  |TAMS 0x0000000084100000, 0x0000000084100000| Untracked 
|  54|0x0000000084200000, 0x0000000084200000, 0x0000000084300000|  0%| F|  |TAMS 0x0000000084200000, 0x0000000084200000| Untracked 
|  55|0x0000000084300000, 0x0000000084300000, 0x0000000084400000|  0%| F|  |TAMS 0x0000000084300000, 0x0000000084300000| Untracked 
|  56|0x0000000084400000, 0x0000000084400000, 0x0000000084500000|  0%| F|  |TAMS 0x0000000084400000, 0x0000000084400000| Untracked 
|  57|0x0000000084500000, 0x0000000084500000, 0x0000000084600000|  0%| F|  |TAMS 0x0000000084500000, 0x0000000084500000| Untracked 
|  58|0x0000000084600000, 0x0000000084600000, 0x0000000084700000|  0%| F|  |TAMS 0x0000000084600000, 0x0000000084600000| Untracked 
|  59|0x0000000084700000, 0x0000000084700000, 0x0000000084800000|  0%| F|  |TAMS 0x0000000084700000, 0x0000000084700000| Untracked 
|  60|0x0000000084800000, 0x0000000084800000, 0x0000000084900000|  0%| F|  |TAMS 0x0000000084800000, 0x0000000084800000| Untracked 
|  61|0x0000000084900000, 0x0000000084900000, 0x0000000084a00000|  0%| F|  |TAMS 0x0000000084900000, 0x0000000084900000| Untracked 
|  62|0x0000000084a00000, 0x0000000084a00000, 0x0000000084b00000|  0%| F|  |TAMS 0x0000000084a00000, 0x0000000084a00000| Untracked 
|  63|0x0000000084b00000, 0x0000000084b00000, 0x0000000084c00000|  0%| F|  |TAMS 0x0000000084b00000, 0x0000000084b00000| Untracked 
|  64|0x0000000084c00000, 0x0000000084c00000, 0x0000000084d00000|  0%| F|  |TAMS 0x0000000084c00000, 0x0000000084c00000| Untracked 
|  65|0x0000000084d00000, 0x0000000084d00000, 0x0000000084e00000|  0%| F|  |TAMS 0x0000000084d00000, 0x0000000084d00000| Untracked 
|  66|0x0000000084e00000, 0x0000000084e00000, 0x0000000084f00000|  0%| F|  |TAMS 0x0000000084e00000, 0x0000000084e00000| Untracked 
|  67|0x0000000084f00000, 0x0000000084f00000, 0x0000000085000000|  0%| F|  |TAMS 0x0000000084f00000, 0x0000000084f00000| Untracked 
|  68|0x0000000085000000, 0x0000000085000000, 0x0000000085100000|  0%| F|  |TAMS 0x0000000085000000, 0x0000000085000000| Untracked 
|  69|0x0000000085100000, 0x0000000085100000, 0x0000000085200000|  0%| F|  |TAMS 0x0000000085100000, 0x0000000085100000| Untracked 
|  70|0x0000000085200000, 0x0000000085200000, 0x0000000085300000|  0%| F|  |TAMS 0x0000000085200000, 0x0000000085200000| Untracked 
|  71|0x0000000085300000, 0x0000000085300000, 0x0000000085400000|  0%| F|  |TAMS 0x0000000085300000, 0x0000000085300000| Untracked 
|  72|0x0000000085400000, 0x0000000085400000, 0x0000000085500000|  0%| F|  |TAMS 0x0000000085400000, 0x0000000085400000| Untracked 
|  73|0x0000000085500000, 0x0000000085500000, 0x0000000085600000|  0%| F|  |TAMS 0x0000000085500000, 0x0000000085500000| Untracked 
|  74|0x0000000085600000, 0x0000000085600000, 0x0000000085700000|  0%| F|  |TAMS 0x0000000085600000, 0x0000000085600000| Untracked 
|  75|0x0000000085700000, 0x0000000085700000, 0x0000000085800000|  0%| F|  |TAMS 0x0000000085700000, 0x0000000085700000| Untracked 
|  76|0x0000000085800000, 0x0000000085800000, 0x0000000085900000|  0%| F|  |TAMS 0x0000000085800000, 0x0000000085800000| Untracked 
|  77|0x0000000085900000, 0x0000000085900000, 0x0000000085a00000|  0%| F|  |TAMS 0x0000000085900000, 0x0000000085900000| Untracked 
|  78|0x0000000085a00000, 0x0000000085a00000, 0x0000000085b00000|  0%| F|  |TAMS 0x0000000085a00000, 0x0000000085a00000| Untracked 
|  79|0x0000000085b00000, 0x0000000085b00000, 0x0000000085c00000|  0%| F|  |TAMS 0x0000000085b00000, 0x0000000085b00000| Untracked 
|  80|0x0000000085c00000, 0x0000000085c00000, 0x0000000085d00000|  0%| F|  |TAMS 0x0000000085c00000, 0x0000000085c00000| Untracked 
|  81|0x0000000085d00000, 0x0000000085d00000, 0x0000000085e00000|  0%| F|  |TAMS 0x0000000085d00000, 0x0000000085d00000| Untracked 
|  82|0x0000000085e00000, 0x0000000085e00000, 0x0000000085f00000|  0%| F|  |TAMS 0x0000000085e00000, 0x0000000085e00000| Untracked 
|  83|0x0000000085f00000, 0x0000000085f00000, 0x0000000086000000|  0%| F|  |TAMS 0x0000000085f00000, 0x0000000085f00000| Untracked 
|  84|0x0000000086000000, 0x0000000086000000, 0x0000000086100000|  0%| F|  |TAMS 0x0000000086000000, 0x0000000086000000| Untracked 
|  85|0x0000000086100000, 0x0000000086100000, 0x0000000086200000|  0%| F|  |TAMS 0x0000000086100000, 0x0000000086100000| Untracked 
|  86|0x0000000086200000, 0x0000000086200000, 0x0000000086300000|  0%| F|  |TAMS 0x0000000086200000, 0x0000000086200000| Untracked 
|  87|0x0000000086300000, 0x0000000086300000, 0x0000000086400000|  0%| F|  |TAMS 0x0000000086300000, 0x0000000086300000| Untracked 
|  88|0x0000000086400000, 0x0000000086400000, 0x0000000086500000|  0%| F|  |TAMS 0x0000000086400000, 0x0000000086400000| Untracked 
|  89|0x0000000086500000, 0x0000000086500000, 0x0000000086600000|  0%| F|  |TAMS 0x0000000086500000, 0x0000000086500000| Untracked 
|  90|0x0000000086600000, 0x0000000086600000, 0x0000000086700000|  0%| F|  |TAMS 0x0000000086600000, 0x0000000086600000| Untracked 
|  91|0x0000000086700000, 0x0000000086700000, 0x0000000086800000|  0%| F|  |TAMS 0x0000000086700000, 0x0000000086700000| Untracked 
|  92|0x0000000086800000, 0x0000000086800000, 0x0000000086900000|  0%| F|  |TAMS 0x0000000086800000, 0x0000000086800000| Untracked 
|  93|0x0000000086900000, 0x0000000086900000, 0x0000000086a00000|  0%| F|  |TAMS 0x0000000086900000, 0x0000000086900000| Untracked 
|  94|0x0000000086a00000, 0x0000000086a00000, 0x0000000086b00000|  0%| F|  |TAMS 0x0000000086a00000, 0x0000000086a00000| Untracked 
|  95|0x0000000086b00000, 0x0000000086b00000, 0x0000000086c00000|  0%| F|  |TAMS 0x0000000086b00000, 0x0000000086b00000| Untracked 
|  96|0x0000000086c00000, 0x0000000086c00000, 0x0000000086d00000|  0%| F|  |TAMS 0x0000000086c00000, 0x0000000086c00000| Untracked 
|  97|0x0000000086d00000, 0x0000000086d00000, 0x0000000086e00000|  0%| F|  |TAMS 0x0000000086d00000, 0x0000000086d00000| Untracked 
|  98|0x0000000086e00000, 0x0000000086e00000, 0x0000000086f00000|  0%| F|  |TAMS 0x0000000086e00000, 0x0000000086e00000| Untracked 
|  99|0x0000000086f00000, 0x0000000086f00000, 0x0000000087000000|  0%| F|  |TAMS 0x0000000086f00000, 0x0000000086f00000| Untracked 
| 100|0x0000000087000000, 0x0000000087000000, 0x0000000087100000|  0%| F|  |TAMS 0x0000000087000000, 0x0000000087000000| Untracked 
| 101|0x0000000087100000, 0x0000000087100000, 0x0000000087200000|  0%| F|  |TAMS 0x0000000087100000, 0x0000000087100000| Untracked 
| 102|0x0000000087200000, 0x0000000087200000, 0x0000000087300000|  0%| F|  |TAMS 0x0000000087200000, 0x0000000087200000| Untracked 
| 103|0x0000000087300000, 0x0000000087300000, 0x0000000087400000|  0%| F|  |TAMS 0x0000000087300000, 0x0000000087300000| Untracked 
| 104|0x0000000087400000, 0x0000000087400000, 0x0000000087500000|  0%| F|  |TAMS 0x0000000087400000, 0x0000000087400000| Untracked 
| 105|0x0000000087500000, 0x0000000087500000, 0x0000000087600000|  0%| F|  |TAMS 0x0000000087500000, 0x0000000087500000| Untracked 
| 106|0x0000000087600000, 0x0000000087600000, 0x0000000087700000|  0%| F|  |TAMS 0x0000000087600000, 0x0000000087600000| Untracked 
| 107|0x0000000087700000, 0x0000000087700000, 0x0000000087800000|  0%| F|  |TAMS 0x0000000087700000, 0x0000000087700000| Untracked 
| 108|0x0000000087800000, 0x0000000087800000, 0x0000000087900000|  0%| F|  |TAMS 0x0000000087800000, 0x0000000087800000| Untracked 
| 109|0x0000000087900000, 0x0000000087900000, 0x0000000087a00000|  0%| F|  |TAMS 0x0000000087900000, 0x0000000087900000| Untracked 
| 110|0x0000000087a00000, 0x0000000087a00000, 0x0000000087b00000|  0%| F|  |TAMS 0x0000000087a00000, 0x0000000087a00000| Untracked 
| 111|0x0000000087b00000, 0x0000000087b00000, 0x0000000087c00000|  0%| F|  |TAMS 0x0000000087b00000, 0x0000000087b00000| Untracked 
| 112|0x0000000087c00000, 0x0000000087c00000, 0x0000000087d00000|  0%| F|  |TAMS 0x0000000087c00000, 0x0000000087c00000| Untracked 
| 113|0x0000000087d00000, 0x0000000087d00000, 0x0000000087e00000|  0%| F|  |TAMS 0x0000000087d00000, 0x0000000087d00000| Untracked 
| 114|0x0000000087e00000, 0x0000000087e00000, 0x0000000087f00000|  0%| F|  |TAMS 0x0000000087e00000, 0x0000000087e00000| Untracked 
| 115|0x0000000087f00000, 0x0000000087f00000, 0x0000000088000000|  0%| F|  |TAMS 0x0000000087f00000, 0x0000000087f00000| Untracked 
| 116|0x0000000088000000, 0x0000000088000000, 0x0000000088100000|  0%| F|  |TAMS 0x0000000088000000, 0x0000000088000000| Untracked 
| 117|0x0000000088100000, 0x0000000088100000, 0x0000000088200000|  0%| F|  |TAMS 0x0000000088100000, 0x0000000088100000| Untracked 
| 118|0x0000000088200000, 0x0000000088200000, 0x0000000088300000|  0%| F|  |TAMS 0x0000000088200000, 0x0000000088200000| Untracked 
| 119|0x0000000088300000, 0x0000000088300000, 0x0000000088400000|  0%| F|  |TAMS 0x0000000088300000, 0x0000000088300000| Untracked 
| 120|0x0000000088400000, 0x0000000088500000, 0x0000000088500000|100%| S|CS|TAMS 0x0000000088400000, 0x0000000088400000| Complete 
| 121|0x0000000088500000, 0x0000000088500000, 0x0000000088600000|  0%| F|  |TAMS 0x0000000088500000, 0x0000000088500000| Untracked 
| 122|0x0000000088600000, 0x0000000088600000, 0x0000000088700000|  0%| F|  |TAMS 0x0000000088600000, 0x0000000088600000| Untracked 
| 123|0x0000000088700000, 0x0000000088700000, 0x0000000088800000|  0%| F|  |TAMS 0x0000000088700000, 0x0000000088700000| Untracked 
| 124|0x0000000088800000, 0x0000000088800000, 0x0000000088900000|  0%| F|  |TAMS 0x0000000088800000, 0x0000000088800000| Untracked 
| 125|0x0000000088900000, 0x00000000889706d0, 0x0000000088a00000| 43%| E|  |TAMS 0x0000000088900000, 0x0000000088900000| Complete 
| 126|0x0000000088a00000, 0x0000000088b00000, 0x0000000088b00000|100%| E|CS|TAMS 0x0000000088a00000, 0x0000000088a00000| Complete 
| 127|0x0000000088b00000, 0x0000000088c00000, 0x0000000088c00000|100%| E|CS|TAMS 0x0000000088b00000, 0x0000000088b00000| Complete 

Card table byte_map: [0x000001cc79800000,0x000001cc79c00000] _byte_map_base: 0x000001cc793fa000

Marking Bits (Prev, Next): (CMBitMap*) 0x000001cc7110b898, (CMBitMap*) 0x000001cc7110b8d0
 Prev Bits: [0x000001cc7a000000, 0x000001cc7bfd0000)
 Next Bits: [0x000001cc7bfd0000, 0x000001cc7dfa0000)

Polling page: 0x000001cc6ee70000

Metaspace:

Usage:
  Non-class:     11.71 MB capacity,    11.55 MB ( 99%) used,   125.42 KB (  1%) free+waste,    30.88 KB ( <1%) overhead. 
      Class:      1.47 MB capacity,     1.36 MB ( 92%) used,    97.73 KB (  6%) free+waste,    15.31 KB (  1%) overhead. 
       Both:     13.18 MB capacity,    12.91 MB ( 98%) used,   223.15 KB (  2%) free+waste,    46.19 KB ( <1%) overhead. 

Virtual space:
  Non-class space:       12.00 MB reserved,      11.75 MB ( 98%) committed 
      Class space:        1.00 GB reserved,       1.50 MB ( <1%) committed 
             Both:        1.01 GB reserved,      13.25 MB (  1%) committed 

Chunk freelists:
   Non-Class:  5.63 KB
       Class:  0 bytes
        Both:  5.63 KB

CodeHeap 'non-profiled nmethods': size=238912Kb used=1859Kb max_used=1859Kb free=237052Kb
 bounds [0x000001cc006b0000, 0x000001cc00920000, 0x000001cc0f000000]
CodeHeap 'non-nmethods': size=6848Kb used=2231Kb max_used=2231Kb free=4616Kb
 bounds [0x000001cc00000000, 0x000001cc00270000, 0x000001cc006b0000]
 total_blobs=1702 nmethods=1272 adapters=339
 compilation: enabled
              stopped_count=0, restarted_count=0
 full_count=0

Compilation events (10 events):
Event: 1.119 Thread 0x000001cc0fe34000 1134       1       jdk.internal.jimage.ImageStringsReader::hashCode (8 bytes)
Event: 1.119 Thread 0x000001cc10026000 nmethod 1131 0x000001cc0083b010 code [0x000001cc0083b200, 0x000001cc0083b5c0]
Event: 1.119 Thread 0x000001cc10026000 1136       1       java.nio.DirectByteBufferR::slice (81 bytes)
Event: 1.119 Thread 0x000001cc0fe34000 nmethod 1134 0x000001cc0083b790 code [0x000001cc0083b960, 0x000001cc0083bb00]
Event: 1.119 Thread 0x000001cc0fe34000 1135       1       jdk.internal.module.SystemModuleFinders$SystemModuleReader::find (54 bytes)
Event: 1.119 Thread 0x000001cc10026000 nmethod 1136 0x000001cc0083bc10 code [0x000001cc0083bdc0, 0x000001cc0083bfb0]
Event: 1.120 Thread 0x000001cc10025000 nmethod 1133 0x000001cc0083c090 code [0x000001cc0083c340, 0x000001cc0083cd40]
Event: 1.120 Thread 0x000001cc0fe34000 nmethod 1135 0x000001cc0083d190 code [0x000001cc0083d400, 0x000001cc0083db00]
Event: 1.121 Thread 0x000001cc10026000 1137       1       java.security.CodeSource::getLocationNoFragString (5 bytes)
Event: 1.121 Thread 0x000001cc10026000 nmethod 1137 0x000001cc0083de90 code [0x000001cc0083e040, 0x000001cc0083e158]

GC Heap History (2 events):
Event: 0.716 GC heap before
{Heap before GC invocations=0 (full 0):
 garbage-first heap   total 131072K, used 14336K [0x0000000080c00000, 0x0000000100000000)
  region size 1024K, 14 young (14336K), 0 survivors (0K)
 Metaspace       used 8916K, capacity 9088K, committed 9216K, reserved 1056768K
  class space    used 905K, capacity 995K, committed 1024K, reserved 1048576K
}
Event: 0.722 GC heap after
{Heap after GC invocations=1 (full 0):
 garbage-first heap   total 131072K, used 7960K [0x0000000080c00000, 0x0000000100000000)
  region size 1024K, 2 young (2048K), 2 survivors (2048K)
 Metaspace       used 8916K, capacity 9088K, committed 9216K, reserved 1056768K
  class space    used 905K, capacity 995K, committed 1024K, reserved 1048576K
}

Deoptimization events (0 events):
No events

Classes redefined (0 events):
No events

Internal exceptions (10 events):
Event: 0.792 Thread 0x000001cc710cc000 Exception <a 'java/lang/NoSuchMethodError'{0x0000000088a368f8}: java.lang.invoke.DirectMethodHandle$Holder.invokeStaticInit(Ljava/lang/Object;IIII)Ljava/lang/Object;> (0x0000000088a368f8) thrown at [t:/workspace/open/src/hotspot/share/interpreter/linkReso
Event: 1.003 Thread 0x000001cc710cc000 Exception <a 'java/lang/NoSuchMethodError'{0x000000008892c5e8}: java.lang.invoke.DirectMethodHandle$Holder.invokeStatic(Ljava/lang/Object;Ljava/lang/Object;IIII)Ljava/lang/Object;> (0x000000008892c5e8) thrown at [t:/workspace/open/src/hotspot/share/interp
Event: 1.003 Thread 0x000001cc710cc000 Exception <a 'java/lang/NoSuchMethodError'{0x000000008892f930}: java.lang.invoke.DirectMethodHandle$Holder.invokeStaticInit(Ljava/lang/Object;Ljava/lang/Object;IIII)Ljava/lang/Object;> (0x000000008892f930) thrown at [t:/workspace/open/src/hotspot/share/in
Event: 1.014 Thread 0x000001cc710cc000 Exception <a 'java/lang/ClassNotFoundException'{0x000000008894d3c0}: javax/management/remote/rmi/RMIServerImpl_Skel> (0x000000008894d3c0) thrown at [t:/workspace/open/src/hotspot/share/classfile/systemDictionary.cpp, line 231]
Event: 1.054 Thread 0x000001cc710cc000 Exception <a 'java/lang/ClassNotFoundException'{0x00000000889f2be8}: jdk/internal/agent/resources/spi/agentProvider> (0x00000000889f2be8) thrown at [t:/workspace/open/src/hotspot/share/classfile/systemDictionary.cpp, line 231]
Event: 1.062 Thread 0x000001cc710cc000 Exception <a 'java/lang/NoSuchMethodError'{0x00000000888491a0}: java.lang.invoke.DirectMethodHandle$Holder.invokeStatic(Ljava/lang/Object;Ljava/lang/Object;Ljava/lang/Object;Ljava/lang/Object;Ljava/lang/Object;Ljava/lang/Object;Ljava/lang/Object;Ljava/lan
Event: 1.063 Thread 0x000001cc710cc000 Exception <a 'java/lang/NoSuchMethodError'{0x0000000088855b60}: java.lang.invoke.DirectMethodHandle$Holder.invokeStatic(Ljava/lang/Object;Ljava/lang/Object;Ljava/lang/Object;Ljava/lang/Object;Ljava/lang/Object;Ljava/lang/Object;Ljava/lang/Object;Ljava/lan
Event: 1.065 Thread 0x000001cc710cc000 Exception <a 'java/lang/NoSuchMethodError'{0x000000008886fa40}: java.lang.invoke.DelegatingMethodHandle$Holder.reinvoke_L(Ljava/lang/Object;ILjava/lang/Object;)Ljava/lang/Object;> (0x000000008886fa40) thrown at [t:/workspace/open/src/hotspot/share/interpr
Event: 1.111 Thread 0x000001cc710cc000 Exception <a 'java/lang/ClassNotFoundException'{0x00000000886d3950}: javax/smartcardio/CardPermission> (0x00000000886d3950) thrown at [t:/workspace/open/src/hotspot/share/classfile/systemDictionary.cpp, line 231]
Event: 1.114 Thread 0x000001cc710cc000 Exception <a 'java/io/FileNotFoundException'{0x00000000886e1f40}> (0x00000000886e1f40) thrown at [t:/workspace/open/src/hotspot/share/prims/jni.cpp, line 615]

Events (10 events):
Event: 1.117 loading class ch/qos/logback/core/status/StatusBase
Event: 1.117 loading class ch/qos/logback/core/status/StatusBase done
Event: 1.118 loading class ch/qos/logback/core/status/Status
Event: 1.118 loading class ch/qos/logback/core/status/Status done
Event: 1.120 loading class ch/qos/logback/classic/spi/Configurator
Event: 1.120 loading class ch/qos/logback/classic/spi/Configurator done
Event: 1.120 loading class ch/qos/logback/core/spi/ContextAware
Event: 1.120 loading class ch/qos/logback/core/spi/ContextAware done
Event: 1.121 loading class ch/qos/logback/classic/util/EnvUtil
Event: 1.121 loading class ch/qos/logback/classic/util/EnvUtil done


Dynamic libraries:
0x00007ff7e2470000 - 0x00007ff7e24b7000 	C:\Program Files\Java\jdk-11.0.4\bin\javaw.exe
0x00007ff98fc60000 - 0x00007ff98fe50000 	C:\WINDOWS\SYSTEM32\ntdll.dll
0x00007ff98d5b0000 - 0x00007ff98d662000 	C:\WINDOWS\System32\KERNEL32.DLL
0x00007ff98c430000 - 0x00007ff98c6d3000 	C:\WINDOWS\System32\KERNELBASE.dll
0x00007ff98e7e0000 - 0x00007ff98e883000 	C:\WINDOWS\System32\ADVAPI32.dll
0x00007ff98f9a0000 - 0x00007ff98fa3e000 	C:\WINDOWS\System32\msvcrt.dll
0x00007ff98f600000 - 0x00007ff98f697000 	C:\WINDOWS\System32\sechost.dll
0x00007ff98edf0000 - 0x00007ff98ef10000 	C:\WINDOWS\System32\RPCRT4.dll
0x00007ff98d670000 - 0x00007ff98d804000 	C:\WINDOWS\System32\USER32.dll
0x00007ff98d1d0000 - 0x00007ff98d1f1000 	C:\WINDOWS\System32\win32u.dll
0x00007ff98f3f0000 - 0x00007ff98f416000 	C:\WINDOWS\System32\GDI32.dll
0x00007ff98c8b0000 - 0x00007ff98ca44000 	C:\WINDOWS\System32\gdi32full.dll
0x00007ff98c390000 - 0x00007ff98c42e000 	C:\WINDOWS\System32\msvcp_win.dll
0x00007ff98c730000 - 0x00007ff98c82a000 	C:\WINDOWS\System32\ucrtbase.dll
0x00007ff97e0f0000 - 0x00007ff97e375000 	C:\WINDOWS\WinSxS\amd64_microsoft.windows.common-controls_6595b64144ccf1df_6.0.18362.592_none_e6c0b1911312be02\COMCTL32.dll
0x00007ff98df60000 - 0x00007ff98e296000 	C:\WINDOWS\System32\combase.dll
0x00007ff98c260000 - 0x00007ff98c2e0000 	C:\WINDOWS\System32\bcryptPrimitives.dll
0x00007ff98a4a0000 - 0x00007ff98a4aa000 	C:\WINDOWS\SYSTEM32\VERSION.dll
0x00007ff98d570000 - 0x00007ff98d59e000 	C:\WINDOWS\System32\IMM32.DLL
0x00007ff986020000 - 0x00007ff986036000 	C:\Program Files\Java\jdk-11.0.4\bin\vcruntime140.dll
0x00007ff985bf0000 - 0x00007ff985c9a000 	C:\Program Files\Java\jdk-11.0.4\bin\msvcp140.dll
0x00007ff954cb0000 - 0x00007ff9557d7000 	C:\Program Files\Java\jdk-11.0.4\bin\server\jvm.dll
0x00007ff98f840000 - 0x00007ff98f848000 	C:\WINDOWS\System32\PSAPI.DLL
0x00007ff97f990000 - 0x00007ff97f999000 	C:\WINDOWS\SYSTEM32\WSOCK32.dll
0x00007ff98f700000 - 0x00007ff98f76f000 	C:\WINDOWS\System32\WS2_32.dll
0x00007ff988bd0000 - 0x00007ff988bf4000 	C:\WINDOWS\SYSTEM32\WINMM.dll
0x00007ff988ba0000 - 0x00007ff988bcd000 	C:\WINDOWS\SYSTEM32\WINMMBASE.dll
0x00007ff98c6e0000 - 0x00007ff98c72a000 	C:\WINDOWS\System32\cfgmgr32.dll
0x00007ff98c1b0000 - 0x00007ff98c1c1000 	C:\WINDOWS\System32\kernel.appcore.dll
0x00007ff977890000 - 0x00007ff9778a1000 	C:\Program Files\Java\jdk-11.0.4\bin\verify.dll
0x00007ff97ce50000 - 0x00007ff97d044000 	C:\WINDOWS\SYSTEM32\DBGHELP.DLL
0x00007ff97ce20000 - 0x00007ff97ce4a000 	C:\WINDOWS\SYSTEM32\dbgcore.DLL
0x00007ff9770c0000 - 0x00007ff9770e9000 	C:\Program Files\Java\jdk-11.0.4\bin\java.dll
0x00007ff9776b0000 - 0x00007ff9776c6000 	C:\Program Files\Java\jdk-11.0.4\bin\zip.dll
0x00007ff97be90000 - 0x00007ff97be9a000 	C:\Program Files\Java\jdk-11.0.4\bin\javaw.exe
0x00007ff98d810000 - 0x00007ff98def5000 	C:\WINDOWS\System32\sechost.dll
0x00007ff98d380000 - 0x00007ff98d429000 	C:\WINDOWS\System32\GDI32.dll
0x00007ff98ca50000 - 0x00007ff98d1cf000 	C:\WINDOWS\System32\msvcp_win.dll
0x00007ff98c1d0000 - 0x00007ff98c1ef000 	C:\WINDOWS\System32\IMM32.DLL
0x00007ff98c1f0000 - 0x00007ff98c23a000 	C:\Program Files\Java\jdk-11.0.4\bin\msvcp140.dll
0x00007ff98c1a0000 - 0x00007ff98c1b0000 	C:\WINDOWS\System32\PSAPI.DLL
0x00007ff98f6a0000 - 0x00007ff98f6f2000 	C:\WINDOWS\System32\WS2_32.dll
0x00007ff98c830000 - 0x00007ff98c847000 	C:\WINDOWS\System32\cryptsp.dll
0x00007ff976c70000 - 0x00007ff976c89000 	C:\WINDOWS\System32\cfgmgr32.dll
0x00007ff98fa40000 - 0x00007ff98fc16000 	C:\Program Files\Java\jdk-11.0.4\bin\verify.dll
0x00007ff98eb40000 - 0x00007ff98ede6000 	C:\WINDOWS\System32\iertutil.dll
0x00007ff9809e0000 - 0x00007ff980ad0000 	C:\Program Files\Java\jdk-11.0.4\bin\java.dll
0x00007ff98bbe0000 - 0x00007ff98bbec000 	C:\WINDOWS\SYSTEM32\CRYPTBASE.DLL
0x00007ff98ba10000 - 0x00007ff98ba77000 	C:\WINDOWS\system32\mswsock.dll
0x00007ff974910000 - 0x00007ff974923000 	C:\Program Files\Java\jdk-11.0.4\bin\nio.dll
0x00007ff988c40000 - 0x00007ff988c49000 	C:\WINDOWS\System32\sechost.dll
0x00007ff988c00000 - 0x00007ff988c0c000 	C:\WINDOWS\System32\gdi32full.dll
0x00007ff9689a0000 - 0x00007ff9689b6000 	C:\WINDOWS\WinSxS\amd64_microsoft.windows.common-controls_6595b64144ccf1df_6.0.18362.592_none_e6c0b1911312be02\COMCTL32.dll
0x00007ff9686d0000 - 0x00007ff9686ea000 	C:\WINDOWS\System32\IMM32.DLL
0x00007ff98b7b0000 - 0x00007ff98b87a000 	C:\Program Files\Java\jdk-11.0.4\bin\msvcp140.dll
0x00007ff98e960000 - 0x00007ff98e968000 	C:\WINDOWS\SYSTEM32\WSOCK32.dll
0x00007ff98b720000 - 0x00007ff98b75a000 	C:\WINDOWS\SYSTEM32\WINMM.dll
0x00007ff98a490000 - 0x00007ff98a49e000 	C:\WINDOWS\System32\cfgmgr32.dll
0x00007ff988760000 - 0x00007ff98877c000 	C:\Program Files\Java\jdk-11.0.4\bin\verify.dll
0x00007ff97f570000 - 0x00007ff97f585000 	C:\WINDOWS\SYSTEM32\dbgcore.DLL
0x00007ff97f6c0000 - 0x00007ff97f6ca000 	C:\Program Files\Java\jdk-11.0.4\bin\zip.dll
0x00007ff980f60000 - 0x00007ff980fd7000 	C:\WINDOWS\System32\fwpuclnt.dll
0x00007ff98d200000 - 0x00007ff98d226000 	C:\WINDOWS\System32\sechost.dll
0x00007ff98b580000 - 0x00007ff98b5b3000 	C:\WINDOWS\System32\gdi32full.dll
0x00007ff98c0c0000 - 0x00007ff98c0e5000 	C:\WINDOWS\System32\combase.dll
0x00007ff981060000 - 0x00007ff981076000 	C:\Program Files\Java\jdk-11.0.4\bin\vcruntime140.dll
0x00007ff981240000 - 0x00007ff98125c000 	C:\WINDOWS\System32\PSAPI.DLL

dbghelp: loaded successfully - version: 4.0.5 - missing functions: none
symbol engine: initialized successfully - sym options: 0x614 - pdb path: .;C:\Program Files\Java\jdk-11.0.4\bin;C:\WINDOWS\SYSTEM32;C:\WINDOWS\WinSxS\amd64_microsoft.windows.common-controls_6595b64144ccf1df_6.0.18362.592_none_e6c0b1911312be02;C:\Program Files\Java\jdk-11.0.4\bin\server

VM Arguments:
jvm_args: -Dcom.sun.management.jmxremote -Dcom.sun.management.jmxremote.port=62375 -Dcom.sun.management.jmxremote.authenticate=false -Dcom.sun.management.jmxremote.ssl=false -Djava.rmi.server.hostname=localhost -Dspring.jmx.enabled=true -Dspring.liveBeansView.mbeanDomain -Dspring.application.admin.enabled=true -Xverify:none -XX:TieredStopAtLevel=1 -Dspring.boot.project.name=newproject -Dfile.encoding=Cp1252 
java_command: com.example.demo.NewprojectApplication --spring.output.ansi.enabled=always
java_class_path (initial): C:\Users\ASHISH\Desktop\sts\newproject\bin\main;C:\Users\ASHISH\.gradle\caches\modules-2\files-2.1\org.springframework.boot\spring-boot-starter-data-jpa\2.2.4.RELEASE\374fc811a6e64632593cae83fe6786b1b93b574\spring-boot-starter-data-jpa-2.2.4.RELEASE.jar;C:\Users\ASHISH\.gradle\caches\modules-2\files-2.1\org.springframework.boot\spring-boot-starter-security\2.2.4.RELEASE\6ae84ac22148368eca716c64424e2f5d9db7a156\spring-boot-starter-security-2.2.4.RELEASE.jar;C:\Users\ASHISH\.gradle\caches\modules-2\files-2.1\org.springframework.boot\spring-boot-starter-thymeleaf\2.2.4.RELEASE\168d71302f3227702e8a2d74841136c6e0814d81\spring-boot-starter-thymeleaf-2.2.4.RELEASE.jar;C:\Users\ASHISH\.gradle\caches\modules-2\files-2.1\org.springframework.boot\spring-boot-starter-web-services\2.2.4.RELEASE\3c19d62e7891bb70d99d1366fddc31a5b09cf0a7\spring-boot-starter-web-services-2.2.4.RELEASE.jar;C:\Users\ASHISH\.gradle\caches\modules-2\files-2.1\com.vaadin\vaadin-spring-boot-starter\14.1.16\a5db68224e202cac2f1f2e0356f3ba4203dc93cf\vaadin-spring-boot-starter-14.1.16.jar;C:\Users\ASHISH\.gradle\caches\modules-2\files-2.1\org.springframework.boot\spring-boot-starter-web\2.2.4.RELEASE\ec75d01d212b5229c16d872fb127744c0ed46ed8\spring-boot-starter-web-2.2.4.RELEASE.jar;C:\Users\ASHISH\.gradle\caches\modules-2\files-2.1\org.springframework.boot\spring-boot-starter-webflux\2.2.4.RELEASE\e26ab42e62ac9a398941dda033b0ea17edce2643\spring-boot-starter-webflux-2.2.4.RELEASE.jar;C:\Users\ASHISH\.gradle\caches\modules-2\files-2.1\org.springframework.boot\spring-boot-starter-aop\2.2.4.RELEASE\26fe8208e070eb17e48e101f812c4519103165a\spring-boot-starter-aop-2.2.4.RELEASE.jar;C:\Users\ASHISH\.gradle\caches\modules-2\files-2.1\org.springframework.boot\spring-boot-starter-jdbc\2.2.4.RELEASE\2391d4f6f338b1eee003f0aadfcd4124cd3ed191\spring-boot-starter-jdbc-2.2.4.RELEASE.jar;C:\Users\ASHISH\.gradle\caches\modules-2\files-2.1\com.sun.xml.messaging.saaj\saaj-impl\1.5.1\e76b10e4f99630d0e5
Launcher Type: SUN_STANDARD

[Global flags]
     bool BytecodeVerificationLocal                = false                                     {product} {command line}
     bool BytecodeVerificationRemote               = false                                     {product} {command line}
     intx CICompilerCount                          = 3                                         {product} {ergonomic}
     uint ConcGCThreads                            = 1                                         {product} {ergonomic}
     uint G1ConcRefinementThreads                  = 4                                         {product} {ergonomic}
   size_t G1HeapRegionSize                         = 1048576                                   {product} {ergonomic}
    uintx GCDrainStackTargetSize                   = 64                                        {product} {ergonomic}
   size_t InitialHeapSize                          = 134217728                                 {product} {ergonomic}
     bool ManagementServer                         = true                                      {product} {command line}
   size_t MarkStackSize                            = 4194304                                   {product} {ergonomic}
   size_t MaxHeapSize                              = 2134900736                                {product} {ergonomic}
   size_t MaxNewSize                               = 1280311296                                {product} {ergonomic}
   size_t MinHeapDeltaBytes                        = 1048576                                   {product} {ergonomic}
    uintx NonNMethodCodeHeapSize                   = 6973028                                {pd product} {ergonomic}
    uintx NonProfiledCodeHeapSize                  = 244685212                              {pd product} {ergonomic}
    uintx ProfiledCodeHeapSize                     = 0                                      {pd product} {ergonomic}
    uintx ReservedCodeCacheSize                    = 251658240                              {pd product} {ergonomic}
     bool SegmentedCodeCache                       = true                                      {product} {ergonomic}
     intx TieredStopAtLevel                        = 1                                         {product} {command line}
     bool UseCompressedClassPointers               = true                                 {lp64_product} {ergonomic}
     bool UseCompressedOops                        = true                                 {lp64_product} {ergonomic}
     bool UseG1GC                                  = true                                      {product} {ergonomic}
     bool UseLargePagesIndividualAllocation        = false                                  {pd product} {ergonomic}

Logging:
Log output configuration:
 #0: stdout all=warning uptime,level,tags
 #1: stderr all=off uptime,level,tags

Environment Variables:
PATH=C:/Program Files/Java/jdk-11.0.4/bin/server;C:/Program Files/Java/jdk-11.0.4/bin;C:\Program Files\Java\jdk-11.0.4\bin;C:\Program Files (x86)\Common Files\Microsoft Shared\Windows Live;C:\WINDOWS\system32;C:\WINDOWS;C:\WINDOWS\System32\Wbem;C:\WINDOWS\System32\WindowsPowerShell\v1.0\;C:\Program Files (x86)\Windows Live\Shared;C:\Program Files (x86)\ATI Technologies\ATI.ACE\Core-Static;C:\Program Files\Intel\WiFi\bin\;C:\Program Files\Common Files\Intel\WirelessCommon\;C:\WINDOWS\System32\OpenSSH\;C:\Program Files (x86)\AMD\ATI.ACE\Core-Static;C:\Program Files\nodejs\;C:\Program Files\Git\cmd;C:\Program Files\Java\jdk-11.0.4\bin;;C:\Users\ASHISH\Desktop\sts-bundle\sts-3.9.10.RELEASE;
USERNAME=ASHISH
OS=Windows_NT
PROCESSOR_IDENTIFIER=Intel64 Family 6 Model 42 Stepping 7, GenuineIntel



---------------  S Y S T E M  ---------------

OS: Windows 10 , 64 bit Build 18362 (10.0.18362.329)

CPU:total 4 (initial active 4) (2 cores per cpu, 2 threads per core) family 6 model 42 stepping 7, cmov, cx8, fxsr, mmx, sse, sse2, sse3, ssse3, sse4.1, sse4.2, popcnt, avx, aes, clmul, ht, tsc, tscinvbit

Memory: 4k page, system-wide physical 8139M (4060M free)
TotalPageFile size 16331M (AvailPageFile size 10896M)
current process WorkingSet (physical memory assigned to process): 71M, peak: 71M
current process commit charge ("private bytes"): 212M, peak: 212M

vm_info: Java HotSpot(TM) 64-Bit Server VM (11.0.4+10-LTS) for windows-amd64 JRE (11.0.4+10-LTS), built on Jul  4 2019 16:28:13 by "mach5one" with MS VC++ 15.5 (VS2017)

END.
