#
# A fatal error has been detected by the Java Runtime Environment:
#
#  EXCEPTION_ACCESS_VIOLATION (0xc0000005) at pc=0x00007ffbba21d6ee, pid=12144, tid=10384
#
# JRE version: Java(TM) SE Runtime Environment (11.0.4+10) (build 11.0.4+10-LTS)
# Java VM: Java HotSpot(TM) 64-Bit Server VM (11.0.4+10-LTS, mixed mode, tiered, compressed oops, g1 gc, windows-amd64)
# Problematic frame:
# C  [ntdll.dll+0x3d6ee]
#
# No core dump will be written. Minidumps are not enabled by default on client versions of Windows
#
# If you would like to submit a bug report, please visit:
#   http://bugreport.java.com/bugreport/crash.jsp
# The crash happened outside the Java Virtual Machine in native code.
# See problematic frame for where to report the bug.
#

---------------  S U M M A R Y ------------

Command Line: -Dcom.sun.management.jmxremote -Dcom.sun.management.jmxremote.port=53705 -Dcom.sun.management.jmxremote.authenticate=false -Dcom.sun.management.jmxremote.ssl=false -Djava.rmi.server.hostname=localhost -Dspring.jmx.enabled=true -Dspring.liveBeansView.mbeanDomain -Dspring.application.admin.enabled=true -Xverify:none -XX:TieredStopAtLevel=1 -Dspring.boot.project.name=newproject -Dfile.encoding=Cp1252 com.example.demo.NewprojectApplication --spring.output.ansi.enabled=always

Host: Intel(R) Core(TM) i5-2410M CPU @ 2.30GHz, 4 cores, 7G,  Windows 10 , 64 bit Build 18362 (10.0.18362.329)
Time: Wed Feb 12 21:38:02 2020 India Standard Time elapsed time: 10 seconds (0d 0h 0m 10s)

---------------  T H R E A D  ---------------

Current thread (0x0000019a6c207800):  JavaThread "main" [_thread_in_native, id=10384, stack(0x00000097a9f00000,0x00000097aa000000)]

Stack: [0x00000097a9f00000,0x00000097aa000000],  sp=0x00000097a9ffbef0,  free space=1007k
Native frames: (J=compiled Java code, j=interpreted, Vv=VM code, C=native code)
C  [ntdll.dll+0x3d6ee]

Java frames: (J=compiled Java code, j=interpreted, Vv=VM code)
j  java.lang.ClassLoader.defineClass1(Ljava/lang/ClassLoader;Ljava/lang/String;[BIILjava/security/ProtectionDomain;Ljava/lang/String;)Ljava/lang/Class;+0 java.base@11.0.4
j  java.lang.ClassLoader.defineClass(Ljava/lang/String;[BIILjava/security/ProtectionDomain;)Ljava/lang/Class;+27 java.base@11.0.4
j  java.security.SecureClassLoader.defineClass(Ljava/lang/String;[BIILjava/security/CodeSource;)Ljava/lang/Class;+12 java.base@11.0.4
j  jdk.internal.loader.BuiltinClassLoader.defineClass(Ljava/lang/String;Ljdk/internal/loader/Resource;)Ljava/lang/Class;+117 java.base@11.0.4
j  jdk.internal.loader.BuiltinClassLoader.findClassOnClassPathOrNull(Ljava/lang/String;)Ljava/lang/Class;+37 java.base@11.0.4
j  jdk.internal.loader.BuiltinClassLoader.loadClassOrNull(Ljava/lang/String;Z)Ljava/lang/Class;+111 java.base@11.0.4
j  jdk.internal.loader.BuiltinClassLoader.loadClass(Ljava/lang/String;Z)Ljava/lang/Class;+3 java.base@11.0.4
j  jdk.internal.loader.ClassLoaders$AppClassLoader.loadClass(Ljava/lang/String;Z)Ljava/lang/Class;+36 java.base@11.0.4
j  java.lang.ClassLoader.loadClass(Ljava/lang/String;)Ljava/lang/Class;+3 java.base@11.0.4
v  ~StubRoutines::call_stub
j  org.apache.commons.logging.LogAdapter.<clinit>()V+24
v  ~StubRoutines::call_stub
j  org.apache.commons.logging.LogFactory.getLog(Ljava/lang/String;)Lorg/apache/commons/logging/Log;+1
j  org.apache.commons.logging.LogFactory.getLog(Ljava/lang/Class;)Lorg/apache/commons/logging/Log;+4
j  org.springframework.boot.SpringApplication.<clinit>()V+2
v  ~StubRoutines::call_stub
j  com.example.demo.NewprojectApplication.main([Ljava/lang/String;)V+3
v  ~StubRoutines::call_stub

siginfo: EXCEPTION_ACCESS_VIOLATION (0xc0000005), reading address 0x00000007ffffffff


Register to memory mapping:

RIP=0x00007ffbba21d6ee ntdll.dll
RAX=0x0000000000000005 is an unknown value
RBX=0x0000019a6bf40000 points into unknown readable memory: 00 00 00 00 00 00 00 00
RCX=0x0000000000000005 is an unknown value
RDX=0x00007ffbba301170 ntdll.dll
RSP=0x00000097a9ffbef0 is pointing into the stack for thread: 0x0000019a6c207800
RBP=0x00000097a9ffc179 is pointing into the stack for thread: 0x0000019a6c207800
RSI=0x0000019a7d3b96f0 points into unknown readable memory: 1c 00 14 00 00 04 81 00
RDI=0x0000019a6bf40150 points into unknown readable memory: 90 f2 7b 7e 9a 01 00 00
R8 =0x0000000800000007 is an unknown value
R9 =0x0000019a6bf40320 points into unknown readable memory: fc 7f 31 e4 00 00 00 02
R10=0x0000000000000003 is an unknown value
R11=0x0000000087d60c01 is pointing into object: java.lang.String 
{0x0000000087d60bf8} - klass: 'java/lang/String'
R12=0x0 is NULL
R13=0x000000000000004f is an unknown value
R14=0x0000000000000016 is an unknown value
R15=0x0000019a7d3b9200 points into unknown readable memory: 20 00 00 00 00 00 00 00


Registers:
RAX=0x0000000000000005, RBX=0x0000019a6bf40000, RCX=0x0000000000000005, RDX=0x00007ffbba301170
RSP=0x00000097a9ffbef0, RBP=0x00000097a9ffc179, RSI=0x0000019a7d3b96f0, RDI=0x0000019a6bf40150
R8 =0x0000000800000007, R9 =0x0000019a6bf40320, R10=0x0000000000000003, R11=0x0000000087d60c01
R12=0x0000000000000000, R13=0x000000000000004f, R14=0x0000000000000016, R15=0x0000019a7d3b9200
RIP=0x00007ffbba21d6ee, EFLAGS=0x0000000000010206

Top of Stack: (sp=0x00000097a9ffbef0)
0x00000097a9ffbef0:   0000019a6bf40000 0000019a7d3b96f0
0x00000097a9ffbf00:   0000019a7d3b9210 0000000000000065
0x00000097a9ffbf10:   0000019a00000065 0000000000000065
0x00000097a9ffbf20:   000000016c207801 0000000000000000
0x00000097a9ffbf30:   000000006c208300 0000000000000000
0x00000097a9ffbf40:   0000000000000001 0000000000000009
0x00000097a9ffbf50:   0000000000000065 0000019a7d3b9200
0x00000097a9ffbf60:   0000000000000000 0000000000000016
0x00000097a9ffbf70:   0000019a7d3b9200 00007ffbba21c4bf
0x00000097a9ffbf80:   0000000000000005 00000000000000e0
0x00000097a9ffbf90:   0000019a7e7beef0 000000000000004f
0x00000097a9ffbfa0:   0000019a6bf40000 0000000000000000
0x00000097a9ffbfb0:   0000000000000000 0000019a6bf4032c
0x00000097a9ffbfc0:   0000019a7e9dcd60 0000019a6c110000
0x00000097a9ffbfd0:   0000019a6c1102d8 0000000000000003
0x00000097a9ffbfe0:   0000000000000065 0000019a6c110cc0 

Instructions: (pc=0x00007ffbba21d6ee)
0x00007ffbba21d6ce:   eb b0 84 d2 0f 85 6d 02 00 00 8b c2 48 c1 e8 08
0x00007ffbba21d6de:   0f b6 c8 42 0f b6 04 11 83 c0 08 e9 bf fe ff ff
0x00007ffbba21d6ee:   41 8b 40 f8 89 84 24 50 01 00 00 85 43 7c 0f 84
0x00007ffbba21d6fe:   3c 02 00 00 8b 8b 88 00 00 00 33 c8 89 8c 24 50 


Stack slot to memory mapping:
stack at sp + 0 slots: 0x0000019a6bf40000 points into unknown readable memory: 00 00 00 00 00 00 00 00
stack at sp + 1 slots: 0x0000019a7d3b96f0 points into unknown readable memory: 1c 00 14 00 00 04 81 00
stack at sp + 2 slots: 0x0000019a7d3b9210 points into unknown readable memory: 70 ef 90 7e 9a 01 00 00
stack at sp + 3 slots: 0x0000000000000065 is an unknown value
stack at sp + 4 slots: 0x0000019a00000065 is at code_begin+-27 in 
[CodeBlob (0x0000019a00000010)]
Framesize: 0
BufferBlob (0x0000019a00000010) used for flush_icache_stub
stack at sp + 5 slots: 0x0000000000000065 is an unknown value
stack at sp + 6 slots: 0x000000016c207801 is an unknown value
stack at sp + 7 slots: 0x0 is NULL


---------------  P R O C E S S  ---------------

Threads class SMR info:
_java_thread_list=0x0000019a7e96a110, length=13, elements={
0x0000019a6c207800, 0x0000019a7dd7b800, 0x0000019a7dd84800, 0x0000019a7dd94800,
0x0000019a7dd96800, 0x0000019a7dde2800, 0x0000019a7ddf0800, 0x0000019a7dfb0800,
0x0000019a7dfeb800, 0x0000019a7e8ae800, 0x0000019a7e92d800, 0x0000019a7e90e000,
0x0000019a7e9c1800
}

Java Threads: ( => current thread )
=>0x0000019a6c207800 JavaThread "main" [_thread_in_native, id=10384, stack(0x00000097a9f00000,0x00000097aa000000)]
  0x0000019a7dd7b800 JavaThread "Reference Handler" daemon [_thread_blocked, id=11348, stack(0x00000097aa600000,0x00000097aa700000)]
  0x0000019a7dd84800 JavaThread "Finalizer" daemon [_thread_blocked, id=1864, stack(0x00000097aa700000,0x00000097aa800000)]
  0x0000019a7dd94800 JavaThread "Signal Dispatcher" daemon [_thread_blocked, id=8388, stack(0x00000097aa800000,0x00000097aa900000)]
  0x0000019a7dd96800 JavaThread "Attach Listener" daemon [_thread_blocked, id=9912, stack(0x00000097aa900000,0x00000097aaa00000)]
  0x0000019a7dde2800 JavaThread "C1 CompilerThread0" daemon [_thread_blocked, id=11668, stack(0x00000097aaa00000,0x00000097aab00000)]
  0x0000019a7ddf0800 JavaThread "Sweeper thread" daemon [_thread_blocked, id=1292, stack(0x00000097aab00000,0x00000097aac00000)]
  0x0000019a7dfb0800 JavaThread "Common-Cleaner" daemon [_thread_blocked, id=11784, stack(0x00000097aac00000,0x00000097aad00000)]
  0x0000019a7dfeb800 JavaThread "Service Thread" daemon [_thread_blocked, id=12804, stack(0x00000097aad00000,0x00000097aae00000)]
  0x0000019a7e8ae800 JavaThread "C1 CompilerThread1" daemon [_thread_blocked, id=8100, stack(0x00000097aaf00000,0x00000097ab000000)]
  0x0000019a7e92d800 JavaThread "RMI TCP Accept-0" daemon [_thread_in_native, id=1360, stack(0x00000097ab300000,0x00000097ab400000)]
  0x0000019a7e90e000 JavaThread "RMI TCP Accept-53705" daemon [_thread_in_native, id=5724, stack(0x00000097ab400000,0x00000097ab500000)]
  0x0000019a7e9c1800 JavaThread "RMI TCP Accept-0" daemon [_thread_in_native, id=4176, stack(0x00000097ab500000,0x00000097ab600000)]

Other Threads:
  0x0000019a7dd52800 VMThread "VM Thread" [stack: 0x00000097aa500000,0x00000097aa600000] [id=8264]
  0x0000019a7e908000 WatcherThread [stack: 0x00000097ab600000,0x00000097ab700000] [id=3128]
  0x0000019a6c21c800 GCTaskThread "GC Thread#0" [stack: 0x00000097aa000000,0x00000097aa100000] [id=352]
  0x0000019a7e8dd000 GCTaskThread "GC Thread#1" [stack: 0x00000097ab000000,0x00000097ab100000] [id=9264]
  0x0000019a7e8de000 GCTaskThread "GC Thread#2" [stack: 0x00000097ab100000,0x00000097ab200000] [id=8796]
  0x0000019a6c24f800 ConcurrentGCThread "G1 Main Marker" [stack: 0x00000097aa100000,0x00000097aa200000] [id=6616]
  0x0000019a6c251000 ConcurrentGCThread "G1 Conc#0" [stack: 0x00000097aa200000,0x00000097aa300000] [id=13208]
  0x0000019a7d3b3800 ConcurrentGCThread "G1 Refine#0" [stack: 0x00000097aa300000,0x00000097aa400000] [id=8788]
  0x0000019a7e8eb800 ConcurrentGCThread "G1 Refine#1" [stack: 0x00000097ab200000,0x00000097ab300000] [id=9332]
  0x0000019a7d3b6800 ConcurrentGCThread "G1 Young RemSet Sampling" [stack: 0x00000097aa400000,0x00000097aa500000] [id=9248]

Threads with active compile tasks:

VM state:not at safepoint (normal execution)

VM Mutex/Monitor currently owned by a thread: None

Heap address: 0x0000000080c00000, size: 2036 MB, Compressed Oops mode: 32-bit
Narrow klass base: 0x0000000000000000, Narrow klass shift: 3
Compressed class space size: 1073741824 Address: 0x0000000100000000

Heap:
 garbage-first heap   total 131072K, used 11202K [0x0000000080c00000, 0x0000000100000000)
  region size 1024K, 6 young (6144K), 2 survivors (2048K)
 Metaspace       used 12142K, capacity 12425K, committed 12672K, reserved 1060864K
  class space    used 1279K, capacity 1406K, committed 1408K, reserved 1048576K
Heap Regions: E=young(eden), S=young(survivor), O=old, HS=humongous(starts), HC=humongous(continues), CS=collection set, F=free, A=archive, TAMS=top-at-mark-start (previous, next)
|   0|0x0000000080c00000, 0x0000000080d00000, 0x0000000080d00000|100%|HS|  |TAMS 0x0000000080c00000, 0x0000000080c00000| Complete 
|   1|0x0000000080d00000, 0x0000000080e00000, 0x0000000080e00000|100%| O|  |TAMS 0x0000000080d00000, 0x0000000080d00000| Untracked 
|   2|0x0000000080e00000, 0x0000000080f00000, 0x0000000080f00000|100%| O|  |TAMS 0x0000000080e00000, 0x0000000080e00000| Untracked 
|   3|0x0000000080f00000, 0x0000000081000000, 0x0000000081000000|100%| O|  |TAMS 0x0000000080f00000, 0x0000000080f00000| Untracked 
|   4|0x0000000081000000, 0x0000000081100000, 0x0000000081100000|100%| O|  |TAMS 0x0000000081000000, 0x0000000081000000| Untracked 
|   5|0x0000000081100000, 0x00000000811f0800, 0x0000000081200000| 93%| O|  |TAMS 0x0000000081100000, 0x0000000081100000| Untracked 
|   6|0x0000000081200000, 0x0000000081200000, 0x0000000081300000|  0%| F|  |TAMS 0x0000000081200000, 0x0000000081200000| Untracked 
|   7|0x0000000081300000, 0x0000000081300000, 0x0000000081400000|  0%| F|  |TAMS 0x0000000081300000, 0x0000000081300000| Untracked 
|   8|0x0000000081400000, 0x0000000081400000, 0x0000000081500000|  0%| F|  |TAMS 0x0000000081400000, 0x0000000081400000| Untracked 
|   9|0x0000000081500000, 0x0000000081500000, 0x0000000081600000|  0%| F|  |TAMS 0x0000000081500000, 0x0000000081500000| Untracked 
|  10|0x0000000081600000, 0x0000000081600000, 0x0000000081700000|  0%| F|  |TAMS 0x0000000081600000, 0x0000000081600000| Untracked 
|  11|0x0000000081700000, 0x0000000081700000, 0x0000000081800000|  0%| F|  |TAMS 0x0000000081700000, 0x0000000081700000| Untracked 
|  12|0x0000000081800000, 0x0000000081800000, 0x0000000081900000|  0%| F|  |TAMS 0x0000000081800000, 0x0000000081800000| Untracked 
|  13|0x0000000081900000, 0x0000000081900000, 0x0000000081a00000|  0%| F|  |TAMS 0x0000000081900000, 0x0000000081900000| Untracked 
|  14|0x0000000081a00000, 0x0000000081a00000, 0x0000000081b00000|  0%| F|  |TAMS 0x0000000081a00000, 0x0000000081a00000| Untracked 
|  15|0x0000000081b00000, 0x0000000081b00000, 0x0000000081c00000|  0%| F|  |TAMS 0x0000000081b00000, 0x0000000081b00000| Untracked 
|  16|0x0000000081c00000, 0x0000000081c00000, 0x0000000081d00000|  0%| F|  |TAMS 0x0000000081c00000, 0x0000000081c00000| Untracked 
|  17|0x0000000081d00000, 0x0000000081d00000, 0x0000000081e00000|  0%| F|  |TAMS 0x0000000081d00000, 0x0000000081d00000| Untracked 
|  18|0x0000000081e00000, 0x0000000081e00000, 0x0000000081f00000|  0%| F|  |TAMS 0x0000000081e00000, 0x0000000081e00000| Untracked 
|  19|0x0000000081f00000, 0x0000000081f00000, 0x0000000082000000|  0%| F|  |TAMS 0x0000000081f00000, 0x0000000081f00000| Untracked 
|  20|0x0000000082000000, 0x0000000082000000, 0x0000000082100000|  0%| F|  |TAMS 0x0000000082000000, 0x0000000082000000| Untracked 
|  21|0x0000000082100000, 0x0000000082100000, 0x0000000082200000|  0%| F|  |TAMS 0x0000000082100000, 0x0000000082100000| Untracked 
|  22|0x0000000082200000, 0x0000000082200000, 0x0000000082300000|  0%| F|  |TAMS 0x0000000082200000, 0x0000000082200000| Untracked 
|  23|0x0000000082300000, 0x0000000082300000, 0x0000000082400000|  0%| F|  |TAMS 0x0000000082300000, 0x0000000082300000| Untracked 
|  24|0x0000000082400000, 0x0000000082400000, 0x0000000082500000|  0%| F|  |TAMS 0x0000000082400000, 0x0000000082400000| Untracked 
|  25|0x0000000082500000, 0x0000000082500000, 0x0000000082600000|  0%| F|  |TAMS 0x0000000082500000, 0x0000000082500000| Untracked 
|  26|0x0000000082600000, 0x0000000082600000, 0x0000000082700000|  0%| F|  |TAMS 0x0000000082600000, 0x0000000082600000| Untracked 
|  27|0x0000000082700000, 0x0000000082700000, 0x0000000082800000|  0%| F|  |TAMS 0x0000000082700000, 0x0000000082700000| Untracked 
|  28|0x0000000082800000, 0x0000000082800000, 0x0000000082900000|  0%| F|  |TAMS 0x0000000082800000, 0x0000000082800000| Untracked 
|  29|0x0000000082900000, 0x0000000082900000, 0x0000000082a00000|  0%| F|  |TAMS 0x0000000082900000, 0x0000000082900000| Untracked 
|  30|0x0000000082a00000, 0x0000000082a00000, 0x0000000082b00000|  0%| F|  |TAMS 0x0000000082a00000, 0x0000000082a00000| Untracked 
|  31|0x0000000082b00000, 0x0000000082b00000, 0x0000000082c00000|  0%| F|  |TAMS 0x0000000082b00000, 0x0000000082b00000| Untracked 
|  32|0x0000000082c00000, 0x0000000082c00000, 0x0000000082d00000|  0%| F|  |TAMS 0x0000000082c00000, 0x0000000082c00000| Untracked 
|  33|0x0000000082d00000, 0x0000000082d00000, 0x0000000082e00000|  0%| F|  |TAMS 0x0000000082d00000, 0x0000000082d00000| Untracked 
|  34|0x0000000082e00000, 0x0000000082e00000, 0x0000000082f00000|  0%| F|  |TAMS 0x0000000082e00000, 0x0000000082e00000| Untracked 
|  35|0x0000000082f00000, 0x0000000082f00000, 0x0000000083000000|  0%| F|  |TAMS 0x0000000082f00000, 0x0000000082f00000| Untracked 
|  36|0x0000000083000000, 0x0000000083000000, 0x0000000083100000|  0%| F|  |TAMS 0x0000000083000000, 0x0000000083000000| Untracked 
|  37|0x0000000083100000, 0x0000000083100000, 0x0000000083200000|  0%| F|  |TAMS 0x0000000083100000, 0x0000000083100000| Untracked 
|  38|0x0000000083200000, 0x0000000083200000, 0x0000000083300000|  0%| F|  |TAMS 0x0000000083200000, 0x0000000083200000| Untracked 
|  39|0x0000000083300000, 0x0000000083300000, 0x0000000083400000|  0%| F|  |TAMS 0x0000000083300000, 0x0000000083300000| Untracked 
|  40|0x0000000083400000, 0x0000000083400000, 0x0000000083500000|  0%| F|  |TAMS 0x0000000083400000, 0x0000000083400000| Untracked 
|  41|0x0000000083500000, 0x0000000083500000, 0x0000000083600000|  0%| F|  |TAMS 0x0000000083500000, 0x0000000083500000| Untracked 
|  42|0x0000000083600000, 0x0000000083600000, 0x0000000083700000|  0%| F|  |TAMS 0x0000000083600000, 0x0000000083600000| Untracked 
|  43|0x0000000083700000, 0x0000000083700000, 0x0000000083800000|  0%| F|  |TAMS 0x0000000083700000, 0x0000000083700000| Untracked 
|  44|0x0000000083800000, 0x0000000083800000, 0x0000000083900000|  0%| F|  |TAMS 0x0000000083800000, 0x0000000083800000| Untracked 
|  45|0x0000000083900000, 0x0000000083900000, 0x0000000083a00000|  0%| F|  |TAMS 0x0000000083900000, 0x0000000083900000| Untracked 
|  46|0x0000000083a00000, 0x0000000083a00000, 0x0000000083b00000|  0%| F|  |TAMS 0x0000000083a00000, 0x0000000083a00000| Untracked 
|  47|0x0000000083b00000, 0x0000000083b00000, 0x0000000083c00000|  0%| F|  |TAMS 0x0000000083b00000, 0x0000000083b00000| Untracked 
|  48|0x0000000083c00000, 0x0000000083c00000, 0x0000000083d00000|  0%| F|  |TAMS 0x0000000083c00000, 0x0000000083c00000| Untracked 
|  49|0x0000000083d00000, 0x0000000083d00000, 0x0000000083e00000|  0%| F|  |TAMS 0x0000000083d00000, 0x0000000083d00000| Untracked 
|  50|0x0000000083e00000, 0x0000000083e00000, 0x0000000083f00000|  0%| F|  |TAMS 0x0000000083e00000, 0x0000000083e00000| Untracked 
|  51|0x0000000083f00000, 0x0000000083f00000, 0x0000000084000000|  0%| F|  |TAMS 0x0000000083f00000, 0x0000000083f00000| Untracked 
|  52|0x0000000084000000, 0x0000000084000000, 0x0000000084100000|  0%| F|  |TAMS 0x0000000084000000, 0x0000000084000000| Untracked 
|  53|0x0000000084100000, 0x0000000084100000, 0x0000000084200000|  0%| F|  |TAMS 0x0000000084100000, 0x0000000084100000| Untracked 
|  54|0x0000000084200000, 0x0000000084200000, 0x0000000084300000|  0%| F|  |TAMS 0x0000000084200000, 0x0000000084200000| Untracked 
|  55|0x0000000084300000, 0x0000000084300000, 0x0000000084400000|  0%| F|  |TAMS 0x0000000084300000, 0x0000000084300000| Untracked 
|  56|0x0000000084400000, 0x0000000084400000, 0x0000000084500000|  0%| F|  |TAMS 0x0000000084400000, 0x0000000084400000| Untracked 
|  57|0x0000000084500000, 0x0000000084500000, 0x0000000084600000|  0%| F|  |TAMS 0x0000000084500000, 0x0000000084500000| Untracked 
|  58|0x0000000084600000, 0x0000000084600000, 0x0000000084700000|  0%| F|  |TAMS 0x0000000084600000, 0x0000000084600000| Untracked 
|  59|0x0000000084700000, 0x0000000084700000, 0x0000000084800000|  0%| F|  |TAMS 0x0000000084700000, 0x0000000084700000| Untracked 
|  60|0x0000000084800000, 0x0000000084800000, 0x0000000084900000|  0%| F|  |TAMS 0x0000000084800000, 0x0000000084800000| Untracked 
|  61|0x0000000084900000, 0x0000000084900000, 0x0000000084a00000|  0%| F|  |TAMS 0x0000000084900000, 0x0000000084900000| Untracked 
|  62|0x0000000084a00000, 0x0000000084a00000, 0x0000000084b00000|  0%| F|  |TAMS 0x0000000084a00000, 0x0000000084a00000| Untracked 
|  63|0x0000000084b00000, 0x0000000084b00000, 0x0000000084c00000|  0%| F|  |TAMS 0x0000000084b00000, 0x0000000084b00000| Untracked 
|  64|0x0000000084c00000, 0x0000000084c00000, 0x0000000084d00000|  0%| F|  |TAMS 0x0000000084c00000, 0x0000000084c00000| Untracked 
|  65|0x0000000084d00000, 0x0000000084d00000, 0x0000000084e00000|  0%| F|  |TAMS 0x0000000084d00000, 0x0000000084d00000| Untracked 
|  66|0x0000000084e00000, 0x0000000084e00000, 0x0000000084f00000|  0%| F|  |TAMS 0x0000000084e00000, 0x0000000084e00000| Untracked 
|  67|0x0000000084f00000, 0x0000000084f00000, 0x0000000085000000|  0%| F|  |TAMS 0x0000000084f00000, 0x0000000084f00000| Untracked 
|  68|0x0000000085000000, 0x0000000085000000, 0x0000000085100000|  0%| F|  |TAMS 0x0000000085000000, 0x0000000085000000| Untracked 
|  69|0x0000000085100000, 0x0000000085100000, 0x0000000085200000|  0%| F|  |TAMS 0x0000000085100000, 0x0000000085100000| Untracked 
|  70|0x0000000085200000, 0x0000000085200000, 0x0000000085300000|  0%| F|  |TAMS 0x0000000085200000, 0x0000000085200000| Untracked 
|  71|0x0000000085300000, 0x0000000085300000, 0x0000000085400000|  0%| F|  |TAMS 0x0000000085300000, 0x0000000085300000| Untracked 
|  72|0x0000000085400000, 0x0000000085400000, 0x0000000085500000|  0%| F|  |TAMS 0x0000000085400000, 0x0000000085400000| Untracked 
|  73|0x0000000085500000, 0x0000000085500000, 0x0000000085600000|  0%| F|  |TAMS 0x0000000085500000, 0x0000000085500000| Untracked 
|  74|0x0000000085600000, 0x0000000085600000, 0x0000000085700000|  0%| F|  |TAMS 0x0000000085600000, 0x0000000085600000| Untracked 
|  75|0x0000000085700000, 0x0000000085700000, 0x0000000085800000|  0%| F|  |TAMS 0x0000000085700000, 0x0000000085700000| Untracked 
|  76|0x0000000085800000, 0x0000000085800000, 0x0000000085900000|  0%| F|  |TAMS 0x0000000085800000, 0x0000000085800000| Untracked 
|  77|0x0000000085900000, 0x0000000085900000, 0x0000000085a00000|  0%| F|  |TAMS 0x0000000085900000, 0x0000000085900000| Untracked 
|  78|0x0000000085a00000, 0x0000000085a00000, 0x0000000085b00000|  0%| F|  |TAMS 0x0000000085a00000, 0x0000000085a00000| Untracked 
|  79|0x0000000085b00000, 0x0000000085b00000, 0x0000000085c00000|  0%| F|  |TAMS 0x0000000085b00000, 0x0000000085b00000| Untracked 
|  80|0x0000000085c00000, 0x0000000085c00000, 0x0000000085d00000|  0%| F|  |TAMS 0x0000000085c00000, 0x0000000085c00000| Untracked 
|  81|0x0000000085d00000, 0x0000000085d00000, 0x0000000085e00000|  0%| F|  |TAMS 0x0000000085d00000, 0x0000000085d00000| Untracked 
|  82|0x0000000085e00000, 0x0000000085e00000, 0x0000000085f00000|  0%| F|  |TAMS 0x0000000085e00000, 0x0000000085e00000| Untracked 
|  83|0x0000000085f00000, 0x0000000085f00000, 0x0000000086000000|  0%| F|  |TAMS 0x0000000085f00000, 0x0000000085f00000| Untracked 
|  84|0x0000000086000000, 0x0000000086000000, 0x0000000086100000|  0%| F|  |TAMS 0x0000000086000000, 0x0000000086000000| Untracked 
|  85|0x0000000086100000, 0x0000000086100000, 0x0000000086200000|  0%| F|  |TAMS 0x0000000086100000, 0x0000000086100000| Untracked 
|  86|0x0000000086200000, 0x0000000086200000, 0x0000000086300000|  0%| F|  |TAMS 0x0000000086200000, 0x0000000086200000| Untracked 
|  87|0x0000000086300000, 0x0000000086300000, 0x0000000086400000|  0%| F|  |TAMS 0x0000000086300000, 0x0000000086300000| Untracked 
|  88|0x0000000086400000, 0x0000000086400000, 0x0000000086500000|  0%| F|  |TAMS 0x0000000086400000, 0x0000000086400000| Untracked 
|  89|0x0000000086500000, 0x0000000086500000, 0x0000000086600000|  0%| F|  |TAMS 0x0000000086500000, 0x0000000086500000| Untracked 
|  90|0x0000000086600000, 0x0000000086600000, 0x0000000086700000|  0%| F|  |TAMS 0x0000000086600000, 0x0000000086600000| Untracked 
|  91|0x0000000086700000, 0x0000000086700000, 0x0000000086800000|  0%| F|  |TAMS 0x0000000086700000, 0x0000000086700000| Untracked 
|  92|0x0000000086800000, 0x0000000086800000, 0x0000000086900000|  0%| F|  |TAMS 0x0000000086800000, 0x0000000086800000| Untracked 
|  93|0x0000000086900000, 0x0000000086900000, 0x0000000086a00000|  0%| F|  |TAMS 0x0000000086900000, 0x0000000086900000| Untracked 
|  94|0x0000000086a00000, 0x0000000086a00000, 0x0000000086b00000|  0%| F|  |TAMS 0x0000000086a00000, 0x0000000086a00000| Untracked 
|  95|0x0000000086b00000, 0x0000000086b00000, 0x0000000086c00000|  0%| F|  |TAMS 0x0000000086b00000, 0x0000000086b00000| Untracked 
|  96|0x0000000086c00000, 0x0000000086c00000, 0x0000000086d00000|  0%| F|  |TAMS 0x0000000086c00000, 0x0000000086c00000| Untracked 
|  97|0x0000000086d00000, 0x0000000086d00000, 0x0000000086e00000|  0%| F|  |TAMS 0x0000000086d00000, 0x0000000086d00000| Untracked 
|  98|0x0000000086e00000, 0x0000000086e00000, 0x0000000086f00000|  0%| F|  |TAMS 0x0000000086e00000, 0x0000000086e00000| Untracked 
|  99|0x0000000086f00000, 0x0000000086f00000, 0x0000000087000000|  0%| F|  |TAMS 0x0000000086f00000, 0x0000000086f00000| Untracked 
| 100|0x0000000087000000, 0x0000000087000000, 0x0000000087100000|  0%| F|  |TAMS 0x0000000087000000, 0x0000000087000000| Untracked 
| 101|0x0000000087100000, 0x0000000087100000, 0x0000000087200000|  0%| F|  |TAMS 0x0000000087100000, 0x0000000087100000| Untracked 
| 102|0x0000000087200000, 0x0000000087200000, 0x0000000087300000|  0%| F|  |TAMS 0x0000000087200000, 0x0000000087200000| Untracked 
| 103|0x0000000087300000, 0x0000000087300000, 0x0000000087400000|  0%| F|  |TAMS 0x0000000087300000, 0x0000000087300000| Untracked 
| 104|0x0000000087400000, 0x0000000087400000, 0x0000000087500000|  0%| F|  |TAMS 0x0000000087400000, 0x0000000087400000| Untracked 
| 105|0x0000000087500000, 0x0000000087500000, 0x0000000087600000|  0%| F|  |TAMS 0x0000000087500000, 0x0000000087500000| Untracked 
| 106|0x0000000087600000, 0x0000000087600000, 0x0000000087700000|  0%| F|  |TAMS 0x0000000087600000, 0x0000000087600000| Untracked 
| 107|0x0000000087700000, 0x0000000087700000, 0x0000000087800000|  0%| F|  |TAMS 0x0000000087700000, 0x0000000087700000| Untracked 
| 108|0x0000000087800000, 0x0000000087800000, 0x0000000087900000|  0%| F|  |TAMS 0x0000000087800000, 0x0000000087800000| Untracked 
| 109|0x0000000087900000, 0x0000000087900000, 0x0000000087a00000|  0%| F|  |TAMS 0x0000000087900000, 0x0000000087900000| Untracked 
| 110|0x0000000087a00000, 0x0000000087a00000, 0x0000000087b00000|  0%| F|  |TAMS 0x0000000087a00000, 0x0000000087a00000| Untracked 
| 111|0x0000000087b00000, 0x0000000087b00000, 0x0000000087c00000|  0%| F|  |TAMS 0x0000000087b00000, 0x0000000087b00000| Untracked 
| 112|0x0000000087c00000, 0x0000000087d00000, 0x0000000087d00000|100%| S|CS|TAMS 0x0000000087c00000, 0x0000000087c00000| Complete 
| 113|0x0000000087d00000, 0x0000000087e00000, 0x0000000087e00000|100%| S|CS|TAMS 0x0000000087d00000, 0x0000000087d00000| Complete 
| 114|0x0000000087e00000, 0x0000000087e00000, 0x0000000087f00000|  0%| F|  |TAMS 0x0000000087e00000, 0x0000000087e00000| Untracked 
| 115|0x0000000087f00000, 0x0000000087f00000, 0x0000000088000000|  0%| F|  |TAMS 0x0000000087f00000, 0x0000000087f00000| Untracked 
| 116|0x0000000088000000, 0x0000000088000000, 0x0000000088100000|  0%| F|  |TAMS 0x0000000088000000, 0x0000000088000000| Untracked 
| 117|0x0000000088100000, 0x0000000088100000, 0x0000000088200000|  0%| F|  |TAMS 0x0000000088100000, 0x0000000088100000| Untracked 
| 118|0x0000000088200000, 0x0000000088200000, 0x0000000088300000|  0%| F|  |TAMS 0x0000000088200000, 0x0000000088200000| Untracked 
| 119|0x0000000088300000, 0x0000000088300000, 0x0000000088400000|  0%| F|  |TAMS 0x0000000088300000, 0x0000000088300000| Untracked 
| 120|0x0000000088400000, 0x0000000088400000, 0x0000000088500000|  0%| F|  |TAMS 0x0000000088400000, 0x0000000088400000| Untracked 
| 121|0x0000000088500000, 0x0000000088500000, 0x0000000088600000|  0%| F|  |TAMS 0x0000000088500000, 0x0000000088500000| Untracked 
| 122|0x0000000088600000, 0x0000000088600000, 0x0000000088700000|  0%| F|  |TAMS 0x0000000088600000, 0x0000000088600000| Untracked 
| 123|0x0000000088700000, 0x0000000088700000, 0x0000000088800000|  0%| F|  |TAMS 0x0000000088700000, 0x0000000088700000| Untracked 
| 124|0x0000000088800000, 0x0000000088900000, 0x0000000088900000|100%| E|  |TAMS 0x0000000088800000, 0x0000000088800000| Complete 
| 125|0x0000000088900000, 0x0000000088a00000, 0x0000000088a00000|100%| E|CS|TAMS 0x0000000088900000, 0x0000000088900000| Complete 
| 126|0x0000000088a00000, 0x0000000088b00000, 0x0000000088b00000|100%| E|CS|TAMS 0x0000000088a00000, 0x0000000088a00000| Complete 
| 127|0x0000000088b00000, 0x0000000088c00000, 0x0000000088c00000|100%| E|CS|TAMS 0x0000000088b00000, 0x0000000088b00000| Complete 

Card table byte_map: [0x0000019a76710000,0x0000019a76b10000] _byte_map_base: 0x0000019a7630a000

Marking Bits (Prev, Next): (CMBitMap*) 0x0000019a6c246c48, (CMBitMap*) 0x0000019a6c246c80
 Prev Bits: [0x0000019a76f10000, 0x0000019a78ee0000)
 Next Bits: [0x0000019a78ee0000, 0x0000019a7aeb0000)

Polling page: 0x0000019a6c280000

Metaspace:

Usage:
  Non-class:     10.76 MB capacity,    10.61 MB ( 99%) used,   126.53 KB (  1%) free+waste,    29.44 KB ( <1%) overhead. 
      Class:      1.37 MB capacity,     1.25 MB ( 91%) used,   111.91 KB (  8%) free+waste,    14.88 KB (  1%) overhead. 
       Both:     12.13 MB capacity,    11.86 MB ( 98%) used,   238.44 KB (  2%) free+waste,    44.31 KB ( <1%) overhead. 

Virtual space:
  Non-class space:       12.00 MB reserved,      11.00 MB ( 92%) committed 
      Class space:        1.00 GB reserved,       1.38 MB ( <1%) committed 
             Both:        1.01 GB reserved,      12.38 MB (  1%) committed 

Chunk freelists:
   Non-Class:  6.63 KB
       Class:  256 bytes
        Both:  6.88 KB

CodeHeap 'non-profiled nmethods': size=238912Kb used=1464Kb max_used=1464Kb free=237447Kb
 bounds [0x0000019a006b0000, 0x0000019a00920000, 0x0000019a0f000000]
CodeHeap 'non-nmethods': size=6848Kb used=1659Kb max_used=1659Kb free=5188Kb
 bounds [0x0000019a00000000, 0x0000019a00270000, 0x0000019a006b0000]
 total_blobs=1479 nmethods=1064 adapters=325
 compilation: enabled
              stopped_count=0, restarted_count=0
 full_count=0

Compilation events (10 events):
Event: 10.021 Thread 0x0000019a7dde2800 nmethod 1059 0x0000019a0081a590 code [0x0000019a0081a740, 0x0000019a0081a9f0]
Event: 10.023 Thread 0x0000019a7e8ae800 nmethod 1060 0x0000019a0081ab10 code [0x0000019a0081ae40, 0x0000019a0081c410]
Event: 10.032 Thread 0x0000019a7dde2800 1061       1       java.nio.charset.Charset::lookup (44 bytes)
Event: 10.032 Thread 0x0000019a7e8ae800 1062       1       java.util.jar.Attributes$Name::hashCode (5 bytes)
Event: 10.032 Thread 0x0000019a7e8ae800 nmethod 1062 0x0000019a0081d090 code [0x0000019a0081d240, 0x0000019a0081d358]
Event: 10.033 Thread 0x0000019a7dde2800 nmethod 1061 0x0000019a0081d410 code [0x0000019a0081d600, 0x0000019a0081d8d0]
Event: 10.035 Thread 0x0000019a7e8ae800 1063       1       java.util.jar.Manifest$FastInputStream::readLine (9 bytes)
Event: 10.035 Thread 0x0000019a7e8ae800 nmethod 1063 0x0000019a0081da90 code [0x0000019a0081dc40, 0x0000019a0081dd90]
Event: 10.036 Thread 0x0000019a7dde2800 1064       1       java.util.jar.Manifest$FastInputStream::peek (38 bytes)
Event: 10.036 Thread 0x0000019a7dde2800 nmethod 1064 0x0000019a0081de90 code [0x0000019a0081e040, 0x0000019a0081e1f0]

GC Heap History (2 events):
Event: 9.665 GC heap before
{Heap before GC invocations=0 (full 0):
 garbage-first heap   total 131072K, used 14336K [0x0000000080c00000, 0x0000000100000000)
  region size 1024K, 14 young (14336K), 0 survivors (0K)
 Metaspace       used 8955K, capacity 9152K, committed 9216K, reserved 1056768K
  class space    used 911K, capacity 995K, committed 1024K, reserved 1048576K
}
Event: 9.671 GC heap after
{Heap after GC invocations=1 (full 0):
 garbage-first heap   total 131072K, used 8130K [0x0000000080c00000, 0x0000000100000000)
  region size 1024K, 2 young (2048K), 2 survivors (2048K)
 Metaspace       used 8955K, capacity 9152K, committed 9216K, reserved 1056768K
  class space    used 911K, capacity 995K, committed 1024K, reserved 1048576K
}

Deoptimization events (0 events):
No events

Classes redefined (0 events):
No events

Internal exceptions (10 events):
Event: 9.713 Thread 0x0000019a6c207800 Exception <a 'java/lang/NoSuchMethodError'{0x0000000088bafef8}: java.lang.invoke.DirectMethodHandle$Holder.invokeSpecialIFC(Ljava/lang/Object;Ljava/lang/Object;Ljava/lang/Object;)I> (0x0000000088bafef8) thrown at [t:/workspace/open/src/hotspot/share/inter
Event: 9.734 Thread 0x0000019a6c207800 Exception <a 'java/lang/NoSuchMethodError'{0x0000000088a143e0}: java.lang.invoke.DirectMethodHandle$Holder.invokeStatic(Ljava/lang/Object;IIII)Ljava/lang/Object;> (0x0000000088a143e0) thrown at [t:/workspace/open/src/hotspot/share/interpreter/linkResolver
Event: 9.735 Thread 0x0000019a6c207800 Exception <a 'java/lang/NoSuchMethodError'{0x0000000088a174f8}: java.lang.invoke.DirectMethodHandle$Holder.invokeStaticInit(Ljava/lang/Object;IIII)Ljava/lang/Object;> (0x0000000088a174f8) thrown at [t:/workspace/open/src/hotspot/share/interpreter/linkReso
Event: 9.954 Thread 0x0000019a6c207800 Exception <a 'java/lang/NoSuchMethodError'{0x0000000088af3ce0}: java.lang.invoke.DirectMethodHandle$Holder.invokeStatic(Ljava/lang/Object;Ljava/lang/Object;IIII)Ljava/lang/Object;> (0x0000000088af3ce0) thrown at [t:/workspace/open/src/hotspot/share/interp
Event: 9.954 Thread 0x0000019a6c207800 Exception <a 'java/lang/NoSuchMethodError'{0x0000000088af7028}: java.lang.invoke.DirectMethodHandle$Holder.invokeStaticInit(Ljava/lang/Object;Ljava/lang/Object;IIII)Ljava/lang/Object;> (0x0000000088af7028) thrown at [t:/workspace/open/src/hotspot/share/in
Event: 9.968 Thread 0x0000019a6c207800 Exception <a 'java/lang/ClassNotFoundException'{0x0000000088914f28}: javax/management/remote/rmi/RMIServerImpl_Skel> (0x0000000088914f28) thrown at [t:/workspace/open/src/hotspot/share/classfile/systemDictionary.cpp, line 231]
Event: 10.009 Thread 0x0000019a6c207800 Exception <a 'java/lang/ClassNotFoundException'{0x00000000889b0570}: jdk/internal/agent/resources/spi/agentProvider> (0x00000000889b0570) thrown at [t:/workspace/open/src/hotspot/share/classfile/systemDictionary.cpp, line 231]
Event: 10.017 Thread 0x0000019a6c207800 Exception <a 'java/lang/NoSuchMethodError'{0x0000000088806b48}: java.lang.invoke.DirectMethodHandle$Holder.invokeStatic(Ljava/lang/Object;Ljava/lang/Object;Ljava/lang/Object;Ljava/lang/Object;Ljava/lang/Object;Ljava/lang/Object;Ljava/lang/Object;Ljava/lan
Event: 10.018 Thread 0x0000019a6c207800 Exception <a 'java/lang/NoSuchMethodError'{0x0000000088813508}: java.lang.invoke.DirectMethodHandle$Holder.invokeStatic(Ljava/lang/Object;Ljava/lang/Object;Ljava/lang/Object;Ljava/lang/Object;Ljava/lang/Object;Ljava/lang/Object;Ljava/lang/Object;Ljava/lan
Event: 10.020 Thread 0x0000019a6c207800 Exception <a 'java/lang/NoSuchMethodError'{0x000000008882d190}: java.lang.invoke.DelegatingMethodHandle$Holder.reinvoke_L(Ljava/lang/Object;ILjava/lang/Object;)Ljava/lang/Object;> (0x000000008882d190) thrown at [t:/workspace/open/src/hotspot/share/interpr

Events (10 events):
Event: 10.034 loading class org/apache/logging/slf4j/SLF4JProvider
Event: 10.034 loading class org/apache/logging/slf4j/SLF4JProvider done
Event: 10.035 loading class org/apache/logging/log4j/spi/Provider
Event: 10.035 loading class org/apache/logging/log4j/spi/Provider done
Event: 10.035 loading class org/slf4j/spi/LocationAwareLogger
Event: 10.035 loading class org/slf4j/spi/LocationAwareLogger done
Event: 10.036 loading class org/slf4j/Logger
Event: 10.036 loading class org/slf4j/Logger done
Event: 10.036 loading class org/apache/commons/logging/LogAdapter$LogApi
Event: 10.036 loading class org/apache/commons/logging/LogAdapter$LogApi done


Dynamic libraries:
0x00007ff6c3920000 - 0x00007ff6c3967000 	C:\Program Files\Java\jdk-11.0.4\bin\javaw.exe
0x00007ffbba1e0000 - 0x00007ffbba3d0000 	C:\WINDOWS\SYSTEM32\ntdll.dll
0x00007ffbb8310000 - 0x00007ffbb83c2000 	C:\WINDOWS\System32\KERNEL32.DLL
0x00007ffbb7100000 - 0x00007ffbb73a3000 	C:\WINDOWS\System32\KERNELBASE.dll
0x00007ffbb49a0000 - 0x00007ffbb4a2f000 	C:\WINDOWS\SYSTEM32\apphelp.dll
0x00007ffb718f0000 - 0x00007ffb71d82000 	C:\WINDOWS\SYSTEM32\AcLayers.DLL
0x00007ffbb9ea0000 - 0x00007ffbb9f3e000 	C:\WINDOWS\System32\msvcrt.dll
0x00007ffbb7900000 - 0x00007ffbb7a94000 	C:\WINDOWS\System32\USER32.dll
0x00007ffbb73e0000 - 0x00007ffbb7401000 	C:\WINDOWS\System32\win32u.dll
0x00007ffbb9040000 - 0x00007ffbb9066000 	C:\WINDOWS\System32\GDI32.dll
0x00007ffbb7520000 - 0x00007ffbb76b4000 	C:\WINDOWS\System32\gdi32full.dll
0x00007ffbb67e0000 - 0x00007ffbb687e000 	C:\WINDOWS\System32\msvcp_win.dll
0x00007ffbb6880000 - 0x00007ffbb697a000 	C:\WINDOWS\System32\ucrtbase.dll
0x00007ffbb8250000 - 0x00007ffbb82a2000 	C:\WINDOWS\System32\SHLWAPI.dll
0x00007ffbb7f10000 - 0x00007ffbb8246000 	C:\WINDOWS\System32\combase.dll
0x00007ffbb9310000 - 0x00007ffbb9430000 	C:\WINDOWS\System32\RPCRT4.dll
0x00007ffbb7810000 - 0x00007ffbb7890000 	C:\WINDOWS\System32\bcryptPrimitives.dll
0x00007ffbb9070000 - 0x00007ffbb9113000 	C:\WINDOWS\System32\ADVAPI32.dll
0x00007ffbb9d50000 - 0x00007ffbb9de7000 	C:\WINDOWS\System32\sechost.dll
0x0000019a6bee0000 - 0x0000019a6bee3000 	C:\WINDOWS\SYSTEM32\sfc.dll
0x00007ffbaba50000 - 0x00007ffbabad9000 	C:\WINDOWS\SYSTEM32\WINSPOOL.DRV
0x00007ffbb6730000 - 0x00007ffbb6741000 	C:\WINDOWS\System32\kernel.appcore.dll
0x00007ffbb73b0000 - 0x00007ffbb73d6000 	C:\WINDOWS\System32\bcrypt.dll
0x00007ffbb31a0000 - 0x00007ffbb328f000 	C:\WINDOWS\SYSTEM32\PROPSYS.dll
0x00007ffbb9c80000 - 0x00007ffbb9d44000 	C:\WINDOWS\System32\OLEAUT32.dll
0x00007ffbb8920000 - 0x00007ffbb89c9000 	C:\WINDOWS\System32\shcore.dll
0x00007ffbb5ca0000 - 0x00007ffbb5cda000 	C:\WINDOWS\SYSTEM32\IPHLPAPI.DLL
0x00007ffb9c490000 - 0x00007ffb9c4a1000 	C:\WINDOWS\SYSTEM32\sfc_os.DLL
0x00007ffbb8c80000 - 0x00007ffbb8cae000 	C:\WINDOWS\System32\IMM32.DLL
0x00007ffba8b10000 - 0x00007ffba8d95000 	C:\WINDOWS\WinSxS\amd64_microsoft.windows.common-controls_6595b64144ccf1df_6.0.18362.592_none_e6c0b1911312be02\COMCTL32.dll
0x00007ffbb0080000 - 0x00007ffbb008a000 	C:\WINDOWS\SYSTEM32\VERSION.dll
0x00007ffbb2fe0000 - 0x00007ffbb2ff6000 	C:\Program Files\Java\jdk-11.0.4\bin\vcruntime140.dll
0x00007ffbb1740000 - 0x00007ffbb17ea000 	C:\Program Files\Java\jdk-11.0.4\bin\msvcp140.dll
0x00007ffb7d3e0000 - 0x00007ffb7df07000 	C:\Program Files\Java\jdk-11.0.4\bin\server\jvm.dll
0x00007ffbb9580000 - 0x00007ffbb9588000 	C:\WINDOWS\System32\PSAPI.DLL
0x00007ffbb34c0000 - 0x00007ffbb34e4000 	C:\WINDOWS\SYSTEM32\WINMM.dll
0x00007ffbb3490000 - 0x00007ffbb34bd000 	C:\WINDOWS\SYSTEM32\WINMMBASE.dll
0x00007ffbb78b0000 - 0x00007ffbb78fa000 	C:\WINDOWS\System32\cfgmgr32.dll
0x00007ffbb2e30000 - 0x00007ffbb2e39000 	C:\WINDOWS\SYSTEM32\WSOCK32.dll
0x00007ffbb8cb0000 - 0x00007ffbb8d1f000 	C:\WINDOWS\System32\WS2_32.dll
0x00007ffbb1500000 - 0x00007ffbb1511000 	C:\Program Files\Java\jdk-11.0.4\bin\verify.dll
0x00007ffba7390000 - 0x00007ffba7584000 	C:\WINDOWS\SYSTEM32\DBGHELP.DLL
0x00007ffba7360000 - 0x00007ffba738a000 	C:\WINDOWS\SYSTEM32\dbgcore.DLL
0x00007ffbb14d0000 - 0x00007ffbb14f9000 	C:\Program Files\Java\jdk-11.0.4\bin\java.dll
0x00007ffbb14b0000 - 0x00007ffbb14c6000 	C:\Program Files\Java\jdk-11.0.4\bin\zip.dll
0x00007ffbb2400000 - 0x00007ffbb240a000 	C:\Program Files\Java\jdk-11.0.4\bin\jimage.dll
0x00007ffbb9590000 - 0x00007ffbb9c75000 	C:\WINDOWS\System32\SHELL32.dll
0x00007ffbb6980000 - 0x00007ffbb70ff000 	C:\WINDOWS\System32\windows.storage.dll
0x00007ffbb6750000 - 0x00007ffbb676f000 	C:\WINDOWS\System32\profapi.dll
0x00007ffbb6770000 - 0x00007ffbb67ba000 	C:\WINDOWS\System32\powrprof.dll
0x00007ffbb6720000 - 0x00007ffbb6730000 	C:\WINDOWS\System32\UMPDC.dll
0x00007ffbb7890000 - 0x00007ffbb78a7000 	C:\WINDOWS\System32\cryptsp.dll
0x00007ffbb1490000 - 0x00007ffbb14a9000 	C:\Program Files\Java\jdk-11.0.4\bin\net.dll
0x00007ffbb9fc0000 - 0x00007ffbba196000 	C:\WINDOWS\System32\urlmon.dll
0x00007ffbb89d0000 - 0x00007ffbb8c76000 	C:\WINDOWS\System32\iertutil.dll
0x00007ffbaac00000 - 0x00007ffbaacf0000 	C:\WINDOWS\SYSTEM32\WINHTTP.dll
0x00007ffbb6160000 - 0x00007ffbb616c000 	C:\WINDOWS\SYSTEM32\CRYPTBASE.DLL
0x00007ffbb5f90000 - 0x00007ffbb5ff7000 	C:\WINDOWS\system32\mswsock.dll
0x00007ffbb1470000 - 0x00007ffbb1483000 	C:\Program Files\Java\jdk-11.0.4\bin\nio.dll
0x00007ffbb3580000 - 0x00007ffbb3589000 	C:\Program Files\Java\jdk-11.0.4\bin\management.dll
0x00007ffbb3050000 - 0x00007ffbb305c000 	C:\Program Files\Java\jdk-11.0.4\bin\management_ext.dll
0x00007ffba5500000 - 0x00007ffba5516000 	C:\WINDOWS\system32\napinsp.dll
0x00007ffba1ae0000 - 0x00007ffba1afa000 	C:\WINDOWS\system32\pnrpnsp.dll
0x00007ffbb5ce0000 - 0x00007ffbb5daa000 	C:\WINDOWS\SYSTEM32\DNSAPI.dll
0x00007ffbb9130000 - 0x00007ffbb9138000 	C:\WINDOWS\System32\NSI.dll
0x00007ffba54f0000 - 0x00007ffba54fe000 	C:\WINDOWS\System32\winrnr.dll
0x00007ffbb0f70000 - 0x00007ffbb0f8c000 	C:\WINDOWS\system32\NLAapi.dll
0x00007ffbac410000 - 0x00007ffbac425000 	C:\WINDOWS\system32\wshbth.dll
0x00007ffbaa120000 - 0x00007ffbaa12a000 	C:\Windows\System32\rasadhlp.dll
0x00007ffbab380000 - 0x00007ffbab3f7000 	C:\WINDOWS\System32\fwpuclnt.dll
0x00007ffbb5b00000 - 0x00007ffbb5b33000 	C:\WINDOWS\system32\rsaenh.dll
0x00007ffbb6610000 - 0x00007ffbb6635000 	C:\WINDOWS\SYSTEM32\USERENV.dll
0x00007ffbab460000 - 0x00007ffbab476000 	C:\WINDOWS\SYSTEM32\dhcpcsvc6.DLL
0x00007ffbab480000 - 0x00007ffbab49c000 	C:\WINDOWS\SYSTEM32\dhcpcsvc.DLL

dbghelp: loaded successfully - version: 4.0.5 - missing functions: none
symbol engine: initialized successfully - sym options: 0x614 - pdb path: .;C:\Program Files\Java\jdk-11.0.4\bin;C:\WINDOWS\SYSTEM32;C:\WINDOWS\WinSxS\amd64_microsoft.windows.common-controls_6595b64144ccf1df_6.0.18362.592_none_e6c0b1911312be02;C:\Program Files\Java\jdk-11.0.4\bin\server

VM Arguments:
jvm_args: -Dcom.sun.management.jmxremote -Dcom.sun.management.jmxremote.port=53705 -Dcom.sun.management.jmxremote.authenticate=false -Dcom.sun.management.jmxremote.ssl=false -Djava.rmi.server.hostname=localhost -Dspring.jmx.enabled=true -Dspring.liveBeansView.mbeanDomain -Dspring.application.admin.enabled=true -Xverify:none -XX:TieredStopAtLevel=1 -Dspring.boot.project.name=newproject -Dfile.encoding=Cp1252 
java_command: com.example.demo.NewprojectApplication --spring.output.ansi.enabled=always
java_class_path (initial): C:\Users\ASHISH\Desktop\sts\newproject\bin\main;C:\Users\ASHISH\.gradle\caches\modules-2\files-2.1\org.springframework.boot\spring-boot-starter-data-jpa\2.2.4.RELEASE\374fc811a6e64632593cae83fe6786b1b93b574\spring-boot-starter-data-jpa-2.2.4.RELEASE.jar;C:\Users\ASHISH\.gradle\caches\modules-2\files-2.1\org.springframework.boot\spring-boot-starter-security\2.2.4.RELEASE\6ae84ac22148368eca716c64424e2f5d9db7a156\spring-boot-starter-security-2.2.4.RELEASE.jar;C:\Users\ASHISH\.gradle\caches\modules-2\files-2.1\org.springframework.boot\spring-boot-starter-thymeleaf\2.2.4.RELEASE\168d71302f3227702e8a2d74841136c6e0814d81\spring-boot-starter-thymeleaf-2.2.4.RELEASE.jar;C:\Users\ASHISH\.gradle\caches\modules-2\files-2.1\org.springframework.boot\spring-boot-starter-web-services\2.2.4.RELEASE\3c19d62e7891bb70d99d1366fddc31a5b09cf0a7\spring-boot-starter-web-services-2.2.4.RELEASE.jar;C:\Users\ASHISH\.gradle\caches\modules-2\files-2.1\com.vaadin\vaadin-spring-boot-starter\14.1.16\a5db68224e202cac2f1f2e0356f3ba4203dc93cf\vaadin-spring-boot-starter-14.1.16.jar;C:\Users\ASHISH\.gradle\caches\modules-2\files-2.1\org.springframework.boot\spring-boot-starter-web\2.2.4.RELEASE\ec75d01d212b5229c16d872fb127744c0ed46ed8\spring-boot-starter-web-2.2.4.RELEASE.jar;C:\Users\ASHISH\.gradle\caches\modules-2\files-2.1\org.springframework.boot\spring-boot-starter-webflux\2.2.4.RELEASE\e26ab42e62ac9a398941dda033b0ea17edce2643\spring-boot-starter-webflux-2.2.4.RELEASE.jar;C:\Users\ASHISH\.gradle\caches\modules-2\files-2.1\org.springframework.boot\spring-boot-starter-aop\2.2.4.RELEASE\26fe8208e070eb17e48e101f812c4519103165a\spring-boot-starter-aop-2.2.4.RELEASE.jar;C:\Users\ASHISH\.gradle\caches\modules-2\files-2.1\org.springframework.boot\spring-boot-starter-jdbc\2.2.4.RELEASE\2391d4f6f338b1eee003f0aadfcd4124cd3ed191\spring-boot-starter-jdbc-2.2.4.RELEASE.jar;C:\Users\ASHISH\.gradle\caches\modules-2\files-2.1\com.sun.xml.messaging.saaj\saaj-impl\1.5.1\e76b10e4f99630d0e5
Launcher Type: SUN_STANDARD

[Global flags]
     bool BytecodeVerificationLocal                = false                                     {product} {command line}
     bool BytecodeVerificationRemote               = false                                     {product} {command line}
     intx CICompilerCount                          = 3                                         {product} {ergonomic}
     uint ConcGCThreads                            = 1                                         {product} {ergonomic}
     uint G1ConcRefinementThreads                  = 4                                         {product} {ergonomic}
   size_t G1HeapRegionSize                         = 1048576                                   {product} {ergonomic}
    uintx GCDrainStackTargetSize                   = 64                                        {product} {ergonomic}
   size_t InitialHeapSize                          = 134217728                                 {product} {ergonomic}
     bool ManagementServer                         = true                                      {product} {command line}
   size_t MarkStackSize                            = 4194304                                   {product} {ergonomic}
   size_t MaxHeapSize                              = 2134900736                                {product} {ergonomic}
   size_t MaxNewSize                               = 1280311296                                {product} {ergonomic}
   size_t MinHeapDeltaBytes                        = 1048576                                   {product} {ergonomic}
    uintx NonNMethodCodeHeapSize                   = 6973028                                {pd product} {ergonomic}
    uintx NonProfiledCodeHeapSize                  = 244685212                              {pd product} {ergonomic}
    uintx ProfiledCodeHeapSize                     = 0                                      {pd product} {ergonomic}
    uintx ReservedCodeCacheSize                    = 251658240                              {pd product} {ergonomic}
     bool SegmentedCodeCache                       = true                                      {product} {ergonomic}
     intx TieredStopAtLevel                        = 1                                         {product} {command line}
     bool UseCompressedClassPointers               = true                                 {lp64_product} {ergonomic}
     bool UseCompressedOops                        = true                                 {lp64_product} {ergonomic}
     bool UseG1GC                                  = true                                      {product} {ergonomic}
     bool UseLargePagesIndividualAllocation        = false                                  {pd product} {ergonomic}

Logging:
Log output configuration:
 #0: stdout all=warning uptime,level,tags
 #1: stderr all=off uptime,level,tags

Environment Variables:
PATH=C:/Program Files/Java/jdk-11.0.4/bin/server;C:/Program Files/Java/jdk-11.0.4/bin;C:\Program Files\Java\jdk-11.0.4\bin;C:\Program Files (x86)\Common Files\Microsoft Shared\Windows Live;C:\WINDOWS\system32;C:\WINDOWS;C:\WINDOWS\System32\Wbem;C:\WINDOWS\System32\WindowsPowerShell\v1.0\;C:\Program Files (x86)\Windows Live\Shared;C:\Program Files (x86)\ATI Technologies\ATI.ACE\Core-Static;C:\Program Files\Intel\WiFi\bin\;C:\Program Files\Common Files\Intel\WirelessCommon\;C:\WINDOWS\System32\OpenSSH\;C:\Program Files (x86)\AMD\ATI.ACE\Core-Static;C:\Program Files\nodejs\;C:\Program Files\Git\cmd;C:\Program Files\Java\jdk-11.0.4\bin;;C:\Users\ASHISH\Desktop\sts-bundle\sts-3.9.10.RELEASE;
USERNAME=ASHISH
OS=Windows_NT
PROCESSOR_IDENTIFIER=Intel64 Family 6 Model 42 Stepping 7, GenuineIntel



---------------  S Y S T E M  ---------------

OS: Windows 10 , 64 bit Build 18362 (10.0.18362.329)

CPU:total 4 (initial active 4) (2 cores per cpu, 2 threads per core) family 6 model 42 stepping 7, cmov, cx8, fxsr, mmx, sse, sse2, sse3, ssse3, sse4.1, sse4.2, popcnt, avx, aes, clmul, ht, tsc, tscinvbit

Memory: 4k page, system-wide physical 8139M (3746M free)
TotalPageFile size 16331M (AvailPageFile size 11140M)
current process WorkingSet (physical memory assigned to process): 69M, peak: 69M
current process commit charge ("private bytes"): 215M, peak: 215M

vm_info: Java HotSpot(TM) 64-Bit Server VM (11.0.4+10-LTS) for windows-amd64 JRE (11.0.4+10-LTS), built on Jul  4 2019 16:28:13 by "mach5one" with MS VC++ 15.5 (VS2017)

END.
