#
# A fatal error has been detected by the Java Runtime Environment:
#
#  EXCEPTION_ACCESS_VIOLATION (0xc0000005) at pc=0x00007ffb7a8ae48d, pid=12176, tid=10276
#
# JRE version: Java(TM) SE Runtime Environment (11.0.4+10) (build 11.0.4+10-LTS)
# Java VM: Java HotSpot(TM) 64-Bit Server VM (11.0.4+10-LTS, mixed mode, tiered, compressed oops, g1 gc, windows-amd64)
# Problematic frame:
# V  [jvm.dll+0x65e48d]
#
# No core dump will be written. Minidumps are not enabled by default on client versions of Windows
#
# If you would like to submit a bug report, please visit:
#   http://bugreport.java.com/bugreport/crash.jsp
#

---------------  S U M M A R Y ------------

Command Line: -Dcom.sun.management.jmxremote -Dcom.sun.management.jmxremote.port=63641 -Dcom.sun.management.jmxremote.authenticate=false -Dcom.sun.management.jmxremote.ssl=false -Djava.rmi.server.hostname=localhost -Dspring.jmx.enabled=true -Dspring.liveBeansView.mbeanDomain -Dspring.application.admin.enabled=true -Xverify:none -XX:TieredStopAtLevel=1 -Dspring.boot.project.name=newproject -Dfile.encoding=Cp1252 com.example.demo.NewprojectApplication --spring.output.ansi.enabled=always

Host: Intel(R) Core(TM) i5-2410M CPU @ 2.30GHz, 4 cores, 7G,  Windows 10 , 64 bit Build 18362 (10.0.18362.329)
Time: Mon Feb 10 22:35:01 2020 India Standard Time elapsed time: 56 seconds (0d 0h 0m 56s)

---------------  T H R E A D  ---------------

Current thread (0x0000024e51445000):  JavaThread "DestroyJavaVM" [_thread_in_vm, id=10276, stack(0x000000b4fdc00000,0x000000b4fdd00000)]

Stack: [0x000000b4fdc00000,0x000000b4fdd00000],  sp=0x000000b4fdcffae0,  free space=1022k
Native frames: (J=compiled Java code, j=interpreted, Vv=VM code, C=native code)
V  [jvm.dll+0x65e48d]
V  [jvm.dll+0x65ea3a]
V  [jvm.dll+0x373509]
V  [jvm.dll+0x733a23]
V  [jvm.dll+0x3d4b08]
C  [javaw.exe+0x367e]
C  [javaw.exe+0x17e2c]
C  [KERNEL32.DLL+0x17bd4]
C  [ntdll.dll+0x6ced1]


siginfo: EXCEPTION_ACCESS_VIOLATION (0xc0000005), reading address 0x0000000c00000013


Register to memory mapping:

RIP=0x00007ffb7a8ae48d jvm.dll
RAX=0x0000000000000001 is an unknown value
RBX=0x0000000c0000000b is an unknown value
RCX=0x0000024e2c770000 points into unknown readable memory: 00 00 00 00 00 00 00 00
RDX=0x0000024e2c770000 points into unknown readable memory: 00 00 00 00 00 00 00 00
RSP=0x000000b4fdcffae0 points into unknown readable memory: cd 00 00 00 00 00 00 00
RBP=0x0 is NULL
RSI=0x0000000000000001 is an unknown value
RDI=0x0000024e4df6df60 points into unknown readable memory: 0b 00 00 00 0c 00 00 00
R8 =0x0000024e513e1b50 points into unknown readable memory: e0 6b 6b 4d 4e 02 00 00
R9 =0x0000000000000001 is an unknown value
R10=0x0000024e2c870cc0 points into unknown readable memory: 05 00 a8 39 00 00 00 00
R11=0x000000b4fdcff9e0 points into unknown readable memory: 00 00 00 00 00 00 00 00
R12=0x0000024e2e90afe8 points into unknown readable memory: c8 76 43 81 00 00 00 00
R13=0x0000024e2c791b40 points into unknown readable memory: 63 6f 6d 2e 65 78 61 6d
R14=0x0000024e2e90afd8 points into unknown readable memory: f8 7a 43 81 00 00 00 00
R15=0x0000024e2e90afd0 points into unknown readable memory: f8 7a 43 81 00 00 00 00


Registers:
RAX=0x0000000000000001, RBX=0x0000000c0000000b, RCX=0x0000024e2c770000, RDX=0x0000024e2c770000
RSP=0x000000b4fdcffae0, RBP=0x0000000000000000, RSI=0x0000000000000001, RDI=0x0000024e4df6df60
R8 =0x0000024e513e1b50, R9 =0x0000000000000001, R10=0x0000024e2c870cc0, R11=0x000000b4fdcff9e0
R12=0x0000024e2e90afe8, R13=0x0000024e2c791b40, R14=0x0000024e2e90afd8, R15=0x0000024e2e90afd0
RIP=0x00007ffb7a8ae48d, EFLAGS=0x0000000000010202

Top of Stack: (sp=0x000000b4fdcffae0)
0x000000b4fdcffae0:   00000000000000cd 00007ffb00000000
0x000000b4fdcffaf0:   0000024e00000000 0000000000000000
0x000000b4fdcffb00:   0000024e51445000 00007ffb7a8aea3a
0x000000b4fdcffb10:   0000024e2e904850 000000b4fdcffcc8
0x000000b4fdcffb20:   0000000000000001 0000024e51445000
0x000000b4fdcffb30:   0000024e541d2370 00007ffb7a5c3509
0x000000b4fdcffb40:   0000000000000000 000000b4fdcffcc8
0x000000b4fdcffb50:   0000000000000000 0000024e00000010
0x000000b4fdcffb60:   0000024e51445000 00007ffb7a983a23
0x000000b4fdcffb70:   0000024e2e904850 0000024e2e904340
0x000000b4fdcffb80:   0000000000000001 000000b4fdcffcc8
0x000000b4fdcffb90:   0000024e51445000 0000024e2e90afd8
0x000000b4fdcffba0:   000000000000000e 0000000000000000
0x000000b4fdcffbb0:   0000024e53296400 0000024e2e9071f0
0x000000b4fdcffbc0:   0000024e51445000 0000024e53296400
0x000000b4fdcffbd0:   0000024e2e9071f0 0000024e2e907200 

Instructions: (pc=0x00007ffb7a8ae48d)
0x00007ffb7a8ae46d:   8b ce e8 ac b8 a5 ff 48 8b 3d d5 ef 40 00 48 8b
0x00007ffb7a8ae47d:   74 24 40 48 85 ff 74 39 48 8b 1f 48 85 db 74 29
0x00007ffb7a8ae48d:   48 83 7b 08 01 75 1a 48 8b 53 18 89 2b 48 85 d2
0x00007ffb7a8ae49d:   74 0f 39 6b 04 48 8b cb e8 e6 36 c9 ff 48 89 6b 


Stack slot to memory mapping:
stack at sp + 0 slots: 0x00000000000000cd is an unknown value
stack at sp + 1 slots: 0x00007ffb00000000 is an unknown value
stack at sp + 2 slots: 0x0000024e00000000 is an unknown value
stack at sp + 3 slots: 0x0 is NULL
stack at sp + 4 slots: 0x0000024e51445000 points into unknown readable memory: 98 7d b2 7a fb 7f 00 00
stack at sp + 5 slots: 0x00007ffb7a8aea3a jvm.dll
stack at sp + 6 slots: 0x0000024e2e904850 points into unknown readable memory: 00 00 00 00 00 00 00 00
stack at sp + 7 slots: 0x000000b4fdcffcc8 points into unknown readable memory: 00 00 00 00 00 00 00 00


---------------  P R O C E S S  ---------------

Threads class SMR info:
_java_thread_list=0x0000024e541d2370, length=16, elements={
0x0000024e4d4ea000, 0x0000024e4d4f4000, 0x0000024e4d504000, 0x0000024e4d506000,
0x0000024e4d56c000, 0x0000024e4d6f5000, 0x0000024e4d788800, 0x0000024e4e096800,
0x0000024e4e0a4000, 0x0000024e4e106800, 0x0000024e53d48000, 0x0000024e5143c800,
0x0000024e53d49000, 0x0000024e53d47800, 0x0000024e5181c000, 0x0000024e5181e800
}

Java Threads: ( => current thread )
  0x0000024e4d4ea000 JavaThread "Reference Handler" daemon [_thread_blocked, id=12668, stack(0x000000b4fe400000,0x000000b4fe500000)]
  0x0000024e4d4f4000 JavaThread "Finalizer" daemon [_thread_blocked, id=11684, stack(0x000000b4fe500000,0x000000b4fe600000)]
  0x0000024e4d504000 JavaThread "Attach Listener" daemon [_thread_blocked, id=880, stack(0x000000b4fe700000,0x000000b4fe800000)]
  0x0000024e4d506000 JavaThread "C1 CompilerThread0" daemon [_thread_blocked, id=12996, stack(0x000000b4fe800000,0x000000b4fe900000)]
  0x0000024e4d56c000 JavaThread "Sweeper thread" daemon [_thread_blocked, id=5424, stack(0x000000b4fe900000,0x000000b4fea00000)]
  0x0000024e4d6f5000 JavaThread "Common-Cleaner" daemon [_thread_blocked, id=13032, stack(0x000000b4fea00000,0x000000b4feb00000)]
  0x0000024e4d788800 JavaThread "Service Thread" daemon [_thread_blocked, id=7176, stack(0x000000b4fec00000,0x000000b4fed00000)]
  0x0000024e4e096800 JavaThread "RMI TCP Accept-0" daemon [_thread_in_native, id=1044, stack(0x000000b4ff000000,0x000000b4ff100000)]
  0x0000024e4e0a4000 JavaThread "RMI TCP Accept-63641" daemon [_thread_in_native, id=10268, stack(0x000000b4ff100000,0x000000b4ff200000)]
  0x0000024e4e106800 JavaThread "RMI TCP Accept-0" daemon [_thread_in_native, id=10932, stack(0x000000b4ff200000,0x000000b4ff300000)]
  0x0000024e53d48000 JavaThread "mysql-cj-abandoned-connection-cleanup" daemon [_thread_blocked, id=1748, stack(0x000000b4ffd00000,0x000000b4ffe00000)]
  0x0000024e5143c800 JavaThread "Live Reload Server" daemon [_thread_in_native, id=11868, stack(0x000000b480300000,0x000000b480400000)]
  0x0000024e53d49000 JavaThread "RMI TCP Connection(1)-127.0.0.1" daemon [_thread_in_native, id=7728, stack(0x000000b480000000,0x000000b480100000)]
  0x0000024e53d47800 JavaThread "RMI TCP Connection(2)-127.0.0.1" daemon [_thread_in_native, id=2000, stack(0x000000b480100000,0x000000b480200000)]
  0x0000024e5181c000 JavaThread "RMI Scheduler(0)" daemon [_thread_blocked, id=12536, stack(0x000000b481400000,0x000000b481500000)]
  0x0000024e5181e800 JavaThread "JMX server connection timeout 55" daemon [_thread_blocked, id=6548, stack(0x000000b481500000,0x000000b481600000)]

Other Threads:
  0x0000024e2e91e800 GCTaskThread "GC Thread#0" [stack: 0x000000b4fde00000,0x000000b4fdf00000] [id=11008]
  0x0000024e4e05b000 GCTaskThread "GC Thread#1" [stack: 0x000000b4fed00000,0x000000b4fee00000] [id=11724]
  0x0000024e4e05b800 GCTaskThread "GC Thread#2" [stack: 0x000000b4fee00000,0x000000b4fef00000] [id=8708]
  0x0000024e4ee37000 GCTaskThread "GC Thread#3" [stack: 0x000000b4ff700000,0x000000b4ff800000] [id=13280]
  0x0000024e2e950000 ConcurrentGCThread "G1 Main Marker" [stack: 0x000000b4fdf00000,0x000000b4fe000000] [id=6360]
  0x0000024e2e952000 ConcurrentGCThread "G1 Conc#0" [stack: 0x000000b4fe000000,0x000000b4fe100000] [id=7052]
  0x0000024e2e97e800 ConcurrentGCThread "G1 Refine#0" [stack: 0x000000b4fe100000,0x000000b4fe200000] [id=9888]
  0x0000024e4d78f800 ConcurrentGCThread "G1 Refine#1" [stack: 0x000000b4fef00000,0x000000b4ff000000] [id=11804]
  0x0000024e4cb22800 ConcurrentGCThread "G1 Young RemSet Sampling" [stack: 0x000000b4fe200000,0x000000b4fe300000] [id=11976]

=>0x0000024e51445000 (exited) JavaThread "DestroyJavaVM" [_thread_in_vm, id=10276, stack(0x000000b4fdc00000,0x000000b4fdd00000)]

Threads with active compile tasks:

VM state:at safepoint (shutting down)

VM Mutex/Monitor currently owned by a thread:  ([mutex/lock_event])
[0x0000024e2e904340] Threads_lock - owner thread: 0x0000024e4d4c3800

Heap address: 0x0000000080c00000, size: 2036 MB, Compressed Oops mode: 32-bit
Narrow klass base: 0x0000000000000000, Narrow klass shift: 3
Compressed class space size: 1073741824 Address: 0x0000000100000000

Heap:
 garbage-first heap   total 227328K, used 151036K [0x0000000080c00000, 0x0000000100000000)
  region size 1024K, 103 young (105472K), 9 survivors (9216K)
 Metaspace       used 67644K, capacity 69696K, committed 70016K, reserved 1110016K
  class space    used 9052K, capacity 9896K, committed 9984K, reserved 1048576K
Heap Regions: E=young(eden), S=young(survivor), O=old, HS=humongous(starts), HC=humongous(continues), CS=collection set, F=free, A=archive, TAMS=top-at-mark-start (previous, next)
|   0|0x0000000080c00000, 0x0000000080d00000, 0x0000000080d00000|100%|HS|  |TAMS 0x0000000080d00000, 0x0000000080c00000| Complete 
|   1|0x0000000080d00000, 0x0000000080e00000, 0x0000000080e00000|100%| O|  |TAMS 0x0000000080e00000, 0x0000000080d00000| Untracked 
|   2|0x0000000080e00000, 0x0000000080f00000, 0x0000000080f00000|100%| O|  |TAMS 0x0000000080f00000, 0x0000000080e00000| Untracked 
|   3|0x0000000080f00000, 0x0000000081000000, 0x0000000081000000|100%| O|  |TAMS 0x0000000081000000, 0x0000000080f00000| Untracked 
|   4|0x0000000081000000, 0x0000000081100000, 0x0000000081100000|100%| O|  |TAMS 0x0000000081100000, 0x0000000081000000| Untracked 
|   5|0x0000000081100000, 0x0000000081200000, 0x0000000081200000|100%| O|  |TAMS 0x0000000081200000, 0x0000000081100000| Complete 
|   6|0x0000000081200000, 0x0000000081300000, 0x0000000081300000|100%| O|  |TAMS 0x0000000081300000, 0x0000000081200000| Untracked 
|   7|0x0000000081300000, 0x0000000081400000, 0x0000000081400000|100%| O|  |TAMS 0x0000000081400000, 0x0000000081300000| Untracked 
|   8|0x0000000081400000, 0x0000000081500000, 0x0000000081500000|100%| O|  |TAMS 0x0000000081500000, 0x0000000081400000| Complete 
|   9|0x0000000081500000, 0x0000000081600000, 0x0000000081600000|100%| O|  |TAMS 0x0000000081600000, 0x0000000081500000| Untracked 
|  10|0x0000000081600000, 0x0000000081700000, 0x0000000081700000|100%| O|  |TAMS 0x0000000081700000, 0x0000000081600000| Untracked 
|  11|0x0000000081700000, 0x0000000081800000, 0x0000000081800000|100%| O|  |TAMS 0x0000000081800000, 0x0000000081700000| Untracked 
|  12|0x0000000081800000, 0x0000000081900000, 0x0000000081900000|100%| O|  |TAMS 0x0000000081900000, 0x0000000081800000| Complete 
|  13|0x0000000081900000, 0x0000000081a00000, 0x0000000081a00000|100%| O|  |TAMS 0x0000000081a00000, 0x0000000081900000| Untracked 
|  14|0x0000000081a00000, 0x0000000081b00000, 0x0000000081b00000|100%| O|  |TAMS 0x0000000081b00000, 0x0000000081a00000| Untracked 
|  15|0x0000000081b00000, 0x0000000081c00000, 0x0000000081c00000|100%| O|  |TAMS 0x0000000081c00000, 0x0000000081b00000| Untracked 
|  16|0x0000000081c00000, 0x0000000081d00000, 0x0000000081d00000|100%| O|  |TAMS 0x0000000081d00000, 0x0000000081c00000| Untracked 
|  17|0x0000000081d00000, 0x0000000081e00000, 0x0000000081e00000|100%| O|  |TAMS 0x0000000081e00000, 0x0000000081d00000| Untracked 
|  18|0x0000000081e00000, 0x0000000081f00000, 0x0000000081f00000|100%| O|  |TAMS 0x0000000081f00000, 0x0000000081e00000| Untracked 
|  19|0x0000000081f00000, 0x0000000082000000, 0x0000000082000000|100%| O|  |TAMS 0x0000000082000000, 0x0000000081f00000| Complete 
|  20|0x0000000082000000, 0x0000000082100000, 0x0000000082100000|100%| O|  |TAMS 0x0000000082100000, 0x0000000082000000| Complete 
|  21|0x0000000082100000, 0x0000000082200000, 0x0000000082200000|100%| O|  |TAMS 0x0000000082200000, 0x0000000082100000| Complete 
|  22|0x0000000082200000, 0x0000000082200000, 0x0000000082300000|  0%| F|  |TAMS 0x0000000082200000, 0x0000000082200000| Untracked 
|  23|0x0000000082300000, 0x0000000082400000, 0x0000000082400000|100%| O|  |TAMS 0x0000000082400000, 0x0000000082300000| Complete 
|  24|0x0000000082400000, 0x0000000082500000, 0x0000000082500000|100%| O|  |TAMS 0x0000000082500000, 0x0000000082400000| Complete 
|  25|0x0000000082500000, 0x0000000082600000, 0x0000000082600000|100%| O|  |TAMS 0x0000000082600000, 0x0000000082500000| Complete 
|  26|0x0000000082600000, 0x0000000082700000, 0x0000000082700000|100%| O|  |TAMS 0x0000000082700000, 0x0000000082600000| Complete 
|  27|0x0000000082700000, 0x0000000082800000, 0x0000000082800000|100%| O|  |TAMS 0x0000000082800000, 0x0000000082700000| Complete 
|  28|0x0000000082800000, 0x0000000082900000, 0x0000000082900000|100%| O|  |TAMS 0x0000000082900000, 0x0000000082800000| Complete 
|  29|0x0000000082900000, 0x0000000082a00000, 0x0000000082a00000|100%| O|  |TAMS 0x0000000082a00000, 0x0000000082900000| Complete 
|  30|0x0000000082a00000, 0x0000000082b00000, 0x0000000082b00000|100%| O|  |TAMS 0x0000000082b00000, 0x0000000082a00000| Complete 
|  31|0x0000000082b00000, 0x0000000082c00000, 0x0000000082c00000|100%| O|  |TAMS 0x0000000082c00000, 0x0000000082b00000| Complete 
|  32|0x0000000082c00000, 0x0000000082d00000, 0x0000000082d00000|100%| O|  |TAMS 0x0000000082d00000, 0x0000000082c00000| Complete 
|  33|0x0000000082d00000, 0x0000000082e00000, 0x0000000082e00000|100%| O|  |TAMS 0x0000000082e00000, 0x0000000082d00000| Complete 
|  34|0x0000000082e00000, 0x0000000082f00000, 0x0000000082f00000|100%| O|  |TAMS 0x0000000082f00000, 0x0000000082e00000| Complete 
|  35|0x0000000082f00000, 0x0000000083000000, 0x0000000083000000|100%| O|  |TAMS 0x0000000083000000, 0x0000000082f00000| Complete 
|  36|0x0000000083000000, 0x0000000083100000, 0x0000000083100000|100%| O|  |TAMS 0x0000000083100000, 0x0000000083000000| Complete 
|  37|0x0000000083100000, 0x0000000083200000, 0x0000000083200000|100%| O|  |TAMS 0x0000000083200000, 0x0000000083100000| Complete 
|  38|0x0000000083200000, 0x0000000083300000, 0x0000000083300000|100%| O|  |TAMS 0x0000000083300000, 0x0000000083200000| Complete 
|  39|0x0000000083300000, 0x0000000083400000, 0x0000000083400000|100%| O|  |TAMS 0x0000000083400000, 0x0000000083300000| Untracked 
|  40|0x0000000083400000, 0x0000000083500000, 0x0000000083500000|100%| O|  |TAMS 0x0000000083500000, 0x0000000083400000| Complete 
|  41|0x0000000083500000, 0x0000000083600000, 0x0000000083600000|100%| O|  |TAMS 0x0000000083600000, 0x0000000083500000| Complete 
|  42|0x0000000083600000, 0x0000000083700000, 0x0000000083700000|100%| O|  |TAMS 0x0000000083700000, 0x0000000083600000| Complete 
|  43|0x0000000083700000, 0x0000000083800000, 0x0000000083800000|100%| O|  |TAMS 0x0000000083800000, 0x0000000083700000| Complete 
|  44|0x0000000083800000, 0x0000000083900000, 0x0000000083900000|100%| O|  |TAMS 0x0000000083900000, 0x0000000083800000| Complete 
|  45|0x0000000083900000, 0x0000000083a00000, 0x0000000083a00000|100%| O|  |TAMS 0x0000000083a00000, 0x0000000083900000| Complete 
|  46|0x0000000083a00000, 0x0000000083b00000, 0x0000000083b00000|100%| O|  |TAMS 0x0000000083b00000, 0x0000000083a00000| Complete 
|  47|0x0000000083b00000, 0x0000000083b23400, 0x0000000083c00000| 13%| O|  |TAMS 0x0000000083b23400, 0x0000000083b00000| Untracked 
|  48|0x0000000083c00000, 0x0000000083c00000, 0x0000000083d00000|  0%| F|  |TAMS 0x0000000083c00000, 0x0000000083c00000| Untracked 
|  49|0x0000000083d00000, 0x0000000083d00000, 0x0000000083e00000|  0%| F|  |TAMS 0x0000000083d00000, 0x0000000083d00000| Untracked 
|  50|0x0000000083e00000, 0x0000000083e00000, 0x0000000083f00000|  0%| F|  |TAMS 0x0000000083e00000, 0x0000000083e00000| Untracked 
|  51|0x0000000083f00000, 0x0000000083f00000, 0x0000000084000000|  0%| F|  |TAMS 0x0000000083f00000, 0x0000000083f00000| Untracked 
|  52|0x0000000084000000, 0x0000000084000000, 0x0000000084100000|  0%| F|  |TAMS 0x0000000084000000, 0x0000000084000000| Untracked 
|  53|0x0000000084100000, 0x0000000084100000, 0x0000000084200000|  0%| F|  |TAMS 0x0000000084100000, 0x0000000084100000| Untracked 
|  54|0x0000000084200000, 0x0000000084200000, 0x0000000084300000|  0%| F|  |TAMS 0x0000000084200000, 0x0000000084200000| Untracked 
|  55|0x0000000084300000, 0x0000000084300000, 0x0000000084400000|  0%| F|  |TAMS 0x0000000084300000, 0x0000000084300000| Untracked 
|  56|0x0000000084400000, 0x0000000084400000, 0x0000000084500000|  0%| F|  |TAMS 0x0000000084400000, 0x0000000084400000| Untracked 
|  57|0x0000000084500000, 0x0000000084500000, 0x0000000084600000|  0%| F|  |TAMS 0x0000000084500000, 0x0000000084500000| Untracked 
|  58|0x0000000084600000, 0x0000000084600000, 0x0000000084700000|  0%| F|  |TAMS 0x0000000084600000, 0x0000000084600000| Untracked 
|  59|0x0000000084700000, 0x0000000084700000, 0x0000000084800000|  0%| F|  |TAMS 0x0000000084700000, 0x0000000084700000| Untracked 
|  60|0x0000000084800000, 0x0000000084800000, 0x0000000084900000|  0%| F|  |TAMS 0x0000000084800000, 0x0000000084800000| Untracked 
|  61|0x0000000084900000, 0x0000000084900000, 0x0000000084a00000|  0%| F|  |TAMS 0x0000000084900000, 0x0000000084900000| Untracked 
|  62|0x0000000084a00000, 0x0000000084a00000, 0x0000000084b00000|  0%| F|  |TAMS 0x0000000084a00000, 0x0000000084a00000| Untracked 
|  63|0x0000000084b00000, 0x0000000084b00000, 0x0000000084c00000|  0%| F|  |TAMS 0x0000000084b00000, 0x0000000084b00000| Untracked 
|  64|0x0000000084c00000, 0x0000000084c00000, 0x0000000084d00000|  0%| F|  |TAMS 0x0000000084c00000, 0x0000000084c00000| Untracked 
|  65|0x0000000084d00000, 0x0000000084d00000, 0x0000000084e00000|  0%| F|  |TAMS 0x0000000084d00000, 0x0000000084d00000| Untracked 
|  66|0x0000000084e00000, 0x0000000084e00000, 0x0000000084f00000|  0%| F|  |TAMS 0x0000000084e00000, 0x0000000084e00000| Untracked 
|  67|0x0000000084f00000, 0x0000000084f00000, 0x0000000085000000|  0%| F|  |TAMS 0x0000000084f00000, 0x0000000084f00000| Untracked 
|  68|0x0000000085000000, 0x0000000085000000, 0x0000000085100000|  0%| F|  |TAMS 0x0000000085000000, 0x0000000085000000| Untracked 
|  69|0x0000000085100000, 0x0000000085100000, 0x0000000085200000|  0%| F|  |TAMS 0x0000000085100000, 0x0000000085100000| Untracked 
|  70|0x0000000085200000, 0x0000000085200000, 0x0000000085300000|  0%| F|  |TAMS 0x0000000085200000, 0x0000000085200000| Untracked 
|  71|0x0000000085300000, 0x0000000085300000, 0x0000000085400000|  0%| F|  |TAMS 0x0000000085300000, 0x0000000085300000| Untracked 
|  72|0x0000000085400000, 0x0000000085400000, 0x0000000085500000|  0%| F|  |TAMS 0x0000000085400000, 0x0000000085400000| Untracked 
|  73|0x0000000085500000, 0x0000000085500000, 0x0000000085600000|  0%| F|  |TAMS 0x0000000085500000, 0x0000000085500000| Untracked 
|  74|0x0000000085600000, 0x0000000085600000, 0x0000000085700000|  0%| F|  |TAMS 0x0000000085600000, 0x0000000085600000| Untracked 
|  75|0x0000000085700000, 0x0000000085700000, 0x0000000085800000|  0%| F|  |TAMS 0x0000000085700000, 0x0000000085700000| Untracked 
|  76|0x0000000085800000, 0x0000000085800000, 0x0000000085900000|  0%| F|  |TAMS 0x0000000085800000, 0x0000000085800000| Untracked 
|  77|0x0000000085900000, 0x0000000085900000, 0x0000000085a00000|  0%| F|  |TAMS 0x0000000085900000, 0x0000000085900000| Untracked 
|  78|0x0000000085a00000, 0x0000000085a00000, 0x0000000085b00000|  0%| F|  |TAMS 0x0000000085a00000, 0x0000000085a00000| Untracked 
|  79|0x0000000085b00000, 0x0000000085b00000, 0x0000000085c00000|  0%| F|  |TAMS 0x0000000085b00000, 0x0000000085b00000| Untracked 
|  80|0x0000000085c00000, 0x0000000085c00000, 0x0000000085d00000|  0%| F|  |TAMS 0x0000000085c00000, 0x0000000085c00000| Untracked 
|  81|0x0000000085d00000, 0x0000000085d00000, 0x0000000085e00000|  0%| F|  |TAMS 0x0000000085d00000, 0x0000000085d00000| Untracked 
|  82|0x0000000085e00000, 0x0000000085e00000, 0x0000000085f00000|  0%| F|  |TAMS 0x0000000085e00000, 0x0000000085e00000| Untracked 
|  83|0x0000000085f00000, 0x0000000085f00000, 0x0000000086000000|  0%| F|  |TAMS 0x0000000085f00000, 0x0000000085f00000| Untracked 
|  84|0x0000000086000000, 0x0000000086000000, 0x0000000086100000|  0%| F|  |TAMS 0x0000000086000000, 0x0000000086000000| Untracked 
|  85|0x0000000086100000, 0x0000000086100000, 0x0000000086200000|  0%| F|  |TAMS 0x0000000086100000, 0x0000000086100000| Untracked 
|  86|0x0000000086200000, 0x0000000086200000, 0x0000000086300000|  0%| F|  |TAMS 0x0000000086200000, 0x0000000086200000| Untracked 
|  87|0x0000000086300000, 0x0000000086300000, 0x0000000086400000|  0%| F|  |TAMS 0x0000000086300000, 0x0000000086300000| Untracked 
|  88|0x0000000086400000, 0x0000000086400000, 0x0000000086500000|  0%| F|  |TAMS 0x0000000086400000, 0x0000000086400000| Untracked 
|  89|0x0000000086500000, 0x0000000086500000, 0x0000000086600000|  0%| F|  |TAMS 0x0000000086500000, 0x0000000086500000| Untracked 
|  90|0x0000000086600000, 0x0000000086600000, 0x0000000086700000|  0%| F|  |TAMS 0x0000000086600000, 0x0000000086600000| Untracked 
|  91|0x0000000086700000, 0x0000000086700000, 0x0000000086800000|  0%| F|  |TAMS 0x0000000086700000, 0x0000000086700000| Untracked 
|  92|0x0000000086800000, 0x0000000086800000, 0x0000000086900000|  0%| F|  |TAMS 0x0000000086800000, 0x0000000086800000| Untracked 
|  93|0x0000000086900000, 0x0000000086900000, 0x0000000086a00000|  0%| F|  |TAMS 0x0000000086900000, 0x0000000086900000| Untracked 
|  94|0x0000000086a00000, 0x0000000086a00000, 0x0000000086b00000|  0%| F|  |TAMS 0x0000000086a00000, 0x0000000086a00000| Untracked 
|  95|0x0000000086b00000, 0x0000000086b00000, 0x0000000086c00000|  0%| F|  |TAMS 0x0000000086b00000, 0x0000000086b00000| Untracked 
|  96|0x0000000086c00000, 0x0000000086c00000, 0x0000000086d00000|  0%| F|  |TAMS 0x0000000086c00000, 0x0000000086c00000| Untracked 
|  97|0x0000000086d00000, 0x0000000086d00000, 0x0000000086e00000|  0%| F|  |TAMS 0x0000000086d00000, 0x0000000086d00000| Untracked 
|  98|0x0000000086e00000, 0x0000000086e00000, 0x0000000086f00000|  0%| F|  |TAMS 0x0000000086e00000, 0x0000000086e00000| Untracked 
|  99|0x0000000086f00000, 0x0000000086f00000, 0x0000000087000000|  0%| F|  |TAMS 0x0000000086f00000, 0x0000000086f00000| Untracked 
| 100|0x0000000087000000, 0x0000000087000000, 0x0000000087100000|  0%| F|  |TAMS 0x0000000087000000, 0x0000000087000000| Untracked 
| 101|0x0000000087100000, 0x0000000087100000, 0x0000000087200000|  0%| F|  |TAMS 0x0000000087100000, 0x0000000087100000| Untracked 
| 102|0x0000000087200000, 0x0000000087200000, 0x0000000087300000|  0%| F|  |TAMS 0x0000000087200000, 0x0000000087200000| Untracked 
| 103|0x0000000087300000, 0x0000000087300000, 0x0000000087400000|  0%| F|  |TAMS 0x0000000087300000, 0x0000000087300000| Untracked 
| 104|0x0000000087400000, 0x0000000087400000, 0x0000000087500000|  0%| F|  |TAMS 0x0000000087400000, 0x0000000087400000| Untracked 
| 105|0x0000000087500000, 0x0000000087500000, 0x0000000087600000|  0%| F|  |TAMS 0x0000000087500000, 0x0000000087500000| Untracked 
| 106|0x0000000087600000, 0x0000000087600000, 0x0000000087700000|  0%| F|  |TAMS 0x0000000087600000, 0x0000000087600000| Untracked 
| 107|0x0000000087700000, 0x0000000087700000, 0x0000000087800000|  0%| F|  |TAMS 0x0000000087700000, 0x0000000087700000| Untracked 
| 108|0x0000000087800000, 0x0000000087800000, 0x0000000087900000|  0%| F|  |TAMS 0x0000000087800000, 0x0000000087800000| Untracked 
| 109|0x0000000087900000, 0x0000000087900000, 0x0000000087a00000|  0%| F|  |TAMS 0x0000000087900000, 0x0000000087900000| Untracked 
| 110|0x0000000087a00000, 0x0000000087a00000, 0x0000000087b00000|  0%| F|  |TAMS 0x0000000087a00000, 0x0000000087a00000| Untracked 
| 111|0x0000000087b00000, 0x0000000087b00000, 0x0000000087c00000|  0%| F|  |TAMS 0x0000000087b00000, 0x0000000087b00000| Untracked 
| 112|0x0000000087c00000, 0x0000000087c00000, 0x0000000087d00000|  0%| F|  |TAMS 0x0000000087c00000, 0x0000000087c00000| Untracked 
| 113|0x0000000087d00000, 0x0000000087d00000, 0x0000000087e00000|  0%| F|  |TAMS 0x0000000087d00000, 0x0000000087d00000| Untracked 
| 114|0x0000000087e00000, 0x0000000087e00000, 0x0000000087f00000|  0%| F|  |TAMS 0x0000000087e00000, 0x0000000087e00000| Untracked 
| 115|0x0000000087f00000, 0x0000000087f00000, 0x0000000088000000|  0%| F|  |TAMS 0x0000000087f00000, 0x0000000087f00000| Untracked 
| 116|0x0000000088000000, 0x0000000088000000, 0x0000000088100000|  0%| F|  |TAMS 0x0000000088000000, 0x0000000088000000| Untracked 
| 117|0x0000000088100000, 0x0000000088100000, 0x0000000088200000|  0%| F|  |TAMS 0x0000000088100000, 0x0000000088100000| Untracked 
| 118|0x0000000088200000, 0x0000000088200000, 0x0000000088300000|  0%| F|  |TAMS 0x0000000088200000, 0x0000000088200000| Untracked 
| 119|0x0000000088300000, 0x00000000883fc648, 0x0000000088400000| 98%| E|  |TAMS 0x0000000088300000, 0x0000000088300000| Complete 
| 120|0x0000000088400000, 0x0000000088500000, 0x0000000088500000|100%| E|CS|TAMS 0x0000000088400000, 0x0000000088400000| Complete 
| 121|0x0000000088500000, 0x0000000088600000, 0x0000000088600000|100%| E|CS|TAMS 0x0000000088500000, 0x0000000088500000| Complete 
| 122|0x0000000088600000, 0x0000000088700000, 0x0000000088700000|100%| E|CS|TAMS 0x0000000088600000, 0x0000000088600000| Complete 
| 123|0x0000000088700000, 0x0000000088800000, 0x0000000088800000|100%| E|CS|TAMS 0x0000000088700000, 0x0000000088700000| Complete 
| 124|0x0000000088800000, 0x0000000088900000, 0x0000000088900000|100%| E|CS|TAMS 0x0000000088800000, 0x0000000088800000| Complete 
| 125|0x0000000088900000, 0x0000000088a00000, 0x0000000088a00000|100%| E|CS|TAMS 0x0000000088900000, 0x0000000088900000| Complete 
| 126|0x0000000088a00000, 0x0000000088b00000, 0x0000000088b00000|100%| E|CS|TAMS 0x0000000088a00000, 0x0000000088a00000| Complete 
| 127|0x0000000088b00000, 0x0000000088c00000, 0x0000000088c00000|100%| E|CS|TAMS 0x0000000088b00000, 0x0000000088b00000| Complete 
| 128|0x0000000088c00000, 0x0000000088d00000, 0x0000000088d00000|100%| E|CS|TAMS 0x0000000088c00000, 0x0000000088c00000| Complete 
| 129|0x0000000088d00000, 0x0000000088e00000, 0x0000000088e00000|100%| E|CS|TAMS 0x0000000088d00000, 0x0000000088d00000| Complete 
| 130|0x0000000088e00000, 0x0000000088f00000, 0x0000000088f00000|100%| E|CS|TAMS 0x0000000088e00000, 0x0000000088e00000| Complete 
| 131|0x0000000088f00000, 0x0000000089000000, 0x0000000089000000|100%| E|CS|TAMS 0x0000000088f00000, 0x0000000088f00000| Complete 
| 132|0x0000000089000000, 0x0000000089100000, 0x0000000089100000|100%| E|CS|TAMS 0x0000000089000000, 0x0000000089000000| Complete 
| 133|0x0000000089100000, 0x0000000089200000, 0x0000000089200000|100%| E|CS|TAMS 0x0000000089100000, 0x0000000089100000| Complete 
| 134|0x0000000089200000, 0x0000000089300000, 0x0000000089300000|100%| E|CS|TAMS 0x0000000089200000, 0x0000000089200000| Complete 
| 135|0x0000000089300000, 0x0000000089400000, 0x0000000089400000|100%| E|CS|TAMS 0x0000000089300000, 0x0000000089300000| Complete 
| 136|0x0000000089400000, 0x0000000089500000, 0x0000000089500000|100%| E|CS|TAMS 0x0000000089400000, 0x0000000089400000| Complete 
| 137|0x0000000089500000, 0x0000000089600000, 0x0000000089600000|100%| E|CS|TAMS 0x0000000089500000, 0x0000000089500000| Complete 
| 138|0x0000000089600000, 0x0000000089700000, 0x0000000089700000|100%| E|CS|TAMS 0x0000000089600000, 0x0000000089600000| Complete 
| 139|0x0000000089700000, 0x0000000089800000, 0x0000000089800000|100%| E|CS|TAMS 0x0000000089700000, 0x0000000089700000| Complete 
| 140|0x0000000089800000, 0x0000000089900000, 0x0000000089900000|100%| E|CS|TAMS 0x0000000089800000, 0x0000000089800000| Complete 
| 141|0x0000000089900000, 0x0000000089a00000, 0x0000000089a00000|100%| E|CS|TAMS 0x0000000089900000, 0x0000000089900000| Complete 
| 142|0x0000000089a00000, 0x0000000089b00000, 0x0000000089b00000|100%| E|CS|TAMS 0x0000000089a00000, 0x0000000089a00000| Complete 
| 143|0x0000000089b00000, 0x0000000089c00000, 0x0000000089c00000|100%| E|CS|TAMS 0x0000000089b00000, 0x0000000089b00000| Complete 
| 144|0x0000000089c00000, 0x0000000089d00000, 0x0000000089d00000|100%| E|CS|TAMS 0x0000000089c00000, 0x0000000089c00000| Complete 
| 145|0x0000000089d00000, 0x0000000089e00000, 0x0000000089e00000|100%| E|CS|TAMS 0x0000000089d00000, 0x0000000089d00000| Complete 
| 146|0x0000000089e00000, 0x0000000089f00000, 0x0000000089f00000|100%| E|CS|TAMS 0x0000000089e00000, 0x0000000089e00000| Complete 
| 147|0x0000000089f00000, 0x000000008a000000, 0x000000008a000000|100%| E|CS|TAMS 0x0000000089f00000, 0x0000000089f00000| Complete 
| 148|0x000000008a000000, 0x000000008a100000, 0x000000008a100000|100%| E|CS|TAMS 0x000000008a000000, 0x000000008a000000| Complete 
| 149|0x000000008a100000, 0x000000008a200000, 0x000000008a200000|100%| E|CS|TAMS 0x000000008a100000, 0x000000008a100000| Complete 
| 150|0x000000008a200000, 0x000000008a300000, 0x000000008a300000|100%| E|CS|TAMS 0x000000008a200000, 0x000000008a200000| Complete 
| 151|0x000000008a300000, 0x000000008a400000, 0x000000008a400000|100%| E|CS|TAMS 0x000000008a300000, 0x000000008a300000| Complete 
| 152|0x000000008a400000, 0x000000008a500000, 0x000000008a500000|100%| E|CS|TAMS 0x000000008a400000, 0x000000008a400000| Complete 
| 153|0x000000008a500000, 0x000000008a600000, 0x000000008a600000|100%| E|CS|TAMS 0x000000008a500000, 0x000000008a500000| Complete 
| 154|0x000000008a600000, 0x000000008a700000, 0x000000008a700000|100%| E|CS|TAMS 0x000000008a600000, 0x000000008a600000| Complete 
| 155|0x000000008a700000, 0x000000008a800000, 0x000000008a800000|100%| E|CS|TAMS 0x000000008a700000, 0x000000008a700000| Complete 
| 156|0x000000008a800000, 0x000000008a900000, 0x000000008a900000|100%| E|CS|TAMS 0x000000008a800000, 0x000000008a800000| Complete 
| 157|0x000000008a900000, 0x000000008aa00000, 0x000000008aa00000|100%| E|CS|TAMS 0x000000008a900000, 0x000000008a900000| Complete 
| 158|0x000000008aa00000, 0x000000008ab00000, 0x000000008ab00000|100%| E|CS|TAMS 0x000000008aa00000, 0x000000008aa00000| Complete 
| 159|0x000000008ab00000, 0x000000008ac00000, 0x000000008ac00000|100%| E|CS|TAMS 0x000000008ab00000, 0x000000008ab00000| Complete 
| 160|0x000000008ac00000, 0x000000008ad00000, 0x000000008ad00000|100%| E|CS|TAMS 0x000000008ac00000, 0x000000008ac00000| Complete 
| 161|0x000000008ad00000, 0x000000008ae00000, 0x000000008ae00000|100%| E|CS|TAMS 0x000000008ad00000, 0x000000008ad00000| Complete 
| 162|0x000000008ae00000, 0x000000008af00000, 0x000000008af00000|100%| E|CS|TAMS 0x000000008ae00000, 0x000000008ae00000| Complete 
| 163|0x000000008af00000, 0x000000008b000000, 0x000000008b000000|100%| E|CS|TAMS 0x000000008af00000, 0x000000008af00000| Complete 
| 164|0x000000008b000000, 0x000000008b100000, 0x000000008b100000|100%| E|CS|TAMS 0x000000008b000000, 0x000000008b000000| Complete 
| 165|0x000000008b100000, 0x000000008b200000, 0x000000008b200000|100%| E|CS|TAMS 0x000000008b100000, 0x000000008b100000| Complete 
| 166|0x000000008b200000, 0x000000008b300000, 0x000000008b300000|100%| E|CS|TAMS 0x000000008b200000, 0x000000008b200000| Complete 
| 167|0x000000008b300000, 0x000000008b400000, 0x000000008b400000|100%| E|CS|TAMS 0x000000008b300000, 0x000000008b300000| Complete 
| 168|0x000000008b400000, 0x000000008b500000, 0x000000008b500000|100%| E|CS|TAMS 0x000000008b400000, 0x000000008b400000| Complete 
| 169|0x000000008b500000, 0x000000008b600000, 0x000000008b600000|100%| E|CS|TAMS 0x000000008b500000, 0x000000008b500000| Complete 
| 170|0x000000008b600000, 0x000000008b700000, 0x000000008b700000|100%| E|CS|TAMS 0x000000008b600000, 0x000000008b600000| Complete 
| 171|0x000000008b700000, 0x000000008b800000, 0x000000008b800000|100%| E|CS|TAMS 0x000000008b700000, 0x000000008b700000| Complete 
| 172|0x000000008b800000, 0x000000008b900000, 0x000000008b900000|100%| E|CS|TAMS 0x000000008b800000, 0x000000008b800000| Complete 
| 173|0x000000008b900000, 0x000000008ba00000, 0x000000008ba00000|100%| E|CS|TAMS 0x000000008b900000, 0x000000008b900000| Complete 
| 174|0x000000008ba00000, 0x000000008bb00000, 0x000000008bb00000|100%| E|CS|TAMS 0x000000008ba00000, 0x000000008ba00000| Complete 
| 175|0x000000008bb00000, 0x000000008bc00000, 0x000000008bc00000|100%| E|CS|TAMS 0x000000008bb00000, 0x000000008bb00000| Complete 
| 176|0x000000008bc00000, 0x000000008bd00000, 0x000000008bd00000|100%| E|CS|TAMS 0x000000008bc00000, 0x000000008bc00000| Complete 
| 177|0x000000008bd00000, 0x000000008be00000, 0x000000008be00000|100%| E|CS|TAMS 0x000000008bd00000, 0x000000008bd00000| Complete 
| 178|0x000000008be00000, 0x000000008bf00000, 0x000000008bf00000|100%| E|CS|TAMS 0x000000008be00000, 0x000000008be00000| Complete 
| 179|0x000000008bf00000, 0x000000008c000000, 0x000000008c000000|100%| E|CS|TAMS 0x000000008bf00000, 0x000000008bf00000| Complete 
| 180|0x000000008c000000, 0x000000008c05bf90, 0x000000008c100000| 35%| S|CS|TAMS 0x000000008c000000, 0x000000008c000000| Complete 
| 181|0x000000008c100000, 0x000000008c200000, 0x000000008c200000|100%| S|CS|TAMS 0x000000008c100000, 0x000000008c100000| Complete 
| 182|0x000000008c200000, 0x000000008c300000, 0x000000008c300000|100%| S|CS|TAMS 0x000000008c200000, 0x000000008c200000| Complete 
| 183|0x000000008c300000, 0x000000008c400000, 0x000000008c400000|100%| S|CS|TAMS 0x000000008c300000, 0x000000008c300000| Complete 
| 184|0x000000008c400000, 0x000000008c500000, 0x000000008c500000|100%| S|CS|TAMS 0x000000008c400000, 0x000000008c400000| Complete 
| 185|0x000000008c500000, 0x000000008c600000, 0x000000008c600000|100%| S|CS|TAMS 0x000000008c500000, 0x000000008c500000| Complete 
| 186|0x000000008c600000, 0x000000008c700000, 0x000000008c700000|100%| S|CS|TAMS 0x000000008c600000, 0x000000008c600000| Complete 
| 187|0x000000008c700000, 0x000000008c800000, 0x000000008c800000|100%| S|CS|TAMS 0x000000008c700000, 0x000000008c700000| Complete 
| 188|0x000000008c800000, 0x000000008c900000, 0x000000008c900000|100%| S|CS|TAMS 0x000000008c800000, 0x000000008c800000| Complete 
| 189|0x000000008c900000, 0x000000008ca00000, 0x000000008ca00000|100%| E|CS|TAMS 0x000000008c900000, 0x000000008c900000| Complete 
| 190|0x000000008ca00000, 0x000000008cb00000, 0x000000008cb00000|100%| E|CS|TAMS 0x000000008ca00000, 0x000000008ca00000| Complete 
| 191|0x000000008cb00000, 0x000000008cc00000, 0x000000008cc00000|100%| E|CS|TAMS 0x000000008cb00000, 0x000000008cb00000| Complete 
| 192|0x000000008cc00000, 0x000000008cd00000, 0x000000008cd00000|100%| E|CS|TAMS 0x000000008cc00000, 0x000000008cc00000| Complete 
| 193|0x000000008cd00000, 0x000000008ce00000, 0x000000008ce00000|100%| E|CS|TAMS 0x000000008cd00000, 0x000000008cd00000| Complete 
| 194|0x000000008ce00000, 0x000000008cf00000, 0x000000008cf00000|100%| E|CS|TAMS 0x000000008ce00000, 0x000000008ce00000| Complete 
| 195|0x000000008cf00000, 0x000000008d000000, 0x000000008d000000|100%| E|CS|TAMS 0x000000008cf00000, 0x000000008cf00000| Complete 
| 196|0x000000008d000000, 0x000000008d100000, 0x000000008d100000|100%| E|CS|TAMS 0x000000008d000000, 0x000000008d000000| Complete 
| 197|0x000000008d100000, 0x000000008d200000, 0x000000008d200000|100%| E|CS|TAMS 0x000000008d100000, 0x000000008d100000| Complete 
| 198|0x000000008d200000, 0x000000008d300000, 0x000000008d300000|100%| E|CS|TAMS 0x000000008d200000, 0x000000008d200000| Complete 
| 199|0x000000008d300000, 0x000000008d400000, 0x000000008d400000|100%| E|CS|TAMS 0x000000008d300000, 0x000000008d300000| Complete 
| 200|0x000000008d400000, 0x000000008d500000, 0x000000008d500000|100%| E|CS|TAMS 0x000000008d400000, 0x000000008d400000| Complete 
| 201|0x000000008d500000, 0x000000008d600000, 0x000000008d600000|100%| E|CS|TAMS 0x000000008d500000, 0x000000008d500000| Complete 
| 202|0x000000008d600000, 0x000000008d700000, 0x000000008d700000|100%| E|CS|TAMS 0x000000008d600000, 0x000000008d600000| Complete 
| 203|0x000000008d700000, 0x000000008d800000, 0x000000008d800000|100%| E|CS|TAMS 0x000000008d700000, 0x000000008d700000| Complete 
| 204|0x000000008d800000, 0x000000008d900000, 0x000000008d900000|100%| E|CS|TAMS 0x000000008d800000, 0x000000008d800000| Complete 
| 205|0x000000008d900000, 0x000000008da00000, 0x000000008da00000|100%| E|CS|TAMS 0x000000008d900000, 0x000000008d900000| Complete 
| 206|0x000000008da00000, 0x000000008db00000, 0x000000008db00000|100%| E|CS|TAMS 0x000000008da00000, 0x000000008da00000| Complete 
| 207|0x000000008db00000, 0x000000008dc00000, 0x000000008dc00000|100%| E|CS|TAMS 0x000000008db00000, 0x000000008db00000| Complete 
| 208|0x000000008dc00000, 0x000000008dd00000, 0x000000008dd00000|100%| E|CS|TAMS 0x000000008dc00000, 0x000000008dc00000| Complete 
| 209|0x000000008dd00000, 0x000000008de00000, 0x000000008de00000|100%| E|CS|TAMS 0x000000008dd00000, 0x000000008dd00000| Complete 
| 210|0x000000008de00000, 0x000000008df00000, 0x000000008df00000|100%| E|CS|TAMS 0x000000008de00000, 0x000000008de00000| Complete 
| 211|0x000000008df00000, 0x000000008e000000, 0x000000008e000000|100%| E|CS|TAMS 0x000000008df00000, 0x000000008df00000| Complete 
| 212|0x000000008e000000, 0x000000008e100000, 0x000000008e100000|100%| E|CS|TAMS 0x000000008e000000, 0x000000008e000000| Complete 
| 213|0x000000008e100000, 0x000000008e200000, 0x000000008e200000|100%| E|CS|TAMS 0x000000008e100000, 0x000000008e100000| Complete 
| 214|0x000000008e200000, 0x000000008e300000, 0x000000008e300000|100%| E|CS|TAMS 0x000000008e200000, 0x000000008e200000| Complete 
| 215|0x000000008e300000, 0x000000008e400000, 0x000000008e400000|100%| E|CS|TAMS 0x000000008e300000, 0x000000008e300000| Complete 
| 216|0x000000008e400000, 0x000000008e500000, 0x000000008e500000|100%| E|CS|TAMS 0x000000008e400000, 0x000000008e400000| Complete 
| 217|0x000000008e500000, 0x000000008e600000, 0x000000008e600000|100%| E|CS|TAMS 0x000000008e500000, 0x000000008e500000| Complete 
| 218|0x000000008e600000, 0x000000008e700000, 0x000000008e700000|100%| E|CS|TAMS 0x000000008e600000, 0x000000008e600000| Complete 
| 219|0x000000008e700000, 0x000000008e800000, 0x000000008e800000|100%| E|CS|TAMS 0x000000008e700000, 0x000000008e700000| Complete 
| 220|0x000000008e800000, 0x000000008e900000, 0x000000008e900000|100%| E|CS|TAMS 0x000000008e800000, 0x000000008e800000| Complete 
| 221|0x000000008e900000, 0x000000008ea00000, 0x000000008ea00000|100%| E|CS|TAMS 0x000000008e900000, 0x000000008e900000| Complete 

Card table byte_map: [0x0000024e45ff0000,0x0000024e463f0000] _byte_map_base: 0x0000024e45bea000

Marking Bits (Prev, Next): (CMBitMap*) 0x0000024e2e947610, (CMBitMap*) 0x0000024e2e9475d8
 Prev Bits: [0x0000024e487c0000, 0x0000024e4a790000)
 Next Bits: [0x0000024e467f0000, 0x0000024e487c0000)

Polling page: 0x0000024e2e080000

Metaspace:

Usage:
  Non-class:     58.40 MB capacity,    57.22 MB ( 98%) used,   966.59 KB (  2%) free+waste,   241.19 KB ( <1%) overhead. 
      Class:      9.66 MB capacity,     8.84 MB ( 91%) used,   725.17 KB (  7%) free+waste,   118.69 KB (  1%) overhead. 
       Both:     68.06 MB capacity,    66.06 MB ( 97%) used,     1.65 MB (  2%) free+waste,   359.88 KB ( <1%) overhead. 

Virtual space:
  Non-class space:       60.00 MB reserved,      58.63 MB ( 98%) committed 
      Class space:        1.00 GB reserved,       9.75 MB ( <1%) committed 
             Both:        1.06 GB reserved,      68.38 MB (  6%) committed 

Chunk freelists:
   Non-Class:  5.00 KB
       Class:  3.00 KB
        Both:  8.00 KB

CodeHeap 'non-profiled nmethods': size=238912Kb used=9746Kb max_used=9760Kb free=229165Kb
 bounds [0x0000024e372a0000, 0x0000024e37c30000, 0x0000024e45bf0000]
CodeHeap 'non-nmethods': size=6848Kb used=1245Kb max_used=1798Kb free=5603Kb
 bounds [0x0000024e36bf0000, 0x0000024e36e60000, 0x0000024e372a0000]
 total_blobs=6481 nmethods=5809 adapters=550
 compilation: enabled
              stopped_count=0, restarted_count=0
 full_count=0

Compilation events (10 events):
Event: 54.166 Thread 0x0000024e4d506000 5834       1       java.util.concurrent.ThreadPoolExecutor::runStateAtLeast (11 bytes)
Event: 54.166 Thread 0x0000024e4d506000 nmethod 5834 0x0000024e37c26090 code [0x0000024e37c26240, 0x0000024e37c26358]
Event: 54.169 Thread 0x0000024e4d506000 5835       1       org.apache.catalina.LifecycleEvent::getType (5 bytes)
Event: 54.169 Thread 0x0000024e4d506000 nmethod 5835 0x0000024e37c26410 code [0x0000024e37c265c0, 0x0000024e37c266d8]
Event: 54.169 Thread 0x0000024e4d506000 5836       1       java.lang.invoke.VarHandleGuards::guard_LLL_Z (70 bytes)
Event: 54.171 Thread 0x0000024e4d506000 nmethod 5836 0x0000024e37c26990 code [0x0000024e37c26be0, 0x0000024e37c27230]
Event: 54.171 Thread 0x0000024e4d506000 5838       1       java.lang.invoke.VarHandleObjects$FieldInstanceReadWrite::compareAndSet (38 bytes)
Event: 54.172 Thread 0x0000024e4d506000 nmethod 5838 0x0000024e37c27690 code [0x0000024e37c278c0, 0x0000024e37c27e90]
Event: 56.207 Thread 0x0000024e4d506000 5839       1       jdk.internal.misc.Unsafe::weakCompareAndSetLong (11 bytes)
Event: 56.207 Thread 0x0000024e4d506000 nmethod 5839 0x0000024e37338690 code [0x0000024e37338840, 0x0000024e37338978]

GC Heap History (10 events):
Event: 15.685 GC heap before
{Heap before GC invocations=24 (full 0):
 garbage-first heap   total 227328K, used 181505K [0x0000000080c00000, 0x0000000100000000)
  region size 1024K, 133 young (136192K), 6 survivors (6144K)
 Metaspace       used 39238K, capacity 40518K, committed 40780K, reserved 1085440K
  class space    used 4944K, capacity 5472K, committed 5504K, reserved 1048576K
}
Event: 15.689 GC heap after
{Heap after GC invocations=25 (full 0):
 garbage-first heap   total 227328K, used 49924K [0x0000000080c00000, 0x0000000100000000)
  region size 1024K, 4 young (4096K), 4 survivors (4096K)
 Metaspace       used 39238K, capacity 40518K, committed 40780K, reserved 1085440K
  class space    used 4944K, capacity 5472K, committed 5504K, reserved 1048576K
}
Event: 16.421 GC heap before
{Heap before GC invocations=25 (full 0):
 garbage-first heap   total 227328K, used 182020K [0x0000000080c00000, 0x0000000100000000)
  region size 1024K, 133 young (136192K), 4 survivors (4096K)
 Metaspace       used 39238K, capacity 40518K, committed 40780K, reserved 1085440K
  class space    used 4944K, capacity 5472K, committed 5504K, reserved 1048576K
}
Event: 16.426 GC heap after
{Heap after GC invocations=26 (full 0):
 garbage-first heap   total 227328K, used 49695K [0x0000000080c00000, 0x0000000100000000)
  region size 1024K, 4 young (4096K), 4 survivors (4096K)
 Metaspace       used 39238K, capacity 40518K, committed 40780K, reserved 1085440K
  class space    used 4944K, capacity 5472K, committed 5504K, reserved 1048576K
}
Event: 17.148 GC heap before
{Heap before GC invocations=26 (full 0):
 garbage-first heap   total 227328K, used 181791K [0x0000000080c00000, 0x0000000100000000)
  region size 1024K, 133 young (136192K), 4 survivors (4096K)
 Metaspace       used 39238K, capacity 40518K, committed 40780K, reserved 1085440K
  class space    used 4944K, capacity 5472K, committed 5504K, reserved 1048576K
}
Event: 17.153 GC heap after
{Heap after GC invocations=27 (full 0):
 garbage-first heap   total 227328K, used 49817K [0x0000000080c00000, 0x0000000100000000)
  region size 1024K, 4 young (4096K), 4 survivors (4096K)
 Metaspace       used 39238K, capacity 40518K, committed 40780K, reserved 1085440K
  class space    used 4944K, capacity 5472K, committed 5504K, reserved 1048576K
}
Event: 36.598 GC heap before
{Heap before GC invocations=27 (full 0):
 garbage-first heap   total 227328K, used 181913K [0x0000000080c00000, 0x0000000100000000)
  region size 1024K, 133 young (136192K), 4 survivors (4096K)
 Metaspace       used 55179K, capacity 56700K, committed 56780K, reserved 1097728K
  class space    used 7281K, capacity 7893K, committed 7936K, reserved 1048576K
}
Event: 36.611 GC heap after
{Heap after GC invocations=28 (full 0):
 garbage-first heap   total 227328K, used 55054K [0x0000000080c00000, 0x0000000100000000)
  region size 1024K, 9 young (9216K), 9 survivors (9216K)
 Metaspace       used 55179K, capacity 56700K, committed 56780K, reserved 1097728K
  class space    used 7281K, capacity 7893K, committed 7936K, reserved 1048576K
}
Event: 38.037 GC heap before
{Heap before GC invocations=28 (full 0):
 garbage-first heap   total 227328K, used 87822K [0x0000000080c00000, 0x0000000100000000)
  region size 1024K, 42 young (43008K), 9 survivors (9216K)
 Metaspace       used 58630K, capacity 60136K, committed 60288K, reserved 1101824K
  class space    used 7774K, capacity 8396K, committed 8448K, reserved 1048576K
}
Event: 38.052 GC heap after
{Heap after GC invocations=29 (full 0):
 garbage-first heap   total 227328K, used 56828K [0x0000000080c00000, 0x0000000100000000)
  region size 1024K, 9 young (9216K), 9 survivors (9216K)
 Metaspace       used 58630K, capacity 60136K, committed 60288K, reserved 1101824K
  class space    used 7774K, capacity 8396K, committed 8448K, reserved 1048576K
}

Deoptimization events (0 events):
No events

Classes redefined (0 events):
No events

Internal exceptions (10 events):
Event: 39.311 Thread 0x0000024e4ec85800 Exception <a 'java/lang/NoSuchMethodError'{0x000000008a3a3f90}: java.lang.invoke.DirectMethodHandle$Holder.invokeSpecial(Ljava/lang/Object;Ljava/lang/Object;ILjava/lang/Object;Ljava/lang/Object;)Ljava/lang/Object;> (0x000000008a3a3f90) thrown at [t:/works
Event: 39.468 Thread 0x0000024e4ec85800 Exception <a 'java/lang/NoSuchMethodError'{0x000000008a169a50}: java.lang.invoke.DirectMethodHandle$Holder.invokeStatic(Ljava/lang/Object;ILjava/lang/Object;)Ljava/lang/Object;> (0x000000008a169a50) thrown at [t:/workspace/open/src/hotspot/share/interpret
Event: 39.865 Thread 0x0000024e4ec85800 Exception <a 'sun/nio/fs/WindowsException'{0x0000000088ce4d88}> (0x0000000088ce4d88) thrown at [t:/workspace/open/src/hotspot/share/prims/jni.cpp, line 615]
Event: 53.932 Thread 0x0000024e53d47800 Exception <a 'java/lang/NoSuchMethodError'{0x00000000888dd008}: <clinit>> (0x00000000888dd008) thrown at [t:/workspace/open/src/hotspot/share/prims/jni.cpp, line 1364]
Event: 53.943 Thread 0x0000024e53d47800 Exception <a 'java/lang/ClassNotFoundException'{0x000000008871c0f8}: javax/management/remote/rmi/RMIConnectionImpl_Skel> (0x000000008871c0f8) thrown at [t:/workspace/open/src/hotspot/share/classfile/systemDictionary.cpp, line 231]
Event: 53.957 Thread 0x0000024e5143d800 Exception <a 'java/lang/InterruptedException'{0x0000000088960308}: sleep interrupted> (0x0000000088960308) thrown at [t:/workspace/open/src/hotspot/share/prims/jvm.cpp, line 3117]
Event: 54.168 Thread 0x0000024e53d89800 Exception <a 'java/lang/InterruptedException'{0x0000000088465e88}: sleep interrupted> (0x0000000088465e88) thrown at [t:/workspace/open/src/hotspot/share/prims/jvm.cpp, line 3117]
Event: 54.203 Thread 0x0000024e5181f800 Exception <a 'sun/net/ConnectionResetException'{0x0000000088385390}: > (0x0000000088385390) thrown at [t:/workspace/open/src/hotspot/share/prims/jni.cpp, line 636]
Event: 56.205 Thread 0x0000024e5181f800 Exception <a 'java/net/ConnectException'{0x0000000088386090}: Connection refused: connect> (0x0000000088386090) thrown at [t:/workspace/open/src/hotspot/share/prims/jni.cpp, line 636]
Event: 56.206 Thread 0x0000024e5182a800 Exception <a 'java/net/SocketException'{0x000000008e900200}: Interrupted function call: accept failed> (0x000000008e900200) thrown at [t:/workspace/open/src/hotspot/share/prims/jni.cpp, line 636]

Events (10 events):
Event: 56.206 loading class sun/net/www/protocol/http/HttpURLConnection$10
Event: 56.206 loading class sun/net/www/protocol/http/HttpURLConnection$10 done
Event: 56.206 Executing VM operation: RevokeBias
Event: 56.206 Executing VM operation: RevokeBias done
Event: 56.206 Executing VM operation: RevokeBias
Event: 56.206 Executing VM operation: RevokeBias done
Event: 56.206 Thread 0x0000024e5182a800 Thread exited: 0x0000024e5182a800
Event: 56.208 Thread 0x0000024e5181f800 Thread exited: 0x0000024e5181f800
Event: 56.209 Thread 0x0000024e4d501800 Thread exited: 0x0000024e4d501800
Event: 56.209 Thread 0x0000024e51445000 Thread exited: 0x0000024e51445000


Dynamic libraries:
0x00007ff71e820000 - 0x00007ff71e867000 	C:\Program Files\Java\jdk-11.0.4\bin\javaw.exe
0x00007ffbba1e0000 - 0x00007ffbba3d0000 	C:\WINDOWS\SYSTEM32\ntdll.dll
0x00007ffbb8310000 - 0x00007ffbb83c2000 	C:\WINDOWS\System32\KERNEL32.DLL
0x00007ffbb7100000 - 0x00007ffbb73a3000 	C:\WINDOWS\System32\KERNELBASE.dll
0x00007ffbb49a0000 - 0x00007ffbb4a2f000 	C:\WINDOWS\SYSTEM32\apphelp.dll
0x00007ffb6ca90000 - 0x00007ffb6cf22000 	C:\WINDOWS\SYSTEM32\AcLayers.DLL
0x00007ffbb9ea0000 - 0x00007ffbb9f3e000 	C:\WINDOWS\System32\msvcrt.dll
0x00007ffbb7900000 - 0x00007ffbb7a94000 	C:\WINDOWS\System32\USER32.dll
0x00007ffbb73e0000 - 0x00007ffbb7401000 	C:\WINDOWS\System32\win32u.dll
0x00007ffbb9040000 - 0x00007ffbb9066000 	C:\WINDOWS\System32\GDI32.dll
0x00007ffbb7520000 - 0x00007ffbb76b4000 	C:\WINDOWS\System32\gdi32full.dll
0x00007ffbb67e0000 - 0x00007ffbb687e000 	C:\WINDOWS\System32\msvcp_win.dll
0x00007ffbb6880000 - 0x00007ffbb697a000 	C:\WINDOWS\System32\ucrtbase.dll
0x00007ffbb8250000 - 0x00007ffbb82a2000 	C:\WINDOWS\System32\SHLWAPI.dll
0x00007ffbb7f10000 - 0x00007ffbb8246000 	C:\WINDOWS\System32\combase.dll
0x00007ffbb9310000 - 0x00007ffbb9430000 	C:\WINDOWS\System32\RPCRT4.dll
0x00007ffbb7810000 - 0x00007ffbb7890000 	C:\WINDOWS\System32\bcryptPrimitives.dll
0x00007ffbb9070000 - 0x00007ffbb9113000 	C:\WINDOWS\System32\ADVAPI32.dll
0x00007ffbb9d50000 - 0x00007ffbb9de7000 	C:\WINDOWS\System32\sechost.dll
0x0000024e2c630000 - 0x0000024e2c633000 	C:\WINDOWS\SYSTEM32\sfc.dll
0x00007ffbaba50000 - 0x00007ffbabad9000 	C:\WINDOWS\SYSTEM32\WINSPOOL.DRV
0x00007ffbb6730000 - 0x00007ffbb6741000 	C:\WINDOWS\System32\kernel.appcore.dll
0x00007ffbb73b0000 - 0x00007ffbb73d6000 	C:\WINDOWS\System32\bcrypt.dll
0x00007ffbb31a0000 - 0x00007ffbb328f000 	C:\WINDOWS\SYSTEM32\PROPSYS.dll
0x00007ffbb9c80000 - 0x00007ffbb9d44000 	C:\WINDOWS\System32\OLEAUT32.dll
0x00007ffbb8920000 - 0x00007ffbb89c9000 	C:\WINDOWS\System32\shcore.dll
0x00007ffbb5ca0000 - 0x00007ffbb5cda000 	C:\WINDOWS\SYSTEM32\IPHLPAPI.DLL
0x00007ffb9c490000 - 0x00007ffb9c4a1000 	C:\WINDOWS\SYSTEM32\sfc_os.DLL
0x00007ffbb8c80000 - 0x00007ffbb8cae000 	C:\WINDOWS\System32\IMM32.DLL
0x00007ffba8b10000 - 0x00007ffba8d95000 	C:\WINDOWS\WinSxS\amd64_microsoft.windows.common-controls_6595b64144ccf1df_6.0.18362.592_none_e6c0b1911312be02\COMCTL32.dll
0x00007ffbb0080000 - 0x00007ffbb008a000 	C:\WINDOWS\SYSTEM32\VERSION.dll
0x00007ffbb2db0000 - 0x00007ffbb2dc6000 	C:\Program Files\Java\jdk-11.0.4\bin\vcruntime140.dll
0x00007ffbace60000 - 0x00007ffbacf0a000 	C:\Program Files\Java\jdk-11.0.4\bin\msvcp140.dll
0x00007ffb7a250000 - 0x00007ffb7ad77000 	C:\Program Files\Java\jdk-11.0.4\bin\server\jvm.dll
0x00007ffbb9580000 - 0x00007ffbb9588000 	C:\WINDOWS\System32\PSAPI.DLL
0x00007ffbb3540000 - 0x00007ffbb3549000 	C:\WINDOWS\SYSTEM32\WSOCK32.dll
0x00007ffbb8cb0000 - 0x00007ffbb8d1f000 	C:\WINDOWS\System32\WS2_32.dll
0x00007ffbb34c0000 - 0x00007ffbb34e4000 	C:\WINDOWS\SYSTEM32\WINMM.dll
0x00007ffbb3490000 - 0x00007ffbb34bd000 	C:\WINDOWS\SYSTEM32\WINMMBASE.dll
0x00007ffbb78b0000 - 0x00007ffbb78fa000 	C:\WINDOWS\System32\cfgmgr32.dll
0x00007ffbb1650000 - 0x00007ffbb1661000 	C:\Program Files\Java\jdk-11.0.4\bin\verify.dll
0x00007ffba7390000 - 0x00007ffba7584000 	C:\WINDOWS\SYSTEM32\DBGHELP.DLL
0x00007ffba7360000 - 0x00007ffba738a000 	C:\WINDOWS\SYSTEM32\dbgcore.DLL
0x00007ffbb13e0000 - 0x00007ffbb1409000 	C:\Program Files\Java\jdk-11.0.4\bin\java.dll
0x00007ffbb1610000 - 0x00007ffbb1626000 	C:\Program Files\Java\jdk-11.0.4\bin\zip.dll
0x00007ffbb34f0000 - 0x00007ffbb34fa000 	C:\Program Files\Java\jdk-11.0.4\bin\jimage.dll
0x00007ffbb9590000 - 0x00007ffbb9c75000 	C:\WINDOWS\System32\SHELL32.dll
0x00007ffbb6980000 - 0x00007ffbb70ff000 	C:\WINDOWS\System32\windows.storage.dll
0x00007ffbb6750000 - 0x00007ffbb676f000 	C:\WINDOWS\System32\profapi.dll
0x00007ffbb6770000 - 0x00007ffbb67ba000 	C:\WINDOWS\System32\powrprof.dll
0x00007ffbb6720000 - 0x00007ffbb6730000 	C:\WINDOWS\System32\UMPDC.dll
0x00007ffbb7890000 - 0x00007ffbb78a7000 	C:\WINDOWS\System32\cryptsp.dll
0x00007ffbb15b0000 - 0x00007ffbb15c9000 	C:\Program Files\Java\jdk-11.0.4\bin\net.dll
0x00007ffbb9fc0000 - 0x00007ffbba196000 	C:\WINDOWS\System32\urlmon.dll
0x00007ffbb89d0000 - 0x00007ffbb8c76000 	C:\WINDOWS\System32\iertutil.dll
0x00007ffbaac00000 - 0x00007ffbaacf0000 	C:\WINDOWS\SYSTEM32\WINHTTP.dll
0x00007ffbb6160000 - 0x00007ffbb616c000 	C:\WINDOWS\SYSTEM32\CRYPTBASE.DLL
0x00007ffbb5f90000 - 0x00007ffbb5ff7000 	C:\WINDOWS\system32\mswsock.dll
0x00007ffbb13b0000 - 0x00007ffbb13c3000 	C:\Program Files\Java\jdk-11.0.4\bin\nio.dll
0x00007ffbb1640000 - 0x00007ffbb1649000 	C:\Program Files\Java\jdk-11.0.4\bin\management.dll
0x00007ffbb1570000 - 0x00007ffbb157c000 	C:\Program Files\Java\jdk-11.0.4\bin\management_ext.dll
0x00007ffb92130000 - 0x00007ffb92146000 	C:\WINDOWS\system32\napinsp.dll
0x00007ffb92110000 - 0x00007ffb9212a000 	C:\WINDOWS\system32\pnrpnsp.dll
0x00007ffbb5ce0000 - 0x00007ffbb5daa000 	C:\WINDOWS\SYSTEM32\DNSAPI.dll
0x00007ffbb9130000 - 0x00007ffbb9138000 	C:\WINDOWS\System32\NSI.dll
0x00007ffb92160000 - 0x00007ffb9216e000 	C:\WINDOWS\System32\winrnr.dll
0x00007ffbb0f70000 - 0x00007ffbb0f8c000 	C:\WINDOWS\system32\NLAapi.dll
0x00007ffbac410000 - 0x00007ffbac425000 	C:\WINDOWS\system32\wshbth.dll
0x00007ffbaa120000 - 0x00007ffbaa12a000 	C:\Windows\System32\rasadhlp.dll
0x00007ffbab380000 - 0x00007ffbab3f7000 	C:\WINDOWS\System32\fwpuclnt.dll
0x00007ffbb5b00000 - 0x00007ffbb5b33000 	C:\WINDOWS\system32\rsaenh.dll
0x00007ffbb6610000 - 0x00007ffbb6635000 	C:\WINDOWS\SYSTEM32\USERENV.dll
0x00007ffbab460000 - 0x00007ffbab476000 	C:\WINDOWS\SYSTEM32\dhcpcsvc6.DLL
0x00007ffbab480000 - 0x00007ffbab49c000 	C:\WINDOWS\SYSTEM32\dhcpcsvc.DLL

dbghelp: loaded successfully - version: 4.0.5 - missing functions: none
symbol engine: initialized successfully - sym options: 0x614 - pdb path: .;C:\Program Files\Java\jdk-11.0.4\bin;C:\WINDOWS\SYSTEM32;C:\WINDOWS\WinSxS\amd64_microsoft.windows.common-controls_6595b64144ccf1df_6.0.18362.592_none_e6c0b1911312be02;C:\Program Files\Java\jdk-11.0.4\bin\server

VM Arguments:
jvm_args: -Dcom.sun.management.jmxremote -Dcom.sun.management.jmxremote.port=63641 -Dcom.sun.management.jmxremote.authenticate=false -Dcom.sun.management.jmxremote.ssl=false -Djava.rmi.server.hostname=localhost -Dspring.jmx.enabled=true -Dspring.liveBeansView.mbeanDomain -Dspring.application.admin.enabled=true -Xverify:none -XX:TieredStopAtLevel=1 -Dspring.boot.project.name=newproject -Dfile.encoding=Cp1252 
java_command: com.example.demo.NewprojectApplication --spring.output.ansi.enabled=always
java_class_path (initial): C:\Users\ASHISH\Desktop\sts\newproject\bin\main;C:\Users\ASHISH\.gradle\caches\modules-2\files-2.1\org.springframework.boot\spring-boot-starter-data-jpa\2.2.4.RELEASE\374fc811a6e64632593cae83fe6786b1b93b574\spring-boot-starter-data-jpa-2.2.4.RELEASE.jar;C:\Users\ASHISH\.gradle\caches\modules-2\files-2.1\org.springframework.boot\spring-boot-starter-security\2.2.4.RELEASE\6ae84ac22148368eca716c64424e2f5d9db7a156\spring-boot-starter-security-2.2.4.RELEASE.jar;C:\Users\ASHISH\.gradle\caches\modules-2\files-2.1\org.springframework.boot\spring-boot-starter-thymeleaf\2.2.4.RELEASE\168d71302f3227702e8a2d74841136c6e0814d81\spring-boot-starter-thymeleaf-2.2.4.RELEASE.jar;C:\Users\ASHISH\.gradle\caches\modules-2\files-2.1\org.springframework.boot\spring-boot-starter-web-services\2.2.4.RELEASE\3c19d62e7891bb70d99d1366fddc31a5b09cf0a7\spring-boot-starter-web-services-2.2.4.RELEASE.jar;C:\Users\ASHISH\.gradle\caches\modules-2\files-2.1\com.vaadin\vaadin-spring-boot-starter\14.1.16\a5db68224e202cac2f1f2e0356f3ba4203dc93cf\vaadin-spring-boot-starter-14.1.16.jar;C:\Users\ASHISH\.gradle\caches\modules-2\files-2.1\org.springframework.boot\spring-boot-starter-web\2.2.4.RELEASE\ec75d01d212b5229c16d872fb127744c0ed46ed8\spring-boot-starter-web-2.2.4.RELEASE.jar;C:\Users\ASHISH\.gradle\caches\modules-2\files-2.1\org.springframework.boot\spring-boot-starter-webflux\2.2.4.RELEASE\e26ab42e62ac9a398941dda033b0ea17edce2643\spring-boot-starter-webflux-2.2.4.RELEASE.jar;C:\Users\ASHISH\.gradle\caches\modules-2\files-2.1\org.springframework.boot\spring-boot-starter-aop\2.2.4.RELEASE\26fe8208e070eb17e48e101f812c4519103165a\spring-boot-starter-aop-2.2.4.RELEASE.jar;C:\Users\ASHISH\.gradle\caches\modules-2\files-2.1\org.springframework.boot\spring-boot-starter-jdbc\2.2.4.RELEASE\2391d4f6f338b1eee003f0aadfcd4124cd3ed191\spring-boot-starter-jdbc-2.2.4.RELEASE.jar;C:\Users\ASHISH\.gradle\caches\modules-2\files-2.1\com.sun.xml.messaging.saaj\saaj-impl\1.5.1\e76b10e4f99630d0e5
Launcher Type: SUN_STANDARD

[Global flags]
     bool BytecodeVerificationLocal                = false                                     {product} {command line}
     bool BytecodeVerificationRemote               = false                                     {product} {command line}
     intx CICompilerCount                          = 3                                         {product} {ergonomic}
     uint ConcGCThreads                            = 1                                         {product} {ergonomic}
     uint G1ConcRefinementThreads                  = 4                                         {product} {ergonomic}
   size_t G1HeapRegionSize                         = 1048576                                   {product} {ergonomic}
    uintx GCDrainStackTargetSize                   = 64                                        {product} {ergonomic}
   size_t InitialHeapSize                          = 134217728                                 {product} {ergonomic}
     bool ManagementServer                         = true                                      {product} {command line}
   size_t MarkStackSize                            = 4194304                                   {product} {ergonomic}
   size_t MaxHeapSize                              = 2134900736                                {product} {ergonomic}
   size_t MaxNewSize                               = 1280311296                                {product} {ergonomic}
   size_t MinHeapDeltaBytes                        = 1048576                                   {product} {ergonomic}
    uintx NonNMethodCodeHeapSize                   = 6973028                                {pd product} {ergonomic}
    uintx NonProfiledCodeHeapSize                  = 244685212                              {pd product} {ergonomic}
    uintx ProfiledCodeHeapSize                     = 0                                      {pd product} {ergonomic}
    uintx ReservedCodeCacheSize                    = 251658240                              {pd product} {ergonomic}
     bool SegmentedCodeCache                       = true                                      {product} {ergonomic}
     intx TieredStopAtLevel                        = 1                                         {product} {command line}
     bool UseCompressedClassPointers               = true                                 {lp64_product} {ergonomic}
     bool UseCompressedOops                        = true                                 {lp64_product} {ergonomic}
     bool UseG1GC                                  = true                                      {product} {ergonomic}
     bool UseLargePagesIndividualAllocation        = false                                  {pd product} {ergonomic}

Logging:
Log output configuration:
 #0: stdout all=warning uptime,level,tags
 #1: stderr all=off uptime,level,tags

Environment Variables:
PATH=C:/Program Files/Java/jdk-11.0.4/bin/server;C:/Program Files/Java/jdk-11.0.4/bin;C:\Program Files\Java\jdk-11.0.4\bin;C:\Program Files (x86)\Common Files\Microsoft Shared\Windows Live;C:\WINDOWS\system32;C:\WINDOWS;C:\WINDOWS\System32\Wbem;C:\WINDOWS\System32\WindowsPowerShell\v1.0\;C:\Program Files (x86)\Windows Live\Shared;C:\Program Files (x86)\ATI Technologies\ATI.ACE\Core-Static;C:\Program Files\Intel\WiFi\bin\;C:\Program Files\Common Files\Intel\WirelessCommon\;C:\WINDOWS\System32\OpenSSH\;C:\Program Files (x86)\AMD\ATI.ACE\Core-Static;C:\Program Files\nodejs\;C:\Program Files\Git\cmd;C:\Program Files\Java\jdk-11.0.4\bin;;C:\Users\ASHISH\Desktop\sts-bundle\sts-3.9.10.RELEASE;
USERNAME=ASHISH
OS=Windows_NT
PROCESSOR_IDENTIFIER=Intel64 Family 6 Model 42 Stepping 7, GenuineIntel



---------------  S Y S T E M  ---------------

OS: Windows 10 , 64 bit Build 18362 (10.0.18362.329)

CPU:total 4 (initial active 4) (2 cores per cpu, 2 threads per core) family 6 model 42 stepping 7, cmov, cx8, fxsr, mmx, sse, sse2, sse3, ssse3, sse4.1, sse4.2, popcnt, avx, aes, clmul, ht, tsc, tscinvbit

Memory: 4k page, system-wide physical 8139M (3023M free)
TotalPageFile size 16331M (AvailPageFile size 10469M)
current process WorkingSet (physical memory assigned to process): 358M, peak: 360M
current process commit charge ("private bytes"): 415M, peak: 416M

vm_info: Java HotSpot(TM) 64-Bit Server VM (11.0.4+10-LTS) for windows-amd64 JRE (11.0.4+10-LTS), built on Jul  4 2019 16:28:13 by "mach5one" with MS VC++ 15.5 (VS2017)

END.
