#
# A fatal error has been detected by the Java Runtime Environment:
#
#  EXCEPTION_ACCESS_VIOLATION (0xc0000005) at pc=0x00007ffc0035e7a5, pid=7132, tid=7940
#
# JRE version: Java(TM) SE Runtime Environment (11.0.4+10) (build 11.0.4+10-LTS)
# Java VM: Java HotSpot(TM) 64-Bit Server VM (11.0.4+10-LTS, mixed mode, tiered, compressed oops, g1 gc, windows-amd64)
# Problematic frame:
# V  [jvm.dll+0x65e7a5]
#
# No core dump will be written. Minidumps are not enabled by default on client versions of Windows
#
# If you would like to submit a bug report, please visit:
#   http://bugreport.java.com/bugreport/crash.jsp
#

---------------  S U M M A R Y ------------

Command Line: -Dcom.sun.management.jmxremote -Dcom.sun.management.jmxremote.port=64864 -Dcom.sun.management.jmxremote.authenticate=false -Dcom.sun.management.jmxremote.ssl=false -Djava.rmi.server.hostname=localhost -Dspring.jmx.enabled=true -Dspring.liveBeansView.mbeanDomain -Dspring.application.admin.enabled=true -Xverify:none -XX:TieredStopAtLevel=1 -Dspring.boot.project.name=newproject -Dfile.encoding=Cp1252 com.example.demo.NewprojectApplication --spring.output.ansi.enabled=always

Host: Intel(R) Core(TM) i5-2410M CPU @ 2.30GHz, 4 cores, 7G,  Windows 10 , 64 bit Build 18362 (10.0.18362.329)
Time: Tue Feb  4 23:04:00 2020 India Standard Time elapsed time: 1 seconds (0d 0h 0m 1s)

---------------  T H R E A D  ---------------

Current thread (0x0000020096efc000):  WatcherThread [stack: 0x000000d8d6700000,0x000000d8d6800000] [id=7940]

Stack: [0x000000d8d6700000,0x000000d8d6800000],  sp=0x000000d8d67ffc60,  free space=1023k
Native frames: (J=compiled Java code, j=interpreted, Vv=VM code, C=native code)
V  [jvm.dll+0x65e7a5]
V  [jvm.dll+0x6c7a2f]
V  [jvm.dll+0x71321d]
V  [jvm.dll+0x738bd9]
V  [jvm.dll+0x634c82]
C  [ucrtbase.dll+0x20e72]
C  [KERNEL32.DLL+0x17bd4]
C  [ntdll.dll+0x6ced1]


siginfo: EXCEPTION_ACCESS_VIOLATION (0xc0000005), reading address 0x0000000c0000000b


Register to memory mapping:

RIP=0x00007ffc0035e7a5 jvm.dll
RAX=0x0000000c0000000b is an unknown value
RBX=0x0000020096e58e10 points into unknown readable memory: 60 a4 5c 00 fc 7f 00 00
RCX=0x0000020096e44680 points into unknown readable memory: 0b 00 00 00 0c 00 00 00
RDX=0x0000000000000032 is an unknown value
RSP=0x000000d8d67ffc60 points into unknown readable memory: 20 69 69 f7 00 02 00 00
RBP=0x0000000000000002 is an unknown value
RSI=0x0000020096e44730 points into unknown readable memory: 60 b7 ef 96 00 02 00 00
RDI=0x0 is NULL
R8 =0x0 is NULL
R9 =0x0000020080000b80 is at begin+0 in a stub
StubRoutines::atomic_cmpxchg_long [0x0000020080000b80, 0x0000020080000b89[ (9 bytes)
R10=0x00000000546c6148 is an unknown value
R11=0x0000016b15fe8b38 is an unknown value
R12=0x0 is NULL
R13=0x0000020096efc000 points into unknown readable memory: 58 7c 5d 00 fc 7f 00 00
R14=0x0000000000000032 is an unknown value
R15=0x0000020096e17640 points into unknown readable memory: 00 00 00 00 00 00 00 00


Registers:
RAX=0x0000000c0000000b, RBX=0x0000020096e58e10, RCX=0x0000020096e44680, RDX=0x0000000000000032
RSP=0x000000d8d67ffc60, RBP=0x0000000000000002, RSI=0x0000020096e44730, RDI=0x0000000000000000
R8 =0x0000000000000000, R9 =0x0000020080000b80, R10=0x00000000546c6148, R11=0x0000016b15fe8b38
R12=0x0000000000000000, R13=0x0000020096efc000, R14=0x0000000000000032, R15=0x0000020096e17640
RIP=0x00007ffc0035e7a5, EFLAGS=0x0000000000010202

Top of Stack: (sp=0x000000d8d67ffc60)
0x000000d8d67ffc60:   00000200f7696920 0000000000000994
0x000000d8d67ffc70:   0000000000000001 00007ffc00307d40
0x000000d8d67ffc80:   0000000000000000 00007ffc003c7a2f
0x000000d8d67ffc90:   0000020096efc000 0000020096efc000
0x000000d8d67ffca0:   0000ae6999dda14c 00007ffc003087c9
0x000000d8d67ffcb0:   00007ffc00773798 00007ffc0041321d
0x000000d8d67ffcc0:   0000000000000001 00000200f7696920
0x000000d8d67ffcd0:   00000200f7696920 431bde82d7b634db
0x000000d8d67ffce0:   0000020096e17640 0000ae6999dda14c
0x000000d8d67ffcf0:   00000200f7696920 00007ffc00438bd9
0x000000d8d67ffd00:   0000000000000001 0000000000000032
0x000000d8d67ffd10:   0000000000000032 0000000000000002
0x000000d8d67ffd20:   0000000000000000 0000000000000000
0x000000d8d67ffd30:   0000000000000000 00007ffc3b2f1edb
0x000000d8d67ffd40:   0000000000000000 00007ffc3deb35d0
0x000000d8d67ffd50:   0000000000000000 0000000000000000 

Instructions: (pc=0x00007ffc0035e7a5)
0x00007ffc0035e785:   70 48 83 c4 50 5f c3 cc cc cc cc 40 53 48 83 ec
0x00007ffc0035e795:   20 48 8b d9 48 8b 49 38 48 85 c9 74 0c 48 8b 01
0x00007ffc0035e7a5:   ff 10 48 8b 4b 28 48 89 01 48 83 c4 20 5b c3 cc
0x00007ffc0035e7b5:   cc cc cc cc cc cc cc cc cc cc cc 48 89 5c 24 08 


Stack slot to memory mapping:
stack at sp + 0 slots: 0x00000200f7696920 points into unknown readable memory: 01 00 00 00 00 00 00 00
stack at sp + 1 slots: 0x0000000000000994 is an unknown value
stack at sp + 2 slots: 0x0000000000000001 is an unknown value
stack at sp + 3 slots: 0x00007ffc00307d40 jvm.dll
stack at sp + 4 slots: 0x0 is NULL
stack at sp + 5 slots: 0x00007ffc003c7a2f jvm.dll
stack at sp + 6 slots: 0x0000020096efc000 points into unknown readable memory: 58 7c 5d 00 fc 7f 00 00
stack at sp + 7 slots: 0x0000020096efc000 points into unknown readable memory: 58 7c 5d 00 fc 7f 00 00


---------------  P R O C E S S  ---------------

Threads class SMR info:
_java_thread_list=0x0000020096eec510, length=13, elements={
0x00000200f7698000, 0x0000020095aab000, 0x0000020095aac000, 0x00000200962f1800,
0x00000200962f3800, 0x00000200962f5800, 0x00000200962fc000, 0x00000200964eb800,
0x00000200964f4800, 0x00000200965ad800, 0x0000020096e56800, 0x0000020096e72800,
0x0000020096ef1000
}

Java Threads: ( => current thread )
  0x00000200f7698000 JavaThread "main" [_thread_in_vm, id=4820, stack(0x000000d8d5200000,0x000000d8d5300000)]
  0x0000020095aab000 JavaThread "Reference Handler" daemon [_thread_blocked, id=11412, stack(0x000000d8d5900000,0x000000d8d5a00000)]
  0x0000020095aac000 JavaThread "Finalizer" daemon [_thread_blocked, id=8324, stack(0x000000d8d5a00000,0x000000d8d5b00000)]
  0x00000200962f1800 JavaThread "Signal Dispatcher" daemon [_thread_blocked, id=8328, stack(0x000000d8d5b00000,0x000000d8d5c00000)]
  0x00000200962f3800 JavaThread "Attach Listener" daemon [_thread_blocked, id=10828, stack(0x000000d8d5c00000,0x000000d8d5d00000)]
  0x00000200962f5800 JavaThread "C1 CompilerThread0" daemon [_thread_blocked, id=7724, stack(0x000000d8d5d00000,0x000000d8d5e00000)]
  0x00000200962fc000 JavaThread "Sweeper thread" daemon [_thread_blocked, id=7300, stack(0x000000d8d5e00000,0x000000d8d5f00000)]
  0x00000200964eb800 JavaThread "Common-Cleaner" daemon [_thread_blocked, id=11856, stack(0x000000d8d5f00000,0x000000d8d6000000)]
  0x00000200964f4800 JavaThread "C1 CompilerThread1" daemon [_thread_blocked, id=4128, stack(0x000000d8d6000000,0x000000d8d6100000)]
  0x00000200965ad800 JavaThread "Service Thread" daemon [_thread_blocked, id=10264, stack(0x000000d8d6100000,0x000000d8d6200000)]
  0x0000020096e56800 JavaThread "RMI TCP Accept-0" daemon [_thread_in_native, id=8104, stack(0x000000d8d6400000,0x000000d8d6500000)]
  0x0000020096e72800 JavaThread "RMI TCP Accept-64864" daemon [_thread_in_native, id=4896, stack(0x000000d8d6500000,0x000000d8d6600000)]
  0x0000020096ef1000 JavaThread "RMI TCP Accept-0" daemon [_thread_in_native, id=11384, stack(0x000000d8d6600000,0x000000d8d6700000)]

Other Threads:
  0x00000200962b2800 VMThread "VM Thread" [stack: 0x000000d8d5800000,0x000000d8d5900000] [id=9452]
=>0x0000020096efc000 WatcherThread [stack: 0x000000d8d6700000,0x000000d8d6800000] [id=7940]
  0x00000200f76af000 GCTaskThread "GC Thread#0" [stack: 0x000000d8d5300000,0x000000d8d5400000] [id=6868]
  0x0000020096e41000 GCTaskThread "GC Thread#1" [stack: 0x000000d8d6200000,0x000000d8d6300000] [id=1196]
  0x0000020096e42000 GCTaskThread "GC Thread#2" [stack: 0x000000d8d6300000,0x000000d8d6400000] [id=9372]
  0x00000200f76e0800 ConcurrentGCThread "G1 Main Marker" [stack: 0x000000d8d5400000,0x000000d8d5500000] [id=11836]
  0x00000200f76e2000 ConcurrentGCThread "G1 Conc#0" [stack: 0x000000d8d5500000,0x000000d8d5600000] [id=6636]
  0x0000020095915800 ConcurrentGCThread "G1 Refine#0" [stack: 0x000000d8d5600000,0x000000d8d5700000] [id=11744]
  0x0000020095916800 ConcurrentGCThread "G1 Young RemSet Sampling" [stack: 0x000000d8d5700000,0x000000d8d5800000] [id=12272]

Threads with active compile tasks:
C1 CompilerThread11298       1       java.security.CodeSource::getCertificates (98 bytes)

VM state:not at safepoint (normal execution)

VM Mutex/Monitor currently owned by a thread:  ([mutex/lock_event])
[0x00000200f7696920] PeriodicTask_lock - owner thread: 0x0000020096efc000

Heap address: 0x0000000080c00000, size: 2036 MB, Compressed Oops mode: 32-bit
Narrow klass base: 0x0000000000000000, Narrow klass shift: 3
Compressed class space size: 1073741824 Address: 0x0000000100000000

Heap:
 garbage-first heap   total 131072K, used 14107K [0x0000000080c00000, 0x0000000100000000)
  region size 1024K, 7 young (7168K), 1 survivors (1024K)
 Metaspace       used 13497K, capacity 13813K, committed 13952K, reserved 1060864K
  class space    used 1426K, capacity 1570K, committed 1664K, reserved 1048576K
Heap Regions: E=young(eden), S=young(survivor), O=old, HS=humongous(starts), HC=humongous(continues), CS=collection set, F=free, A=archive, TAMS=top-at-mark-start (previous, next)
|   0|0x0000000080c00000, 0x0000000080d00000, 0x0000000080d00000|100%|HS|  |TAMS 0x0000000080c00000, 0x0000000080c00000| Complete 
|   1|0x0000000080d00000, 0x0000000080e00000, 0x0000000080e00000|100%| O|  |TAMS 0x0000000080d00000, 0x0000000080d00000| Untracked 
|   2|0x0000000080e00000, 0x0000000080f00000, 0x0000000080f00000|100%| O|  |TAMS 0x0000000080e00000, 0x0000000080e00000| Untracked 
|   3|0x0000000080f00000, 0x0000000081000000, 0x0000000081000000|100%| O|  |TAMS 0x0000000080f00000, 0x0000000080f00000| Untracked 
|   4|0x0000000081000000, 0x0000000081100000, 0x0000000081100000|100%| O|  |TAMS 0x0000000081000000, 0x0000000081000000| Untracked 
|   5|0x0000000081100000, 0x0000000081200000, 0x0000000081200000|100%| O|  |TAMS 0x0000000081100000, 0x0000000081100000| Untracked 
|   6|0x0000000081200000, 0x0000000081300000, 0x0000000081300000|100%| O|  |TAMS 0x0000000081200000, 0x0000000081200000| Untracked 
|   7|0x0000000081300000, 0x0000000081400000, 0x0000000081400000|100%| O|  |TAMS 0x0000000081300000, 0x0000000081300000| Untracked 
|   8|0x0000000081400000, 0x0000000081400000, 0x0000000081500000|  0%| F|  |TAMS 0x0000000081400000, 0x0000000081400000| Untracked 
|   9|0x0000000081500000, 0x0000000081500000, 0x0000000081600000|  0%| F|  |TAMS 0x0000000081500000, 0x0000000081500000| Untracked 
|  10|0x0000000081600000, 0x0000000081600000, 0x0000000081700000|  0%| F|  |TAMS 0x0000000081600000, 0x0000000081600000| Untracked 
|  11|0x0000000081700000, 0x0000000081700000, 0x0000000081800000|  0%| F|  |TAMS 0x0000000081700000, 0x0000000081700000| Untracked 
|  12|0x0000000081800000, 0x0000000081800000, 0x0000000081900000|  0%| F|  |TAMS 0x0000000081800000, 0x0000000081800000| Untracked 
|  13|0x0000000081900000, 0x0000000081900000, 0x0000000081a00000|  0%| F|  |TAMS 0x0000000081900000, 0x0000000081900000| Untracked 
|  14|0x0000000081a00000, 0x0000000081a00000, 0x0000000081b00000|  0%| F|  |TAMS 0x0000000081a00000, 0x0000000081a00000| Untracked 
|  15|0x0000000081b00000, 0x0000000081b00000, 0x0000000081c00000|  0%| F|  |TAMS 0x0000000081b00000, 0x0000000081b00000| Untracked 
|  16|0x0000000081c00000, 0x0000000081c00000, 0x0000000081d00000|  0%| F|  |TAMS 0x0000000081c00000, 0x0000000081c00000| Untracked 
|  17|0x0000000081d00000, 0x0000000081d00000, 0x0000000081e00000|  0%| F|  |TAMS 0x0000000081d00000, 0x0000000081d00000| Untracked 
|  18|0x0000000081e00000, 0x0000000081e00000, 0x0000000081f00000|  0%| F|  |TAMS 0x0000000081e00000, 0x0000000081e00000| Untracked 
|  19|0x0000000081f00000, 0x0000000081f00000, 0x0000000082000000|  0%| F|  |TAMS 0x0000000081f00000, 0x0000000081f00000| Untracked 
|  20|0x0000000082000000, 0x0000000082000000, 0x0000000082100000|  0%| F|  |TAMS 0x0000000082000000, 0x0000000082000000| Untracked 
|  21|0x0000000082100000, 0x0000000082100000, 0x0000000082200000|  0%| F|  |TAMS 0x0000000082100000, 0x0000000082100000| Untracked 
|  22|0x0000000082200000, 0x0000000082200000, 0x0000000082300000|  0%| F|  |TAMS 0x0000000082200000, 0x0000000082200000| Untracked 
|  23|0x0000000082300000, 0x0000000082300000, 0x0000000082400000|  0%| F|  |TAMS 0x0000000082300000, 0x0000000082300000| Untracked 
|  24|0x0000000082400000, 0x0000000082400000, 0x0000000082500000|  0%| F|  |TAMS 0x0000000082400000, 0x0000000082400000| Untracked 
|  25|0x0000000082500000, 0x0000000082500000, 0x0000000082600000|  0%| F|  |TAMS 0x0000000082500000, 0x0000000082500000| Untracked 
|  26|0x0000000082600000, 0x0000000082600000, 0x0000000082700000|  0%| F|  |TAMS 0x0000000082600000, 0x0000000082600000| Untracked 
|  27|0x0000000082700000, 0x0000000082700000, 0x0000000082800000|  0%| F|  |TAMS 0x0000000082700000, 0x0000000082700000| Untracked 
|  28|0x0000000082800000, 0x0000000082800000, 0x0000000082900000|  0%| F|  |TAMS 0x0000000082800000, 0x0000000082800000| Untracked 
|  29|0x0000000082900000, 0x0000000082900000, 0x0000000082a00000|  0%| F|  |TAMS 0x0000000082900000, 0x0000000082900000| Untracked 
|  30|0x0000000082a00000, 0x0000000082a00000, 0x0000000082b00000|  0%| F|  |TAMS 0x0000000082a00000, 0x0000000082a00000| Untracked 
|  31|0x0000000082b00000, 0x0000000082b00000, 0x0000000082c00000|  0%| F|  |TAMS 0x0000000082b00000, 0x0000000082b00000| Untracked 
|  32|0x0000000082c00000, 0x0000000082c00000, 0x0000000082d00000|  0%| F|  |TAMS 0x0000000082c00000, 0x0000000082c00000| Untracked 
|  33|0x0000000082d00000, 0x0000000082d00000, 0x0000000082e00000|  0%| F|  |TAMS 0x0000000082d00000, 0x0000000082d00000| Untracked 
|  34|0x0000000082e00000, 0x0000000082e00000, 0x0000000082f00000|  0%| F|  |TAMS 0x0000000082e00000, 0x0000000082e00000| Untracked 
|  35|0x0000000082f00000, 0x0000000082f00000, 0x0000000083000000|  0%| F|  |TAMS 0x0000000082f00000, 0x0000000082f00000| Untracked 
|  36|0x0000000083000000, 0x0000000083000000, 0x0000000083100000|  0%| F|  |TAMS 0x0000000083000000, 0x0000000083000000| Untracked 
|  37|0x0000000083100000, 0x0000000083100000, 0x0000000083200000|  0%| F|  |TAMS 0x0000000083100000, 0x0000000083100000| Untracked 
|  38|0x0000000083200000, 0x0000000083200000, 0x0000000083300000|  0%| F|  |TAMS 0x0000000083200000, 0x0000000083200000| Untracked 
|  39|0x0000000083300000, 0x0000000083300000, 0x0000000083400000|  0%| F|  |TAMS 0x0000000083300000, 0x0000000083300000| Untracked 
|  40|0x0000000083400000, 0x0000000083400000, 0x0000000083500000|  0%| F|  |TAMS 0x0000000083400000, 0x0000000083400000| Untracked 
|  41|0x0000000083500000, 0x0000000083500000, 0x0000000083600000|  0%| F|  |TAMS 0x0000000083500000, 0x0000000083500000| Untracked 
|  42|0x0000000083600000, 0x0000000083600000, 0x0000000083700000|  0%| F|  |TAMS 0x0000000083600000, 0x0000000083600000| Untracked 
|  43|0x0000000083700000, 0x0000000083700000, 0x0000000083800000|  0%| F|  |TAMS 0x0000000083700000, 0x0000000083700000| Untracked 
|  44|0x0000000083800000, 0x0000000083800000, 0x0000000083900000|  0%| F|  |TAMS 0x0000000083800000, 0x0000000083800000| Untracked 
|  45|0x0000000083900000, 0x0000000083900000, 0x0000000083a00000|  0%| F|  |TAMS 0x0000000083900000, 0x0000000083900000| Untracked 
|  46|0x0000000083a00000, 0x0000000083a00000, 0x0000000083b00000|  0%| F|  |TAMS 0x0000000083a00000, 0x0000000083a00000| Untracked 
|  47|0x0000000083b00000, 0x0000000083b00000, 0x0000000083c00000|  0%| F|  |TAMS 0x0000000083b00000, 0x0000000083b00000| Untracked 
|  48|0x0000000083c00000, 0x0000000083c00000, 0x0000000083d00000|  0%| F|  |TAMS 0x0000000083c00000, 0x0000000083c00000| Untracked 
|  49|0x0000000083d00000, 0x0000000083d00000, 0x0000000083e00000|  0%| F|  |TAMS 0x0000000083d00000, 0x0000000083d00000| Untracked 
|  50|0x0000000083e00000, 0x0000000083e00000, 0x0000000083f00000|  0%| F|  |TAMS 0x0000000083e00000, 0x0000000083e00000| Untracked 
|  51|0x0000000083f00000, 0x0000000083f00000, 0x0000000084000000|  0%| F|  |TAMS 0x0000000083f00000, 0x0000000083f00000| Untracked 
|  52|0x0000000084000000, 0x0000000084000000, 0x0000000084100000|  0%| F|  |TAMS 0x0000000084000000, 0x0000000084000000| Untracked 
|  53|0x0000000084100000, 0x0000000084100000, 0x0000000084200000|  0%| F|  |TAMS 0x0000000084100000, 0x0000000084100000| Untracked 
|  54|0x0000000084200000, 0x0000000084200000, 0x0000000084300000|  0%| F|  |TAMS 0x0000000084200000, 0x0000000084200000| Untracked 
|  55|0x0000000084300000, 0x0000000084300000, 0x0000000084400000|  0%| F|  |TAMS 0x0000000084300000, 0x0000000084300000| Untracked 
|  56|0x0000000084400000, 0x0000000084400000, 0x0000000084500000|  0%| F|  |TAMS 0x0000000084400000, 0x0000000084400000| Untracked 
|  57|0x0000000084500000, 0x0000000084500000, 0x0000000084600000|  0%| F|  |TAMS 0x0000000084500000, 0x0000000084500000| Untracked 
|  58|0x0000000084600000, 0x0000000084600000, 0x0000000084700000|  0%| F|  |TAMS 0x0000000084600000, 0x0000000084600000| Untracked 
|  59|0x0000000084700000, 0x0000000084700000, 0x0000000084800000|  0%| F|  |TAMS 0x0000000084700000, 0x0000000084700000| Untracked 
|  60|0x0000000084800000, 0x0000000084800000, 0x0000000084900000|  0%| F|  |TAMS 0x0000000084800000, 0x0000000084800000| Untracked 
|  61|0x0000000084900000, 0x0000000084900000, 0x0000000084a00000|  0%| F|  |TAMS 0x0000000084900000, 0x0000000084900000| Untracked 
|  62|0x0000000084a00000, 0x0000000084a00000, 0x0000000084b00000|  0%| F|  |TAMS 0x0000000084a00000, 0x0000000084a00000| Untracked 
|  63|0x0000000084b00000, 0x0000000084b00000, 0x0000000084c00000|  0%| F|  |TAMS 0x0000000084b00000, 0x0000000084b00000| Untracked 
|  64|0x0000000084c00000, 0x0000000084c00000, 0x0000000084d00000|  0%| F|  |TAMS 0x0000000084c00000, 0x0000000084c00000| Untracked 
|  65|0x0000000084d00000, 0x0000000084d00000, 0x0000000084e00000|  0%| F|  |TAMS 0x0000000084d00000, 0x0000000084d00000| Untracked 
|  66|0x0000000084e00000, 0x0000000084e00000, 0x0000000084f00000|  0%| F|  |TAMS 0x0000000084e00000, 0x0000000084e00000| Untracked 
|  67|0x0000000084f00000, 0x0000000084f00000, 0x0000000085000000|  0%| F|  |TAMS 0x0000000084f00000, 0x0000000084f00000| Untracked 
|  68|0x0000000085000000, 0x0000000085000000, 0x0000000085100000|  0%| F|  |TAMS 0x0000000085000000, 0x0000000085000000| Untracked 
|  69|0x0000000085100000, 0x0000000085100000, 0x0000000085200000|  0%| F|  |TAMS 0x0000000085100000, 0x0000000085100000| Untracked 
|  70|0x0000000085200000, 0x0000000085200000, 0x0000000085300000|  0%| F|  |TAMS 0x0000000085200000, 0x0000000085200000| Untracked 
|  71|0x0000000085300000, 0x0000000085300000, 0x0000000085400000|  0%| F|  |TAMS 0x0000000085300000, 0x0000000085300000| Untracked 
|  72|0x0000000085400000, 0x0000000085400000, 0x0000000085500000|  0%| F|  |TAMS 0x0000000085400000, 0x0000000085400000| Untracked 
|  73|0x0000000085500000, 0x0000000085500000, 0x0000000085600000|  0%| F|  |TAMS 0x0000000085500000, 0x0000000085500000| Untracked 
|  74|0x0000000085600000, 0x0000000085600000, 0x0000000085700000|  0%| F|  |TAMS 0x0000000085600000, 0x0000000085600000| Untracked 
|  75|0x0000000085700000, 0x0000000085700000, 0x0000000085800000|  0%| F|  |TAMS 0x0000000085700000, 0x0000000085700000| Untracked 
|  76|0x0000000085800000, 0x0000000085800000, 0x0000000085900000|  0%| F|  |TAMS 0x0000000085800000, 0x0000000085800000| Untracked 
|  77|0x0000000085900000, 0x0000000085900000, 0x0000000085a00000|  0%| F|  |TAMS 0x0000000085900000, 0x0000000085900000| Untracked 
|  78|0x0000000085a00000, 0x0000000085a00000, 0x0000000085b00000|  0%| F|  |TAMS 0x0000000085a00000, 0x0000000085a00000| Untracked 
|  79|0x0000000085b00000, 0x0000000085b00000, 0x0000000085c00000|  0%| F|  |TAMS 0x0000000085b00000, 0x0000000085b00000| Untracked 
|  80|0x0000000085c00000, 0x0000000085c00000, 0x0000000085d00000|  0%| F|  |TAMS 0x0000000085c00000, 0x0000000085c00000| Untracked 
|  81|0x0000000085d00000, 0x0000000085d00000, 0x0000000085e00000|  0%| F|  |TAMS 0x0000000085d00000, 0x0000000085d00000| Untracked 
|  82|0x0000000085e00000, 0x0000000085e00000, 0x0000000085f00000|  0%| F|  |TAMS 0x0000000085e00000, 0x0000000085e00000| Untracked 
|  83|0x0000000085f00000, 0x0000000085f00000, 0x0000000086000000|  0%| F|  |TAMS 0x0000000085f00000, 0x0000000085f00000| Untracked 
|  84|0x0000000086000000, 0x0000000086000000, 0x0000000086100000|  0%| F|  |TAMS 0x0000000086000000, 0x0000000086000000| Untracked 
|  85|0x0000000086100000, 0x0000000086100000, 0x0000000086200000|  0%| F|  |TAMS 0x0000000086100000, 0x0000000086100000| Untracked 
|  86|0x0000000086200000, 0x0000000086200000, 0x0000000086300000|  0%| F|  |TAMS 0x0000000086200000, 0x0000000086200000| Untracked 
|  87|0x0000000086300000, 0x0000000086300000, 0x0000000086400000|  0%| F|  |TAMS 0x0000000086300000, 0x0000000086300000| Untracked 
|  88|0x0000000086400000, 0x0000000086400000, 0x0000000086500000|  0%| F|  |TAMS 0x0000000086400000, 0x0000000086400000| Untracked 
|  89|0x0000000086500000, 0x0000000086500000, 0x0000000086600000|  0%| F|  |TAMS 0x0000000086500000, 0x0000000086500000| Untracked 
|  90|0x0000000086600000, 0x0000000086600000, 0x0000000086700000|  0%| F|  |TAMS 0x0000000086600000, 0x0000000086600000| Untracked 
|  91|0x0000000086700000, 0x0000000086700000, 0x0000000086800000|  0%| F|  |TAMS 0x0000000086700000, 0x0000000086700000| Untracked 
|  92|0x0000000086800000, 0x0000000086800000, 0x0000000086900000|  0%| F|  |TAMS 0x0000000086800000, 0x0000000086800000| Untracked 
|  93|0x0000000086900000, 0x0000000086900000, 0x0000000086a00000|  0%| F|  |TAMS 0x0000000086900000, 0x0000000086900000| Untracked 
|  94|0x0000000086a00000, 0x0000000086a00000, 0x0000000086b00000|  0%| F|  |TAMS 0x0000000086a00000, 0x0000000086a00000| Untracked 
|  95|0x0000000086b00000, 0x0000000086b00000, 0x0000000086c00000|  0%| F|  |TAMS 0x0000000086b00000, 0x0000000086b00000| Untracked 
|  96|0x0000000086c00000, 0x0000000086c00000, 0x0000000086d00000|  0%| F|  |TAMS 0x0000000086c00000, 0x0000000086c00000| Untracked 
|  97|0x0000000086d00000, 0x0000000086d00000, 0x0000000086e00000|  0%| F|  |TAMS 0x0000000086d00000, 0x0000000086d00000| Untracked 
|  98|0x0000000086e00000, 0x0000000086e00000, 0x0000000086f00000|  0%| F|  |TAMS 0x0000000086e00000, 0x0000000086e00000| Untracked 
|  99|0x0000000086f00000, 0x0000000086f00000, 0x0000000087000000|  0%| F|  |TAMS 0x0000000086f00000, 0x0000000086f00000| Untracked 
| 100|0x0000000087000000, 0x0000000087000000, 0x0000000087100000|  0%| F|  |TAMS 0x0000000087000000, 0x0000000087000000| Untracked 
| 101|0x0000000087100000, 0x0000000087100000, 0x0000000087200000|  0%| F|  |TAMS 0x0000000087100000, 0x0000000087100000| Untracked 
| 102|0x0000000087200000, 0x0000000087200000, 0x0000000087300000|  0%| F|  |TAMS 0x0000000087200000, 0x0000000087200000| Untracked 
| 103|0x0000000087300000, 0x0000000087300000, 0x0000000087400000|  0%| F|  |TAMS 0x0000000087300000, 0x0000000087300000| Untracked 
| 104|0x0000000087400000, 0x0000000087400000, 0x0000000087500000|  0%| F|  |TAMS 0x0000000087400000, 0x0000000087400000| Untracked 
| 105|0x0000000087500000, 0x0000000087500000, 0x0000000087600000|  0%| F|  |TAMS 0x0000000087500000, 0x0000000087500000| Untracked 
| 106|0x0000000087600000, 0x0000000087600000, 0x0000000087700000|  0%| F|  |TAMS 0x0000000087600000, 0x0000000087600000| Untracked 
| 107|0x0000000087700000, 0x0000000087700000, 0x0000000087800000|  0%| F|  |TAMS 0x0000000087700000, 0x0000000087700000| Untracked 
| 108|0x0000000087800000, 0x0000000087800000, 0x0000000087900000|  0%| F|  |TAMS 0x0000000087800000, 0x0000000087800000| Untracked 
| 109|0x0000000087900000, 0x0000000087900000, 0x0000000087a00000|  0%| F|  |TAMS 0x0000000087900000, 0x0000000087900000| Untracked 
| 110|0x0000000087a00000, 0x0000000087a00000, 0x0000000087b00000|  0%| F|  |TAMS 0x0000000087a00000, 0x0000000087a00000| Untracked 
| 111|0x0000000087b00000, 0x0000000087b00000, 0x0000000087c00000|  0%| F|  |TAMS 0x0000000087b00000, 0x0000000087b00000| Untracked 
| 112|0x0000000087c00000, 0x0000000087c00000, 0x0000000087d00000|  0%| F|  |TAMS 0x0000000087c00000, 0x0000000087c00000| Untracked 
| 113|0x0000000087d00000, 0x0000000087d00000, 0x0000000087e00000|  0%| F|  |TAMS 0x0000000087d00000, 0x0000000087d00000| Untracked 
| 114|0x0000000087e00000, 0x0000000087e00000, 0x0000000087f00000|  0%| F|  |TAMS 0x0000000087e00000, 0x0000000087e00000| Untracked 
| 115|0x0000000087f00000, 0x0000000087f00000, 0x0000000088000000|  0%| F|  |TAMS 0x0000000087f00000, 0x0000000087f00000| Untracked 
| 116|0x0000000088000000, 0x0000000088000000, 0x0000000088100000|  0%| F|  |TAMS 0x0000000088000000, 0x0000000088000000| Untracked 
| 117|0x0000000088100000, 0x0000000088100000, 0x0000000088200000|  0%| F|  |TAMS 0x0000000088100000, 0x0000000088100000| Untracked 
| 118|0x0000000088200000, 0x0000000088200000, 0x0000000088300000|  0%| F|  |TAMS 0x0000000088200000, 0x0000000088200000| Untracked 
| 119|0x0000000088300000, 0x0000000088300000, 0x0000000088400000|  0%| F|  |TAMS 0x0000000088300000, 0x0000000088300000| Untracked 
| 120|0x0000000088400000, 0x0000000088400000, 0x0000000088500000|  0%| F|  |TAMS 0x0000000088400000, 0x0000000088400000| Untracked 
| 121|0x0000000088500000, 0x0000000088600000, 0x0000000088600000|100%| E|  |TAMS 0x0000000088500000, 0x0000000088500000| Complete 
| 122|0x0000000088600000, 0x00000000886c6e10, 0x0000000088700000| 77%| S|CS|TAMS 0x0000000088600000, 0x0000000088600000| Complete 
| 123|0x0000000088700000, 0x0000000088800000, 0x0000000088800000|100%| E|CS|TAMS 0x0000000088700000, 0x0000000088700000| Complete 
| 124|0x0000000088800000, 0x0000000088900000, 0x0000000088900000|100%| E|CS|TAMS 0x0000000088800000, 0x0000000088800000| Complete 
| 125|0x0000000088900000, 0x0000000088a00000, 0x0000000088a00000|100%| E|CS|TAMS 0x0000000088900000, 0x0000000088900000| Complete 
| 126|0x0000000088a00000, 0x0000000088b00000, 0x0000000088b00000|100%| E|CS|TAMS 0x0000000088a00000, 0x0000000088a00000| Complete 
| 127|0x0000000088b00000, 0x0000000088c00000, 0x0000000088c00000|100%| E|CS|TAMS 0x0000000088b00000, 0x0000000088b00000| Complete 

Card table byte_map: [0x000002008f000000,0x000002008f400000] _byte_map_base: 0x000002008ebfa000

Marking Bits (Prev, Next): (CMBitMap*) 0x00000200f76d7dc8, (CMBitMap*) 0x00000200f76d7e00
 Prev Bits: [0x000002008f800000, 0x00000200917d0000)
 Next Bits: [0x00000200917d0000, 0x00000200937a0000)

Polling page: 0x00000200f54d0000

Metaspace:

Usage:
  Non-class:     12.08 MB capacity,    11.88 MB ( 98%) used,   172.18 KB (  1%) free+waste,    31.25 KB ( <1%) overhead. 
      Class:      1.53 MB capacity,     1.40 MB ( 91%) used,   119.69 KB (  8%) free+waste,    15.50 KB ( <1%) overhead. 
       Both:     13.62 MB capacity,    13.28 MB ( 98%) used,   291.87 KB (  2%) free+waste,    46.75 KB ( <1%) overhead. 

Virtual space:
  Non-class space:       14.00 MB reserved,      12.25 MB ( 88%) committed 
      Class space:        1.00 GB reserved,       1.63 MB ( <1%) committed 
             Both:        1.01 GB reserved,      13.88 MB (  1%) committed 

Chunk freelists:
   Non-Class:  5.38 KB
       Class:  3.63 KB
        Both:  9.00 KB

CodeHeap 'non-profiled nmethods': size=238912Kb used=1945Kb max_used=1945Kb free=236966Kb
 bounds [0x00000200806b0000, 0x0000020080920000, 0x000002008f000000]
CodeHeap 'non-nmethods': size=6848Kb used=1668Kb max_used=1668Kb free=5179Kb
 bounds [0x0000020080000000, 0x0000020080270000, 0x00000200806b0000]
 total_blobs=1735 nmethods=1306 adapters=339
 compilation: enabled
              stopped_count=0, restarted_count=0
 full_count=0

Compilation events (10 events):
Event: 1.616 Thread 0x00000200964f4800 1108       1       java.lang.String::equalsIgnoreCase (45 bytes)
Event: 1.616 Thread 0x00000200962f5800 1109       1       java.lang.String::regionMatches (150 bytes)
Event: 1.616 Thread 0x00000200964f4800 nmethod 1108 0x000002008082e710 code [0x000002008082e8c0, 0x000002008082ea90]
Event: 1.616 Thread 0x00000200964f4800 1110       1       java.io.StreamTokenizer::nextToken (1268 bytes)
Event: 1.617 Thread 0x00000200962f5800 nmethod 1109 0x000002008082eb90 code [0x000002008082ed80, 0x000002008082f0b0]
Event: 1.617 Thread 0x00000200962f5800 1111       1       java.lang.StringLatin1::regionMatchesCI (92 bytes)
Event: 1.617 Thread 0x00000200962f5800 nmethod 1111 0x000002008082f290 code [0x000002008082f4c0, 0x000002008082f860]
Event: 1.618 Thread 0x00000200962f5800 1112       1       sun.security.provider.PolicyParser::peek (177 bytes)
Event: 1.618 Thread 0x00000200962f5800 nmethod 1112 0x000002008082fb90 code [0x000002008082fda0, 0x0000020080830110]
Event: 1.618 Thread 0x00000200962f5800 1113       1       sun.security.provider.PolicyParser::match (766 bytes)

GC Heap History (4 events):
Event: 1.081 GC heap before
{Heap before GC invocations=0 (full 0):
 garbage-first heap   total 131072K, used 14336K [0x0000000080c00000, 0x0000000100000000)
  region size 1024K, 14 young (14336K), 0 survivors (0K)
 Metaspace       used 9031K, capacity 9216K, committed 9472K, reserved 1058816K
  class space    used 919K, capacity 995K, committed 1024K, reserved 1048576K
}
Event: 1.089 GC heap after
{Heap after GC invocations=1 (full 0):
 garbage-first heap   total 131072K, used 8181K [0x0000000080c00000, 0x0000000100000000)
  region size 1024K, 2 young (2048K), 2 survivors (2048K)
 Metaspace       used 9031K, capacity 9216K, committed 9472K, reserved 1058816K
  class space    used 919K, capacity 995K, committed 1024K, reserved 1048576K
}
Event: 1.596 GC heap before
{Heap before GC invocations=1 (full 0):
 garbage-first heap   total 131072K, used 13301K [0x0000000080c00000, 0x0000000100000000)
  region size 1024K, 7 young (7168K), 2 survivors (2048K)
 Metaspace       used 12243K, capacity 12585K, committed 12800K, reserved 1060864K
  class space    used 1294K, capacity 1438K, committed 1536K, reserved 1048576K
}
Event: 1.602 GC heap after
{Heap after GC invocations=2 (full 0):
 garbage-first heap   total 131072K, used 8987K [0x0000000080c00000, 0x0000000100000000)
  region size 1024K, 1 young (1024K), 1 survivors (1024K)
 Metaspace       used 12243K, capacity 12585K, committed 12800K, reserved 1060864K
  class space    used 1294K, capacity 1438K, committed 1536K, reserved 1048576K
}

Deoptimization events (0 events):
No events

Classes redefined (0 events):
No events

Internal exceptions (10 events):
Event: 1.144 Thread 0x00000200f7698000 Exception <a 'java/lang/NoSuchMethodError'{0x0000000088ba6368}: java.lang.invoke.DirectMethodHandle$Holder.invokeSpecialIFC(Ljava/lang/Object;Ljava/lang/Object;Ljava/lang/Object;)I> (0x0000000088ba6368) thrown at [t:/workspace/open/src/hotspot/share/inter
Event: 1.171 Thread 0x00000200f7698000 Exception <a 'java/lang/NoSuchMethodError'{0x0000000088a0a898}: java.lang.invoke.DirectMethodHandle$Holder.invokeStatic(Ljava/lang/Object;IIII)Ljava/lang/Object;> (0x0000000088a0a898) thrown at [t:/workspace/open/src/hotspot/share/interpreter/linkResolver
Event: 1.171 Thread 0x00000200f7698000 Exception <a 'java/lang/NoSuchMethodError'{0x0000000088a0d9b0}: java.lang.invoke.DirectMethodHandle$Holder.invokeStaticInit(Ljava/lang/Object;IIII)Ljava/lang/Object;> (0x0000000088a0d9b0) thrown at [t:/workspace/open/src/hotspot/share/interpreter/linkReso
Event: 1.483 Thread 0x00000200f7698000 Exception <a 'java/lang/NoSuchMethodError'{0x0000000088aeaff0}: java.lang.invoke.DirectMethodHandle$Holder.invokeStatic(Ljava/lang/Object;Ljava/lang/Object;IIII)Ljava/lang/Object;> (0x0000000088aeaff0) thrown at [t:/workspace/open/src/hotspot/share/interp
Event: 1.483 Thread 0x00000200f7698000 Exception <a 'java/lang/NoSuchMethodError'{0x0000000088aee338}: java.lang.invoke.DirectMethodHandle$Holder.invokeStaticInit(Ljava/lang/Object;Ljava/lang/Object;IIII)Ljava/lang/Object;> (0x0000000088aee338) thrown at [t:/workspace/open/src/hotspot/share/in
Event: 1.501 Thread 0x00000200f7698000 Exception <a 'java/lang/ClassNotFoundException'{0x000000008890c260}: javax/management/remote/rmi/RMIServerImpl_Skel> (0x000000008890c260) thrown at [t:/workspace/open/src/hotspot/share/classfile/systemDictionary.cpp, line 231]
Event: 1.549 Thread 0x00000200f7698000 Exception <a 'java/lang/ClassNotFoundException'{0x00000000889ab110}: jdk/internal/agent/resources/spi/agentProvider> (0x00000000889ab110) thrown at [t:/workspace/open/src/hotspot/share/classfile/systemDictionary.cpp, line 231]
Event: 1.558 Thread 0x00000200f7698000 Exception <a 'java/lang/NoSuchMethodError'{0x00000000888016f0}: java.lang.invoke.DirectMethodHandle$Holder.invokeStatic(Ljava/lang/Object;Ljava/lang/Object;Ljava/lang/Object;Ljava/lang/Object;Ljava/lang/Object;Ljava/lang/Object;Ljava/lang/Object;Ljava/lan
Event: 1.559 Thread 0x00000200f7698000 Exception <a 'java/lang/NoSuchMethodError'{0x000000008880e0b0}: java.lang.invoke.DirectMethodHandle$Holder.invokeStatic(Ljava/lang/Object;Ljava/lang/Object;Ljava/lang/Object;Ljava/lang/Object;Ljava/lang/Object;Ljava/lang/Object;Ljava/lang/Object;Ljava/lan
Event: 1.562 Thread 0x00000200f7698000 Exception <a 'java/lang/NoSuchMethodError'{0x0000000088827d38}: java.lang.invoke.DelegatingMethodHandle$Holder.reinvoke_L(Ljava/lang/Object;ILjava/lang/Object;)Ljava/lang/Object;> (0x0000000088827d38) thrown at [t:/workspace/open/src/hotspot/share/interpr

Events (10 events):
Event: 1.613 loading class sun/security/provider/PolicyParser
Event: 1.613 loading class sun/security/provider/PolicyParser done
Event: 1.614 loading class java/io/StreamTokenizer
Event: 1.614 loading class java/io/StreamTokenizer done
Event: 1.615 loading class sun/security/provider/PolicyParser$GrantEntry
Event: 1.615 loading class sun/security/provider/PolicyParser$GrantEntry done
Event: 1.615 loading class sun/security/provider/PolicyParser$PermissionEntry
Event: 1.615 loading class sun/security/provider/PolicyParser$PermissionEntry done
Event: 1.615 loading class sun/security/util/PropertyExpander
Event: 1.616 loading class sun/security/util/PropertyExpander done


Dynamic libraries:
0x00007ff708c80000 - 0x00007ff708cc7000 	C:\Program Files\Java\jdk-11.0.4\bin\javaw.exe
0x00007ffc3de60000 - 0x00007ffc3e050000 	C:\WINDOWS\SYSTEM32\ntdll.dll
0x00007ffc3d210000 - 0x00007ffc3d2c2000 	C:\WINDOWS\System32\KERNEL32.DLL
0x00007ffc3b2d0000 - 0x00007ffc3b573000 	C:\WINDOWS\System32\KERNELBASE.dll
0x00007ffc38620000 - 0x00007ffc386af000 	C:\WINDOWS\SYSTEM32\apphelp.dll
0x00007ffbe1420000 - 0x00007ffbe18b2000 	C:\WINDOWS\SYSTEM32\AcLayers.DLL
0x00007ffc3cbe0000 - 0x00007ffc3cc7e000 	C:\WINDOWS\System32\msvcrt.dll
0x00007ffc3d400000 - 0x00007ffc3d594000 	C:\WINDOWS\System32\USER32.dll
0x00007ffc3a700000 - 0x00007ffc3a721000 	C:\WINDOWS\System32\win32u.dll
0x00007ffc3beb0000 - 0x00007ffc3bed6000 	C:\WINDOWS\System32\GDI32.dll
0x00007ffc3aeb0000 - 0x00007ffc3b044000 	C:\WINDOWS\System32\gdi32full.dll
0x00007ffc3a540000 - 0x00007ffc3a5de000 	C:\WINDOWS\System32\msvcp_win.dll
0x00007ffc3a600000 - 0x00007ffc3a6fa000 	C:\WINDOWS\System32\ucrtbase.dll
0x00007ffc3cdb0000 - 0x00007ffc3ce02000 	C:\WINDOWS\System32\SHLWAPI.dll
0x00007ffc3dae0000 - 0x00007ffc3de16000 	C:\WINDOWS\System32\combase.dll
0x00007ffc3d0f0000 - 0x00007ffc3d210000 	C:\WINDOWS\System32\RPCRT4.dll
0x00007ffc3b1f0000 - 0x00007ffc3b270000 	C:\WINDOWS\System32\bcryptPrimitives.dll
0x00007ffc3cc80000 - 0x00007ffc3cd23000 	C:\WINDOWS\System32\ADVAPI32.dll
0x00007ffc3be10000 - 0x00007ffc3bea7000 	C:\WINDOWS\System32\sechost.dll
0x00000200f5330000 - 0x00000200f5333000 	C:\WINDOWS\SYSTEM32\sfc.dll
0x00007ffc32750000 - 0x00007ffc327d9000 	C:\WINDOWS\SYSTEM32\WINSPOOL.DRV
0x00007ffc3a3f0000 - 0x00007ffc3a401000 	C:\WINDOWS\System32\kernel.appcore.dll
0x00007ffc3a510000 - 0x00007ffc3a536000 	C:\WINDOWS\System32\bcrypt.dll
0x00007ffc36e20000 - 0x00007ffc36f0f000 	C:\WINDOWS\SYSTEM32\PROPSYS.dll
0x00007ffc3da10000 - 0x00007ffc3dad4000 	C:\WINDOWS\System32\OLEAUT32.dll
0x00007ffc3cfe0000 - 0x00007ffc3d089000 	C:\WINDOWS\System32\shcore.dll
0x00007ffc39920000 - 0x00007ffc3995a000 	C:\WINDOWS\SYSTEM32\IPHLPAPI.DLL
0x00007ffc36090000 - 0x00007ffc360a1000 	C:\WINDOWS\SYSTEM32\sfc_os.DLL
0x00007ffc3ca70000 - 0x00007ffc3ca9e000 	C:\WINDOWS\System32\IMM32.DLL
0x00007ffc2fd20000 - 0x00007ffc2ffa5000 	C:\WINDOWS\WinSxS\amd64_microsoft.windows.common-controls_6595b64144ccf1df_6.0.18362.592_none_e6c0b1911312be02\COMCTL32.dll
0x00007ffc342b0000 - 0x00007ffc342ba000 	C:\WINDOWS\SYSTEM32\VERSION.dll
0x00007ffc2e320000 - 0x00007ffc2e336000 	C:\Program Files\Java\jdk-11.0.4\bin\vcruntime140.dll
0x00007ffc15e50000 - 0x00007ffc15efa000 	C:\Program Files\Java\jdk-11.0.4\bin\msvcp140.dll
0x00007ffbffd00000 - 0x00007ffc00827000 	C:\Program Files\Java\jdk-11.0.4\bin\server\jvm.dll
0x00007ffc3bad0000 - 0x00007ffc3bad8000 	C:\WINDOWS\System32\PSAPI.DLL
0x00007ffc2e3e0000 - 0x00007ffc2e3e9000 	C:\WINDOWS\SYSTEM32\WSOCK32.dll
0x00007ffc3c740000 - 0x00007ffc3c7af000 	C:\WINDOWS\System32\WS2_32.dll
0x00007ffc37140000 - 0x00007ffc37164000 	C:\WINDOWS\SYSTEM32\WINMM.dll
0x00007ffc37110000 - 0x00007ffc3713d000 	C:\WINDOWS\SYSTEM32\WINMMBASE.dll
0x00007ffc3b050000 - 0x00007ffc3b09a000 	C:\WINDOWS\System32\cfgmgr32.dll
0x00007ffc2e3a0000 - 0x00007ffc2e3b1000 	C:\Program Files\Java\jdk-11.0.4\bin\verify.dll
0x00007ffc2c8c0000 - 0x00007ffc2cab4000 	C:\WINDOWS\SYSTEM32\DBGHELP.DLL
0x00007ffc2c7a0000 - 0x00007ffc2c7ca000 	C:\WINDOWS\SYSTEM32\dbgcore.DLL
0x00007ffc2e370000 - 0x00007ffc2e399000 	C:\Program Files\Java\jdk-11.0.4\bin\java.dll
0x00007ffc2e350000 - 0x00007ffc2e366000 	C:\Program Files\Java\jdk-11.0.4\bin\zip.dll
0x00007ffc2e340000 - 0x00007ffc2e34a000 	C:\Program Files\Java\jdk-11.0.4\bin\jimage.dll
0x00007ffc3bee0000 - 0x00007ffc3c5c5000 	C:\WINDOWS\System32\SHELL32.dll
0x00007ffc3a730000 - 0x00007ffc3aeaf000 	C:\WINDOWS\System32\windows.storage.dll
0x00007ffc3a3d0000 - 0x00007ffc3a3ef000 	C:\WINDOWS\System32\profapi.dll
0x00007ffc3a410000 - 0x00007ffc3a45a000 	C:\WINDOWS\System32\powrprof.dll
0x00007ffc3a3a0000 - 0x00007ffc3a3b0000 	C:\WINDOWS\System32\UMPDC.dll
0x00007ffc3a5e0000 - 0x00007ffc3a5f7000 	C:\WINDOWS\System32\cryptsp.dll
0x00007ffc2e110000 - 0x00007ffc2e129000 	C:\Program Files\Java\jdk-11.0.4\bin\net.dll
0x00007ffc3c890000 - 0x00007ffc3ca66000 	C:\WINDOWS\System32\urlmon.dll
0x00007ffc3bae0000 - 0x00007ffc3bd86000 	C:\WINDOWS\System32\iertutil.dll
0x00007ffc31570000 - 0x00007ffc31660000 	C:\WINDOWS\SYSTEM32\WINHTTP.dll
0x00007ffc39de0000 - 0x00007ffc39dec000 	C:\WINDOWS\SYSTEM32\CRYPTBASE.DLL
0x00007ffc39c10000 - 0x00007ffc39c77000 	C:\WINDOWS\system32\mswsock.dll
0x00007ffc2e0f0000 - 0x00007ffc2e103000 	C:\Program Files\Java\jdk-11.0.4\bin\nio.dll
0x00007ffc2e580000 - 0x00007ffc2e589000 	C:\Program Files\Java\jdk-11.0.4\bin\management.dll
0x00007ffc2e570000 - 0x00007ffc2e57c000 	C:\Program Files\Java\jdk-11.0.4\bin\management_ext.dll
0x00007ffc2e4b0000 - 0x00007ffc2e4c6000 	C:\WINDOWS\system32\napinsp.dll
0x00007ffc2e490000 - 0x00007ffc2e4aa000 	C:\WINDOWS\system32\pnrpnsp.dll
0x00007ffc39960000 - 0x00007ffc39a2a000 	C:\WINDOWS\SYSTEM32\DNSAPI.dll
0x00007ffc3c5d0000 - 0x00007ffc3c5d8000 	C:\WINDOWS\System32\NSI.dll
0x00007ffc2e450000 - 0x00007ffc2e45e000 	C:\WINDOWS\System32\winrnr.dll
0x00007ffc36be0000 - 0x00007ffc36bfc000 	C:\WINDOWS\system32\NLAapi.dll
0x00007ffc30370000 - 0x00007ffc30385000 	C:\WINDOWS\system32\wshbth.dll
0x00007ffc31090000 - 0x00007ffc3109a000 	C:\Windows\System32\rasadhlp.dll
0x00007ffc31f80000 - 0x00007ffc31ff7000 	C:\WINDOWS\System32\fwpuclnt.dll
0x00007ffc39780000 - 0x00007ffc397b3000 	C:\WINDOWS\system32\rsaenh.dll
0x00007ffc3a2c0000 - 0x00007ffc3a2e5000 	C:\WINDOWS\SYSTEM32\USERENV.dll
0x00007ffc32250000 - 0x00007ffc32266000 	C:\WINDOWS\SYSTEM32\dhcpcsvc6.DLL
0x00007ffc326c0000 - 0x00007ffc326dc000 	C:\WINDOWS\SYSTEM32\dhcpcsvc.DLL

dbghelp: loaded successfully - version: 4.0.5 - missing functions: none
symbol engine: initialized successfully - sym options: 0x614 - pdb path: .;C:\Program Files\Java\jdk-11.0.4\bin;C:\WINDOWS\SYSTEM32;C:\WINDOWS\WinSxS\amd64_microsoft.windows.common-controls_6595b64144ccf1df_6.0.18362.592_none_e6c0b1911312be02;C:\Program Files\Java\jdk-11.0.4\bin\server

VM Arguments:
jvm_args: -Dcom.sun.management.jmxremote -Dcom.sun.management.jmxremote.port=64864 -Dcom.sun.management.jmxremote.authenticate=false -Dcom.sun.management.jmxremote.ssl=false -Djava.rmi.server.hostname=localhost -Dspring.jmx.enabled=true -Dspring.liveBeansView.mbeanDomain -Dspring.application.admin.enabled=true -Xverify:none -XX:TieredStopAtLevel=1 -Dspring.boot.project.name=newproject -Dfile.encoding=Cp1252 
java_command: com.example.demo.NewprojectApplication --spring.output.ansi.enabled=always
java_class_path (initial): C:\Users\ASHISH\Desktop\sts\newproject\bin\main;C:\Users\ASHISH\.gradle\caches\modules-2\files-2.1\org.springframework.boot\spring-boot-starter-data-jpa\2.2.4.RELEASE\374fc811a6e64632593cae83fe6786b1b93b574\spring-boot-starter-data-jpa-2.2.4.RELEASE.jar;C:\Users\ASHISH\.gradle\caches\modules-2\files-2.1\org.springframework.boot\spring-boot-starter-security\2.2.4.RELEASE\6ae84ac22148368eca716c64424e2f5d9db7a156\spring-boot-starter-security-2.2.4.RELEASE.jar;C:\Users\ASHISH\.gradle\caches\modules-2\files-2.1\org.springframework.boot\spring-boot-starter-thymeleaf\2.2.4.RELEASE\168d71302f3227702e8a2d74841136c6e0814d81\spring-boot-starter-thymeleaf-2.2.4.RELEASE.jar;C:\Users\ASHISH\.gradle\caches\modules-2\files-2.1\org.springframework.boot\spring-boot-starter-web-services\2.2.4.RELEASE\3c19d62e7891bb70d99d1366fddc31a5b09cf0a7\spring-boot-starter-web-services-2.2.4.RELEASE.jar;C:\Users\ASHISH\.gradle\caches\modules-2\files-2.1\com.vaadin\vaadin-spring-boot-starter\14.1.16\a5db68224e202cac2f1f2e0356f3ba4203dc93cf\vaadin-spring-boot-starter-14.1.16.jar;C:\Users\ASHISH\.gradle\caches\modules-2\files-2.1\org.springframework.boot\spring-boot-starter-web\2.2.4.RELEASE\ec75d01d212b5229c16d872fb127744c0ed46ed8\spring-boot-starter-web-2.2.4.RELEASE.jar;C:\Users\ASHISH\.gradle\caches\modules-2\files-2.1\org.springframework.boot\spring-boot-starter-webflux\2.2.4.RELEASE\e26ab42e62ac9a398941dda033b0ea17edce2643\spring-boot-starter-webflux-2.2.4.RELEASE.jar;C:\Users\ASHISH\.gradle\caches\modules-2\files-2.1\org.springframework.boot\spring-boot-starter-aop\2.2.4.RELEASE\26fe8208e070eb17e48e101f812c4519103165a\spring-boot-starter-aop-2.2.4.RELEASE.jar;C:\Users\ASHISH\.gradle\caches\modules-2\files-2.1\org.springframework.boot\spring-boot-starter-jdbc\2.2.4.RELEASE\2391d4f6f338b1eee003f0aadfcd4124cd3ed191\spring-boot-starter-jdbc-2.2.4.RELEASE.jar;C:\Users\ASHISH\.gradle\caches\modules-2\files-2.1\com.sun.xml.messaging.saaj\saaj-impl\1.5.1\e76b10e4f99630d0e5
Launcher Type: SUN_STANDARD

[Global flags]
     bool BytecodeVerificationLocal                = false                                     {product} {command line}
     bool BytecodeVerificationRemote               = false                                     {product} {command line}
     intx CICompilerCount                          = 3                                         {product} {ergonomic}
     uint ConcGCThreads                            = 1                                         {product} {ergonomic}
     uint G1ConcRefinementThreads                  = 4                                         {product} {ergonomic}
   size_t G1HeapRegionSize                         = 1048576                                   {product} {ergonomic}
    uintx GCDrainStackTargetSize                   = 64                                        {product} {ergonomic}
   size_t InitialHeapSize                          = 134217728                                 {product} {ergonomic}
     bool ManagementServer                         = true                                      {product} {command line}
   size_t MarkStackSize                            = 4194304                                   {product} {ergonomic}
   size_t MaxHeapSize                              = 2134900736                                {product} {ergonomic}
   size_t MaxNewSize                               = 1280311296                                {product} {ergonomic}
   size_t MinHeapDeltaBytes                        = 1048576                                   {product} {ergonomic}
    uintx NonNMethodCodeHeapSize                   = 6973028                                {pd product} {ergonomic}
    uintx NonProfiledCodeHeapSize                  = 244685212                              {pd product} {ergonomic}
    uintx ProfiledCodeHeapSize                     = 0                                      {pd product} {ergonomic}
    uintx ReservedCodeCacheSize                    = 251658240                              {pd product} {ergonomic}
     bool SegmentedCodeCache                       = true                                      {product} {ergonomic}
     intx TieredStopAtLevel                        = 1                                         {product} {command line}
     bool UseCompressedClassPointers               = true                                 {lp64_product} {ergonomic}
     bool UseCompressedOops                        = true                                 {lp64_product} {ergonomic}
     bool UseG1GC                                  = true                                      {product} {ergonomic}
     bool UseLargePagesIndividualAllocation        = false                                  {pd product} {ergonomic}

Logging:
Log output configuration:
 #0: stdout all=warning uptime,level,tags
 #1: stderr all=off uptime,level,tags

Environment Variables:
PATH=C:/Program Files/Java/jdk-11.0.4/bin/server;C:/Program Files/Java/jdk-11.0.4/bin;C:\Program Files\Java\jdk-11.0.4\bin;C:\Program Files (x86)\Common Files\Microsoft Shared\Windows Live;C:\WINDOWS\system32;C:\WINDOWS;C:\WINDOWS\System32\Wbem;C:\WINDOWS\System32\WindowsPowerShell\v1.0\;C:\Program Files (x86)\Windows Live\Shared;C:\Program Files (x86)\ATI Technologies\ATI.ACE\Core-Static;C:\Program Files\Intel\WiFi\bin\;C:\Program Files\Common Files\Intel\WirelessCommon\;C:\WINDOWS\System32\OpenSSH\;C:\Program Files (x86)\AMD\ATI.ACE\Core-Static;C:\Program Files\nodejs\;C:\Program Files\Git\cmd;C:\Program Files\Java\jdk-11.0.4\bin;;C:\Users\ASHISH\Desktop\sts-bundle\sts-3.9.10.RELEASE;
USERNAME=ASHISH
OS=Windows_NT
PROCESSOR_IDENTIFIER=Intel64 Family 6 Model 42 Stepping 7, GenuineIntel



---------------  S Y S T E M  ---------------

OS: Windows 10 , 64 bit Build 18362 (10.0.18362.329)

CPU:total 4 (initial active 4) (2 cores per cpu, 2 threads per core) family 6 model 42 stepping 7, cmov, cx8, fxsr, mmx, sse, sse2, sse3, ssse3, sse4.1, sse4.2, popcnt, avx, aes, clmul, ht, tsc, tscinvbit

Memory: 4k page, system-wide physical 8139M (2966M free)
TotalPageFile size 16331M (AvailPageFile size 9834M)
current process WorkingSet (physical memory assigned to process): 76M, peak: 76M
current process commit charge ("private bytes"): 219M, peak: 219M

vm_info: Java HotSpot(TM) 64-Bit Server VM (11.0.4+10-LTS) for windows-amd64 JRE (11.0.4+10-LTS), built on Jul  4 2019 16:28:13 by "mach5one" with MS VC++ 15.5 (VS2017)

END.
