#
# A fatal error has been detected by the Java Runtime Environment:
#
#  EXCEPTION_ACCESS_VIOLATION (0xc0000005) at pc=0x00007ffa25807a29, pid=6016, tid=11360
#
# JRE version: Java(TM) SE Runtime Environment (11.0.4+10) (build 11.0.4+10-LTS)
# Java VM: Java HotSpot(TM) 64-Bit Server VM (11.0.4+10-LTS, mixed mode, tiered, compressed oops, g1 gc, windows-amd64)
# Problematic frame:
# V  [jvm.dll+0x6c7a29]
#
# No core dump will be written. Minidumps are not enabled by default on client versions of Windows
#
# If you would like to submit a bug report, please visit:
#   http://bugreport.java.com/bugreport/crash.jsp
#

---------------  S U M M A R Y ------------

Command Line: -agentlib:jdwp=transport=dt_socket,suspend=y,address=localhost:56977 -Dcom.sun.management.jmxremote -Dcom.sun.management.jmxremote.port=56976 -Dcom.sun.management.jmxremote.authenticate=false -Dcom.sun.management.jmxremote.ssl=false -Djava.rmi.server.hostname=localhost -Dspring.jmx.enabled=true -Dspring.liveBeansView.mbeanDomain -Dspring.application.admin.enabled=true -Xverify:none -XX:TieredStopAtLevel=1 -Dspring.boot.project.name=newproject -Dfile.encoding=Cp1252 com.example.demo.NewprojectApplication --spring.output.ansi.enabled=always

Host: Intel(R) Core(TM) i5-2410M CPU @ 2.30GHz, 4 cores, 7G,  Windows 10 , 64 bit Build 18362 (10.0.18362.329)
Time: Wed Feb  5 23:28:47 2020 India Standard Time elapsed time: 1 seconds (0d 0h 0m 1s)

---------------  T H R E A D  ---------------

Current thread (0x00000274a4a4e000):  WatcherThread [stack: 0x000000dfc2a00000,0x000000dfc2b00000] [id=11360]

Stack: [0x000000dfc2a00000,0x000000dfc2b00000],  sp=0x000000dfc2aff9f0,  free space=1022k
Native frames: (J=compiled Java code, j=interpreted, Vv=VM code, C=native code)
V  [jvm.dll+0x6c7a29]
V  [jvm.dll+0x71321d]
V  [jvm.dll+0x738bd9]
V  [jvm.dll+0x634c82]
C  [ucrtbase.dll+0x20e72]
C  [KERNEL32.DLL+0x17bd4]
C  [ntdll.dll+0x6ced1]


siginfo: EXCEPTION_ACCESS_VIOLATION (0xc0000005), reading address 0x0000000c0000000b


Register to memory mapping:

RIP=0x00007ffa25807a29 jvm.dll
RAX=0x00000274a49cac40 points into unknown readable memory: 0b 00 00 00 0c 00 00 00
RBX=0x0 is NULL
RCX=0x0000000c0000000b is an unknown value
RDX=0x0000000000000032 is an unknown value
RSP=0x000000dfc2aff9f0 points into unknown readable memory: 00 e0 a4 a4 74 02 00 00
RBP=0x0000000000000002 is an unknown value
RSI=0x00000274a49cacc0 points into unknown readable memory: e0 8c a3 a4 74 02 00 00
RDI=0x0 is NULL
R8 =0x0 is NULL
R9 =0x000002748c9d0b80 is at begin+0 in a stub
StubRoutines::atomic_cmpxchg_long [0x000002748c9d0b80, 0x000002748c9d0b89[ (9 bytes)
R10=0x00000000546c6148 is an unknown value
R11=0x0000009df8e4450b is an unknown value
R12=0x0 is NULL
R13=0x00000274a4a4e000 points into unknown readable memory: 58 7c a1 25 fa 7f 00 00
R14=0x0000000000000032 is an unknown value
R15=0x00000274a4a27840 points into unknown readable memory: 00 00 00 00 00 00 00 00


Registers:
RAX=0x00000274a49cac40, RBX=0x0000000000000000, RCX=0x0000000c0000000b, RDX=0x0000000000000032
RSP=0x000000dfc2aff9f0, RBP=0x0000000000000002, RSI=0x00000274a49cacc0, RDI=0x0000000000000000
R8 =0x0000000000000000, R9 =0x000002748c9d0b80, R10=0x00000000546c6148, R11=0x0000009df8e4450b
R12=0x0000000000000000, R13=0x00000274a4a4e000, R14=0x0000000000000032, R15=0x00000274a4a27840
RIP=0x00007ffa25807a29, EFLAGS=0x0000000000010202

Top of Stack: (sp=0x000000dfc2aff9f0)
0x000000dfc2aff9f0:   00000274a4a4e000 00000274a4a4e000
0x000000dfc2affa00:   00004dda5616956c 00007ffa257487c9
0x000000dfc2affa10:   00007ffa25bb3798 00007ffa2585321d
0x000000dfc2affa20:   0000000000000001 0000027482ed70f0
0x000000dfc2affa30:   0000027482ed70f0 431bde82d7b634db
0x000000dfc2affa40:   00000274a4a27840 00004dda5616956c
0x000000dfc2affa50:   0000027482ed70f0 00007ffa25878bd9
0x000000dfc2affa60:   0000000000000001 0000000000000032
0x000000dfc2affa70:   0000000000000032 0000000000000002
0x000000dfc2affa80:   0000000000000000 0000000000000000
0x000000dfc2affa90:   0000000000000000 00007ffa5e421edb
0x000000dfc2affaa0:   0000000000000000 00007ffa611f35d0
0x000000dfc2affab0:   0000000000000000 0000000000000000
0x000000dfc2affac0:   0000000000000000 0000000000000000
0x000000dfc2affad0:   0000000000000000 000000dfc2affb10
0x000000dfc2affae0:   00000274a4a4e000 00007ffa25774c82 

Instructions: (pc=0x00007ffa25807a29)
0x00007ffa25807a09:   20 48 8b 35 47 6c 3a 00 33 db 48 8b 06 39 18 7e
0x00007ffa25807a19:   27 48 89 7c 24 30 8b fb 48 8b 40 18 48 8b 0c 07
0x00007ffa25807a29:   48 8b 01 ff 50 08 48 8b 06 48 8d 7f 08 ff c3 3b
0x00007ffa25807a39:   18 7c e5 48 8b 7c 24 30 48 8b 5c 24 38 48 83 c4 


Stack slot to memory mapping:
stack at sp + 0 slots: 0x00000274a4a4e000 points into unknown readable memory: 58 7c a1 25 fa 7f 00 00
stack at sp + 1 slots: 0x00000274a4a4e000 points into unknown readable memory: 58 7c a1 25 fa 7f 00 00
stack at sp + 2 slots: 0x00004dda5616956c is an unknown value
stack at sp + 3 slots: 0x00007ffa257487c9 jvm.dll
stack at sp + 4 slots: 0x00007ffa25bb3798 jvm.dll
stack at sp + 5 slots: 0x00007ffa2585321d jvm.dll
stack at sp + 6 slots: 0x0000000000000001 is an unknown value
stack at sp + 7 slots: 0x0000027482ed70f0 points into unknown readable memory: 01 00 00 00 00 00 00 00


---------------  P R O C E S S  ---------------

Threads class SMR info:
_java_thread_list=0x00000274a49d7ae0, length=17, elements={
0x0000027482ed9800, 0x00000274a3a25800, 0x00000274a3a27000, 0x00000274a3a62000,
0x00000274a3a63000, 0x00000274a3a6d000, 0x00000274a3ab8800, 0x00000274a31d9000,
0x00000274a3d1f000, 0x00000274a3d24800, 0x00000274a3d25800, 0x00000274a3d33800,
0x00000274a474a000, 0x00000274a49c8800, 0x00000274a49d0000, 0x00000274a4a43800,
0x00000274a4f58800
}

Java Threads: ( => current thread )
  0x0000027482ed9800 JavaThread "main" [_thread_in_Java, id=5728, stack(0x000000dfc1100000,0x000000dfc1200000)]
  0x00000274a3a25800 JavaThread "Reference Handler" daemon [_thread_blocked, id=7024, stack(0x000000dfc1800000,0x000000dfc1900000)]
  0x00000274a3a27000 JavaThread "Finalizer" daemon [_thread_blocked, id=8536, stack(0x000000dfc1900000,0x000000dfc1a00000)]
  0x00000274a3a62000 JavaThread "Signal Dispatcher" daemon [_thread_blocked, id=4856, stack(0x000000dfc1a00000,0x000000dfc1b00000)]
  0x00000274a3a63000 JavaThread "Attach Listener" daemon [_thread_blocked, id=11496, stack(0x000000dfc1b00000,0x000000dfc1c00000)]
  0x00000274a3a6d000 JavaThread "C1 CompilerThread0" daemon [_thread_blocked, id=12224, stack(0x000000dfc1c00000,0x000000dfc1d00000)]
  0x00000274a3ab8800 JavaThread "Sweeper thread" daemon [_thread_blocked, id=8380, stack(0x000000dfc1d00000,0x000000dfc1e00000)]
  0x00000274a31d9000 JavaThread "Common-Cleaner" daemon [_thread_blocked, id=10444, stack(0x000000dfc1e00000,0x000000dfc1f00000)]
  0x00000274a3d1f000 JavaThread "JDWP Transport Listener: dt_socket" daemon [_thread_blocked, id=5364, stack(0x000000dfc1f00000,0x000000dfc2000000)]
  0x00000274a3d24800 JavaThread "JDWP Event Helper Thread" daemon [_thread_blocked, id=11092, stack(0x000000dfc2000000,0x000000dfc2100000)]
  0x00000274a3d25800 JavaThread "JDWP Command Reader" daemon [_thread_in_native, id=10864, stack(0x000000dfc2100000,0x000000dfc2200000)]
  0x00000274a3d33800 JavaThread "Service Thread" daemon [_thread_blocked, id=8128, stack(0x000000dfc2200000,0x000000dfc2300000)]
  0x00000274a474a000 JavaThread "C1 CompilerThread1" daemon [_thread_in_native, id=6192, stack(0x000000dfc2300000,0x000000dfc2400000)]
  0x00000274a49c8800 JavaThread "RMI TCP Accept-0" daemon [_thread_in_native, id=7308, stack(0x000000dfc2700000,0x000000dfc2800000)]
  0x00000274a49d0000 JavaThread "RMI TCP Accept-56976" daemon [_thread_in_native, id=10060, stack(0x000000dfc2800000,0x000000dfc2900000)]
  0x00000274a4a43800 JavaThread "RMI TCP Accept-0" daemon [_thread_in_native, id=11700, stack(0x000000dfc2900000,0x000000dfc2a00000)]
  0x00000274a4f58800 JavaThread "C1 CompilerThread2" daemon [_thread_in_native, id=3360, stack(0x000000dfc2b00000,0x000000dfc2c00000)]

Other Threads:
  0x00000274a3a20800 VMThread "VM Thread" [stack: 0x000000dfc1700000,0x000000dfc1800000] [id=3120]
=>0x00000274a4a4e000 WatcherThread [stack: 0x000000dfc2a00000,0x000000dfc2b00000] [id=11360]
  0x0000027482ef0000 GCTaskThread "GC Thread#0" [stack: 0x000000dfc1200000,0x000000dfc1300000] [id=4304]
  0x00000274a4978800 GCTaskThread "GC Thread#1" [stack: 0x000000dfc2400000,0x000000dfc2500000] [id=10316]
  0x00000274a497b000 GCTaskThread "GC Thread#2" [stack: 0x000000dfc2500000,0x000000dfc2600000] [id=9168]
  0x0000027482f22000 ConcurrentGCThread "G1 Main Marker" [stack: 0x000000dfc1300000,0x000000dfc1400000] [id=10776]
  0x0000027482f27800 ConcurrentGCThread "G1 Conc#0" [stack: 0x000000dfc1400000,0x000000dfc1500000] [id=3228]
  0x00000274a3086800 ConcurrentGCThread "G1 Refine#0" [stack: 0x000000dfc1500000,0x000000dfc1600000] [id=11920]
  0x00000274a4996800 ConcurrentGCThread "G1 Refine#1" [stack: 0x000000dfc2600000,0x000000dfc2700000] [id=11460]
  0x00000274a3087800 ConcurrentGCThread "G1 Young RemSet Sampling" [stack: 0x000000dfc1600000,0x000000dfc1700000] [id=10328]

Threads with active compile tasks:
C1 CompilerThread01275   !   1       jdk.internal.loader.BuiltinClassLoader::loadClassOrNull (143 bytes)

VM state:not at safepoint (normal execution)

VM Mutex/Monitor currently owned by a thread:  ([mutex/lock_event])
[0x0000027482ed70f0] PeriodicTask_lock - owner thread: 0x00000274a4a4e000

Heap address: 0x0000000080c00000, size: 2036 MB, Compressed Oops mode: 32-bit
Narrow klass base: 0x0000000000000000, Narrow klass shift: 3
Compressed class space size: 1073741824 Address: 0x0000000100000000

Heap:
 garbage-first heap   total 131072K, used 13957K [0x0000000080c00000, 0x0000000100000000)
  region size 1024K, 7 young (7168K), 1 survivors (1024K)
 Metaspace       used 13418K, capacity 13798K, committed 13952K, reserved 1060864K
  class space    used 1402K, capacity 1538K, committed 1664K, reserved 1048576K
Heap Regions: E=young(eden), S=young(survivor), O=old, HS=humongous(starts), HC=humongous(continues), CS=collection set, F=free, A=archive, TAMS=top-at-mark-start (previous, next)
|   0|0x0000000080c00000, 0x0000000080d00000, 0x0000000080d00000|100%|HS|  |TAMS 0x0000000080c00000, 0x0000000080c00000| Complete 
|   1|0x0000000080d00000, 0x0000000080e00000, 0x0000000080e00000|100%| O|  |TAMS 0x0000000080d00000, 0x0000000080d00000| Untracked 
|   2|0x0000000080e00000, 0x0000000080f00000, 0x0000000080f00000|100%| O|  |TAMS 0x0000000080e00000, 0x0000000080e00000| Untracked 
|   3|0x0000000080f00000, 0x0000000081000000, 0x0000000081000000|100%| O|  |TAMS 0x0000000080f00000, 0x0000000080f00000| Untracked 
|   4|0x0000000081000000, 0x0000000081100000, 0x0000000081100000|100%| O|  |TAMS 0x0000000081000000, 0x0000000081000000| Untracked 
|   5|0x0000000081100000, 0x0000000081200000, 0x0000000081200000|100%| O|  |TAMS 0x0000000081100000, 0x0000000081100000| Untracked 
|   6|0x0000000081200000, 0x0000000081300000, 0x0000000081300000|100%| O|  |TAMS 0x0000000081200000, 0x0000000081200000| Untracked 
|   7|0x0000000081300000, 0x00000000813d6600, 0x0000000081400000| 83%| O|  |TAMS 0x0000000081300000, 0x0000000081300000| Untracked 
|   8|0x0000000081400000, 0x0000000081400000, 0x0000000081500000|  0%| F|  |TAMS 0x0000000081400000, 0x0000000081400000| Untracked 
|   9|0x0000000081500000, 0x0000000081500000, 0x0000000081600000|  0%| F|  |TAMS 0x0000000081500000, 0x0000000081500000| Untracked 
|  10|0x0000000081600000, 0x0000000081600000, 0x0000000081700000|  0%| F|  |TAMS 0x0000000081600000, 0x0000000081600000| Untracked 
|  11|0x0000000081700000, 0x0000000081700000, 0x0000000081800000|  0%| F|  |TAMS 0x0000000081700000, 0x0000000081700000| Untracked 
|  12|0x0000000081800000, 0x0000000081800000, 0x0000000081900000|  0%| F|  |TAMS 0x0000000081800000, 0x0000000081800000| Untracked 
|  13|0x0000000081900000, 0x0000000081900000, 0x0000000081a00000|  0%| F|  |TAMS 0x0000000081900000, 0x0000000081900000| Untracked 
|  14|0x0000000081a00000, 0x0000000081a00000, 0x0000000081b00000|  0%| F|  |TAMS 0x0000000081a00000, 0x0000000081a00000| Untracked 
|  15|0x0000000081b00000, 0x0000000081b00000, 0x0000000081c00000|  0%| F|  |TAMS 0x0000000081b00000, 0x0000000081b00000| Untracked 
|  16|0x0000000081c00000, 0x0000000081c00000, 0x0000000081d00000|  0%| F|  |TAMS 0x0000000081c00000, 0x0000000081c00000| Untracked 
|  17|0x0000000081d00000, 0x0000000081d00000, 0x0000000081e00000|  0%| F|  |TAMS 0x0000000081d00000, 0x0000000081d00000| Untracked 
|  18|0x0000000081e00000, 0x0000000081e00000, 0x0000000081f00000|  0%| F|  |TAMS 0x0000000081e00000, 0x0000000081e00000| Untracked 
|  19|0x0000000081f00000, 0x0000000081f00000, 0x0000000082000000|  0%| F|  |TAMS 0x0000000081f00000, 0x0000000081f00000| Untracked 
|  20|0x0000000082000000, 0x0000000082000000, 0x0000000082100000|  0%| F|  |TAMS 0x0000000082000000, 0x0000000082000000| Untracked 
|  21|0x0000000082100000, 0x0000000082100000, 0x0000000082200000|  0%| F|  |TAMS 0x0000000082100000, 0x0000000082100000| Untracked 
|  22|0x0000000082200000, 0x0000000082200000, 0x0000000082300000|  0%| F|  |TAMS 0x0000000082200000, 0x0000000082200000| Untracked 
|  23|0x0000000082300000, 0x0000000082300000, 0x0000000082400000|  0%| F|  |TAMS 0x0000000082300000, 0x0000000082300000| Untracked 
|  24|0x0000000082400000, 0x0000000082400000, 0x0000000082500000|  0%| F|  |TAMS 0x0000000082400000, 0x0000000082400000| Untracked 
|  25|0x0000000082500000, 0x0000000082500000, 0x0000000082600000|  0%| F|  |TAMS 0x0000000082500000, 0x0000000082500000| Untracked 
|  26|0x0000000082600000, 0x0000000082600000, 0x0000000082700000|  0%| F|  |TAMS 0x0000000082600000, 0x0000000082600000| Untracked 
|  27|0x0000000082700000, 0x0000000082700000, 0x0000000082800000|  0%| F|  |TAMS 0x0000000082700000, 0x0000000082700000| Untracked 
|  28|0x0000000082800000, 0x0000000082800000, 0x0000000082900000|  0%| F|  |TAMS 0x0000000082800000, 0x0000000082800000| Untracked 
|  29|0x0000000082900000, 0x0000000082900000, 0x0000000082a00000|  0%| F|  |TAMS 0x0000000082900000, 0x0000000082900000| Untracked 
|  30|0x0000000082a00000, 0x0000000082a00000, 0x0000000082b00000|  0%| F|  |TAMS 0x0000000082a00000, 0x0000000082a00000| Untracked 
|  31|0x0000000082b00000, 0x0000000082b00000, 0x0000000082c00000|  0%| F|  |TAMS 0x0000000082b00000, 0x0000000082b00000| Untracked 
|  32|0x0000000082c00000, 0x0000000082c00000, 0x0000000082d00000|  0%| F|  |TAMS 0x0000000082c00000, 0x0000000082c00000| Untracked 
|  33|0x0000000082d00000, 0x0000000082d00000, 0x0000000082e00000|  0%| F|  |TAMS 0x0000000082d00000, 0x0000000082d00000| Untracked 
|  34|0x0000000082e00000, 0x0000000082e00000, 0x0000000082f00000|  0%| F|  |TAMS 0x0000000082e00000, 0x0000000082e00000| Untracked 
|  35|0x0000000082f00000, 0x0000000082f00000, 0x0000000083000000|  0%| F|  |TAMS 0x0000000082f00000, 0x0000000082f00000| Untracked 
|  36|0x0000000083000000, 0x0000000083000000, 0x0000000083100000|  0%| F|  |TAMS 0x0000000083000000, 0x0000000083000000| Untracked 
|  37|0x0000000083100000, 0x0000000083100000, 0x0000000083200000|  0%| F|  |TAMS 0x0000000083100000, 0x0000000083100000| Untracked 
|  38|0x0000000083200000, 0x0000000083200000, 0x0000000083300000|  0%| F|  |TAMS 0x0000000083200000, 0x0000000083200000| Untracked 
|  39|0x0000000083300000, 0x0000000083300000, 0x0000000083400000|  0%| F|  |TAMS 0x0000000083300000, 0x0000000083300000| Untracked 
|  40|0x0000000083400000, 0x0000000083400000, 0x0000000083500000|  0%| F|  |TAMS 0x0000000083400000, 0x0000000083400000| Untracked 
|  41|0x0000000083500000, 0x0000000083500000, 0x0000000083600000|  0%| F|  |TAMS 0x0000000083500000, 0x0000000083500000| Untracked 
|  42|0x0000000083600000, 0x0000000083600000, 0x0000000083700000|  0%| F|  |TAMS 0x0000000083600000, 0x0000000083600000| Untracked 
|  43|0x0000000083700000, 0x0000000083700000, 0x0000000083800000|  0%| F|  |TAMS 0x0000000083700000, 0x0000000083700000| Untracked 
|  44|0x0000000083800000, 0x0000000083800000, 0x0000000083900000|  0%| F|  |TAMS 0x0000000083800000, 0x0000000083800000| Untracked 
|  45|0x0000000083900000, 0x0000000083900000, 0x0000000083a00000|  0%| F|  |TAMS 0x0000000083900000, 0x0000000083900000| Untracked 
|  46|0x0000000083a00000, 0x0000000083a00000, 0x0000000083b00000|  0%| F|  |TAMS 0x0000000083a00000, 0x0000000083a00000| Untracked 
|  47|0x0000000083b00000, 0x0000000083b00000, 0x0000000083c00000|  0%| F|  |TAMS 0x0000000083b00000, 0x0000000083b00000| Untracked 
|  48|0x0000000083c00000, 0x0000000083c00000, 0x0000000083d00000|  0%| F|  |TAMS 0x0000000083c00000, 0x0000000083c00000| Untracked 
|  49|0x0000000083d00000, 0x0000000083d00000, 0x0000000083e00000|  0%| F|  |TAMS 0x0000000083d00000, 0x0000000083d00000| Untracked 
|  50|0x0000000083e00000, 0x0000000083e00000, 0x0000000083f00000|  0%| F|  |TAMS 0x0000000083e00000, 0x0000000083e00000| Untracked 
|  51|0x0000000083f00000, 0x0000000083f00000, 0x0000000084000000|  0%| F|  |TAMS 0x0000000083f00000, 0x0000000083f00000| Untracked 
|  52|0x0000000084000000, 0x0000000084000000, 0x0000000084100000|  0%| F|  |TAMS 0x0000000084000000, 0x0000000084000000| Untracked 
|  53|0x0000000084100000, 0x0000000084100000, 0x0000000084200000|  0%| F|  |TAMS 0x0000000084100000, 0x0000000084100000| Untracked 
|  54|0x0000000084200000, 0x0000000084200000, 0x0000000084300000|  0%| F|  |TAMS 0x0000000084200000, 0x0000000084200000| Untracked 
|  55|0x0000000084300000, 0x0000000084300000, 0x0000000084400000|  0%| F|  |TAMS 0x0000000084300000, 0x0000000084300000| Untracked 
|  56|0x0000000084400000, 0x0000000084400000, 0x0000000084500000|  0%| F|  |TAMS 0x0000000084400000, 0x0000000084400000| Untracked 
|  57|0x0000000084500000, 0x0000000084500000, 0x0000000084600000|  0%| F|  |TAMS 0x0000000084500000, 0x0000000084500000| Untracked 
|  58|0x0000000084600000, 0x0000000084600000, 0x0000000084700000|  0%| F|  |TAMS 0x0000000084600000, 0x0000000084600000| Untracked 
|  59|0x0000000084700000, 0x0000000084700000, 0x0000000084800000|  0%| F|  |TAMS 0x0000000084700000, 0x0000000084700000| Untracked 
|  60|0x0000000084800000, 0x0000000084800000, 0x0000000084900000|  0%| F|  |TAMS 0x0000000084800000, 0x0000000084800000| Untracked 
|  61|0x0000000084900000, 0x0000000084900000, 0x0000000084a00000|  0%| F|  |TAMS 0x0000000084900000, 0x0000000084900000| Untracked 
|  62|0x0000000084a00000, 0x0000000084a00000, 0x0000000084b00000|  0%| F|  |TAMS 0x0000000084a00000, 0x0000000084a00000| Untracked 
|  63|0x0000000084b00000, 0x0000000084b00000, 0x0000000084c00000|  0%| F|  |TAMS 0x0000000084b00000, 0x0000000084b00000| Untracked 
|  64|0x0000000084c00000, 0x0000000084c00000, 0x0000000084d00000|  0%| F|  |TAMS 0x0000000084c00000, 0x0000000084c00000| Untracked 
|  65|0x0000000084d00000, 0x0000000084d00000, 0x0000000084e00000|  0%| F|  |TAMS 0x0000000084d00000, 0x0000000084d00000| Untracked 
|  66|0x0000000084e00000, 0x0000000084e00000, 0x0000000084f00000|  0%| F|  |TAMS 0x0000000084e00000, 0x0000000084e00000| Untracked 
|  67|0x0000000084f00000, 0x0000000084f00000, 0x0000000085000000|  0%| F|  |TAMS 0x0000000084f00000, 0x0000000084f00000| Untracked 
|  68|0x0000000085000000, 0x0000000085000000, 0x0000000085100000|  0%| F|  |TAMS 0x0000000085000000, 0x0000000085000000| Untracked 
|  69|0x0000000085100000, 0x0000000085100000, 0x0000000085200000|  0%| F|  |TAMS 0x0000000085100000, 0x0000000085100000| Untracked 
|  70|0x0000000085200000, 0x0000000085200000, 0x0000000085300000|  0%| F|  |TAMS 0x0000000085200000, 0x0000000085200000| Untracked 
|  71|0x0000000085300000, 0x0000000085300000, 0x0000000085400000|  0%| F|  |TAMS 0x0000000085300000, 0x0000000085300000| Untracked 
|  72|0x0000000085400000, 0x0000000085400000, 0x0000000085500000|  0%| F|  |TAMS 0x0000000085400000, 0x0000000085400000| Untracked 
|  73|0x0000000085500000, 0x0000000085500000, 0x0000000085600000|  0%| F|  |TAMS 0x0000000085500000, 0x0000000085500000| Untracked 
|  74|0x0000000085600000, 0x0000000085600000, 0x0000000085700000|  0%| F|  |TAMS 0x0000000085600000, 0x0000000085600000| Untracked 
|  75|0x0000000085700000, 0x0000000085700000, 0x0000000085800000|  0%| F|  |TAMS 0x0000000085700000, 0x0000000085700000| Untracked 
|  76|0x0000000085800000, 0x0000000085800000, 0x0000000085900000|  0%| F|  |TAMS 0x0000000085800000, 0x0000000085800000| Untracked 
|  77|0x0000000085900000, 0x0000000085900000, 0x0000000085a00000|  0%| F|  |TAMS 0x0000000085900000, 0x0000000085900000| Untracked 
|  78|0x0000000085a00000, 0x0000000085a00000, 0x0000000085b00000|  0%| F|  |TAMS 0x0000000085a00000, 0x0000000085a00000| Untracked 
|  79|0x0000000085b00000, 0x0000000085b00000, 0x0000000085c00000|  0%| F|  |TAMS 0x0000000085b00000, 0x0000000085b00000| Untracked 
|  80|0x0000000085c00000, 0x0000000085c00000, 0x0000000085d00000|  0%| F|  |TAMS 0x0000000085c00000, 0x0000000085c00000| Untracked 
|  81|0x0000000085d00000, 0x0000000085d00000, 0x0000000085e00000|  0%| F|  |TAMS 0x0000000085d00000, 0x0000000085d00000| Untracked 
|  82|0x0000000085e00000, 0x0000000085e00000, 0x0000000085f00000|  0%| F|  |TAMS 0x0000000085e00000, 0x0000000085e00000| Untracked 
|  83|0x0000000085f00000, 0x0000000085f00000, 0x0000000086000000|  0%| F|  |TAMS 0x0000000085f00000, 0x0000000085f00000| Untracked 
|  84|0x0000000086000000, 0x0000000086000000, 0x0000000086100000|  0%| F|  |TAMS 0x0000000086000000, 0x0000000086000000| Untracked 
|  85|0x0000000086100000, 0x0000000086100000, 0x0000000086200000|  0%| F|  |TAMS 0x0000000086100000, 0x0000000086100000| Untracked 
|  86|0x0000000086200000, 0x0000000086200000, 0x0000000086300000|  0%| F|  |TAMS 0x0000000086200000, 0x0000000086200000| Untracked 
|  87|0x0000000086300000, 0x0000000086300000, 0x0000000086400000|  0%| F|  |TAMS 0x0000000086300000, 0x0000000086300000| Untracked 
|  88|0x0000000086400000, 0x0000000086400000, 0x0000000086500000|  0%| F|  |TAMS 0x0000000086400000, 0x0000000086400000| Untracked 
|  89|0x0000000086500000, 0x0000000086500000, 0x0000000086600000|  0%| F|  |TAMS 0x0000000086500000, 0x0000000086500000| Untracked 
|  90|0x0000000086600000, 0x0000000086600000, 0x0000000086700000|  0%| F|  |TAMS 0x0000000086600000, 0x0000000086600000| Untracked 
|  91|0x0000000086700000, 0x0000000086700000, 0x0000000086800000|  0%| F|  |TAMS 0x0000000086700000, 0x0000000086700000| Untracked 
|  92|0x0000000086800000, 0x0000000086800000, 0x0000000086900000|  0%| F|  |TAMS 0x0000000086800000, 0x0000000086800000| Untracked 
|  93|0x0000000086900000, 0x0000000086900000, 0x0000000086a00000|  0%| F|  |TAMS 0x0000000086900000, 0x0000000086900000| Untracked 
|  94|0x0000000086a00000, 0x0000000086a00000, 0x0000000086b00000|  0%| F|  |TAMS 0x0000000086a00000, 0x0000000086a00000| Untracked 
|  95|0x0000000086b00000, 0x0000000086b00000, 0x0000000086c00000|  0%| F|  |TAMS 0x0000000086b00000, 0x0000000086b00000| Untracked 
|  96|0x0000000086c00000, 0x0000000086c00000, 0x0000000086d00000|  0%| F|  |TAMS 0x0000000086c00000, 0x0000000086c00000| Untracked 
|  97|0x0000000086d00000, 0x0000000086d00000, 0x0000000086e00000|  0%| F|  |TAMS 0x0000000086d00000, 0x0000000086d00000| Untracked 
|  98|0x0000000086e00000, 0x0000000086e00000, 0x0000000086f00000|  0%| F|  |TAMS 0x0000000086e00000, 0x0000000086e00000| Untracked 
|  99|0x0000000086f00000, 0x0000000086f00000, 0x0000000087000000|  0%| F|  |TAMS 0x0000000086f00000, 0x0000000086f00000| Untracked 
| 100|0x0000000087000000, 0x0000000087000000, 0x0000000087100000|  0%| F|  |TAMS 0x0000000087000000, 0x0000000087000000| Untracked 
| 101|0x0000000087100000, 0x0000000087100000, 0x0000000087200000|  0%| F|  |TAMS 0x0000000087100000, 0x0000000087100000| Untracked 
| 102|0x0000000087200000, 0x0000000087200000, 0x0000000087300000|  0%| F|  |TAMS 0x0000000087200000, 0x0000000087200000| Untracked 
| 103|0x0000000087300000, 0x0000000087300000, 0x0000000087400000|  0%| F|  |TAMS 0x0000000087300000, 0x0000000087300000| Untracked 
| 104|0x0000000087400000, 0x0000000087400000, 0x0000000087500000|  0%| F|  |TAMS 0x0000000087400000, 0x0000000087400000| Untracked 
| 105|0x0000000087500000, 0x0000000087500000, 0x0000000087600000|  0%| F|  |TAMS 0x0000000087500000, 0x0000000087500000| Untracked 
| 106|0x0000000087600000, 0x0000000087600000, 0x0000000087700000|  0%| F|  |TAMS 0x0000000087600000, 0x0000000087600000| Untracked 
| 107|0x0000000087700000, 0x0000000087700000, 0x0000000087800000|  0%| F|  |TAMS 0x0000000087700000, 0x0000000087700000| Untracked 
| 108|0x0000000087800000, 0x0000000087800000, 0x0000000087900000|  0%| F|  |TAMS 0x0000000087800000, 0x0000000087800000| Untracked 
| 109|0x0000000087900000, 0x0000000087900000, 0x0000000087a00000|  0%| F|  |TAMS 0x0000000087900000, 0x0000000087900000| Untracked 
| 110|0x0000000087a00000, 0x0000000087a00000, 0x0000000087b00000|  0%| F|  |TAMS 0x0000000087a00000, 0x0000000087a00000| Untracked 
| 111|0x0000000087b00000, 0x0000000087b00000, 0x0000000087c00000|  0%| F|  |TAMS 0x0000000087b00000, 0x0000000087b00000| Untracked 
| 112|0x0000000087c00000, 0x0000000087c00000, 0x0000000087d00000|  0%| F|  |TAMS 0x0000000087c00000, 0x0000000087c00000| Untracked 
| 113|0x0000000087d00000, 0x0000000087d00000, 0x0000000087e00000|  0%| F|  |TAMS 0x0000000087d00000, 0x0000000087d00000| Untracked 
| 114|0x0000000087e00000, 0x0000000087e00000, 0x0000000087f00000|  0%| F|  |TAMS 0x0000000087e00000, 0x0000000087e00000| Untracked 
| 115|0x0000000087f00000, 0x0000000087f00000, 0x0000000088000000|  0%| F|  |TAMS 0x0000000087f00000, 0x0000000087f00000| Untracked 
| 116|0x0000000088000000, 0x0000000088000000, 0x0000000088100000|  0%| F|  |TAMS 0x0000000088000000, 0x0000000088000000| Untracked 
| 117|0x0000000088100000, 0x0000000088100000, 0x0000000088200000|  0%| F|  |TAMS 0x0000000088100000, 0x0000000088100000| Untracked 
| 118|0x0000000088200000, 0x0000000088200000, 0x0000000088300000|  0%| F|  |TAMS 0x0000000088200000, 0x0000000088200000| Untracked 
| 119|0x0000000088300000, 0x0000000088300000, 0x0000000088400000|  0%| F|  |TAMS 0x0000000088300000, 0x0000000088300000| Untracked 
| 120|0x0000000088400000, 0x0000000088400000, 0x0000000088500000|  0%| F|  |TAMS 0x0000000088400000, 0x0000000088400000| Untracked 
| 121|0x0000000088500000, 0x00000000885bdba0, 0x0000000088600000| 74%| E|  |TAMS 0x0000000088500000, 0x0000000088500000| Complete 
| 122|0x0000000088600000, 0x0000000088700000, 0x0000000088700000|100%| E|CS|TAMS 0x0000000088600000, 0x0000000088600000| Complete 
| 123|0x0000000088700000, 0x00000000887cb0c8, 0x0000000088800000| 79%| S|CS|TAMS 0x0000000088700000, 0x0000000088700000| Complete 
| 124|0x0000000088800000, 0x0000000088900000, 0x0000000088900000|100%| E|CS|TAMS 0x0000000088800000, 0x0000000088800000| Complete 
| 125|0x0000000088900000, 0x0000000088a00000, 0x0000000088a00000|100%| E|CS|TAMS 0x0000000088900000, 0x0000000088900000| Complete 
| 126|0x0000000088a00000, 0x0000000088b00000, 0x0000000088b00000|100%| E|CS|TAMS 0x0000000088a00000, 0x0000000088a00000| Complete 
| 127|0x0000000088b00000, 0x0000000088c00000, 0x0000000088c00000|100%| E|CS|TAMS 0x0000000088b00000, 0x0000000088b00000| Complete 

Card table byte_map: [0x000002749c3f0000,0x000002749c7f0000] _byte_map_base: 0x000002749bfea000

Marking Bits (Prev, Next): (CMBitMap*) 0x0000027482f196a8, (CMBitMap*) 0x0000027482f196e0
 Prev Bits: [0x000002749cbf0000, 0x000002749ebc0000)
 Next Bits: [0x000002749ebc0000, 0x00000274a0b90000)

Polling page: 0x0000027482f50000

Metaspace:

Usage:
  Non-class:     11.97 MB capacity,    11.77 MB ( 98%) used,   175.96 KB (  1%) free+waste,    32.00 KB ( <1%) overhead. 
      Class:      1.50 MB capacity,     1.37 MB ( 91%) used,   117.50 KB (  8%) free+waste,    15.38 KB ( <1%) overhead. 
       Both:     13.47 MB capacity,    13.14 MB ( 98%) used,   293.46 KB (  2%) free+waste,    47.38 KB ( <1%) overhead. 

Virtual space:
  Non-class space:       12.00 MB reserved,      12.00 MB (100%) committed 
      Class space:        1.00 GB reserved,       1.63 MB ( <1%) committed 
             Both:        1.01 GB reserved,      13.63 MB (  1%) committed 

Chunk freelists:
   Non-Class:  3.50 KB
       Class:  3.75 KB
        Both:  7.25 KB

CodeHeap 'non-profiled nmethods': size=238912Kb used=1974Kb max_used=1974Kb free=236937Kb
 bounds [0x000002748d080000, 0x000002748d2f0000, 0x000002749b9d0000]
CodeHeap 'non-nmethods': size=6848Kb used=2309Kb max_used=2309Kb free=4538Kb
 bounds [0x000002748c9d0000, 0x000002748cc40000, 0x000002748d080000]
 total_blobs=1704 nmethods=1282 adapters=339
 compilation: enabled
              stopped_count=0, restarted_count=0
 full_count=0

Compilation events (10 events):
Event: 1.178 Thread 0x00000274a3a6d000 nmethod 1107 0x000002748d210090 code [0x000002748d210640, 0x000002748d211e70]
Event: 1.178 Thread 0x00000274a3a6d000 1109       1       java.util.Collections$UnmodifiableCollection::<init> (22 bytes)
Event: 1.178 Thread 0x00000274a3a6d000 nmethod 1109 0x000002748d212f90 code [0x000002748d213160, 0x000002748d2133b0]
Event: 1.179 Thread 0x00000274a474a000 1110       1       java.lang.String::indexOf (65 bytes)
Event: 1.179 Thread 0x00000274a3a6d000 1111       1       java.lang.StringLatin1::indexOf (25 bytes)
Event: 1.179 Thread 0x00000274a3a6d000 nmethod 1111 0x000002748d213990 code [0x000002748d213b40, 0x000002748d213cd0]
Event: 1.179 Thread 0x00000274a474a000 nmethod 1110 0x000002748d213d90 code [0x000002748d213f60, 0x000002748d214290]
Event: 1.180 Thread 0x00000274a3a6d000 1113       1       java.net.URI::match (56 bytes)
Event: 1.180 Thread 0x00000274a3a6d000 nmethod 1113 0x000002748d214490 code [0x000002748d214640, 0x000002748d214818]
Event: 1.181 Thread 0x00000274a474a000 1114       1       java.lang.Class::forName (47 bytes)

GC Heap History (4 events):
Event: 0.746 GC heap before
{Heap before GC invocations=0 (full 0):
 garbage-first heap   total 131072K, used 14336K [0x0000000080c00000, 0x0000000100000000)
  region size 1024K, 14 young (14336K), 0 survivors (0K)
 Metaspace       used 8690K, capacity 8832K, committed 8960K, reserved 1056768K
  class space    used 867K, capacity 926K, committed 1024K, reserved 1048576K
}
Event: 0.752 GC heap after
{Heap after GC invocations=1 (full 0):
 garbage-first heap   total 131072K, used 7926K [0x0000000080c00000, 0x0000000100000000)
  region size 1024K, 2 young (2048K), 2 survivors (2048K)
 Metaspace       used 8690K, capacity 8832K, committed 8960K, reserved 1056768K
  class space    used 867K, capacity 926K, committed 1024K, reserved 1048576K
}
Event: 1.138 GC heap before
{Heap before GC invocations=1 (full 0):
 garbage-first heap   total 131072K, used 12022K [0x0000000080c00000, 0x0000000100000000)
  region size 1024K, 6 young (6144K), 2 survivors (2048K)
 Metaspace       used 12186K, capacity 12502K, committed 12672K, reserved 1060864K
  class space    used 1275K, capacity 1402K, committed 1408K, reserved 1048576K
}
Event: 1.143 GC heap after
{Heap after GC invocations=2 (full 0):
 garbage-first heap   total 131072K, used 8837K [0x0000000080c00000, 0x0000000100000000)
  region size 1024K, 1 young (1024K), 1 survivors (1024K)
 Metaspace       used 12186K, capacity 12502K, committed 12672K, reserved 1060864K
  class space    used 1275K, capacity 1402K, committed 1408K, reserved 1048576K
}

Deoptimization events (0 events):
No events

Classes redefined (0 events):
No events

Internal exceptions (10 events):
Event: 0.840 Thread 0x0000027482ed9800 Exception <a 'java/lang/NoSuchMethodError'{0x0000000088a7b0a8}: java.lang.invoke.DirectMethodHandle$Holder.invokeStatic(Ljava/lang/Object;IIII)Ljava/lang/Object;> (0x0000000088a7b0a8) thrown at [t:/workspace/open/src/hotspot/share/interpreter/linkResolver
Event: 0.840 Thread 0x0000027482ed9800 Exception <a 'java/lang/NoSuchMethodError'{0x0000000088a7e1c0}: java.lang.invoke.DirectMethodHandle$Holder.invokeStaticInit(Ljava/lang/Object;IIII)Ljava/lang/Object;> (0x0000000088a7e1c0) thrown at [t:/workspace/open/src/hotspot/share/interpreter/linkReso
Event: 1.055 Thread 0x0000027482ed9800 Exception <a 'java/lang/NoSuchMethodError'{0x000000008895ab60}: java.lang.invoke.DirectMethodHandle$Holder.invokeStatic(Ljava/lang/Object;Ljava/lang/Object;IIII)Ljava/lang/Object;> (0x000000008895ab60) thrown at [t:/workspace/open/src/hotspot/share/interp
Event: 1.055 Thread 0x0000027482ed9800 Exception <a 'java/lang/NoSuchMethodError'{0x000000008895dea8}: java.lang.invoke.DirectMethodHandle$Holder.invokeStaticInit(Ljava/lang/Object;Ljava/lang/Object;IIII)Ljava/lang/Object;> (0x000000008895dea8) thrown at [t:/workspace/open/src/hotspot/share/in
Event: 1.067 Thread 0x0000027482ed9800 Exception <a 'java/lang/ClassNotFoundException'{0x000000008897b938}: javax/management/remote/rmi/RMIServerImpl_Skel> (0x000000008897b938) thrown at [t:/workspace/open/src/hotspot/share/classfile/systemDictionary.cpp, line 231]
Event: 1.112 Thread 0x0000027482ed9800 Exception <a 'java/lang/ClassNotFoundException'{0x0000000088817188}: jdk/internal/agent/resources/spi/agentProvider> (0x0000000088817188) thrown at [t:/workspace/open/src/hotspot/share/classfile/systemDictionary.cpp, line 231]
Event: 1.121 Thread 0x0000027482ed9800 Exception <a 'java/lang/NoSuchMethodError'{0x000000008886d4e8}: java.lang.invoke.DirectMethodHandle$Holder.invokeStatic(Ljava/lang/Object;Ljava/lang/Object;Ljava/lang/Object;Ljava/lang/Object;Ljava/lang/Object;Ljava/lang/Object;Ljava/lang/Object;Ljava/lan
Event: 1.122 Thread 0x0000027482ed9800 Exception <a 'java/lang/NoSuchMethodError'{0x0000000088879ea8}: java.lang.invoke.DirectMethodHandle$Holder.invokeStatic(Ljava/lang/Object;Ljava/lang/Object;Ljava/lang/Object;Ljava/lang/Object;Ljava/lang/Object;Ljava/lang/Object;Ljava/lang/Object;Ljava/lan
Event: 1.124 Thread 0x0000027482ed9800 Exception <a 'java/lang/NoSuchMethodError'{0x0000000088893b30}: java.lang.invoke.DelegatingMethodHandle$Holder.reinvoke_L(Ljava/lang/Object;ILjava/lang/Object;)Ljava/lang/Object;> (0x0000000088893b30) thrown at [t:/workspace/open/src/hotspot/share/interpr
Event: 1.178 Thread 0x0000027482ed9800 Exception <a 'java/lang/ClassNotFoundException'{0x0000000088911a30}: javax/smartcardio/CardPermission> (0x0000000088911a30) thrown at [t:/workspace/open/src/hotspot/share/classfile/systemDictionary.cpp, line 231]

Events (10 events):
Event: 1.177 loading class java/net/URLPermission
Event: 1.177 loading class java/net/URLPermission done
Event: 1.177 loading class java/net/URLPermission$Authority
Event: 1.178 loading class java/net/URLPermission$Authority done
Event: 1.178 loading class java/net/HostPortrange
Event: 1.178 loading class java/net/HostPortrange done
Event: 1.178 loading class javax/smartcardio/CardPermission
Event: 1.178 loading class javax/smartcardio/CardPermission done
Event: 1.180 loading class sun/security/provider/PolicyFile$5
Event: 1.180 loading class sun/security/provider/PolicyFile$5 done


Dynamic libraries:
0x00007ff794e40000 - 0x00007ff794e87000 	C:\Program Files\Java\jdk-11.0.4\bin\javaw.exe
0x00007ffa611a0000 - 0x00007ffa61390000 	C:\WINDOWS\SYSTEM32\ntdll.dll
0x00007ffa608c0000 - 0x00007ffa60972000 	C:\WINDOWS\System32\KERNEL32.DLL
0x00007ffa5e400000 - 0x00007ffa5e6a3000 	C:\WINDOWS\System32\KERNELBASE.dll
0x00007ffa5b960000 - 0x00007ffa5b9ef000 	C:\WINDOWS\SYSTEM32\apphelp.dll
0x00007ff9fea80000 - 0x00007ff9fef12000 	C:\WINDOWS\SYSTEM32\AcLayers.DLL
0x00007ffa60820000 - 0x00007ffa608be000 	C:\WINDOWS\System32\msvcrt.dll
0x00007ffa60980000 - 0x00007ffa60b14000 	C:\WINDOWS\System32\USER32.dll
0x00007ffa5d870000 - 0x00007ffa5d891000 	C:\WINDOWS\System32\win32u.dll
0x00007ffa5f6d0000 - 0x00007ffa5f6f6000 	C:\WINDOWS\System32\GDI32.dll
0x00007ffa5d8f0000 - 0x00007ffa5da84000 	C:\WINDOWS\System32\gdi32full.dll
0x00007ffa5e360000 - 0x00007ffa5e3fe000 	C:\WINDOWS\System32\msvcp_win.dll
0x00007ffa5e7c0000 - 0x00007ffa5e8ba000 	C:\WINDOWS\System32\ucrtbase.dll
0x00007ffa5ee40000 - 0x00007ffa5ee92000 	C:\WINDOWS\System32\SHLWAPI.dll
0x00007ffa5ff10000 - 0x00007ffa60246000 	C:\WINDOWS\System32\combase.dll
0x00007ffa5fdf0000 - 0x00007ffa5ff10000 	C:\WINDOWS\System32\RPCRT4.dll
0x00007ffa5d7a0000 - 0x00007ffa5d820000 	C:\WINDOWS\System32\bcryptPrimitives.dll
0x00007ffa5ec10000 - 0x00007ffa5ecb3000 	C:\WINDOWS\System32\ADVAPI32.dll
0x00007ffa5eda0000 - 0x00007ffa5ee37000 	C:\WINDOWS\System32\sechost.dll
0x0000027482bb0000 - 0x0000027482bb3000 	C:\WINDOWS\SYSTEM32\sfc.dll
0x00007ffa53440000 - 0x00007ffa534c9000 	C:\WINDOWS\SYSTEM32\WINSPOOL.DRV
0x00007ffa5d6f0000 - 0x00007ffa5d701000 	C:\WINDOWS\System32\kernel.appcore.dll
0x00007ffa5d840000 - 0x00007ffa5d866000 	C:\WINDOWS\System32\bcrypt.dll
0x00007ffa5a160000 - 0x00007ffa5a24f000 	C:\WINDOWS\SYSTEM32\PROPSYS.dll
0x00007ffa61090000 - 0x00007ffa61154000 	C:\WINDOWS\System32\OLEAUT32.dll
0x00007ffa5e930000 - 0x00007ffa5e9d9000 	C:\WINDOWS\System32\shcore.dll
0x00007ffa5cc60000 - 0x00007ffa5cc9a000 	C:\WINDOWS\SYSTEM32\IPHLPAPI.DLL
0x00007ffa57420000 - 0x00007ffa57431000 	C:\WINDOWS\SYSTEM32\sfc_os.DLL
0x00007ffa607f0000 - 0x00007ffa6081e000 	C:\WINDOWS\System32\IMM32.DLL
0x00007ffa4fb00000 - 0x00007ffa4fd85000 	C:\WINDOWS\WinSxS\amd64_microsoft.windows.common-controls_6595b64144ccf1df_6.0.18362.592_none_e6c0b1911312be02\COMCTL32.dll
0x00007ffa56d20000 - 0x00007ffa56d2a000 	C:\WINDOWS\SYSTEM32\VERSION.dll
0x00007ffa58ad0000 - 0x00007ffa58ae6000 	C:\Program Files\Java\jdk-11.0.4\bin\vcruntime140.dll
0x00007ffa49ac0000 - 0x00007ffa49b6a000 	C:\Program Files\Java\jdk-11.0.4\bin\msvcp140.dll
0x00007ffa25140000 - 0x00007ffa25c67000 	C:\WINDOWS\SYSTEM32\ntdll.dll
0x00007ffa607b0000 - 0x00007ffa607b8000 	C:\WINDOWS\System32\msvcrt.dll
0x00007ffa5a040000 - 0x00007ffa5a049000 	C:\WINDOWS\System32\gdi32full.dll
0x00007ffa5a480000 - 0x00007ffa5a4a4000 	C:\WINDOWS\System32\ucrtbase.dll
0x00007ffa5ea40000 - 0x00007ffa5eaaf000 	C:\WINDOWS\System32\combase.dll
0x00007ffa5a450000 - 0x00007ffa5a47d000 	C:\WINDOWS\System32\bcryptPrimitives.dll
0x00007ffa5d8a0000 - 0x00007ffa5d8ea000 	C:\WINDOWS\System32\ADVAPI32.dll
0x00007ffa598a0000 - 0x00007ffa598b1000 	C:\WINDOWS\SYSTEM32\sfc.dll
0x00007ffa4e6b0000 - 0x00007ffa4e8a4000 	C:\WINDOWS\System32\kernel.appcore.dll
0x00007ffa4e670000 - 0x00007ffa4e69a000 	C:\WINDOWS\SYSTEM32\dbgcore.DLL
0x00007ffa58e60000 - 0x00007ffa58e89000 	C:\WINDOWS\System32\OLEAUT32.dll
0x00007ffa49360000 - 0x00007ffa49397000 	C:\WINDOWS\System32\shcore.dll
0x00007ffa58e40000 - 0x00007ffa58e56000 	C:\Program Files\Java\jdk-11.0.4\bin\zip.dll
0x00007ffa58e30000 - 0x00007ffa58e3a000 	C:\WINDOWS\System32\IMM32.DLL
0x00007ffa5f700000 - 0x00007ffa5fde5000 	C:\WINDOWS\WinSxS\amd64_microsoft.windows.common-controls_6595b64144ccf1df_6.0.18362.592_none_e6c0b1911312be02\COMCTL32.dll
0x00007ffa5da90000 - 0x00007ffa5e20f000 	C:\Program Files\Java\jdk-11.0.4\bin\vcruntime140.dll
0x00007ffa5d780000 - 0x00007ffa5d79f000 	C:\Program Files\Java\jdk-11.0.4\bin\msvcp140.dll
0x00007ffa5d710000 - 0x00007ffa5d75a000 	C:\Program Files\Java\jdk-11.0.4\bin\server\jvm.dll
0x00007ffa5d6e0000 - 0x00007ffa5d6f0000 	C:\WINDOWS\System32\UMPDC.dll
0x00007ffa5d820000 - 0x00007ffa5d837000 	C:\WINDOWS\System32\cryptsp.dll
0x00007ffa59ae0000 - 0x00007ffa59aea000 	C:\Program Files\Java\jdk-11.0.4\bin\dt_socket.dll
0x00007ffa5cf50000 - 0x00007ffa5cfb7000 	C:\WINDOWS\System32\mswsock.dll
0x00007ffa5cca0000 - 0x00007ffa5cd6a000 	C:\WINDOWS\System32\cfgmgr32.dll
0x00007ffa607e0000 - 0x00007ffa607e8000 	C:\Program Files\Java\jdk-11.0.4\bin\verify.dll
0x00007ffa52110000 - 0x00007ffa52187000 	C:\WINDOWS\SYSTEM32\DBGHELP.DLL
0x00007ffa51160000 - 0x00007ffa5116a000 	C:\WINDOWS\SYSTEM32\dbgcore.DLL
0x00007ffa58e10000 - 0x00007ffa58e29000 	C:\Program Files\Java\jdk-11.0.4\bin\java.dll
0x00007ffa5f340000 - 0x00007ffa5f516000 	C:\Program Files\Java\jdk-11.0.4\bin\jdwp.dll
0x00007ffa5eea0000 - 0x00007ffa5f146000 	C:\WINDOWS\System32\iertutil.dll
0x00007ffa51d50000 - 0x00007ffa51e40000 	C:\WINDOWS\SYSTEM32\WINHTTP.dll
0x00007ffa5d120000 - 0x00007ffa5d12c000 	C:\WINDOWS\SYSTEM32\CRYPTBASE.DLL
0x00007ffa58df0000 - 0x00007ffa58e03000 	C:\Program Files\Java\jdk-11.0.4\bin\nio.dll
0x00007ffa59040000 - 0x00007ffa59049000 	C:\WINDOWS\SYSTEM32\apphelp.dll
0x00007ffa58c90000 - 0x00007ffa58c9c000 	C:\WINDOWS\System32\gdi32full.dll
0x00007ffa27db0000 - 0x00007ffa27dc6000 	C:\WINDOWS\System32\combase.dll
0x00007ffa150c0000 - 0x00007ffa150da000 	C:\WINDOWS\System32\sechost.dll
0x00007ffa27da0000 - 0x00007ffa27dae000 	C:\WINDOWS\System32\kernel.appcore.dll
0x00007ffa57f30000 - 0x00007ffa57f4c000 	C:\WINDOWS\System32\OLEAUT32.dll
0x00007ffa51cc0000 - 0x00007ffa51cd5000 	C:\WINDOWS\SYSTEM32\sfc_os.DLL
0x00007ffa5cac0000 - 0x00007ffa5caf3000 	C:\WINDOWS\SYSTEM32\VERSION.dll
0x00007ffa5d600000 - 0x00007ffa5d625000 	C:\WINDOWS\System32\PSAPI.DLL
0x00007ffa52440000 - 0x00007ffa52456000 	C:\WINDOWS\SYSTEM32\WINMM.dll
0x00007ffa52c10000 - 0x00007ffa52c2c000 	C:\WINDOWS\System32\cfgmgr32.dll

dbghelp: loaded successfully - version: 4.0.5 - missing functions: none
symbol engine: initialized successfully - sym options: 0x614 - pdb path: .;C:\Program Files\Java\jdk-11.0.4\bin;C:\WINDOWS\SYSTEM32;C:\WINDOWS\WinSxS\amd64_microsoft.windows.common-controls_6595b64144ccf1df_6.0.18362.592_none_e6c0b1911312be02;C:\Program Files\Java\jdk-11.0.4\bin\server

VM Arguments:
jvm_args: -agentlib:jdwp=transport=dt_socket,suspend=y,address=localhost:56977 -Dcom.sun.management.jmxremote -Dcom.sun.management.jmxremote.port=56976 -Dcom.sun.management.jmxremote.authenticate=false -Dcom.sun.management.jmxremote.ssl=false -Djava.rmi.server.hostname=localhost -Dspring.jmx.enabled=true -Dspring.liveBeansView.mbeanDomain -Dspring.application.admin.enabled=true -Xverify:none -XX:TieredStopAtLevel=1 -Dspring.boot.project.name=newproject -Dfile.encoding=Cp1252 
java_command: com.example.demo.NewprojectApplication --spring.output.ansi.enabled=always
java_class_path (initial): C:\Users\ASHISH\Desktop\sts\newproject\bin\main;C:\Users\ASHISH\.gradle\caches\modules-2\files-2.1\org.springframework.boot\spring-boot-starter-data-jpa\2.2.4.RELEASE\374fc811a6e64632593cae83fe6786b1b93b574\spring-boot-starter-data-jpa-2.2.4.RELEASE.jar;C:\Users\ASHISH\.gradle\caches\modules-2\files-2.1\org.springframework.boot\spring-boot-starter-security\2.2.4.RELEASE\6ae84ac22148368eca716c64424e2f5d9db7a156\spring-boot-starter-security-2.2.4.RELEASE.jar;C:\Users\ASHISH\.gradle\caches\modules-2\files-2.1\org.springframework.boot\spring-boot-starter-thymeleaf\2.2.4.RELEASE\168d71302f3227702e8a2d74841136c6e0814d81\spring-boot-starter-thymeleaf-2.2.4.RELEASE.jar;C:\Users\ASHISH\.gradle\caches\modules-2\files-2.1\org.springframework.boot\spring-boot-starter-web-services\2.2.4.RELEASE\3c19d62e7891bb70d99d1366fddc31a5b09cf0a7\spring-boot-starter-web-services-2.2.4.RELEASE.jar;C:\Users\ASHISH\.gradle\caches\modules-2\files-2.1\com.vaadin\vaadin-spring-boot-starter\14.1.16\a5db68224e202cac2f1f2e0356f3ba4203dc93cf\vaadin-spring-boot-starter-14.1.16.jar;C:\Users\ASHISH\.gradle\caches\modules-2\files-2.1\org.springframework.boot\spring-boot-starter-web\2.2.4.RELEASE\ec75d01d212b5229c16d872fb127744c0ed46ed8\spring-boot-starter-web-2.2.4.RELEASE.jar;C:\Users\ASHISH\.gradle\caches\modules-2\files-2.1\org.springframework.boot\spring-boot-starter-webflux\2.2.4.RELEASE\e26ab42e62ac9a398941dda033b0ea17edce2643\spring-boot-starter-webflux-2.2.4.RELEASE.jar;C:\Users\ASHISH\.gradle\caches\modules-2\files-2.1\org.springframework.boot\spring-boot-starter-aop\2.2.4.RELEASE\26fe8208e070eb17e48e101f812c4519103165a\spring-boot-starter-aop-2.2.4.RELEASE.jar;C:\Users\ASHISH\.gradle\caches\modules-2\files-2.1\org.springframework.boot\spring-boot-starter-jdbc\2.2.4.RELEASE\2391d4f6f338b1eee003f0aadfcd4124cd3ed191\spring-boot-starter-jdbc-2.2.4.RELEASE.jar;C:\Users\ASHISH\.gradle\caches\modules-2\files-2.1\com.sun.xml.messaging.saaj\saaj-impl\1.5.1\e76b10e4f99630d0e5
Launcher Type: SUN_STANDARD

[Global flags]
     bool BytecodeVerificationLocal                = false                                     {product} {command line}
     bool BytecodeVerificationRemote               = false                                     {product} {command line}
     intx CICompilerCount                          = 3                                         {product} {ergonomic}
     uint ConcGCThreads                            = 1                                         {product} {ergonomic}
     uint G1ConcRefinementThreads                  = 4                                         {product} {ergonomic}
   size_t G1HeapRegionSize                         = 1048576                                   {product} {ergonomic}
    uintx GCDrainStackTargetSize                   = 64                                        {product} {ergonomic}
   size_t InitialHeapSize                          = 134217728                                 {product} {ergonomic}
     bool ManagementServer                         = true                                      {product} {command line}
   size_t MarkStackSize                            = 4194304                                   {product} {ergonomic}
   size_t MaxHeapSize                              = 2134900736                                {product} {ergonomic}
   size_t MaxNewSize                               = 1280311296                                {product} {ergonomic}
   size_t MinHeapDeltaBytes                        = 1048576                                   {product} {ergonomic}
    uintx NonNMethodCodeHeapSize                   = 6973028                                {pd product} {ergonomic}
    uintx NonProfiledCodeHeapSize                  = 244685212                              {pd product} {ergonomic}
    uintx ProfiledCodeHeapSize                     = 0                                      {pd product} {ergonomic}
    uintx ReservedCodeCacheSize                    = 251658240                              {pd product} {ergonomic}
     bool SegmentedCodeCache                       = true                                      {product} {ergonomic}
     intx TieredStopAtLevel                        = 1                                         {product} {command line}
     bool UseCompressedClassPointers               = true                                 {lp64_product} {ergonomic}
     bool UseCompressedOops                        = true                                 {lp64_product} {ergonomic}
     bool UseG1GC                                  = true                                      {product} {ergonomic}
     bool UseLargePagesIndividualAllocation        = false                                  {pd product} {ergonomic}

Logging:
Log output configuration:
 #0: stdout all=warning uptime,level,tags
 #1: stderr all=off uptime,level,tags

Environment Variables:
PATH=C:/Program Files/Java/jdk-11.0.4/bin/server;C:/Program Files/Java/jdk-11.0.4/bin;C:\Program Files\Java\jdk-11.0.4\bin;C:\Program Files (x86)\Common Files\Microsoft Shared\Windows Live;C:\WINDOWS\system32;C:\WINDOWS;C:\WINDOWS\System32\Wbem;C:\WINDOWS\System32\WindowsPowerShell\v1.0\;C:\Program Files (x86)\Windows Live\Shared;C:\Program Files (x86)\ATI Technologies\ATI.ACE\Core-Static;C:\Program Files\Intel\WiFi\bin\;C:\Program Files\Common Files\Intel\WirelessCommon\;C:\WINDOWS\System32\OpenSSH\;C:\Program Files (x86)\AMD\ATI.ACE\Core-Static;C:\Program Files\nodejs\;C:\Program Files\Git\cmd;C:\Program Files\Java\jdk-11.0.4\bin;;C:\Users\ASHISH\Desktop\sts-bundle\sts-3.9.10.RELEASE;
USERNAME=ASHISH
OS=Windows_NT
PROCESSOR_IDENTIFIER=Intel64 Family 6 Model 42 Stepping 7, GenuineIntel



---------------  S Y S T E M  ---------------

OS: Windows 10 , 64 bit Build 18362 (10.0.18362.329)

CPU:total 4 (initial active 4) (2 cores per cpu, 2 threads per core) family 6 model 42 stepping 7, cmov, cx8, fxsr, mmx, sse, sse2, sse3, ssse3, sse4.1, sse4.2, popcnt, avx, aes, clmul, ht, tsc, tscinvbit

Memory: 4k page, system-wide physical 8139M (3223M free)
TotalPageFile size 16331M (AvailPageFile size 10301M)
current process WorkingSet (physical memory assigned to process): 76M, peak: 76M
current process commit charge ("private bytes"): 219M, peak: 219M

vm_info: Java HotSpot(TM) 64-Bit Server VM (11.0.4+10-LTS) for windows-amd64 JRE (11.0.4+10-LTS), built on Jul  4 2019 16:28:13 by "mach5one" with MS VC++ 15.5 (VS2017)

END.
