#
# A fatal error has been detected by the Java Runtime Environment:
#
#  EXCEPTION_ACCESS_VIOLATION (0xc0000005) at pc=0x00007ffb6ec5c8c6, pid=11440, tid=7164
#
# JRE version: Java(TM) SE Runtime Environment (11.0.4+10) (build 11.0.4+10-LTS)
# Java VM: Java HotSpot(TM) 64-Bit Server VM (11.0.4+10-LTS, mixed mode, tiered, compressed oops, g1 gc, windows-amd64)
# Problematic frame:
# V  [jvm.dll+0x2ec8c6]
#
# No core dump will be written. Minidumps are not enabled by default on client versions of Windows
#
# If you would like to submit a bug report, please visit:
#   http://bugreport.java.com/bugreport/crash.jsp
#

---------------  S U M M A R Y ------------

Command Line: -Dcom.sun.management.jmxremote -Dcom.sun.management.jmxremote.port=54667 -Dcom.sun.management.jmxremote.authenticate=false -Dcom.sun.management.jmxremote.ssl=false -Djava.rmi.server.hostname=localhost -Dspring.jmx.enabled=true -Dspring.liveBeansView.mbeanDomain -Dspring.application.admin.enabled=true -Xverify:none -XX:TieredStopAtLevel=1 -Dspring.boot.project.name=newproject -Dfile.encoding=Cp1252 com.example.demo.NewprojectApplication --spring.output.ansi.enabled=always

Host: Intel(R) Core(TM) i5-2410M CPU @ 2.30GHz, 4 cores, 7G,  Windows 10 , 64 bit Build 18362 (10.0.18362.329)
Time: Sun Feb  9 11:37:53 2020 India Standard Time elapsed time: 1 seconds (0d 0h 0m 1s)

---------------  T H R E A D  ---------------

Current thread (0x00000138a016e800):  GCTaskThread "GC Thread#0" [stack: 0x00000014f0300000,0x00000014f0400000] [id=7164]

Stack: [0x00000014f0300000,0x00000014f0400000],  sp=0x00000014f03ff970,  free space=1022k
Native frames: (J=compiled Java code, j=interpreted, Vv=VM code, C=native code)
V  [jvm.dll+0x2ec8c6]
V  [jvm.dll+0x325006]
V  [jvm.dll+0x2f6eef]
V  [jvm.dll+0x3257d2]
V  [jvm.dll+0x2f5ba6]
V  [jvm.dll+0x7a5690]
V  [jvm.dll+0x634c82]
C  [ucrtbase.dll+0x20e72]
C  [KERNEL32.DLL+0x17bd4]
C  [ntdll.dll+0x6ced1]


siginfo: EXCEPTION_ACCESS_VIOLATION (0xc0000005), reading address 0x0000000800000017


Register to memory mapping:

RIP=0x00007ffb6ec5c8c6 jvm.dll
RAX=0x00007ffb6f1f1bd0 jvm.dll
RBX=0x0000000800000007 is an unknown value
RCX=0x00000138bf80d2a0 points into unknown readable memory: d0 1b 1f 6f fb 7f 00 00
RDX=0x00000138bf80d2a0 points into unknown readable memory: d0 1b 1f 6f fb 7f 00 00
RSP=0x00000014f03ff970 points into unknown readable memory: 63 fe a9 00 00 00 00 00
RBP=0x00000138bf85a740 points into unknown readable memory: 00 02 00 00 00 00 00 00
RSI=0x0 is NULL
RDI=0x00000138bf80d2a0 points into unknown readable memory: d0 1b 1f 6f fb 7f 00 00
R8 =0x00000014f03ffb83 points into unknown readable memory: 00 00 00 00 00
R9 =0x000000007ffe5000 points into unknown readable memory: 48 61 6c 54 00 00 00 00
R10=0x00000000546c6148 is an unknown value
R11=0x0000004ef39ba2e2 is an unknown value
R12=0x00007ffb6f1f1140 jvm.dll
R13=0x00007ffb6f1f12c0 jvm.dll
R14=0x0 is NULL
R15=0x0 is NULL


Registers:
RAX=0x00007ffb6f1f1bd0, RBX=0x0000000800000007, RCX=0x00000138bf80d2a0, RDX=0x00000138bf80d2a0
RSP=0x00000014f03ff970, RBP=0x00000138bf85a740, RSI=0x0000000000000000, RDI=0x00000138bf80d2a0
R8 =0x00000014f03ffb83, R9 =0x000000007ffe5000, R10=0x00000000546c6148, R11=0x0000004ef39ba2e2
R12=0x00007ffb6f1f1140, R13=0x00007ffb6f1f12c0, R14=0x0000000000000000, R15=0x0000000000000000
RIP=0x00007ffb6ec5c8c6, EFLAGS=0x0000000000010202

Top of Stack: (sp=0x00000014f03ff970)
0x00000014f03ff970:   0000000000a9fe63 000000009291636c
0x00000014f03ff980:   0000000000a9fe64 0000000092916403
0x00000014f03ff990:   00000000000001c0 00007ffb6ec95006
0x00000014f03ff9a0:   00000014f03ffb10 00000138be361160
0x00000014f03ff9b0:   00000138a0168960 0000000000000005
0x00000014f03ff9c0:   00000138bfa072b0 0000000000a9ee65
0x00000014f03ff9d0:   0000000092830d40 00000014f03ffb68
0x00000014f03ff9e0:   00000014f03ffb78 00007ffb6f0b0101
0x00000014f03ff9f0:   00000138bfa072b0 0000000000a9fe64
0x00000014f03ffa00:   0000000092916403 00000014f03ffb88
0x00000014f03ffa10:   00000014f03ffb98 00007ffb6ec7c400
0x00000014f03ffa20:   0000000000000008 00007ffb6ec66eef
0x00000014f03ffa30:   0000000000000000 00000014f03ffb10
0x00000014f03ffa40:   0000000000000c07 00000000000ac515
0x00000014f03ffa50:   00000138bfa072b0 0000000000000002
0x00000014f03ffa60:   00000138a0170550 00007ffb6ec957d2 

Instructions: (pc=0x00007ffb6ec5c8c6)
0x00007ffb6ec5c8a6:   4c 89 74 24 40 44 8b f6 66 90 48 8b 45 08 49 8b
0x00007ffb6ec5c8b6:   1c 06 48 85 db 74 19 0f 1f 00 48 8b 07 48 8b cf
0x00007ffb6ec5c8c6:   48 8b 53 10 ff 10 48 8b 5b 08 48 83 e3 fe 75 ea
0x00007ffb6ec5c8d6:   ff c6 49 83 c6 08 3b 75 00 7c cf 4c 8b 74 24 40 


Stack slot to memory mapping:
stack at sp + 0 slots: 0x0000000000a9fe63 is an unknown value
stack at sp + 1 slots: 
[error occurred during error reporting (inspecting top of stack), id 0xc0000005, EXCEPTION_ACCESS_VIOLATION (0xc0000005) at pc=0x00007ffb6ec62fe6]


---------------  P R O C E S S  ---------------

Threads class SMR info:
_java_thread_list=0x00000138bf9ad2b0, length=14, elements={
0x00000138a0157800, 0x00000138bed3b800, 0x00000138bed44800, 0x00000138bed53800,
0x00000138bed55800, 0x00000138bed57800, 0x00000138bed5e000, 0x00000138bef4f800,
0x00000138bef55800, 0x00000138bef56800, 0x00000138befe1000, 0x00000138bf8fe000,
0x00000138bf95f000, 0x00000138bf9ba800
}

Java Threads: ( => current thread )
  0x00000138a0157800 JavaThread "main" [_thread_blocked, id=2424, stack(0x00000014f0200000,0x00000014f0300000)]
  0x00000138bed3b800 JavaThread "Reference Handler" daemon [_thread_blocked, id=6536, stack(0x00000014f0900000,0x00000014f0a00000)]
  0x00000138bed44800 JavaThread "Finalizer" daemon [_thread_blocked, id=4276, stack(0x00000014f0a00000,0x00000014f0b00000)]
  0x00000138bed53800 JavaThread "Signal Dispatcher" daemon [_thread_blocked, id=5320, stack(0x00000014f0b00000,0x00000014f0c00000)]
  0x00000138bed55800 JavaThread "Attach Listener" daemon [_thread_blocked, id=11824, stack(0x00000014f0c00000,0x00000014f0d00000)]
  0x00000138bed57800 JavaThread "C1 CompilerThread0" daemon [_thread_blocked, id=8152, stack(0x00000014f0d00000,0x00000014f0e00000)]
  0x00000138bed5e000 JavaThread "Sweeper thread" daemon [_thread_blocked, id=4832, stack(0x00000014f0e00000,0x00000014f0f00000)]
  0x00000138bef4f800 JavaThread "Common-Cleaner" daemon [_thread_blocked, id=3372, stack(0x00000014f0f00000,0x00000014f1000000)]
  0x00000138bef55800 JavaThread "C1 CompilerThread1" daemon [_thread_blocked, id=11260, stack(0x00000014f1000000,0x00000014f1100000)]
  0x00000138bef56800 JavaThread "C1 CompilerThread2" daemon [_thread_blocked, id=8664, stack(0x00000014f1100000,0x00000014f1200000)]
  0x00000138befe1000 JavaThread "Service Thread" daemon [_thread_blocked, id=1848, stack(0x00000014f1200000,0x00000014f1300000)]
  0x00000138bf8fe000 JavaThread "RMI TCP Accept-0" daemon [_thread_in_native, id=6236, stack(0x00000014f1500000,0x00000014f1600000)]
  0x00000138bf95f000 JavaThread "RMI TCP Accept-54667" daemon [_thread_in_native, id=10228, stack(0x00000014f1600000,0x00000014f1700000)]
  0x00000138bf9ba800 JavaThread "RMI TCP Accept-0" daemon [_thread_in_native, id=6780, stack(0x00000014f1700000,0x00000014f1800000)]

Other Threads:
  0x00000138bed12800 VMThread "VM Thread" [stack: 0x00000014f0800000,0x00000014f0900000] [id=11812]
  0x00000138bf9c5000 WatcherThread [stack: 0x00000014f1800000,0x00000014f1900000] [id=3448]
=>0x00000138a016e800 GCTaskThread "GC Thread#0" [stack: 0x00000014f0300000,0x00000014f0400000] [id=7164]
  0x00000138bf8bc000 GCTaskThread "GC Thread#1" [stack: 0x00000014f1300000,0x00000014f1400000] [id=660]
  0x00000138bf8bf800 GCTaskThread "GC Thread#2" [stack: 0x00000014f1400000,0x00000014f1500000] [id=8976]
  0x00000138a01a0800 ConcurrentGCThread "G1 Main Marker" [stack: 0x00000014f0400000,0x00000014f0500000] [id=11504]
  0x00000138a01a6000 ConcurrentGCThread "G1 Conc#0" [stack: 0x00000014f0500000,0x00000014f0600000] [id=8832]
  0x00000138be375000 ConcurrentGCThread "G1 Refine#0" [stack: 0x00000014f0600000,0x00000014f0700000] [id=6748]
  0x00000138be376000 ConcurrentGCThread "G1 Young RemSet Sampling" [stack: 0x00000014f0700000,0x00000014f0800000] [id=11848]

Threads with active compile tasks:
C1 CompilerThread01147   !   1       jdk.internal.loader.URLClassPath$JarLoader::getResource (353 bytes)
C1 CompilerThread21148       1       jdk.internal.util.jar.JarIndex::get (49 bytes)

VM state:at safepoint (normal execution)

VM Mutex/Monitor currently owned by a thread:  ([mutex/lock_event])
[0x00000138a0156010] Threads_lock - owner thread: 0x00000138bed12800
[0x00000138a0155050] Heap_lock - owner thread: 0x00000138a0157800

Heap address: 0x0000000080c00000, size: 2036 MB, Compressed Oops mode: 32-bit
Narrow klass base: 0x0000000000000000, Narrow klass shift: 3
Compressed class space size: 1073741824 Address: 0x0000000100000000

Heap:
 garbage-first heap   total 131072K, used 14223K [0x0000000080c00000, 0x0000000100000000)
  region size 1024K, 7 young (7168K), 1 survivors (1024K)
 Metaspace       used 12560K, capacity 12841K, committed 13056K, reserved 1060864K
  class space    used 1325K, capacity 1438K, committed 1536K, reserved 1048576K
Heap Regions: E=young(eden), S=young(survivor), O=old, HS=humongous(starts), HC=humongous(continues), CS=collection set, F=free, A=archive, TAMS=top-at-mark-start (previous, next)
|   0|0x0000000080c00000, 0x0000000080d00000, 0x0000000080d00000|100%|HS|  |TAMS 0x0000000080c00000, 0x0000000080c00000| Complete 
|   1|0x0000000080d00000, 0x0000000080e00000, 0x0000000080e00000|100%| O|  |TAMS 0x0000000080d00000, 0x0000000080d00000| Untracked 
|   2|0x0000000080e00000, 0x0000000080f00000, 0x0000000080f00000|100%| O|  |TAMS 0x0000000080e00000, 0x0000000080e00000| Untracked 
|   3|0x0000000080f00000, 0x0000000081000000, 0x0000000081000000|100%| O|  |TAMS 0x0000000080f00000, 0x0000000080f00000| Untracked 
|   4|0x0000000081000000, 0x0000000081100000, 0x0000000081100000|100%| O|  |TAMS 0x0000000081000000, 0x0000000081000000| Untracked 
|   5|0x0000000081100000, 0x0000000081200000, 0x0000000081200000|100%| O|  |TAMS 0x0000000081100000, 0x0000000081100000| Untracked 
|   6|0x0000000081200000, 0x0000000081300000, 0x0000000081300000|100%| O|  |TAMS 0x0000000081200000, 0x0000000081200000| Untracked 
|   7|0x0000000081300000, 0x00000000813e96b0, 0x0000000081400000| 91%| O|  |TAMS 0x0000000081300000, 0x0000000081300000| Untracked 
|   8|0x0000000081400000, 0x0000000081400000, 0x0000000081500000|  0%| F|  |TAMS 0x0000000081400000, 0x0000000081400000| Untracked 
|   9|0x0000000081500000, 0x0000000081500000, 0x0000000081600000|  0%| F|  |TAMS 0x0000000081500000, 0x0000000081500000| Untracked 
|  10|0x0000000081600000, 0x0000000081600000, 0x0000000081700000|  0%| F|  |TAMS 0x0000000081600000, 0x0000000081600000| Untracked 
|  11|0x0000000081700000, 0x0000000081700000, 0x0000000081800000|  0%| F|  |TAMS 0x0000000081700000, 0x0000000081700000| Untracked 
|  12|0x0000000081800000, 0x0000000081800000, 0x0000000081900000|  0%| F|  |TAMS 0x0000000081800000, 0x0000000081800000| Untracked 
|  13|0x0000000081900000, 0x0000000081900000, 0x0000000081a00000|  0%| F|  |TAMS 0x0000000081900000, 0x0000000081900000| Untracked 
|  14|0x0000000081a00000, 0x0000000081a00000, 0x0000000081b00000|  0%| F|  |TAMS 0x0000000081a00000, 0x0000000081a00000| Untracked 
|  15|0x0000000081b00000, 0x0000000081b00000, 0x0000000081c00000|  0%| F|  |TAMS 0x0000000081b00000, 0x0000000081b00000| Untracked 
|  16|0x0000000081c00000, 0x0000000081c00000, 0x0000000081d00000|  0%| F|  |TAMS 0x0000000081c00000, 0x0000000081c00000| Untracked 
|  17|0x0000000081d00000, 0x0000000081d00000, 0x0000000081e00000|  0%| F|  |TAMS 0x0000000081d00000, 0x0000000081d00000| Untracked 
|  18|0x0000000081e00000, 0x0000000081e00000, 0x0000000081f00000|  0%| F|  |TAMS 0x0000000081e00000, 0x0000000081e00000| Untracked 
|  19|0x0000000081f00000, 0x0000000081f00000, 0x0000000082000000|  0%| F|  |TAMS 0x0000000081f00000, 0x0000000081f00000| Untracked 
|  20|0x0000000082000000, 0x0000000082000000, 0x0000000082100000|  0%| F|  |TAMS 0x0000000082000000, 0x0000000082000000| Untracked 
|  21|0x0000000082100000, 0x0000000082100000, 0x0000000082200000|  0%| F|  |TAMS 0x0000000082100000, 0x0000000082100000| Untracked 
|  22|0x0000000082200000, 0x0000000082200000, 0x0000000082300000|  0%| F|  |TAMS 0x0000000082200000, 0x0000000082200000| Untracked 
|  23|0x0000000082300000, 0x0000000082300000, 0x0000000082400000|  0%| F|  |TAMS 0x0000000082300000, 0x0000000082300000| Untracked 
|  24|0x0000000082400000, 0x0000000082400000, 0x0000000082500000|  0%| F|  |TAMS 0x0000000082400000, 0x0000000082400000| Untracked 
|  25|0x0000000082500000, 0x0000000082500000, 0x0000000082600000|  0%| F|  |TAMS 0x0000000082500000, 0x0000000082500000| Untracked 
|  26|0x0000000082600000, 0x0000000082600000, 0x0000000082700000|  0%| F|  |TAMS 0x0000000082600000, 0x0000000082600000| Untracked 
|  27|0x0000000082700000, 0x0000000082700000, 0x0000000082800000|  0%| F|  |TAMS 0x0000000082700000, 0x0000000082700000| Untracked 
|  28|0x0000000082800000, 0x0000000082800000, 0x0000000082900000|  0%| F|  |TAMS 0x0000000082800000, 0x0000000082800000| Untracked 
|  29|0x0000000082900000, 0x0000000082900000, 0x0000000082a00000|  0%| F|  |TAMS 0x0000000082900000, 0x0000000082900000| Untracked 
|  30|0x0000000082a00000, 0x0000000082a00000, 0x0000000082b00000|  0%| F|  |TAMS 0x0000000082a00000, 0x0000000082a00000| Untracked 
|  31|0x0000000082b00000, 0x0000000082b00000, 0x0000000082c00000|  0%| F|  |TAMS 0x0000000082b00000, 0x0000000082b00000| Untracked 
|  32|0x0000000082c00000, 0x0000000082c00000, 0x0000000082d00000|  0%| F|  |TAMS 0x0000000082c00000, 0x0000000082c00000| Untracked 
|  33|0x0000000082d00000, 0x0000000082d00000, 0x0000000082e00000|  0%| F|  |TAMS 0x0000000082d00000, 0x0000000082d00000| Untracked 
|  34|0x0000000082e00000, 0x0000000082e00000, 0x0000000082f00000|  0%| F|  |TAMS 0x0000000082e00000, 0x0000000082e00000| Untracked 
|  35|0x0000000082f00000, 0x0000000082f00000, 0x0000000083000000|  0%| F|  |TAMS 0x0000000082f00000, 0x0000000082f00000| Untracked 
|  36|0x0000000083000000, 0x0000000083000000, 0x0000000083100000|  0%| F|  |TAMS 0x0000000083000000, 0x0000000083000000| Untracked 
|  37|0x0000000083100000, 0x0000000083100000, 0x0000000083200000|  0%| F|  |TAMS 0x0000000083100000, 0x0000000083100000| Untracked 
|  38|0x0000000083200000, 0x0000000083200000, 0x0000000083300000|  0%| F|  |TAMS 0x0000000083200000, 0x0000000083200000| Untracked 
|  39|0x0000000083300000, 0x0000000083300000, 0x0000000083400000|  0%| F|  |TAMS 0x0000000083300000, 0x0000000083300000| Untracked 
|  40|0x0000000083400000, 0x0000000083400000, 0x0000000083500000|  0%| F|  |TAMS 0x0000000083400000, 0x0000000083400000| Untracked 
|  41|0x0000000083500000, 0x0000000083500000, 0x0000000083600000|  0%| F|  |TAMS 0x0000000083500000, 0x0000000083500000| Untracked 
|  42|0x0000000083600000, 0x0000000083600000, 0x0000000083700000|  0%| F|  |TAMS 0x0000000083600000, 0x0000000083600000| Untracked 
|  43|0x0000000083700000, 0x0000000083700000, 0x0000000083800000|  0%| F|  |TAMS 0x0000000083700000, 0x0000000083700000| Untracked 
|  44|0x0000000083800000, 0x0000000083800000, 0x0000000083900000|  0%| F|  |TAMS 0x0000000083800000, 0x0000000083800000| Untracked 
|  45|0x0000000083900000, 0x0000000083900000, 0x0000000083a00000|  0%| F|  |TAMS 0x0000000083900000, 0x0000000083900000| Untracked 
|  46|0x0000000083a00000, 0x0000000083a00000, 0x0000000083b00000|  0%| F|  |TAMS 0x0000000083a00000, 0x0000000083a00000| Untracked 
|  47|0x0000000083b00000, 0x0000000083b00000, 0x0000000083c00000|  0%| F|  |TAMS 0x0000000083b00000, 0x0000000083b00000| Untracked 
|  48|0x0000000083c00000, 0x0000000083c00000, 0x0000000083d00000|  0%| F|  |TAMS 0x0000000083c00000, 0x0000000083c00000| Untracked 
|  49|0x0000000083d00000, 0x0000000083d00000, 0x0000000083e00000|  0%| F|  |TAMS 0x0000000083d00000, 0x0000000083d00000| Untracked 
|  50|0x0000000083e00000, 0x0000000083e00000, 0x0000000083f00000|  0%| F|  |TAMS 0x0000000083e00000, 0x0000000083e00000| Untracked 
|  51|0x0000000083f00000, 0x0000000083f00000, 0x0000000084000000|  0%| F|  |TAMS 0x0000000083f00000, 0x0000000083f00000| Untracked 
|  52|0x0000000084000000, 0x0000000084000000, 0x0000000084100000|  0%| F|  |TAMS 0x0000000084000000, 0x0000000084000000| Untracked 
|  53|0x0000000084100000, 0x0000000084100000, 0x0000000084200000|  0%| F|  |TAMS 0x0000000084100000, 0x0000000084100000| Untracked 
|  54|0x0000000084200000, 0x0000000084200000, 0x0000000084300000|  0%| F|  |TAMS 0x0000000084200000, 0x0000000084200000| Untracked 
|  55|0x0000000084300000, 0x0000000084300000, 0x0000000084400000|  0%| F|  |TAMS 0x0000000084300000, 0x0000000084300000| Untracked 
|  56|0x0000000084400000, 0x0000000084400000, 0x0000000084500000|  0%| F|  |TAMS 0x0000000084400000, 0x0000000084400000| Untracked 
|  57|0x0000000084500000, 0x0000000084500000, 0x0000000084600000|  0%| F|  |TAMS 0x0000000084500000, 0x0000000084500000| Untracked 
|  58|0x0000000084600000, 0x0000000084600000, 0x0000000084700000|  0%| F|  |TAMS 0x0000000084600000, 0x0000000084600000| Untracked 
|  59|0x0000000084700000, 0x0000000084700000, 0x0000000084800000|  0%| F|  |TAMS 0x0000000084700000, 0x0000000084700000| Untracked 
|  60|0x0000000084800000, 0x0000000084800000, 0x0000000084900000|  0%| F|  |TAMS 0x0000000084800000, 0x0000000084800000| Untracked 
|  61|0x0000000084900000, 0x0000000084900000, 0x0000000084a00000|  0%| F|  |TAMS 0x0000000084900000, 0x0000000084900000| Untracked 
|  62|0x0000000084a00000, 0x0000000084a00000, 0x0000000084b00000|  0%| F|  |TAMS 0x0000000084a00000, 0x0000000084a00000| Untracked 
|  63|0x0000000084b00000, 0x0000000084b00000, 0x0000000084c00000|  0%| F|  |TAMS 0x0000000084b00000, 0x0000000084b00000| Untracked 
|  64|0x0000000084c00000, 0x0000000084c00000, 0x0000000084d00000|  0%| F|  |TAMS 0x0000000084c00000, 0x0000000084c00000| Untracked 
|  65|0x0000000084d00000, 0x0000000084d00000, 0x0000000084e00000|  0%| F|  |TAMS 0x0000000084d00000, 0x0000000084d00000| Untracked 
|  66|0x0000000084e00000, 0x0000000084e00000, 0x0000000084f00000|  0%| F|  |TAMS 0x0000000084e00000, 0x0000000084e00000| Untracked 
|  67|0x0000000084f00000, 0x0000000084f00000, 0x0000000085000000|  0%| F|  |TAMS 0x0000000084f00000, 0x0000000084f00000| Untracked 
|  68|0x0000000085000000, 0x0000000085000000, 0x0000000085100000|  0%| F|  |TAMS 0x0000000085000000, 0x0000000085000000| Untracked 
|  69|0x0000000085100000, 0x0000000085100000, 0x0000000085200000|  0%| F|  |TAMS 0x0000000085100000, 0x0000000085100000| Untracked 
|  70|0x0000000085200000, 0x0000000085200000, 0x0000000085300000|  0%| F|  |TAMS 0x0000000085200000, 0x0000000085200000| Untracked 
|  71|0x0000000085300000, 0x0000000085300000, 0x0000000085400000|  0%| F|  |TAMS 0x0000000085300000, 0x0000000085300000| Untracked 
|  72|0x0000000085400000, 0x0000000085400000, 0x0000000085500000|  0%| F|  |TAMS 0x0000000085400000, 0x0000000085400000| Untracked 
|  73|0x0000000085500000, 0x0000000085500000, 0x0000000085600000|  0%| F|  |TAMS 0x0000000085500000, 0x0000000085500000| Untracked 
|  74|0x0000000085600000, 0x0000000085600000, 0x0000000085700000|  0%| F|  |TAMS 0x0000000085600000, 0x0000000085600000| Untracked 
|  75|0x0000000085700000, 0x0000000085700000, 0x0000000085800000|  0%| F|  |TAMS 0x0000000085700000, 0x0000000085700000| Untracked 
|  76|0x0000000085800000, 0x0000000085800000, 0x0000000085900000|  0%| F|  |TAMS 0x0000000085800000, 0x0000000085800000| Untracked 
|  77|0x0000000085900000, 0x0000000085900000, 0x0000000085a00000|  0%| F|  |TAMS 0x0000000085900000, 0x0000000085900000| Untracked 
|  78|0x0000000085a00000, 0x0000000085a00000, 0x0000000085b00000|  0%| F|  |TAMS 0x0000000085a00000, 0x0000000085a00000| Untracked 
|  79|0x0000000085b00000, 0x0000000085b00000, 0x0000000085c00000|  0%| F|  |TAMS 0x0000000085b00000, 0x0000000085b00000| Untracked 
|  80|0x0000000085c00000, 0x0000000085c00000, 0x0000000085d00000|  0%| F|  |TAMS 0x0000000085c00000, 0x0000000085c00000| Untracked 
|  81|0x0000000085d00000, 0x0000000085d00000, 0x0000000085e00000|  0%| F|  |TAMS 0x0000000085d00000, 0x0000000085d00000| Untracked 
|  82|0x0000000085e00000, 0x0000000085e00000, 0x0000000085f00000|  0%| F|  |TAMS 0x0000000085e00000, 0x0000000085e00000| Untracked 
|  83|0x0000000085f00000, 0x0000000085f00000, 0x0000000086000000|  0%| F|  |TAMS 0x0000000085f00000, 0x0000000085f00000| Untracked 
|  84|0x0000000086000000, 0x0000000086000000, 0x0000000086100000|  0%| F|  |TAMS 0x0000000086000000, 0x0000000086000000| Untracked 
|  85|0x0000000086100000, 0x0000000086100000, 0x0000000086200000|  0%| F|  |TAMS 0x0000000086100000, 0x0000000086100000| Untracked 
|  86|0x0000000086200000, 0x0000000086200000, 0x0000000086300000|  0%| F|  |TAMS 0x0000000086200000, 0x0000000086200000| Untracked 
|  87|0x0000000086300000, 0x0000000086300000, 0x0000000086400000|  0%| F|  |TAMS 0x0000000086300000, 0x0000000086300000| Untracked 
|  88|0x0000000086400000, 0x0000000086400000, 0x0000000086500000|  0%| F|  |TAMS 0x0000000086400000, 0x0000000086400000| Untracked 
|  89|0x0000000086500000, 0x0000000086500000, 0x0000000086600000|  0%| F|  |TAMS 0x0000000086500000, 0x0000000086500000| Untracked 
|  90|0x0000000086600000, 0x0000000086600000, 0x0000000086700000|  0%| F|  |TAMS 0x0000000086600000, 0x0000000086600000| Untracked 
|  91|0x0000000086700000, 0x0000000086700000, 0x0000000086800000|  0%| F|  |TAMS 0x0000000086700000, 0x0000000086700000| Untracked 
|  92|0x0000000086800000, 0x0000000086800000, 0x0000000086900000|  0%| F|  |TAMS 0x0000000086800000, 0x0000000086800000| Untracked 
|  93|0x0000000086900000, 0x0000000086900000, 0x0000000086a00000|  0%| F|  |TAMS 0x0000000086900000, 0x0000000086900000| Untracked 
|  94|0x0000000086a00000, 0x0000000086a00000, 0x0000000086b00000|  0%| F|  |TAMS 0x0000000086a00000, 0x0000000086a00000| Untracked 
|  95|0x0000000086b00000, 0x0000000086b00000, 0x0000000086c00000|  0%| F|  |TAMS 0x0000000086b00000, 0x0000000086b00000| Untracked 
|  96|0x0000000086c00000, 0x0000000086c00000, 0x0000000086d00000|  0%| F|  |TAMS 0x0000000086c00000, 0x0000000086c00000| Untracked 
|  97|0x0000000086d00000, 0x0000000086d00000, 0x0000000086e00000|  0%| F|  |TAMS 0x0000000086d00000, 0x0000000086d00000| Untracked 
|  98|0x0000000086e00000, 0x0000000086e00000, 0x0000000086f00000|  0%| F|  |TAMS 0x0000000086e00000, 0x0000000086e00000| Untracked 
|  99|0x0000000086f00000, 0x0000000086f00000, 0x0000000087000000|  0%| F|  |TAMS 0x0000000086f00000, 0x0000000086f00000| Untracked 
| 100|0x0000000087000000, 0x0000000087000000, 0x0000000087100000|  0%| F|  |TAMS 0x0000000087000000, 0x0000000087000000| Untracked 
| 101|0x0000000087100000, 0x0000000087100000, 0x0000000087200000|  0%| F|  |TAMS 0x0000000087100000, 0x0000000087100000| Untracked 
| 102|0x0000000087200000, 0x0000000087200000, 0x0000000087300000|  0%| F|  |TAMS 0x0000000087200000, 0x0000000087200000| Untracked 
| 103|0x0000000087300000, 0x0000000087300000, 0x0000000087400000|  0%| F|  |TAMS 0x0000000087300000, 0x0000000087300000| Untracked 
| 104|0x0000000087400000, 0x0000000087400000, 0x0000000087500000|  0%| F|  |TAMS 0x0000000087400000, 0x0000000087400000| Untracked 
| 105|0x0000000087500000, 0x0000000087500000, 0x0000000087600000|  0%| F|  |TAMS 0x0000000087500000, 0x0000000087500000| Untracked 
| 106|0x0000000087600000, 0x0000000087600000, 0x0000000087700000|  0%| F|  |TAMS 0x0000000087600000, 0x0000000087600000| Untracked 
| 107|0x0000000087700000, 0x0000000087700000, 0x0000000087800000|  0%| F|  |TAMS 0x0000000087700000, 0x0000000087700000| Untracked 
| 108|0x0000000087800000, 0x0000000087800000, 0x0000000087900000|  0%| F|  |TAMS 0x0000000087800000, 0x0000000087800000| Untracked 
| 109|0x0000000087900000, 0x0000000087900000, 0x0000000087a00000|  0%| F|  |TAMS 0x0000000087900000, 0x0000000087900000| Untracked 
| 110|0x0000000087a00000, 0x0000000087a00000, 0x0000000087b00000|  0%| F|  |TAMS 0x0000000087a00000, 0x0000000087a00000| Untracked 
| 111|0x0000000087b00000, 0x0000000087b00000, 0x0000000087c00000|  0%| F|  |TAMS 0x0000000087b00000, 0x0000000087b00000| Untracked 
| 112|0x0000000087c00000, 0x0000000087d00000, 0x0000000087d00000|100%| E|CS|TAMS 0x0000000087c00000, 0x0000000087c00000| Complete 
| 113|0x0000000087d00000, 0x0000000087e00000, 0x0000000087e00000|100%| E|CS|TAMS 0x0000000087d00000, 0x0000000087d00000| Complete 
| 114|0x0000000087e00000, 0x0000000087e00000, 0x0000000087f00000|  0%| F|  |TAMS 0x0000000087e00000, 0x0000000087e00000| Untracked 
| 115|0x0000000087f00000, 0x0000000087f00000, 0x0000000088000000|  0%| F|  |TAMS 0x0000000087f00000, 0x0000000087f00000| Untracked 
| 116|0x0000000088000000, 0x0000000088000000, 0x0000000088100000|  0%| F|  |TAMS 0x0000000088000000, 0x0000000088000000| Untracked 
| 117|0x0000000088100000, 0x0000000088100000, 0x0000000088200000|  0%| F|  |TAMS 0x0000000088100000, 0x0000000088100000| Untracked 
| 118|0x0000000088200000, 0x0000000088200000, 0x0000000088300000|  0%| F|  |TAMS 0x0000000088200000, 0x0000000088200000| Untracked 
| 119|0x0000000088300000, 0x0000000088300000, 0x0000000088400000|  0%| F|  |TAMS 0x0000000088300000, 0x0000000088300000| Untracked 
| 120|0x0000000088400000, 0x0000000088400000, 0x0000000088500000|  0%| F|  |TAMS 0x0000000088400000, 0x0000000088400000| Untracked 
| 121|0x0000000088500000, 0x00000000885cf9d8, 0x0000000088600000| 81%| S|  |TAMS 0x0000000088500000, 0x0000000088500000| Complete 
| 122|0x0000000088600000, 0x0000000088700000, 0x0000000088700000|100%| E|CS|TAMS 0x0000000088600000, 0x0000000088600000| Complete 
| 123|0x0000000088700000, 0x0000000088800000, 0x0000000088800000|100%| E|CS|TAMS 0x0000000088700000, 0x0000000088700000| Complete 
| 124|0x0000000088800000, 0x0000000088900000, 0x0000000088900000|100%| E|CS|TAMS 0x0000000088800000, 0x0000000088800000| Complete 
| 125|0x0000000088900000, 0x0000000088a00000, 0x0000000088a00000|100%| E|CS|TAMS 0x0000000088900000, 0x0000000088900000| Complete 
| 126|0x0000000088a00000, 0x0000000088b00000, 0x0000000088b00000|100%| E|CS|TAMS 0x0000000088a00000, 0x0000000088a00000| Complete 
| 127|0x0000000088b00000, 0x0000000088c00000, 0x0000000088c00000|100%| E|CS|TAMS 0x0000000088b00000, 0x0000000088b00000| Complete 

Card table byte_map: [0x00000138b7840000,0x00000138b7c40000] _byte_map_base: 0x00000138b743a000

Marking Bits (Prev, Next): (CMBitMap*) 0x00000138a0198008, (CMBitMap*) 0x00000138a0198040
 Prev Bits: [0x00000138b8040000, 0x00000138ba010000)
 Next Bits: [0x00000138ba010000, 0x00000138bbfe0000)

Polling page: 0x000001389dec0000

Metaspace:

Usage:
  Non-class:     11.14 MB capacity,    10.97 MB ( 99%) used,   138.51 KB (  1%) free+waste,    29.81 KB ( <1%) overhead. 
      Class:      1.40 MB capacity,     1.29 MB ( 92%) used,    97.73 KB (  7%) free+waste,    14.94 KB (  1%) overhead. 
       Both:     12.54 MB capacity,    12.27 MB ( 98%) used,   236.24 KB (  2%) free+waste,    44.75 KB ( <1%) overhead. 

Virtual space:
  Non-class space:       12.00 MB reserved,      11.25 MB ( 94%) committed 
      Class space:        1.00 GB reserved,       1.50 MB ( <1%) committed 
             Both:        1.01 GB reserved,      12.75 MB (  1%) committed 

Chunk freelists:
   Non-Class:  6.63 KB
       Class:  256 bytes
        Both:  6.88 KB

CodeHeap 'non-profiled nmethods': size=238912Kb used=1606Kb max_used=1606Kb free=237305Kb
 bounds [0x00000138a8af0000, 0x00000138a8d60000, 0x00000138b7440000]
CodeHeap 'non-nmethods': size=6848Kb used=2223Kb max_used=2223Kb free=4624Kb
 bounds [0x00000138a8440000, 0x00000138a86b0000, 0x00000138a8af0000]
 total_blobs=1563 nmethods=1146 adapters=326
 compilation: enabled
              stopped_count=0, restarted_count=0
 full_count=0

Compilation events (10 events):
Event: 1.110 Thread 0x00000138bef55800 1144       1       java.nio.Buffer::rewind (12 bytes)
Event: 1.110 Thread 0x00000138bef56800 nmethod 1143 0x00000138a8c7f810 code [0x00000138a8c7f9c0, 0x00000138a8c7faf8]
Event: 1.110 Thread 0x00000138bef56800 1145       1       jdk.internal.jimage.BasicImageReader::getAttributes (48 bytes)
Event: 1.110 Thread 0x00000138bef55800 nmethod 1144 0x00000138a8c7fb90 code [0x00000138a8c7fd40, 0x00000138a8c7fe78]
Event: 1.110 Thread 0x00000138bef55800 1146       1       jdk.internal.jimage.ImageLocation::verify (50 bytes)
Event: 1.110 Thread 0x00000138bed57800 nmethod 1139 0x00000138a8c7ff10 code [0x00000138a8c80140, 0x00000138a8c806e0]
Event: 1.110 Thread 0x00000138bed57800 1147   !   1       jdk.internal.loader.URLClassPath$JarLoader::getResource (353 bytes)
Event: 1.110 Thread 0x00000138bef56800 nmethod 1145 0x00000138a8c80990 code [0x00000138a8c80b80, 0x00000138a8c80f70]
Event: 1.110 Thread 0x00000138bef56800 1148       1       jdk.internal.util.jar.JarIndex::get (49 bytes)
Event: 1.110 Thread 0x00000138bef55800 nmethod 1146 0x00000138a8c81190 code [0x00000138a8c813a0, 0x00000138a8c81750]

GC Heap History (3 events):
Event: 0.703 GC heap before
{Heap before GC invocations=0 (full 0):
 garbage-first heap   total 131072K, used 14336K [0x0000000080c00000, 0x0000000100000000)
  region size 1024K, 14 young (14336K), 0 survivors (0K)
 Metaspace       used 9056K, capacity 9222K, committed 9472K, reserved 1058816K
  class space    used 922K, capacity 996K, committed 1024K, reserved 1048576K
}
Event: 0.710 GC heap after
{Heap after GC invocations=1 (full 0):
 garbage-first heap   total 131072K, used 8079K [0x0000000080c00000, 0x0000000100000000)
  region size 1024K, 2 young (2048K), 2 survivors (2048K)
 Metaspace       used 9056K, capacity 9222K, committed 9472K, reserved 1058816K
  class space    used 922K, capacity 996K, committed 1024K, reserved 1048576K
}
Event: 1.111 GC heap before
{Heap before GC invocations=1 (full 0):
 garbage-first heap   total 131072K, used 14223K [0x0000000080c00000, 0x0000000100000000)
  region size 1024K, 8 young (8192K), 2 survivors (2048K)
 Metaspace       used 12560K, capacity 12841K, committed 13056K, reserved 1060864K
  class space    used 1325K, capacity 1438K, committed 1536K, reserved 1048576K
}

Deoptimization events (0 events):
No events

Classes redefined (0 events):
No events

Internal exceptions (10 events):
Event: 0.769 Thread 0x00000138a0157800 Exception <a 'java/lang/NoSuchMethodError'{0x0000000088bf0108}: java.lang.invoke.DirectMethodHandle$Holder.invokeStaticInit(Ljava/lang/Object;IIII)Ljava/lang/Object;> (0x0000000088bf0108) thrown at [t:/workspace/open/src/hotspot/share/interpreter/linkReso
Event: 0.989 Thread 0x00000138a0157800 Exception <a 'java/lang/NoSuchMethodError'{0x0000000088acd4a8}: java.lang.invoke.DirectMethodHandle$Holder.invokeStatic(Ljava/lang/Object;Ljava/lang/Object;IIII)Ljava/lang/Object;> (0x0000000088acd4a8) thrown at [t:/workspace/open/src/hotspot/share/interp
Event: 0.990 Thread 0x00000138a0157800 Exception <a 'java/lang/NoSuchMethodError'{0x0000000088ad07f0}: java.lang.invoke.DirectMethodHandle$Holder.invokeStaticInit(Ljava/lang/Object;Ljava/lang/Object;IIII)Ljava/lang/Object;> (0x0000000088ad07f0) thrown at [t:/workspace/open/src/hotspot/share/in
Event: 1.001 Thread 0x00000138a0157800 Exception <a 'java/lang/ClassNotFoundException'{0x0000000088aee300}: javax/management/remote/rmi/RMIServerImpl_Skel> (0x0000000088aee300) thrown at [t:/workspace/open/src/hotspot/share/classfile/systemDictionary.cpp, line 231]
Event: 1.042 Thread 0x00000138a0157800 Exception <a 'java/lang/ClassNotFoundException'{0x00000000889aa1a0}: jdk/internal/agent/resources/spi/agentProvider> (0x00000000889aa1a0) thrown at [t:/workspace/open/src/hotspot/share/classfile/systemDictionary.cpp, line 231]
Event: 1.051 Thread 0x00000138a0157800 Exception <a 'java/lang/NoSuchMethodError'{0x0000000088800a08}: java.lang.invoke.DirectMethodHandle$Holder.invokeStatic(Ljava/lang/Object;Ljava/lang/Object;Ljava/lang/Object;Ljava/lang/Object;Ljava/lang/Object;Ljava/lang/Object;Ljava/lang/Object;Ljava/lan
Event: 1.052 Thread 0x00000138a0157800 Exception <a 'java/lang/NoSuchMethodError'{0x000000008880d3c8}: java.lang.invoke.DirectMethodHandle$Holder.invokeStatic(Ljava/lang/Object;Ljava/lang/Object;Ljava/lang/Object;Ljava/lang/Object;Ljava/lang/Object;Ljava/lang/Object;Ljava/lang/Object;Ljava/lan
Event: 1.054 Thread 0x00000138a0157800 Exception <a 'java/lang/NoSuchMethodError'{0x0000000088827050}: java.lang.invoke.DelegatingMethodHandle$Holder.reinvoke_L(Ljava/lang/Object;ILjava/lang/Object;)Ljava/lang/Object;> (0x0000000088827050) thrown at [t:/workspace/open/src/hotspot/share/interpr
Event: 1.099 Thread 0x00000138a0157800 Exception <a 'java/lang/ClassNotFoundException'{0x000000008868b9a0}: javax/smartcardio/CardPermission> (0x000000008868b9a0) thrown at [t:/workspace/open/src/hotspot/share/classfile/systemDictionary.cpp, line 231]
Event: 1.102 Thread 0x00000138a0157800 Exception <a 'java/io/FileNotFoundException'{0x000000008869a1e0}> (0x000000008869a1e0) thrown at [t:/workspace/open/src/hotspot/share/prims/jni.cpp, line 615]

Events (10 events):
Event: 1.106 loading class ch/qos/logback/core/status/Status done
Event: 1.108 loading class ch/qos/logback/classic/spi/Configurator
Event: 1.108 loading class ch/qos/logback/classic/spi/Configurator done
Event: 1.108 loading class ch/qos/logback/core/spi/ContextAware
Event: 1.108 loading class ch/qos/logback/core/spi/ContextAware done
Event: 1.109 loading class ch/qos/logback/classic/util/EnvUtil
Event: 1.109 loading class ch/qos/logback/classic/util/EnvUtil done
Event: 1.110 loading class ch/qos/logback/classic/BasicConfigurator
Event: 1.110 loading class ch/qos/logback/classic/BasicConfigurator done
Event: 1.111 Executing VM operation: G1CollectForAllocation


Dynamic libraries:
0x00007ff78d3f0000 - 0x00007ff78d437000 	C:\Program Files\Java\jdk-11.0.4\bin\javaw.exe
0x00007ffbba1e0000 - 0x00007ffbba3d0000 	C:\WINDOWS\SYSTEM32\ntdll.dll
0x00007ffbb8310000 - 0x00007ffbb83c2000 	C:\WINDOWS\System32\KERNEL32.DLL
0x00007ffbb7100000 - 0x00007ffbb73a3000 	C:\WINDOWS\System32\KERNELBASE.dll
0x00007ffbb49a0000 - 0x00007ffbb4a2f000 	C:\WINDOWS\SYSTEM32\apphelp.dll
0x00007ffb631b0000 - 0x00007ffb63642000 	C:\WINDOWS\SYSTEM32\AcLayers.DLL
0x00007ffbb9ea0000 - 0x00007ffbb9f3e000 	C:\WINDOWS\System32\msvcrt.dll
0x00007ffbb7900000 - 0x00007ffbb7a94000 	C:\WINDOWS\System32\USER32.dll
0x00007ffbb73e0000 - 0x00007ffbb7401000 	C:\WINDOWS\System32\win32u.dll
0x00007ffbb9040000 - 0x00007ffbb9066000 	C:\WINDOWS\System32\GDI32.dll
0x00007ffbb7520000 - 0x00007ffbb76b4000 	C:\WINDOWS\System32\gdi32full.dll
0x00007ffbb67e0000 - 0x00007ffbb687e000 	C:\WINDOWS\System32\msvcp_win.dll
0x00007ffbb6880000 - 0x00007ffbb697a000 	C:\WINDOWS\System32\ucrtbase.dll
0x00007ffbb8250000 - 0x00007ffbb82a2000 	C:\WINDOWS\System32\SHLWAPI.dll
0x00007ffbb7f10000 - 0x00007ffbb8246000 	C:\WINDOWS\System32\combase.dll
0x00007ffbb9310000 - 0x00007ffbb9430000 	C:\WINDOWS\System32\RPCRT4.dll
0x00007ffbb7810000 - 0x00007ffbb7890000 	C:\WINDOWS\System32\bcryptPrimitives.dll
0x00007ffbb9070000 - 0x00007ffbb9113000 	C:\WINDOWS\System32\ADVAPI32.dll
0x00007ffbb9d50000 - 0x00007ffbb9de7000 	C:\WINDOWS\System32\sechost.dll
0x000001389ddf0000 - 0x000001389ddf3000 	C:\WINDOWS\SYSTEM32\sfc.dll
0x00007ffbaba50000 - 0x00007ffbabad9000 	C:\WINDOWS\SYSTEM32\WINSPOOL.DRV
0x00007ffbb6730000 - 0x00007ffbb6741000 	C:\WINDOWS\System32\kernel.appcore.dll
0x00007ffbb73b0000 - 0x00007ffbb73d6000 	C:\WINDOWS\System32\bcrypt.dll
0x00007ffbb31a0000 - 0x00007ffbb328f000 	C:\WINDOWS\SYSTEM32\PROPSYS.dll
0x00007ffbb9c80000 - 0x00007ffbb9d44000 	C:\WINDOWS\System32\OLEAUT32.dll
0x00007ffbb8920000 - 0x00007ffbb89c9000 	C:\WINDOWS\System32\shcore.dll
0x00007ffbb5ca0000 - 0x00007ffbb5cda000 	C:\WINDOWS\SYSTEM32\IPHLPAPI.DLL
0x00007ffb9c490000 - 0x00007ffb9c4a1000 	C:\WINDOWS\SYSTEM32\sfc_os.DLL
0x00007ffbb8c80000 - 0x00007ffbb8cae000 	C:\WINDOWS\System32\IMM32.DLL
0x00007ffba8b10000 - 0x00007ffba8d95000 	C:\WINDOWS\WinSxS\amd64_microsoft.windows.common-controls_6595b64144ccf1df_6.0.18362.592_none_e6c0b1911312be02\COMCTL32.dll
0x00007ffbb0080000 - 0x00007ffbb008a000 	C:\WINDOWS\SYSTEM32\VERSION.dll
0x00007ffbb23b0000 - 0x00007ffbb23c6000 	C:\Program Files\Java\jdk-11.0.4\bin\vcruntime140.dll
0x00007ffbaa1b0000 - 0x00007ffbaa25a000 	C:\Program Files\Java\jdk-11.0.4\bin\msvcp140.dll
0x00007ffb6e970000 - 0x00007ffb6f497000 	C:\Program Files\Java\jdk-11.0.4\bin\server\jvm.dll
0x00007ffbb9580000 - 0x00007ffbb9588000 	C:\WINDOWS\System32\PSAPI.DLL
0x00007ffbb34c0000 - 0x00007ffbb34e4000 	C:\WINDOWS\SYSTEM32\WINMM.dll
0x00007ffbaa430000 - 0x00007ffbaa439000 	C:\WINDOWS\SYSTEM32\WSOCK32.dll
0x00007ffbb8cb0000 - 0x00007ffbb8d1f000 	C:\WINDOWS\System32\WS2_32.dll
0x00007ffbb3490000 - 0x00007ffbb34bd000 	C:\WINDOWS\SYSTEM32\WINMMBASE.dll
0x00007ffbb78b0000 - 0x00007ffbb78fa000 	C:\WINDOWS\System32\cfgmgr32.dll
0x00007ffba4470000 - 0x00007ffba4481000 	C:\Program Files\Java\jdk-11.0.4\bin\verify.dll
0x00007ffba7390000 - 0x00007ffba7584000 	C:\WINDOWS\SYSTEM32\DBGHELP.DLL
0x00007ffba7360000 - 0x00007ffba738a000 	C:\WINDOWS\SYSTEM32\dbgcore.DLL
0x00007ffba3e00000 - 0x00007ffba3e29000 	C:\Program Files\Java\jdk-11.0.4\bin\java.dll
0x00007ffba3c30000 - 0x00007ffba3c46000 	C:\Program Files\Java\jdk-11.0.4\bin\zip.dll
0x00007ffba4800000 - 0x00007ffba480a000 	C:\Program Files\Java\jdk-11.0.4\bin\jimage.dll
0x00007ffbb9590000 - 0x00007ffbb9c75000 	C:\WINDOWS\System32\SHELL32.dll
0x00007ffbb6980000 - 0x00007ffbb70ff000 	C:\WINDOWS\System32\windows.storage.dll
0x00007ffbb6750000 - 0x00007ffbb676f000 	C:\WINDOWS\System32\profapi.dll
0x00007ffbb6770000 - 0x00007ffbb67ba000 	C:\WINDOWS\System32\powrprof.dll
0x00007ffbb6720000 - 0x00007ffbb6730000 	C:\WINDOWS\System32\UMPDC.dll
0x00007ffbb7890000 - 0x00007ffbb78a7000 	C:\WINDOWS\System32\cryptsp.dll
0x00007ffba1a70000 - 0x00007ffba1a89000 	C:\Program Files\Java\jdk-11.0.4\bin\net.dll
0x00007ffbb9fc0000 - 0x00007ffbba196000 	C:\WINDOWS\System32\urlmon.dll
0x00007ffbb89d0000 - 0x00007ffbb8c76000 	C:\WINDOWS\System32\iertutil.dll
0x00007ffbaac00000 - 0x00007ffbaacf0000 	C:\WINDOWS\SYSTEM32\WINHTTP.dll
0x00007ffbb6160000 - 0x00007ffbb616c000 	C:\WINDOWS\SYSTEM32\CRYPTBASE.DLL
0x00007ffbb5f90000 - 0x00007ffbb5ff7000 	C:\WINDOWS\system32\mswsock.dll
0x00007ffba0880000 - 0x00007ffba0893000 	C:\Program Files\Java\jdk-11.0.4\bin\nio.dll
0x00007ffbb2370000 - 0x00007ffbb2379000 	C:\Program Files\Java\jdk-11.0.4\bin\management.dll
0x00007ffbb22b0000 - 0x00007ffbb22bc000 	C:\Program Files\Java\jdk-11.0.4\bin\management_ext.dll
0x00007ffba4450000 - 0x00007ffba4466000 	C:\WINDOWS\system32\napinsp.dll
0x00007ffba5000000 - 0x00007ffba501a000 	C:\WINDOWS\system32\pnrpnsp.dll
0x00007ffbb5ce0000 - 0x00007ffbb5daa000 	C:\WINDOWS\SYSTEM32\DNSAPI.dll
0x00007ffbb9130000 - 0x00007ffbb9138000 	C:\WINDOWS\System32\NSI.dll
0x00007ffbb11e0000 - 0x00007ffbb11ee000 	C:\WINDOWS\System32\winrnr.dll
0x00007ffbb0f70000 - 0x00007ffbb0f8c000 	C:\WINDOWS\system32\NLAapi.dll
0x00007ffbac410000 - 0x00007ffbac425000 	C:\WINDOWS\system32\wshbth.dll
0x00007ffbaa120000 - 0x00007ffbaa12a000 	C:\Windows\System32\rasadhlp.dll
0x00007ffbab380000 - 0x00007ffbab3f7000 	C:\WINDOWS\System32\fwpuclnt.dll
0x00007ffbb5b00000 - 0x00007ffbb5b33000 	C:\WINDOWS\system32\rsaenh.dll
0x00007ffbb6610000 - 0x00007ffbb6635000 	C:\WINDOWS\SYSTEM32\USERENV.dll
0x00007ffbab460000 - 0x00007ffbab476000 	C:\WINDOWS\SYSTEM32\dhcpcsvc6.DLL
0x00007ffbab480000 - 0x00007ffbab49c000 	C:\WINDOWS\SYSTEM32\dhcpcsvc.DLL

dbghelp: loaded successfully - version: 4.0.5 - missing functions: none
symbol engine: initialized successfully - sym options: 0x614 - pdb path: .;C:\Program Files\Java\jdk-11.0.4\bin;C:\WINDOWS\SYSTEM32;C:\WINDOWS\WinSxS\amd64_microsoft.windows.common-controls_6595b64144ccf1df_6.0.18362.592_none_e6c0b1911312be02;C:\Program Files\Java\jdk-11.0.4\bin\server

VM Arguments:
jvm_args: -Dcom.sun.management.jmxremote -Dcom.sun.management.jmxremote.port=54667 -Dcom.sun.management.jmxremote.authenticate=false -Dcom.sun.management.jmxremote.ssl=false -Djava.rmi.server.hostname=localhost -Dspring.jmx.enabled=true -Dspring.liveBeansView.mbeanDomain -Dspring.application.admin.enabled=true -Xverify:none -XX:TieredStopAtLevel=1 -Dspring.boot.project.name=newproject -Dfile.encoding=Cp1252 
java_command: com.example.demo.NewprojectApplication --spring.output.ansi.enabled=always
java_class_path (initial): C:\Users\ASHISH\Desktop\sts\newproject\bin\main;C:\Users\ASHISH\.gradle\caches\modules-2\files-2.1\org.springframework.boot\spring-boot-starter-data-jpa\2.2.4.RELEASE\374fc811a6e64632593cae83fe6786b1b93b574\spring-boot-starter-data-jpa-2.2.4.RELEASE.jar;C:\Users\ASHISH\.gradle\caches\modules-2\files-2.1\org.springframework.boot\spring-boot-starter-security\2.2.4.RELEASE\6ae84ac22148368eca716c64424e2f5d9db7a156\spring-boot-starter-security-2.2.4.RELEASE.jar;C:\Users\ASHISH\.gradle\caches\modules-2\files-2.1\org.springframework.boot\spring-boot-starter-thymeleaf\2.2.4.RELEASE\168d71302f3227702e8a2d74841136c6e0814d81\spring-boot-starter-thymeleaf-2.2.4.RELEASE.jar;C:\Users\ASHISH\.gradle\caches\modules-2\files-2.1\org.springframework.boot\spring-boot-starter-web-services\2.2.4.RELEASE\3c19d62e7891bb70d99d1366fddc31a5b09cf0a7\spring-boot-starter-web-services-2.2.4.RELEASE.jar;C:\Users\ASHISH\.gradle\caches\modules-2\files-2.1\com.vaadin\vaadin-spring-boot-starter\14.1.16\a5db68224e202cac2f1f2e0356f3ba4203dc93cf\vaadin-spring-boot-starter-14.1.16.jar;C:\Users\ASHISH\.gradle\caches\modules-2\files-2.1\org.springframework.boot\spring-boot-starter-web\2.2.4.RELEASE\ec75d01d212b5229c16d872fb127744c0ed46ed8\spring-boot-starter-web-2.2.4.RELEASE.jar;C:\Users\ASHISH\.gradle\caches\modules-2\files-2.1\org.springframework.boot\spring-boot-starter-webflux\2.2.4.RELEASE\e26ab42e62ac9a398941dda033b0ea17edce2643\spring-boot-starter-webflux-2.2.4.RELEASE.jar;C:\Users\ASHISH\.gradle\caches\modules-2\files-2.1\org.springframework.boot\spring-boot-starter-aop\2.2.4.RELEASE\26fe8208e070eb17e48e101f812c4519103165a\spring-boot-starter-aop-2.2.4.RELEASE.jar;C:\Users\ASHISH\.gradle\caches\modules-2\files-2.1\org.springframework.boot\spring-boot-starter-jdbc\2.2.4.RELEASE\2391d4f6f338b1eee003f0aadfcd4124cd3ed191\spring-boot-starter-jdbc-2.2.4.RELEASE.jar;C:\Users\ASHISH\.gradle\caches\modules-2\files-2.1\com.sun.xml.messaging.saaj\saaj-impl\1.5.1\e76b10e4f99630d0e5
Launcher Type: SUN_STANDARD

[Global flags]
     bool BytecodeVerificationLocal                = false                                     {product} {command line}
     bool BytecodeVerificationRemote               = false                                     {product} {command line}
     intx CICompilerCount                          = 3                                         {product} {ergonomic}
     uint ConcGCThreads                            = 1                                         {product} {ergonomic}
     uint G1ConcRefinementThreads                  = 4                                         {product} {ergonomic}
   size_t G1HeapRegionSize                         = 1048576                                   {product} {ergonomic}
    uintx GCDrainStackTargetSize                   = 64                                        {product} {ergonomic}
   size_t InitialHeapSize                          = 134217728                                 {product} {ergonomic}
     bool ManagementServer                         = true                                      {product} {command line}
   size_t MarkStackSize                            = 4194304                                   {product} {ergonomic}
   size_t MaxHeapSize                              = 2134900736                                {product} {ergonomic}
   size_t MaxNewSize                               = 1280311296                                {product} {ergonomic}
   size_t MinHeapDeltaBytes                        = 1048576                                   {product} {ergonomic}
    uintx NonNMethodCodeHeapSize                   = 6973028                                {pd product} {ergonomic}
    uintx NonProfiledCodeHeapSize                  = 244685212                              {pd product} {ergonomic}
    uintx ProfiledCodeHeapSize                     = 0                                      {pd product} {ergonomic}
    uintx ReservedCodeCacheSize                    = 251658240                              {pd product} {ergonomic}
     bool SegmentedCodeCache                       = true                                      {product} {ergonomic}
     intx TieredStopAtLevel                        = 1                                         {product} {command line}
     bool UseCompressedClassPointers               = true                                 {lp64_product} {ergonomic}
     bool UseCompressedOops                        = true                                 {lp64_product} {ergonomic}
     bool UseG1GC                                  = true                                      {product} {ergonomic}
     bool UseLargePagesIndividualAllocation        = false                                  {pd product} {ergonomic}

Logging:
Log output configuration:
 #0: stdout all=warning uptime,level,tags
 #1: stderr all=off uptime,level,tags

Environment Variables:
PATH=C:/Program Files/Java/jdk-11.0.4/bin/server;C:/Program Files/Java/jdk-11.0.4/bin;C:\Program Files\Java\jdk-11.0.4\bin;C:\Program Files (x86)\Common Files\Microsoft Shared\Windows Live;C:\WINDOWS\system32;C:\WINDOWS;C:\WINDOWS\System32\Wbem;C:\WINDOWS\System32\WindowsPowerShell\v1.0\;C:\Program Files (x86)\Windows Live\Shared;C:\Program Files (x86)\ATI Technologies\ATI.ACE\Core-Static;C:\Program Files\Intel\WiFi\bin\;C:\Program Files\Common Files\Intel\WirelessCommon\;C:\WINDOWS\System32\OpenSSH\;C:\Program Files (x86)\AMD\ATI.ACE\Core-Static;C:\Program Files\nodejs\;C:\Program Files\Git\cmd;C:\Program Files\Java\jdk-11.0.4\bin;;C:\Users\ASHISH\Desktop\sts-bundle\sts-3.9.10.RELEASE;
USERNAME=ASHISH
OS=Windows_NT
PROCESSOR_IDENTIFIER=Intel64 Family 6 Model 42 Stepping 7, GenuineIntel



---------------  S Y S T E M  ---------------

OS: Windows 10 , 64 bit Build 18362 (10.0.18362.329)

CPU:total 4 (initial active 4) (2 cores per cpu, 2 threads per core) family 6 model 42 stepping 7, cmov, cx8, fxsr, mmx, sse, sse2, sse3, ssse3, sse4.1, sse4.2, popcnt, avx, aes, clmul, ht, tsc, tscinvbit

Memory: 4k page, system-wide physical 8139M (3628M free)
TotalPageFile size 16331M (AvailPageFile size 11023M)
current process WorkingSet (physical memory assigned to process): 72M, peak: 72M
current process commit charge ("private bytes"): 216M, peak: 216M

vm_info: Java HotSpot(TM) 64-Bit Server VM (11.0.4+10-LTS) for windows-amd64 JRE (11.0.4+10-LTS), built on Jul  4 2019 16:28:13 by "mach5one" with MS VC++ 15.5 (VS2017)

END.
