#
# A fatal error has been detected by the Java Runtime Environment:
#
#  EXCEPTION_ACCESS_VIOLATION (0xc0000005) at pc=0x00007ffc003c7a16, pid=5920, tid=5180
#
# JRE version: Java(TM) SE Runtime Environment (11.0.4+10) (build 11.0.4+10-LTS)
# Java VM: Java HotSpot(TM) 64-Bit Server VM (11.0.4+10-LTS, mixed mode, tiered, compressed oops, g1 gc, windows-amd64)
# Problematic frame:
# V  [jvm.dll+0x6c7a16]
#
# No core dump will be written. Minidumps are not enabled by default on client versions of Windows
#
# If you would like to submit a bug report, please visit:
#   http://bugreport.java.com/bugreport/crash.jsp
#

---------------  S U M M A R Y ------------

Command Line: -Dcom.sun.management.jmxremote -Dcom.sun.management.jmxremote.port=64875 -Dcom.sun.management.jmxremote.authenticate=false -Dcom.sun.management.jmxremote.ssl=false -Djava.rmi.server.hostname=localhost -Dspring.jmx.enabled=true -Dspring.liveBeansView.mbeanDomain -Dspring.application.admin.enabled=true -Xverify:none -XX:TieredStopAtLevel=1 -Dspring.boot.project.name=newproject -Dfile.encoding=Cp1252 com.example.demo.NewprojectApplication --spring.output.ansi.enabled=always

Host: Intel(R) Core(TM) i5-2410M CPU @ 2.30GHz, 4 cores, 7G,  Windows 10 , 64 bit Build 18362 (10.0.18362.329)
Time: Tue Feb  4 23:04:16 2020 India Standard Time elapsed time: 1 seconds (0d 0h 0m 1s)

---------------  T H R E A D  ---------------

Current thread (0x000001e0c4e8e000):  WatcherThread [stack: 0x000000964de00000,0x000000964df00000] [id=5180]

Stack: [0x000000964de00000,0x000000964df00000],  sp=0x000000964deff9f0,  free space=1022k
Native frames: (J=compiled Java code, j=interpreted, Vv=VM code, C=native code)
V  [jvm.dll+0x6c7a16]
V  [jvm.dll+0x71321d]
V  [jvm.dll+0x738bd9]
V  [jvm.dll+0x634c82]
C  [ucrtbase.dll+0x20e72]
C  [KERNEL32.DLL+0x17bd4]
C  [ntdll.dll+0x6ced1]


siginfo: EXCEPTION_ACCESS_VIOLATION (0xc0000005), reading address 0x0000000800000007


Register to memory mapping:

RIP=0x00007ffc003c7a16 jvm.dll
RAX=0x0000000800000007 is an unknown value
RBX=0x0 is NULL
RCX=0x000001e0c4e7ad80 points into unknown readable memory: 58 35 5d 00 fc 7f 00 00
RDX=0x0000000000000032 is an unknown value
RSP=0x000000964deff9f0 points into unknown readable memory: 00 e0 e8 c4 e0 01 00 00
RBP=0x0000000000000002 is an unknown value
RSI=0x000001e0c4e7f150 points into unknown readable memory: 07 00 00 00 08 00 00 00
RDI=0x0000000000000001 is an unknown value
R8 =0x0 is NULL
R9 =0x000001e0ad8f0b80 is at begin+0 in a stub
StubRoutines::atomic_cmpxchg_long [0x000001e0ad8f0b80, 0x000001e0ad8f0b89[ (9 bytes)
R10=0x00000000546c6148 is an unknown value
R11=0x0000016b15fe8b38 is an unknown value
R12=0x0 is NULL
R13=0x000001e0c4e8e000 points into unknown readable memory: 58 7c 5d 00 fc 7f 00 00
R14=0x0000000000000032 is an unknown value
R15=0x000001e0c4c9f610 points into unknown readable memory: 00 00 00 00 00 00 00 00


Registers:
RAX=0x0000000800000007, RBX=0x0000000000000000, RCX=0x000001e0c4e7ad80, RDX=0x0000000000000032
RSP=0x000000964deff9f0, RBP=0x0000000000000002, RSI=0x000001e0c4e7f150, RDI=0x0000000000000001
R8 =0x0000000000000000, R9 =0x000001e0ad8f0b80, R10=0x00000000546c6148, R11=0x0000016b15fe8b38
R12=0x0000000000000000, R13=0x000001e0c4e8e000, R14=0x0000000000000032, R15=0x000001e0c4c9f610
RIP=0x00007ffc003c7a16, EFLAGS=0x0000000000010246

Top of Stack: (sp=0x000000964deff9f0)
0x000000964deff9f0:   000001e0c4e8e000 000001e0c4e8e000
0x000000964deffa00:   0000ae6d313aa690 00007ffc003087c9
0x000000964deffa10:   00007ffc00773798 00007ffc0041321d
0x000000964deffa20:   000001e0a5606d70 000001e0a5606d70
0x000000964deffa30:   000001e0a5606d70 431bde82d7b634db
0x000000964deffa40:   000001e0c4c9f610 0000ae6d313aa690
0x000000964deffa50:   000001e0a5606d70 00007ffc00438bd9
0x000000964deffa60:   0000000000000001 0000000000000032
0x000000964deffa70:   0000000000000032 0000000000000002
0x000000964deffa80:   0000000000000000 00007ffc3decceb0
0x000000964deffa90:   000000000000027f 0000000000000000
0x000000964deffaa0:   0000000000000000 0000ffff00001f80
0x000000964deffab0:   0000000000000000 0000000000000000
0x000000964deffac0:   0000000000000000 0000000000000000
0x000000964deffad0:   0000000000000000 000000964deffd90
0x000000964deffae0:   000001e0c4e8e000 00007ffc00334c82 

Instructions: (pc=0x00007ffc003c7a16)
0x00007ffc003c79f6:   cc cc cc cc cc cc cc cc cc cc 48 89 5c 24 10 56
0x00007ffc003c7a06:   48 83 ec 20 48 8b 35 47 6c 3a 00 33 db 48 8b 06
0x00007ffc003c7a16:   39 18 7e 27 48 89 7c 24 30 8b fb 48 8b 40 18 48
0x00007ffc003c7a26:   8b 0c 07 48 8b 01 ff 50 08 48 8b 06 48 8d 7f 08 


Stack slot to memory mapping:
stack at sp + 0 slots: 0x000001e0c4e8e000 points into unknown readable memory: 58 7c 5d 00 fc 7f 00 00
stack at sp + 1 slots: 0x000001e0c4e8e000 points into unknown readable memory: 58 7c 5d 00 fc 7f 00 00
stack at sp + 2 slots: 0x0000ae6d313aa690 is an unknown value
stack at sp + 3 slots: 0x00007ffc003087c9 jvm.dll
stack at sp + 4 slots: 0x00007ffc00773798 jvm.dll
stack at sp + 5 slots: 0x00007ffc0041321d jvm.dll
stack at sp + 6 slots: 0x000001e0a5606d70 points into unknown readable memory: 01 00 00 00 00 00 00 00
stack at sp + 7 slots: 0x000001e0a5606d70 points into unknown readable memory: 01 00 00 00 00 00 00 00


---------------  P R O C E S S  ---------------

Threads class SMR info:
_java_thread_list=0x000001e0c4e83660, length=14, elements={
0x000001e0a5608000, 0x000001e0c41e8800, 0x000001e0c41f1000, 0x000001e0c4204800,
0x000001e0c4206800, 0x000001e0c4209000, 0x000001e0c420f800, 0x000001e0c3977800,
0x000001e0c441c800, 0x000001e0c4422000, 0x000001e0c449c800, 0x000001e0c4e25000,
0x000001e0c4dd0000, 0x000001e0c4e84000
}

Java Threads: ( => current thread )
  0x000001e0a5608000 JavaThread "main" [_thread_blocked, id=10976, stack(0x000000964c800000,0x000000964c900000)]
  0x000001e0c41e8800 JavaThread "Reference Handler" daemon [_thread_blocked, id=7688, stack(0x000000964cf00000,0x000000964d000000)]
  0x000001e0c41f1000 JavaThread "Finalizer" daemon [_thread_blocked, id=5332, stack(0x000000964d000000,0x000000964d100000)]
  0x000001e0c4204800 JavaThread "Signal Dispatcher" daemon [_thread_blocked, id=7948, stack(0x000000964d100000,0x000000964d200000)]
  0x000001e0c4206800 JavaThread "Attach Listener" daemon [_thread_blocked, id=7492, stack(0x000000964d200000,0x000000964d300000)]
  0x000001e0c4209000 JavaThread "C1 CompilerThread0" daemon [_thread_blocked, id=5268, stack(0x000000964d300000,0x000000964d400000)]
  0x000001e0c420f800 JavaThread "Sweeper thread" daemon [_thread_blocked, id=10892, stack(0x000000964d400000,0x000000964d500000)]
  0x000001e0c3977800 JavaThread "Common-Cleaner" daemon [_thread_blocked, id=11424, stack(0x000000964d500000,0x000000964d600000)]
  0x000001e0c441c800 JavaThread "C1 CompilerThread1" daemon [_thread_in_vm, id=5212, stack(0x000000964d600000,0x000000964d700000)]
  0x000001e0c4422000 JavaThread "C1 CompilerThread2" daemon [_thread_blocked, id=11896, stack(0x000000964d700000,0x000000964d800000)]
  0x000001e0c449c800 JavaThread "Service Thread" daemon [_thread_blocked, id=12080, stack(0x000000964d800000,0x000000964d900000)]
  0x000001e0c4e25000 JavaThread "RMI TCP Accept-0" daemon [_thread_in_native, id=7180, stack(0x000000964db00000,0x000000964dc00000)]
  0x000001e0c4dd0000 JavaThread "RMI TCP Accept-64875" daemon [_thread_in_native, id=11372, stack(0x000000964dc00000,0x000000964dd00000)]
  0x000001e0c4e84000 JavaThread "RMI TCP Accept-0" daemon [_thread_in_native, id=6780, stack(0x000000964dd00000,0x000000964de00000)]

Other Threads:
  0x000001e0c41c2800 VMThread "VM Thread" [stack: 0x000000964ce00000,0x000000964cf00000] [id=10856]
=>0x000001e0c4e8e000 WatcherThread [stack: 0x000000964de00000,0x000000964df00000] [id=5180]
  0x000001e0a561d000 GCTaskThread "GC Thread#0" [stack: 0x000000964c900000,0x000000964ca00000] [id=11132]
  0x000001e0c4d81000 GCTaskThread "GC Thread#1" [stack: 0x000000964d900000,0x000000964da00000] [id=8156]
  0x000001e0c4d81800 GCTaskThread "GC Thread#2" [stack: 0x000000964da00000,0x000000964db00000] [id=9580]
  0x000001e0a5650000 ConcurrentGCThread "G1 Main Marker" [stack: 0x000000964ca00000,0x000000964cb00000] [id=1048]
  0x000001e0a5651800 ConcurrentGCThread "G1 Conc#0" [stack: 0x000000964cb00000,0x000000964cc00000] [id=6260]
  0x000001e0c3824800 ConcurrentGCThread "G1 Refine#0" [stack: 0x000000964cc00000,0x000000964cd00000] [id=12060]
  0x000001e0c3825800 ConcurrentGCThread "G1 Young RemSet Sampling" [stack: 0x000000964cd00000,0x000000964ce00000] [id=9544]

Threads with active compile tasks:
C1 CompilerThread11095       1       java.nio.MappedByteBuffer::limit (6 bytes)

VM state:synchronizing (normal execution)

VM Mutex/Monitor currently owned by a thread:  ([mutex/lock_event])
[0x000001e0a5607ca0] Threads_lock - owner thread: 0x000001e0c41c2800
[0x000001e0a56079d0] Compile_lock - owner thread: 0x000001e0a5608000
[0x000001e0a5606d70] PeriodicTask_lock - owner thread: 0x000001e0c4e8e000

Heap address: 0x0000000080c00000, size: 2036 MB, Compressed Oops mode: 32-bit
Narrow klass base: 0x0000000000000000, Narrow klass shift: 3
Compressed class space size: 1073741824 Address: 0x0000000100000000

Heap:
 garbage-first heap   total 131072K, used 15947K [0x0000000080c00000, 0x0000000100000000)
  region size 1024K, 9 young (9216K), 1 survivors (1024K)
 Metaspace       used 13590K, capacity 13877K, committed 14208K, reserved 1062912K
  class space    used 1431K, capacity 1570K, committed 1664K, reserved 1048576K
Heap Regions: E=young(eden), S=young(survivor), O=old, HS=humongous(starts), HC=humongous(continues), CS=collection set, F=free, A=archive, TAMS=top-at-mark-start (previous, next)
|   0|0x0000000080c00000, 0x0000000080d00000, 0x0000000080d00000|100%|HS|  |TAMS 0x0000000080c00000, 0x0000000080c00000| Complete 
|   1|0x0000000080d00000, 0x0000000080e00000, 0x0000000080e00000|100%| O|  |TAMS 0x0000000080d00000, 0x0000000080d00000| Untracked 
|   2|0x0000000080e00000, 0x0000000080f00000, 0x0000000080f00000|100%| O|  |TAMS 0x0000000080e00000, 0x0000000080e00000| Untracked 
|   3|0x0000000080f00000, 0x0000000081000000, 0x0000000081000000|100%| O|  |TAMS 0x0000000080f00000, 0x0000000080f00000| Untracked 
|   4|0x0000000081000000, 0x0000000081100000, 0x0000000081100000|100%| O|  |TAMS 0x0000000081000000, 0x0000000081000000| Untracked 
|   5|0x0000000081100000, 0x0000000081200000, 0x0000000081200000|100%| O|  |TAMS 0x0000000081100000, 0x0000000081100000| Untracked 
|   6|0x0000000081200000, 0x0000000081300000, 0x0000000081300000|100%| O|  |TAMS 0x0000000081200000, 0x0000000081200000| Untracked 
|   7|0x0000000081300000, 0x00000000813c8400, 0x0000000081400000| 78%| O|  |TAMS 0x0000000081300000, 0x0000000081300000| Untracked 
|   8|0x0000000081400000, 0x0000000081400000, 0x0000000081500000|  0%| F|  |TAMS 0x0000000081400000, 0x0000000081400000| Untracked 
|   9|0x0000000081500000, 0x0000000081500000, 0x0000000081600000|  0%| F|  |TAMS 0x0000000081500000, 0x0000000081500000| Untracked 
|  10|0x0000000081600000, 0x0000000081600000, 0x0000000081700000|  0%| F|  |TAMS 0x0000000081600000, 0x0000000081600000| Untracked 
|  11|0x0000000081700000, 0x0000000081700000, 0x0000000081800000|  0%| F|  |TAMS 0x0000000081700000, 0x0000000081700000| Untracked 
|  12|0x0000000081800000, 0x0000000081800000, 0x0000000081900000|  0%| F|  |TAMS 0x0000000081800000, 0x0000000081800000| Untracked 
|  13|0x0000000081900000, 0x0000000081900000, 0x0000000081a00000|  0%| F|  |TAMS 0x0000000081900000, 0x0000000081900000| Untracked 
|  14|0x0000000081a00000, 0x0000000081a00000, 0x0000000081b00000|  0%| F|  |TAMS 0x0000000081a00000, 0x0000000081a00000| Untracked 
|  15|0x0000000081b00000, 0x0000000081b00000, 0x0000000081c00000|  0%| F|  |TAMS 0x0000000081b00000, 0x0000000081b00000| Untracked 
|  16|0x0000000081c00000, 0x0000000081c00000, 0x0000000081d00000|  0%| F|  |TAMS 0x0000000081c00000, 0x0000000081c00000| Untracked 
|  17|0x0000000081d00000, 0x0000000081d00000, 0x0000000081e00000|  0%| F|  |TAMS 0x0000000081d00000, 0x0000000081d00000| Untracked 
|  18|0x0000000081e00000, 0x0000000081e00000, 0x0000000081f00000|  0%| F|  |TAMS 0x0000000081e00000, 0x0000000081e00000| Untracked 
|  19|0x0000000081f00000, 0x0000000081f00000, 0x0000000082000000|  0%| F|  |TAMS 0x0000000081f00000, 0x0000000081f00000| Untracked 
|  20|0x0000000082000000, 0x0000000082000000, 0x0000000082100000|  0%| F|  |TAMS 0x0000000082000000, 0x0000000082000000| Untracked 
|  21|0x0000000082100000, 0x0000000082100000, 0x0000000082200000|  0%| F|  |TAMS 0x0000000082100000, 0x0000000082100000| Untracked 
|  22|0x0000000082200000, 0x0000000082200000, 0x0000000082300000|  0%| F|  |TAMS 0x0000000082200000, 0x0000000082200000| Untracked 
|  23|0x0000000082300000, 0x0000000082300000, 0x0000000082400000|  0%| F|  |TAMS 0x0000000082300000, 0x0000000082300000| Untracked 
|  24|0x0000000082400000, 0x0000000082400000, 0x0000000082500000|  0%| F|  |TAMS 0x0000000082400000, 0x0000000082400000| Untracked 
|  25|0x0000000082500000, 0x0000000082500000, 0x0000000082600000|  0%| F|  |TAMS 0x0000000082500000, 0x0000000082500000| Untracked 
|  26|0x0000000082600000, 0x0000000082600000, 0x0000000082700000|  0%| F|  |TAMS 0x0000000082600000, 0x0000000082600000| Untracked 
|  27|0x0000000082700000, 0x0000000082700000, 0x0000000082800000|  0%| F|  |TAMS 0x0000000082700000, 0x0000000082700000| Untracked 
|  28|0x0000000082800000, 0x0000000082800000, 0x0000000082900000|  0%| F|  |TAMS 0x0000000082800000, 0x0000000082800000| Untracked 
|  29|0x0000000082900000, 0x0000000082900000, 0x0000000082a00000|  0%| F|  |TAMS 0x0000000082900000, 0x0000000082900000| Untracked 
|  30|0x0000000082a00000, 0x0000000082a00000, 0x0000000082b00000|  0%| F|  |TAMS 0x0000000082a00000, 0x0000000082a00000| Untracked 
|  31|0x0000000082b00000, 0x0000000082b00000, 0x0000000082c00000|  0%| F|  |TAMS 0x0000000082b00000, 0x0000000082b00000| Untracked 
|  32|0x0000000082c00000, 0x0000000082c00000, 0x0000000082d00000|  0%| F|  |TAMS 0x0000000082c00000, 0x0000000082c00000| Untracked 
|  33|0x0000000082d00000, 0x0000000082d00000, 0x0000000082e00000|  0%| F|  |TAMS 0x0000000082d00000, 0x0000000082d00000| Untracked 
|  34|0x0000000082e00000, 0x0000000082e00000, 0x0000000082f00000|  0%| F|  |TAMS 0x0000000082e00000, 0x0000000082e00000| Untracked 
|  35|0x0000000082f00000, 0x0000000082f00000, 0x0000000083000000|  0%| F|  |TAMS 0x0000000082f00000, 0x0000000082f00000| Untracked 
|  36|0x0000000083000000, 0x0000000083000000, 0x0000000083100000|  0%| F|  |TAMS 0x0000000083000000, 0x0000000083000000| Untracked 
|  37|0x0000000083100000, 0x0000000083100000, 0x0000000083200000|  0%| F|  |TAMS 0x0000000083100000, 0x0000000083100000| Untracked 
|  38|0x0000000083200000, 0x0000000083200000, 0x0000000083300000|  0%| F|  |TAMS 0x0000000083200000, 0x0000000083200000| Untracked 
|  39|0x0000000083300000, 0x0000000083300000, 0x0000000083400000|  0%| F|  |TAMS 0x0000000083300000, 0x0000000083300000| Untracked 
|  40|0x0000000083400000, 0x0000000083400000, 0x0000000083500000|  0%| F|  |TAMS 0x0000000083400000, 0x0000000083400000| Untracked 
|  41|0x0000000083500000, 0x0000000083500000, 0x0000000083600000|  0%| F|  |TAMS 0x0000000083500000, 0x0000000083500000| Untracked 
|  42|0x0000000083600000, 0x0000000083600000, 0x0000000083700000|  0%| F|  |TAMS 0x0000000083600000, 0x0000000083600000| Untracked 
|  43|0x0000000083700000, 0x0000000083700000, 0x0000000083800000|  0%| F|  |TAMS 0x0000000083700000, 0x0000000083700000| Untracked 
|  44|0x0000000083800000, 0x0000000083800000, 0x0000000083900000|  0%| F|  |TAMS 0x0000000083800000, 0x0000000083800000| Untracked 
|  45|0x0000000083900000, 0x0000000083900000, 0x0000000083a00000|  0%| F|  |TAMS 0x0000000083900000, 0x0000000083900000| Untracked 
|  46|0x0000000083a00000, 0x0000000083a00000, 0x0000000083b00000|  0%| F|  |TAMS 0x0000000083a00000, 0x0000000083a00000| Untracked 
|  47|0x0000000083b00000, 0x0000000083b00000, 0x0000000083c00000|  0%| F|  |TAMS 0x0000000083b00000, 0x0000000083b00000| Untracked 
|  48|0x0000000083c00000, 0x0000000083c00000, 0x0000000083d00000|  0%| F|  |TAMS 0x0000000083c00000, 0x0000000083c00000| Untracked 
|  49|0x0000000083d00000, 0x0000000083d00000, 0x0000000083e00000|  0%| F|  |TAMS 0x0000000083d00000, 0x0000000083d00000| Untracked 
|  50|0x0000000083e00000, 0x0000000083e00000, 0x0000000083f00000|  0%| F|  |TAMS 0x0000000083e00000, 0x0000000083e00000| Untracked 
|  51|0x0000000083f00000, 0x0000000083f00000, 0x0000000084000000|  0%| F|  |TAMS 0x0000000083f00000, 0x0000000083f00000| Untracked 
|  52|0x0000000084000000, 0x0000000084000000, 0x0000000084100000|  0%| F|  |TAMS 0x0000000084000000, 0x0000000084000000| Untracked 
|  53|0x0000000084100000, 0x0000000084100000, 0x0000000084200000|  0%| F|  |TAMS 0x0000000084100000, 0x0000000084100000| Untracked 
|  54|0x0000000084200000, 0x0000000084200000, 0x0000000084300000|  0%| F|  |TAMS 0x0000000084200000, 0x0000000084200000| Untracked 
|  55|0x0000000084300000, 0x0000000084300000, 0x0000000084400000|  0%| F|  |TAMS 0x0000000084300000, 0x0000000084300000| Untracked 
|  56|0x0000000084400000, 0x0000000084400000, 0x0000000084500000|  0%| F|  |TAMS 0x0000000084400000, 0x0000000084400000| Untracked 
|  57|0x0000000084500000, 0x0000000084500000, 0x0000000084600000|  0%| F|  |TAMS 0x0000000084500000, 0x0000000084500000| Untracked 
|  58|0x0000000084600000, 0x0000000084600000, 0x0000000084700000|  0%| F|  |TAMS 0x0000000084600000, 0x0000000084600000| Untracked 
|  59|0x0000000084700000, 0x0000000084700000, 0x0000000084800000|  0%| F|  |TAMS 0x0000000084700000, 0x0000000084700000| Untracked 
|  60|0x0000000084800000, 0x0000000084800000, 0x0000000084900000|  0%| F|  |TAMS 0x0000000084800000, 0x0000000084800000| Untracked 
|  61|0x0000000084900000, 0x0000000084900000, 0x0000000084a00000|  0%| F|  |TAMS 0x0000000084900000, 0x0000000084900000| Untracked 
|  62|0x0000000084a00000, 0x0000000084a00000, 0x0000000084b00000|  0%| F|  |TAMS 0x0000000084a00000, 0x0000000084a00000| Untracked 
|  63|0x0000000084b00000, 0x0000000084b00000, 0x0000000084c00000|  0%| F|  |TAMS 0x0000000084b00000, 0x0000000084b00000| Untracked 
|  64|0x0000000084c00000, 0x0000000084c00000, 0x0000000084d00000|  0%| F|  |TAMS 0x0000000084c00000, 0x0000000084c00000| Untracked 
|  65|0x0000000084d00000, 0x0000000084d00000, 0x0000000084e00000|  0%| F|  |TAMS 0x0000000084d00000, 0x0000000084d00000| Untracked 
|  66|0x0000000084e00000, 0x0000000084e00000, 0x0000000084f00000|  0%| F|  |TAMS 0x0000000084e00000, 0x0000000084e00000| Untracked 
|  67|0x0000000084f00000, 0x0000000084f00000, 0x0000000085000000|  0%| F|  |TAMS 0x0000000084f00000, 0x0000000084f00000| Untracked 
|  68|0x0000000085000000, 0x0000000085000000, 0x0000000085100000|  0%| F|  |TAMS 0x0000000085000000, 0x0000000085000000| Untracked 
|  69|0x0000000085100000, 0x0000000085100000, 0x0000000085200000|  0%| F|  |TAMS 0x0000000085100000, 0x0000000085100000| Untracked 
|  70|0x0000000085200000, 0x0000000085200000, 0x0000000085300000|  0%| F|  |TAMS 0x0000000085200000, 0x0000000085200000| Untracked 
|  71|0x0000000085300000, 0x0000000085300000, 0x0000000085400000|  0%| F|  |TAMS 0x0000000085300000, 0x0000000085300000| Untracked 
|  72|0x0000000085400000, 0x0000000085400000, 0x0000000085500000|  0%| F|  |TAMS 0x0000000085400000, 0x0000000085400000| Untracked 
|  73|0x0000000085500000, 0x0000000085500000, 0x0000000085600000|  0%| F|  |TAMS 0x0000000085500000, 0x0000000085500000| Untracked 
|  74|0x0000000085600000, 0x0000000085600000, 0x0000000085700000|  0%| F|  |TAMS 0x0000000085600000, 0x0000000085600000| Untracked 
|  75|0x0000000085700000, 0x0000000085700000, 0x0000000085800000|  0%| F|  |TAMS 0x0000000085700000, 0x0000000085700000| Untracked 
|  76|0x0000000085800000, 0x0000000085800000, 0x0000000085900000|  0%| F|  |TAMS 0x0000000085800000, 0x0000000085800000| Untracked 
|  77|0x0000000085900000, 0x0000000085900000, 0x0000000085a00000|  0%| F|  |TAMS 0x0000000085900000, 0x0000000085900000| Untracked 
|  78|0x0000000085a00000, 0x0000000085a00000, 0x0000000085b00000|  0%| F|  |TAMS 0x0000000085a00000, 0x0000000085a00000| Untracked 
|  79|0x0000000085b00000, 0x0000000085b00000, 0x0000000085c00000|  0%| F|  |TAMS 0x0000000085b00000, 0x0000000085b00000| Untracked 
|  80|0x0000000085c00000, 0x0000000085c00000, 0x0000000085d00000|  0%| F|  |TAMS 0x0000000085c00000, 0x0000000085c00000| Untracked 
|  81|0x0000000085d00000, 0x0000000085d00000, 0x0000000085e00000|  0%| F|  |TAMS 0x0000000085d00000, 0x0000000085d00000| Untracked 
|  82|0x0000000085e00000, 0x0000000085e00000, 0x0000000085f00000|  0%| F|  |TAMS 0x0000000085e00000, 0x0000000085e00000| Untracked 
|  83|0x0000000085f00000, 0x0000000085f00000, 0x0000000086000000|  0%| F|  |TAMS 0x0000000085f00000, 0x0000000085f00000| Untracked 
|  84|0x0000000086000000, 0x0000000086000000, 0x0000000086100000|  0%| F|  |TAMS 0x0000000086000000, 0x0000000086000000| Untracked 
|  85|0x0000000086100000, 0x0000000086100000, 0x0000000086200000|  0%| F|  |TAMS 0x0000000086100000, 0x0000000086100000| Untracked 
|  86|0x0000000086200000, 0x0000000086200000, 0x0000000086300000|  0%| F|  |TAMS 0x0000000086200000, 0x0000000086200000| Untracked 
|  87|0x0000000086300000, 0x0000000086300000, 0x0000000086400000|  0%| F|  |TAMS 0x0000000086300000, 0x0000000086300000| Untracked 
|  88|0x0000000086400000, 0x0000000086400000, 0x0000000086500000|  0%| F|  |TAMS 0x0000000086400000, 0x0000000086400000| Untracked 
|  89|0x0000000086500000, 0x0000000086500000, 0x0000000086600000|  0%| F|  |TAMS 0x0000000086500000, 0x0000000086500000| Untracked 
|  90|0x0000000086600000, 0x0000000086600000, 0x0000000086700000|  0%| F|  |TAMS 0x0000000086600000, 0x0000000086600000| Untracked 
|  91|0x0000000086700000, 0x0000000086700000, 0x0000000086800000|  0%| F|  |TAMS 0x0000000086700000, 0x0000000086700000| Untracked 
|  92|0x0000000086800000, 0x0000000086800000, 0x0000000086900000|  0%| F|  |TAMS 0x0000000086800000, 0x0000000086800000| Untracked 
|  93|0x0000000086900000, 0x0000000086900000, 0x0000000086a00000|  0%| F|  |TAMS 0x0000000086900000, 0x0000000086900000| Untracked 
|  94|0x0000000086a00000, 0x0000000086a00000, 0x0000000086b00000|  0%| F|  |TAMS 0x0000000086a00000, 0x0000000086a00000| Untracked 
|  95|0x0000000086b00000, 0x0000000086b00000, 0x0000000086c00000|  0%| F|  |TAMS 0x0000000086b00000, 0x0000000086b00000| Untracked 
|  96|0x0000000086c00000, 0x0000000086c00000, 0x0000000086d00000|  0%| F|  |TAMS 0x0000000086c00000, 0x0000000086c00000| Untracked 
|  97|0x0000000086d00000, 0x0000000086d00000, 0x0000000086e00000|  0%| F|  |TAMS 0x0000000086d00000, 0x0000000086d00000| Untracked 
|  98|0x0000000086e00000, 0x0000000086e00000, 0x0000000086f00000|  0%| F|  |TAMS 0x0000000086e00000, 0x0000000086e00000| Untracked 
|  99|0x0000000086f00000, 0x0000000086f00000, 0x0000000087000000|  0%| F|  |TAMS 0x0000000086f00000, 0x0000000086f00000| Untracked 
| 100|0x0000000087000000, 0x0000000087000000, 0x0000000087100000|  0%| F|  |TAMS 0x0000000087000000, 0x0000000087000000| Untracked 
| 101|0x0000000087100000, 0x0000000087100000, 0x0000000087200000|  0%| F|  |TAMS 0x0000000087100000, 0x0000000087100000| Untracked 
| 102|0x0000000087200000, 0x0000000087200000, 0x0000000087300000|  0%| F|  |TAMS 0x0000000087200000, 0x0000000087200000| Untracked 
| 103|0x0000000087300000, 0x0000000087300000, 0x0000000087400000|  0%| F|  |TAMS 0x0000000087300000, 0x0000000087300000| Untracked 
| 104|0x0000000087400000, 0x0000000087400000, 0x0000000087500000|  0%| F|  |TAMS 0x0000000087400000, 0x0000000087400000| Untracked 
| 105|0x0000000087500000, 0x0000000087500000, 0x0000000087600000|  0%| F|  |TAMS 0x0000000087500000, 0x0000000087500000| Untracked 
| 106|0x0000000087600000, 0x0000000087600000, 0x0000000087700000|  0%| F|  |TAMS 0x0000000087600000, 0x0000000087600000| Untracked 
| 107|0x0000000087700000, 0x0000000087700000, 0x0000000087800000|  0%| F|  |TAMS 0x0000000087700000, 0x0000000087700000| Untracked 
| 108|0x0000000087800000, 0x0000000087800000, 0x0000000087900000|  0%| F|  |TAMS 0x0000000087800000, 0x0000000087800000| Untracked 
| 109|0x0000000087900000, 0x0000000087900000, 0x0000000087a00000|  0%| F|  |TAMS 0x0000000087900000, 0x0000000087900000| Untracked 
| 110|0x0000000087a00000, 0x0000000087a00000, 0x0000000087b00000|  0%| F|  |TAMS 0x0000000087a00000, 0x0000000087a00000| Untracked 
| 111|0x0000000087b00000, 0x0000000087b00000, 0x0000000087c00000|  0%| F|  |TAMS 0x0000000087b00000, 0x0000000087b00000| Untracked 
| 112|0x0000000087c00000, 0x0000000087c00000, 0x0000000087d00000|  0%| F|  |TAMS 0x0000000087c00000, 0x0000000087c00000| Untracked 
| 113|0x0000000087d00000, 0x0000000087d00000, 0x0000000087e00000|  0%| F|  |TAMS 0x0000000087d00000, 0x0000000087d00000| Untracked 
| 114|0x0000000087e00000, 0x0000000087e00000, 0x0000000087f00000|  0%| F|  |TAMS 0x0000000087e00000, 0x0000000087e00000| Untracked 
| 115|0x0000000087f00000, 0x0000000087f00000, 0x0000000088000000|  0%| F|  |TAMS 0x0000000087f00000, 0x0000000087f00000| Untracked 
| 116|0x0000000088000000, 0x0000000088000000, 0x0000000088100000|  0%| F|  |TAMS 0x0000000088000000, 0x0000000088000000| Untracked 
| 117|0x0000000088100000, 0x0000000088100000, 0x0000000088200000|  0%| F|  |TAMS 0x0000000088100000, 0x0000000088100000| Untracked 
| 118|0x0000000088200000, 0x0000000088200000, 0x0000000088300000|  0%| F|  |TAMS 0x0000000088200000, 0x0000000088200000| Untracked 
| 119|0x0000000088300000, 0x00000000883b49f0, 0x0000000088400000| 70%| E|  |TAMS 0x0000000088300000, 0x0000000088300000| Complete 
| 120|0x0000000088400000, 0x0000000088500000, 0x0000000088500000|100%| E|CS|TAMS 0x0000000088400000, 0x0000000088400000| Complete 
| 121|0x0000000088500000, 0x0000000088600000, 0x0000000088600000|100%| E|CS|TAMS 0x0000000088500000, 0x0000000088500000| Complete 
| 122|0x0000000088600000, 0x0000000088700000, 0x0000000088700000|100%| E|CS|TAMS 0x0000000088600000, 0x0000000088600000| Complete 
| 123|0x0000000088700000, 0x00000000887ca8a8, 0x0000000088800000| 79%| S|CS|TAMS 0x0000000088700000, 0x0000000088700000| Complete 
| 124|0x0000000088800000, 0x0000000088900000, 0x0000000088900000|100%| E|CS|TAMS 0x0000000088800000, 0x0000000088800000| Complete 
| 125|0x0000000088900000, 0x0000000088a00000, 0x0000000088a00000|100%| E|CS|TAMS 0x0000000088900000, 0x0000000088900000| Complete 
| 126|0x0000000088a00000, 0x0000000088b00000, 0x0000000088b00000|100%| E|CS|TAMS 0x0000000088a00000, 0x0000000088a00000| Complete 
| 127|0x0000000088b00000, 0x0000000088c00000, 0x0000000088c00000|100%| E|CS|TAMS 0x0000000088b00000, 0x0000000088b00000| Complete 

Card table byte_map: [0x000001e0bccf0000,0x000001e0bd0f0000] _byte_map_base: 0x000001e0bc8ea000

Marking Bits (Prev, Next): (CMBitMap*) 0x000001e0a56473b8, (CMBitMap*) 0x000001e0a56473f0
 Prev Bits: [0x000001e0bd4f0000, 0x000001e0bf4c0000)
 Next Bits: [0x000001e0bf4c0000, 0x000001e0c1490000)

Polling page: 0x000001e0a4d80000

Metaspace:

Usage:
  Non-class:     12.02 MB capacity,    11.87 MB ( 99%) used,   117.32 KB ( <1%) free+waste,    31.19 KB ( <1%) overhead. 
      Class:      1.53 MB capacity,     1.40 MB ( 91%) used,   122.79 KB (  8%) free+waste,    15.44 KB ( <1%) overhead. 
       Both:     13.55 MB capacity,    13.27 MB ( 98%) used,   240.11 KB (  2%) free+waste,    46.63 KB ( <1%) overhead. 

Virtual space:
  Non-class space:       14.00 MB reserved,      12.25 MB ( 88%) committed 
      Class space:        1.00 GB reserved,       1.63 MB ( <1%) committed 
             Both:        1.01 GB reserved,      13.88 MB (  1%) committed 

Chunk freelists:
   Non-Class:  5.63 KB
       Class:  3.75 KB
        Both:  9.38 KB

CodeHeap 'non-profiled nmethods': size=238912Kb used=1951Kb max_used=1951Kb free=236960Kb
 bounds [0x000001e0adfa0000, 0x000001e0ae210000, 0x000001e0bc8f0000]
CodeHeap 'non-nmethods': size=6848Kb used=2231Kb max_used=2231Kb free=4616Kb
 bounds [0x000001e0ad8f0000, 0x000001e0adb60000, 0x000001e0adfa0000]
 total_blobs=1739 nmethods=1309 adapters=339
 compilation: enabled
              stopped_count=0, restarted_count=0
 full_count=0

Compilation events (10 events):
Event: 1.304 Thread 0x000001e0c4422000 1108       1       java.lang.ClassLoader::checkName (37 bytes)
Event: 1.305 Thread 0x000001e0c4422000 nmethod 1108 0x000001e0ae11d810 code [0x000001e0ae11da00, 0x000001e0ae11dd20]
Event: 1.306 Thread 0x000001e0c4209000 1109       1       java.net.URL::toString (5 bytes)
Event: 1.306 Thread 0x000001e0c4422000 1110       1       java.net.URL::toExternalForm (9 bytes)
Event: 1.306 Thread 0x000001e0c4209000 nmethod 1109 0x000001e0ae11df10 code [0x000001e0ae11e0c0, 0x000001e0ae11e210]
Event: 1.306 Thread 0x000001e0c4422000 nmethod 1110 0x000001e0ae11e310 code [0x000001e0ae11e4c0, 0x000001e0ae11e610]
Event: 1.306 Thread 0x000001e0c4209000 1111       1       java.net.URLStreamHandler::toExternalForm (156 bytes)
Event: 1.307 Thread 0x000001e0c4422000 1112       1       jdk.internal.loader.URLClassPath$Loader::getBaseURL (5 bytes)
Event: 1.307 Thread 0x000001e0c4422000 nmethod 1112 0x000001e0ae11e710 code [0x000001e0ae11e8c0, 0x000001e0ae11e9d8]
Event: 1.308 Thread 0x000001e0c4209000 nmethod 1111 0x000001e0ae11ea90 code [0x000001e0ae11eda0, 0x000001e0ae11f8a0]

GC Heap History (4 events):
Event: 0.836 GC heap before
{Heap before GC invocations=0 (full 0):
 garbage-first heap   total 131072K, used 14336K [0x0000000080c00000, 0x0000000100000000)
  region size 1024K, 14 young (14336K), 0 survivors (0K)
 Metaspace       used 8583K, capacity 8753K, committed 8960K, reserved 1056768K
  class space    used 865K, capacity 926K, committed 1024K, reserved 1048576K
}
Event: 0.843 GC heap after
{Heap after GC invocations=1 (full 0):
 garbage-first heap   total 131072K, used 7988K [0x0000000080c00000, 0x0000000100000000)
  region size 1024K, 2 young (2048K), 2 survivors (2048K)
 Metaspace       used 8583K, capacity 8753K, committed 8960K, reserved 1056768K
  class space    used 865K, capacity 926K, committed 1024K, reserved 1048576K
}
Event: 1.269 GC heap before
{Heap before GC invocations=1 (full 0):
 garbage-first heap   total 131072K, used 12084K [0x0000000080c00000, 0x0000000100000000)
  region size 1024K, 6 young (6144K), 2 survivors (2048K)
 Metaspace       used 12033K, capacity 12355K, committed 12416K, reserved 1060864K
  class space    used 1274K, capacity 1400K, committed 1408K, reserved 1048576K
}
Event: 1.274 GC heap after
{Heap after GC invocations=2 (full 0):
 garbage-first heap   total 131072K, used 8779K [0x0000000080c00000, 0x0000000100000000)
  region size 1024K, 1 young (1024K), 1 survivors (1024K)
 Metaspace       used 12033K, capacity 12355K, committed 12416K, reserved 1060864K
  class space    used 1274K, capacity 1400K, committed 1408K, reserved 1048576K
}

Deoptimization events (0 events):
No events

Classes redefined (0 events):
No events

Internal exceptions (10 events):
Event: 0.922 Thread 0x000001e0a5608000 Exception <a 'java/lang/NoSuchMethodError'{0x0000000088a17928}: java.lang.invoke.DirectMethodHandle$Holder.invokeSpecialIFC(Ljava/lang/Object;Ljava/lang/Object;Ljava/lang/Object;)I> (0x0000000088a17928) thrown at [t:/workspace/open/src/hotspot/share/inter
Event: 0.957 Thread 0x000001e0a5608000 Exception <a 'java/lang/NoSuchMethodError'{0x0000000088a7b7e0}: java.lang.invoke.DirectMethodHandle$Holder.invokeStatic(Ljava/lang/Object;IIII)Ljava/lang/Object;> (0x0000000088a7b7e0) thrown at [t:/workspace/open/src/hotspot/share/interpreter/linkResolver
Event: 0.957 Thread 0x000001e0a5608000 Exception <a 'java/lang/NoSuchMethodError'{0x0000000088a7e8f8}: java.lang.invoke.DirectMethodHandle$Holder.invokeStaticInit(Ljava/lang/Object;IIII)Ljava/lang/Object;> (0x0000000088a7e8f8) thrown at [t:/workspace/open/src/hotspot/share/interpreter/linkReso
Event: 1.183 Thread 0x000001e0a5608000 Exception <a 'java/lang/NoSuchMethodError'{0x000000008895bae8}: java.lang.invoke.DirectMethodHandle$Holder.invokeStatic(Ljava/lang/Object;Ljava/lang/Object;IIII)Ljava/lang/Object;> (0x000000008895bae8) thrown at [t:/workspace/open/src/hotspot/share/interp
Event: 1.183 Thread 0x000001e0a5608000 Exception <a 'java/lang/NoSuchMethodError'{0x000000008895ee30}: java.lang.invoke.DirectMethodHandle$Holder.invokeStaticInit(Ljava/lang/Object;Ljava/lang/Object;IIII)Ljava/lang/Object;> (0x000000008895ee30) thrown at [t:/workspace/open/src/hotspot/share/in
Event: 1.196 Thread 0x000001e0a5608000 Exception <a 'java/lang/ClassNotFoundException'{0x000000008897c8b0}: javax/management/remote/rmi/RMIServerImpl_Skel> (0x000000008897c8b0) thrown at [t:/workspace/open/src/hotspot/share/classfile/systemDictionary.cpp, line 231]
Event: 1.240 Thread 0x000001e0a5608000 Exception <a 'java/lang/ClassNotFoundException'{0x00000000888323a8}: jdk/internal/agent/resources/spi/agentProvider> (0x00000000888323a8) thrown at [t:/workspace/open/src/hotspot/share/classfile/systemDictionary.cpp, line 231]
Event: 1.251 Thread 0x000001e0a5608000 Exception <a 'java/lang/NoSuchMethodError'{0x0000000088888758}: java.lang.invoke.DirectMethodHandle$Holder.invokeStatic(Ljava/lang/Object;Ljava/lang/Object;Ljava/lang/Object;Ljava/lang/Object;Ljava/lang/Object;Ljava/lang/Object;Ljava/lang/Object;Ljava/lan
Event: 1.252 Thread 0x000001e0a5608000 Exception <a 'java/lang/NoSuchMethodError'{0x0000000088895118}: java.lang.invoke.DirectMethodHandle$Holder.invokeStatic(Ljava/lang/Object;Ljava/lang/Object;Ljava/lang/Object;Ljava/lang/Object;Ljava/lang/Object;Ljava/lang/Object;Ljava/lang/Object;Ljava/lan
Event: 1.255 Thread 0x000001e0a5608000 Exception <a 'java/lang/NoSuchMethodError'{0x00000000888af008}: java.lang.invoke.DelegatingMethodHandle$Holder.reinvoke_L(Ljava/lang/Object;ILjava/lang/Object;)Ljava/lang/Object;> (0x00000000888af008) thrown at [t:/workspace/open/src/hotspot/share/interpr

Events (10 events):
Event: 1.310 loading class sun/nio/cs/ThreadLocalCoders$1
Event: 1.310 loading class sun/nio/cs/ThreadLocalCoders$Cache
Event: 1.310 loading class sun/nio/cs/ThreadLocalCoders$Cache done
Event: 1.310 loading class sun/nio/cs/ThreadLocalCoders$1 done
Event: 1.310 loading class sun/nio/cs/ThreadLocalCoders$2
Event: 1.311 loading class sun/nio/cs/ThreadLocalCoders$2 done
Event: 1.311 loading class sun/security/provider/PolicyParser
Event: 1.311 loading class sun/security/provider/PolicyParser done
Event: 1.311 loading class java/io/StreamTokenizer
Event: 1.311 loading class java/io/StreamTokenizer done


Dynamic libraries:
0x00007ff708c80000 - 0x00007ff708cc7000 	C:\Program Files\Java\jdk-11.0.4\bin\javaw.exe
0x00007ffc3de60000 - 0x00007ffc3e050000 	C:\WINDOWS\SYSTEM32\ntdll.dll
0x00007ffc3d210000 - 0x00007ffc3d2c2000 	C:\WINDOWS\System32\KERNEL32.DLL
0x00007ffc3b2d0000 - 0x00007ffc3b573000 	C:\WINDOWS\System32\KERNELBASE.dll
0x00007ffc38620000 - 0x00007ffc386af000 	C:\WINDOWS\SYSTEM32\apphelp.dll
0x00007ffbe1420000 - 0x00007ffbe18b2000 	C:\WINDOWS\SYSTEM32\AcLayers.DLL
0x00007ffc3cbe0000 - 0x00007ffc3cc7e000 	C:\WINDOWS\System32\msvcrt.dll
0x00007ffc3d400000 - 0x00007ffc3d594000 	C:\WINDOWS\System32\USER32.dll
0x00007ffc3a700000 - 0x00007ffc3a721000 	C:\WINDOWS\System32\win32u.dll
0x00007ffc3beb0000 - 0x00007ffc3bed6000 	C:\WINDOWS\System32\GDI32.dll
0x00007ffc3aeb0000 - 0x00007ffc3b044000 	C:\WINDOWS\System32\gdi32full.dll
0x00007ffc3a540000 - 0x00007ffc3a5de000 	C:\WINDOWS\System32\msvcp_win.dll
0x00007ffc3a600000 - 0x00007ffc3a6fa000 	C:\WINDOWS\System32\ucrtbase.dll
0x00007ffc3cdb0000 - 0x00007ffc3ce02000 	C:\WINDOWS\System32\SHLWAPI.dll
0x00007ffc3dae0000 - 0x00007ffc3de16000 	C:\WINDOWS\System32\combase.dll
0x00007ffc3d0f0000 - 0x00007ffc3d210000 	C:\WINDOWS\System32\RPCRT4.dll
0x00007ffc3b1f0000 - 0x00007ffc3b270000 	C:\WINDOWS\System32\bcryptPrimitives.dll
0x00007ffc3cc80000 - 0x00007ffc3cd23000 	C:\WINDOWS\System32\ADVAPI32.dll
0x00007ffc3be10000 - 0x00007ffc3bea7000 	C:\WINDOWS\System32\sechost.dll
0x000001e0a3330000 - 0x000001e0a3333000 	C:\WINDOWS\SYSTEM32\sfc.dll
0x00007ffc32750000 - 0x00007ffc327d9000 	C:\WINDOWS\SYSTEM32\WINSPOOL.DRV
0x00007ffc3a3f0000 - 0x00007ffc3a401000 	C:\WINDOWS\System32\kernel.appcore.dll
0x00007ffc3a510000 - 0x00007ffc3a536000 	C:\WINDOWS\System32\bcrypt.dll
0x00007ffc36e20000 - 0x00007ffc36f0f000 	C:\WINDOWS\SYSTEM32\PROPSYS.dll
0x00007ffc3da10000 - 0x00007ffc3dad4000 	C:\WINDOWS\System32\OLEAUT32.dll
0x00007ffc3cfe0000 - 0x00007ffc3d089000 	C:\WINDOWS\System32\shcore.dll
0x00007ffc39920000 - 0x00007ffc3995a000 	C:\WINDOWS\SYSTEM32\IPHLPAPI.DLL
0x00007ffc36090000 - 0x00007ffc360a1000 	C:\WINDOWS\SYSTEM32\sfc_os.DLL
0x00007ffc3ca70000 - 0x00007ffc3ca9e000 	C:\WINDOWS\System32\IMM32.DLL
0x00007ffc2fd20000 - 0x00007ffc2ffa5000 	C:\WINDOWS\WinSxS\amd64_microsoft.windows.common-controls_6595b64144ccf1df_6.0.18362.592_none_e6c0b1911312be02\COMCTL32.dll
0x00007ffc342b0000 - 0x00007ffc342ba000 	C:\WINDOWS\SYSTEM32\VERSION.dll
0x00007ffc2e320000 - 0x00007ffc2e336000 	C:\Program Files\Java\jdk-11.0.4\bin\vcruntime140.dll
0x00007ffc15e50000 - 0x00007ffc15efa000 	C:\Program Files\Java\jdk-11.0.4\bin\msvcp140.dll
0x00007ffbffd00000 - 0x00007ffc00827000 	C:\Program Files\Java\jdk-11.0.4\bin\server\jvm.dll
0x00007ffc3bad0000 - 0x00007ffc3bad8000 	C:\WINDOWS\System32\PSAPI.DLL
0x00007ffc2e3e0000 - 0x00007ffc2e3e9000 	C:\WINDOWS\SYSTEM32\WSOCK32.dll
0x00007ffc37140000 - 0x00007ffc37164000 	C:\WINDOWS\SYSTEM32\WINMM.dll
0x00007ffc3c740000 - 0x00007ffc3c7af000 	C:\WINDOWS\System32\WS2_32.dll
0x00007ffc37110000 - 0x00007ffc3713d000 	C:\WINDOWS\SYSTEM32\WINMMBASE.dll
0x00007ffc3b050000 - 0x00007ffc3b09a000 	C:\WINDOWS\System32\cfgmgr32.dll
0x00007ffc2e3a0000 - 0x00007ffc2e3b1000 	C:\Program Files\Java\jdk-11.0.4\bin\verify.dll
0x00007ffc2c8c0000 - 0x00007ffc2cab4000 	C:\WINDOWS\SYSTEM32\DBGHELP.DLL
0x00007ffc2c7a0000 - 0x00007ffc2c7ca000 	C:\WINDOWS\SYSTEM32\dbgcore.DLL
0x00007ffc2e370000 - 0x00007ffc2e399000 	C:\Program Files\Java\jdk-11.0.4\bin\java.dll
0x00007ffc2e350000 - 0x00007ffc2e366000 	C:\Program Files\Java\jdk-11.0.4\bin\zip.dll
0x00007ffc2e340000 - 0x00007ffc2e34a000 	C:\Program Files\Java\jdk-11.0.4\bin\jimage.dll
0x00007ffc3bee0000 - 0x00007ffc3c5c5000 	C:\WINDOWS\System32\SHELL32.dll
0x00007ffc3a730000 - 0x00007ffc3aeaf000 	C:\WINDOWS\System32\windows.storage.dll
0x00007ffc3a3d0000 - 0x00007ffc3a3ef000 	C:\WINDOWS\System32\profapi.dll
0x00007ffc3a410000 - 0x00007ffc3a45a000 	C:\WINDOWS\System32\powrprof.dll
0x00007ffc3a3a0000 - 0x00007ffc3a3b0000 	C:\WINDOWS\System32\UMPDC.dll
0x00007ffc3a5e0000 - 0x00007ffc3a5f7000 	C:\WINDOWS\System32\cryptsp.dll
0x00007ffc2e110000 - 0x00007ffc2e129000 	C:\Program Files\Java\jdk-11.0.4\bin\net.dll
0x00007ffc3c890000 - 0x00007ffc3ca66000 	C:\WINDOWS\System32\urlmon.dll
0x00007ffc3bae0000 - 0x00007ffc3bd86000 	C:\WINDOWS\System32\iertutil.dll
0x00007ffc31570000 - 0x00007ffc31660000 	C:\WINDOWS\SYSTEM32\WINHTTP.dll
0x00007ffc39de0000 - 0x00007ffc39dec000 	C:\WINDOWS\SYSTEM32\CRYPTBASE.DLL
0x00007ffc39c10000 - 0x00007ffc39c77000 	C:\WINDOWS\system32\mswsock.dll
0x00007ffc2e0f0000 - 0x00007ffc2e103000 	C:\Program Files\Java\jdk-11.0.4\bin\nio.dll
0x00007ffc2e580000 - 0x00007ffc2e589000 	C:\Program Files\Java\jdk-11.0.4\bin\management.dll
0x00007ffc2e570000 - 0x00007ffc2e57c000 	C:\Program Files\Java\jdk-11.0.4\bin\management_ext.dll
0x00007ffc2e4b0000 - 0x00007ffc2e4c6000 	C:\WINDOWS\system32\napinsp.dll
0x00007ffc2e490000 - 0x00007ffc2e4aa000 	C:\WINDOWS\system32\pnrpnsp.dll
0x00007ffc39960000 - 0x00007ffc39a2a000 	C:\WINDOWS\SYSTEM32\DNSAPI.dll
0x00007ffc3c5d0000 - 0x00007ffc3c5d8000 	C:\WINDOWS\System32\NSI.dll
0x00007ffc2e450000 - 0x00007ffc2e45e000 	C:\WINDOWS\System32\winrnr.dll
0x00007ffc36be0000 - 0x00007ffc36bfc000 	C:\WINDOWS\system32\NLAapi.dll
0x00007ffc30370000 - 0x00007ffc30385000 	C:\WINDOWS\system32\wshbth.dll
0x00007ffc31090000 - 0x00007ffc3109a000 	C:\Windows\System32\rasadhlp.dll
0x00007ffc31f80000 - 0x00007ffc31ff7000 	C:\WINDOWS\System32\fwpuclnt.dll
0x00007ffc39780000 - 0x00007ffc397b3000 	C:\WINDOWS\system32\rsaenh.dll
0x00007ffc3a2c0000 - 0x00007ffc3a2e5000 	C:\WINDOWS\SYSTEM32\USERENV.dll
0x00007ffc32250000 - 0x00007ffc32266000 	C:\WINDOWS\SYSTEM32\dhcpcsvc6.DLL
0x00007ffc326c0000 - 0x00007ffc326dc000 	C:\WINDOWS\SYSTEM32\dhcpcsvc.DLL

dbghelp: loaded successfully - version: 4.0.5 - missing functions: none
symbol engine: initialized successfully - sym options: 0x614 - pdb path: .;C:\Program Files\Java\jdk-11.0.4\bin;C:\WINDOWS\SYSTEM32;C:\WINDOWS\WinSxS\amd64_microsoft.windows.common-controls_6595b64144ccf1df_6.0.18362.592_none_e6c0b1911312be02;C:\Program Files\Java\jdk-11.0.4\bin\server

VM Arguments:
jvm_args: -Dcom.sun.management.jmxremote -Dcom.sun.management.jmxremote.port=64875 -Dcom.sun.management.jmxremote.authenticate=false -Dcom.sun.management.jmxremote.ssl=false -Djava.rmi.server.hostname=localhost -Dspring.jmx.enabled=true -Dspring.liveBeansView.mbeanDomain -Dspring.application.admin.enabled=true -Xverify:none -XX:TieredStopAtLevel=1 -Dspring.boot.project.name=newproject -Dfile.encoding=Cp1252 
java_command: com.example.demo.NewprojectApplication --spring.output.ansi.enabled=always
java_class_path (initial): C:\Users\ASHISH\Desktop\sts\newproject\bin\main;C:\Users\ASHISH\.gradle\caches\modules-2\files-2.1\org.springframework.boot\spring-boot-starter-data-jpa\2.2.4.RELEASE\374fc811a6e64632593cae83fe6786b1b93b574\spring-boot-starter-data-jpa-2.2.4.RELEASE.jar;C:\Users\ASHISH\.gradle\caches\modules-2\files-2.1\org.springframework.boot\spring-boot-starter-security\2.2.4.RELEASE\6ae84ac22148368eca716c64424e2f5d9db7a156\spring-boot-starter-security-2.2.4.RELEASE.jar;C:\Users\ASHISH\.gradle\caches\modules-2\files-2.1\org.springframework.boot\spring-boot-starter-thymeleaf\2.2.4.RELEASE\168d71302f3227702e8a2d74841136c6e0814d81\spring-boot-starter-thymeleaf-2.2.4.RELEASE.jar;C:\Users\ASHISH\.gradle\caches\modules-2\files-2.1\org.springframework.boot\spring-boot-starter-web-services\2.2.4.RELEASE\3c19d62e7891bb70d99d1366fddc31a5b09cf0a7\spring-boot-starter-web-services-2.2.4.RELEASE.jar;C:\Users\ASHISH\.gradle\caches\modules-2\files-2.1\com.vaadin\vaadin-spring-boot-starter\14.1.16\a5db68224e202cac2f1f2e0356f3ba4203dc93cf\vaadin-spring-boot-starter-14.1.16.jar;C:\Users\ASHISH\.gradle\caches\modules-2\files-2.1\org.springframework.boot\spring-boot-starter-web\2.2.4.RELEASE\ec75d01d212b5229c16d872fb127744c0ed46ed8\spring-boot-starter-web-2.2.4.RELEASE.jar;C:\Users\ASHISH\.gradle\caches\modules-2\files-2.1\org.springframework.boot\spring-boot-starter-webflux\2.2.4.RELEASE\e26ab42e62ac9a398941dda033b0ea17edce2643\spring-boot-starter-webflux-2.2.4.RELEASE.jar;C:\Users\ASHISH\.gradle\caches\modules-2\files-2.1\org.springframework.boot\spring-boot-starter-aop\2.2.4.RELEASE\26fe8208e070eb17e48e101f812c4519103165a\spring-boot-starter-aop-2.2.4.RELEASE.jar;C:\Users\ASHISH\.gradle\caches\modules-2\files-2.1\org.springframework.boot\spring-boot-starter-jdbc\2.2.4.RELEASE\2391d4f6f338b1eee003f0aadfcd4124cd3ed191\spring-boot-starter-jdbc-2.2.4.RELEASE.jar;C:\Users\ASHISH\.gradle\caches\modules-2\files-2.1\com.sun.xml.messaging.saaj\saaj-impl\1.5.1\e76b10e4f99630d0e5
Launcher Type: SUN_STANDARD

[Global flags]
     bool BytecodeVerificationLocal                = false                                     {product} {command line}
     bool BytecodeVerificationRemote               = false                                     {product} {command line}
     intx CICompilerCount                          = 3                                         {product} {ergonomic}
     uint ConcGCThreads                            = 1                                         {product} {ergonomic}
     uint G1ConcRefinementThreads                  = 4                                         {product} {ergonomic}
   size_t G1HeapRegionSize                         = 1048576                                   {product} {ergonomic}
    uintx GCDrainStackTargetSize                   = 64                                        {product} {ergonomic}
   size_t InitialHeapSize                          = 134217728                                 {product} {ergonomic}
     bool ManagementServer                         = true                                      {product} {command line}
   size_t MarkStackSize                            = 4194304                                   {product} {ergonomic}
   size_t MaxHeapSize                              = 2134900736                                {product} {ergonomic}
   size_t MaxNewSize                               = 1280311296                                {product} {ergonomic}
   size_t MinHeapDeltaBytes                        = 1048576                                   {product} {ergonomic}
    uintx NonNMethodCodeHeapSize                   = 6973028                                {pd product} {ergonomic}
    uintx NonProfiledCodeHeapSize                  = 244685212                              {pd product} {ergonomic}
    uintx ProfiledCodeHeapSize                     = 0                                      {pd product} {ergonomic}
    uintx ReservedCodeCacheSize                    = 251658240                              {pd product} {ergonomic}
     bool SegmentedCodeCache                       = true                                      {product} {ergonomic}
     intx TieredStopAtLevel                        = 1                                         {product} {command line}
     bool UseCompressedClassPointers               = true                                 {lp64_product} {ergonomic}
     bool UseCompressedOops                        = true                                 {lp64_product} {ergonomic}
     bool UseG1GC                                  = true                                      {product} {ergonomic}
     bool UseLargePagesIndividualAllocation        = false                                  {pd product} {ergonomic}

Logging:
Log output configuration:
 #0: stdout all=warning uptime,level,tags
 #1: stderr all=off uptime,level,tags

Environment Variables:
PATH=C:/Program Files/Java/jdk-11.0.4/bin/server;C:/Program Files/Java/jdk-11.0.4/bin;C:\Program Files\Java\jdk-11.0.4\bin;C:\Program Files (x86)\Common Files\Microsoft Shared\Windows Live;C:\WINDOWS\system32;C:\WINDOWS;C:\WINDOWS\System32\Wbem;C:\WINDOWS\System32\WindowsPowerShell\v1.0\;C:\Program Files (x86)\Windows Live\Shared;C:\Program Files (x86)\ATI Technologies\ATI.ACE\Core-Static;C:\Program Files\Intel\WiFi\bin\;C:\Program Files\Common Files\Intel\WirelessCommon\;C:\WINDOWS\System32\OpenSSH\;C:\Program Files (x86)\AMD\ATI.ACE\Core-Static;C:\Program Files\nodejs\;C:\Program Files\Git\cmd;C:\Program Files\Java\jdk-11.0.4\bin;;C:\Users\ASHISH\Desktop\sts-bundle\sts-3.9.10.RELEASE;
USERNAME=ASHISH
OS=Windows_NT
PROCESSOR_IDENTIFIER=Intel64 Family 6 Model 42 Stepping 7, GenuineIntel



---------------  S Y S T E M  ---------------

OS: Windows 10 , 64 bit Build 18362 (10.0.18362.329)

CPU:total 4 (initial active 4) (2 cores per cpu, 2 threads per core) family 6 model 42 stepping 7, cmov, cx8, fxsr, mmx, sse, sse2, sse3, ssse3, sse4.1, sse4.2, popcnt, avx, aes, clmul, ht, tsc, tscinvbit

Memory: 4k page, system-wide physical 8139M (2986M free)
TotalPageFile size 16331M (AvailPageFile size 9787M)
current process WorkingSet (physical memory assigned to process): 76M, peak: 76M
current process commit charge ("private bytes"): 219M, peak: 219M

vm_info: Java HotSpot(TM) 64-Bit Server VM (11.0.4+10-LTS) for windows-amd64 JRE (11.0.4+10-LTS), built on Jul  4 2019 16:28:13 by "mach5one" with MS VC++ 15.5 (VS2017)

END.
