#
# A fatal error has been detected by the Java Runtime Environment:
#
#  EXCEPTION_ACCESS_VIOLATION (0xc0000005) at pc=0x00007ffa19167a29, pid=4068, tid=4408
#
# JRE version: Java(TM) SE Runtime Environment (11.0.4+10) (build 11.0.4+10-LTS)
# Java VM: Java HotSpot(TM) 64-Bit Server VM (11.0.4+10-LTS, mixed mode, tiered, compressed oops, g1 gc, windows-amd64)
# Problematic frame:
# V  [jvm.dll+0x6c7a29]
#
# No core dump will be written. Minidumps are not enabled by default on client versions of Windows
#
# If you would like to submit a bug report, please visit:
#   http://bugreport.java.com/bugreport/crash.jsp
#

---------------  S U M M A R Y ------------

Command Line: -Dcom.sun.management.jmxremote -Dcom.sun.management.jmxremote.port=58749 -Dcom.sun.management.jmxremote.authenticate=false -Dcom.sun.management.jmxremote.ssl=false -Djava.rmi.server.hostname=localhost -Dspring.jmx.enabled=true -Dspring.liveBeansView.mbeanDomain -Dspring.application.admin.enabled=true -Xverify:none -XX:TieredStopAtLevel=1 -Dspring.boot.project.name=newproject -Dfile.encoding=Cp1252 com.example.demo.NewprojectApplication --spring.output.ansi.enabled=always

Host: Intel(R) Core(TM) i5-2410M CPU @ 2.30GHz, 4 cores, 7G,  Windows 10 , 64 bit Build 18362 (10.0.18362.329)
Time: Thu Feb  6 18:05:39 2020 India Standard Time elapsed time: 1 seconds (0d 0h 0m 1s)

---------------  T H R E A D  ---------------

Current thread (0x00000173a1e84800):  WatcherThread [stack: 0x0000000eb0700000,0x0000000eb0800000] [id=4408]

Stack: [0x0000000eb0700000,0x0000000eb0800000],  sp=0x0000000eb07ffa10,  free space=1022k
Native frames: (J=compiled Java code, j=interpreted, Vv=VM code, C=native code)
V  [jvm.dll+0x6c7a29]
V  [jvm.dll+0x71321d]
V  [jvm.dll+0x738bd9]
V  [jvm.dll+0x634c82]
C  [ucrtbase.dll+0x20e72]
C  [KERNEL32.DLL+0x17bd4]
C  [ntdll.dll+0x6ced1]


siginfo: EXCEPTION_ACCESS_VIOLATION (0xc0000005), reading address 0x0000000800000007


Register to memory mapping:

RIP=0x00007ffa19167a29 jvm.dll
RAX=0x00000173a1440250 points into unknown readable memory: 07 00 00 00 08 00 00 00
RBX=0x0 is NULL
RCX=0x0000000800000007 is an unknown value
RDX=0x0000000000000032 is an unknown value
RSP=0x0000000eb07ffa10 points into unknown readable memory: 00 48 e8 a1 73 01 00 00
RBP=0x0000000000000002 is an unknown value
RSI=0x00000173a14401a0 points into unknown readable memory: 50 e0 e6 a1 73 01 00 00
RDI=0x0 is NULL
R8 =0x0 is NULL
R9 =0x000001738a940b80 is at begin+0 in a stub
StubRoutines::atomic_cmpxchg_long [0x000001738a940b80, 0x000001738a940b89[ (9 bytes)
R10=0x00000000546c6148 is an unknown value
R11=0x0000012dcff2f9dc is an unknown value
R12=0x0 is NULL
R13=0x00000173a1e84800 points into unknown readable memory: 58 7c 37 19 fa 7f 00 00
R14=0x0000000000000032 is an unknown value
R15=0x00000173a1cb3930 points into unknown readable memory: 00 00 00 00 00 00 00 00


Registers:
RAX=0x00000173a1440250, RBX=0x0000000000000000, RCX=0x0000000800000007, RDX=0x0000000000000032
RSP=0x0000000eb07ffa10, RBP=0x0000000000000002, RSI=0x00000173a14401a0, RDI=0x0000000000000000
R8 =0x0000000000000000, R9 =0x000001738a940b80, R10=0x00000000546c6148, R11=0x0000012dcff2f9dc
R12=0x0000000000000000, R13=0x00000173a1e84800, R14=0x0000000000000032, R15=0x00000173a1cb3930
RIP=0x00007ffa19167a29, EFLAGS=0x0000000000010202

Top of Stack: (sp=0x0000000eb07ffa10)
0x0000000eb07ffa10:   00000173a1e84800 00000173a1e84800
0x0000000eb07ffa20:   00008ad14e166dcc 00007ffa190a87c9
0x0000000eb07ffa30:   00007ffa19513798 00007ffa191b321d
0x0000000eb07ffa40:   0000000000000001 0000017382655e60
0x0000000eb07ffa50:   0000017382655e60 431bde82d7b634db
0x0000000eb07ffa60:   00000173a1cb3930 00008ad14e166dcc
0x0000000eb07ffa70:   0000017382655e60 00007ffa191d8bd9
0x0000000eb07ffa80:   0000000000000001 0000000000000032
0x0000000eb07ffa90:   0000000000000032 0000000000000002
0x0000000eb07ffaa0:   0000000000000000 0000000000000000
0x0000000eb07ffab0:   0000000000000000 0000000000000000
0x0000000eb07ffac0:   0000000000000000 0000000000000000
0x0000000eb07ffad0:   0000000000000000 0000000000000000
0x0000000eb07ffae0:   0000000000000000 0000000000000000
0x0000000eb07ffaf0:   0000000000000000 0000000eb07ffbb0
0x0000000eb07ffb00:   00000173a1e84800 00007ffa190d4c82 

Instructions: (pc=0x00007ffa19167a29)
0x00007ffa19167a09:   20 48 8b 35 47 6c 3a 00 33 db 48 8b 06 39 18 7e
0x00007ffa19167a19:   27 48 89 7c 24 30 8b fb 48 8b 40 18 48 8b 0c 07
0x00007ffa19167a29:   48 8b 01 ff 50 08 48 8b 06 48 8d 7f 08 ff c3 3b
0x00007ffa19167a39:   18 7c e5 48 8b 7c 24 30 48 8b 5c 24 38 48 83 c4 


Stack slot to memory mapping:
stack at sp + 0 slots: 0x00000173a1e84800 points into unknown readable memory: 58 7c 37 19 fa 7f 00 00
stack at sp + 1 slots: 0x00000173a1e84800 points into unknown readable memory: 58 7c 37 19 fa 7f 00 00
stack at sp + 2 slots: 0x00008ad14e166dcc is an unknown value
stack at sp + 3 slots: 0x00007ffa190a87c9 jvm.dll
stack at sp + 4 slots: 0x00007ffa19513798 jvm.dll
stack at sp + 5 slots: 0x00007ffa191b321d jvm.dll
stack at sp + 6 slots: 0x0000000000000001 is an unknown value
stack at sp + 7 slots: 0x0000017382655e60 points into unknown readable memory: 01 00 00 00 00 00 00 00


---------------  P R O C E S S  ---------------

Threads class SMR info:
_java_thread_list=0x00000173a1e6e530, length=14, elements={
0x0000017382657800, 0x00000173a1213800, 0x00000173a1214800, 0x00000173a1255000,
0x00000173a1256800, 0x00000173a1260800, 0x00000173a12aa800, 0x00000173a144a800,
0x00000173a1451800, 0x00000173a1456800, 0x00000173a14d8000, 0x00000173a1e04800,
0x00000173a1e1e800, 0x00000173a1e7a000
}

Java Threads: ( => current thread )
  0x0000017382657800 JavaThread "main" [_thread_in_vm, id=8976, stack(0x0000000eaf100000,0x0000000eaf200000)]
  0x00000173a1213800 JavaThread "Reference Handler" daemon [_thread_blocked, id=11224, stack(0x0000000eaf800000,0x0000000eaf900000)]
  0x00000173a1214800 JavaThread "Finalizer" daemon [_thread_blocked, id=4276, stack(0x0000000eaf900000,0x0000000eafa00000)]
  0x00000173a1255000 JavaThread "Signal Dispatcher" daemon [_thread_blocked, id=9004, stack(0x0000000eafa00000,0x0000000eafb00000)]
  0x00000173a1256800 JavaThread "Attach Listener" daemon [_thread_blocked, id=3648, stack(0x0000000eafb00000,0x0000000eafc00000)]
  0x00000173a1260800 JavaThread "C1 CompilerThread0" daemon [_thread_blocked, id=8000, stack(0x0000000eafc00000,0x0000000eafd00000)]
  0x00000173a12aa800 JavaThread "Sweeper thread" daemon [_thread_blocked, id=7304, stack(0x0000000eafd00000,0x0000000eafe00000)]
  0x00000173a144a800 JavaThread "Common-Cleaner" daemon [_thread_blocked, id=6336, stack(0x0000000eafe00000,0x0000000eaff00000)]
  0x00000173a1451800 JavaThread "C1 CompilerThread1" daemon [_thread_blocked, id=10376, stack(0x0000000eaff00000,0x0000000eb0000000)]
  0x00000173a1456800 JavaThread "C1 CompilerThread2" daemon [_thread_in_vm, id=7240, stack(0x0000000eb0000000,0x0000000eb0100000)]
  0x00000173a14d8000 JavaThread "Service Thread" daemon [_thread_blocked, id=7432, stack(0x0000000eb0100000,0x0000000eb0200000)]
  0x00000173a1e04800 JavaThread "RMI TCP Accept-0" daemon [_thread_in_native, id=9568, stack(0x0000000eb0400000,0x0000000eb0500000)]
  0x00000173a1e1e800 JavaThread "RMI TCP Accept-58749" daemon [_thread_in_native, id=7444, stack(0x0000000eb0500000,0x0000000eb0600000)]
  0x00000173a1e7a000 JavaThread "RMI TCP Accept-0" daemon [_thread_in_native, id=6324, stack(0x0000000eb0600000,0x0000000eb0700000)]

Other Threads:
  0x00000173a0a0c000 VMThread "VM Thread" [stack: 0x0000000eaf700000,0x0000000eaf800000] [id=6304]
=>0x00000173a1e84800 WatcherThread [stack: 0x0000000eb0700000,0x0000000eb0800000] [id=4408]
  0x000001738266c800 GCTaskThread "GC Thread#0" [stack: 0x0000000eaf200000,0x0000000eaf300000] [id=9388]
  0x00000173a1dc9000 GCTaskThread "GC Thread#1" [stack: 0x0000000eb0200000,0x0000000eb0300000] [id=8652]
  0x00000173a1dca000 GCTaskThread "GC Thread#2" [stack: 0x0000000eb0300000,0x0000000eb0400000] [id=7748]
  0x00000173826a0800 ConcurrentGCThread "G1 Main Marker" [stack: 0x0000000eaf300000,0x0000000eaf400000] [id=1292]
  0x00000173826a2000 ConcurrentGCThread "G1 Conc#0" [stack: 0x0000000eaf400000,0x0000000eaf500000] [id=7000]
  0x00000173a0877800 ConcurrentGCThread "G1 Refine#0" [stack: 0x0000000eaf500000,0x0000000eaf600000] [id=9124]
  0x00000173a087a000 ConcurrentGCThread "G1 Young RemSet Sampling" [stack: 0x0000000eaf600000,0x0000000eaf700000] [id=1264]

Threads with active compile tasks:

VM state:not at safepoint (normal execution)

VM Mutex/Monitor currently owned by a thread:  ([mutex/lock_event])
[0x0000017382655e60] PeriodicTask_lock - owner thread: 0x00000173a1e84800

Heap address: 0x0000000080c00000, size: 2036 MB, Compressed Oops mode: 32-bit
Narrow klass base: 0x0000000000000000, Narrow klass shift: 3
Compressed class space size: 1073741824 Address: 0x0000000100000000

Heap:
 garbage-first heap   total 131072K, used 11113K [0x0000000080c00000, 0x0000000100000000)
  region size 1024K, 4 young (4096K), 1 survivors (1024K)
 Metaspace       used 13154K, capacity 13429K, committed 13568K, reserved 1060864K
  class space    used 1389K, capacity 1506K, committed 1536K, reserved 1048576K
Heap Regions: E=young(eden), S=young(survivor), O=old, HS=humongous(starts), HC=humongous(continues), CS=collection set, F=free, A=archive, TAMS=top-at-mark-start (previous, next)
|   0|0x0000000080c00000, 0x0000000080d00000, 0x0000000080d00000|100%|HS|  |TAMS 0x0000000080c00000, 0x0000000080c00000| Complete 
|   1|0x0000000080d00000, 0x0000000080e00000, 0x0000000080e00000|100%| O|  |TAMS 0x0000000080d00000, 0x0000000080d00000| Untracked 
|   2|0x0000000080e00000, 0x0000000080f00000, 0x0000000080f00000|100%| O|  |TAMS 0x0000000080e00000, 0x0000000080e00000| Untracked 
|   3|0x0000000080f00000, 0x0000000081000000, 0x0000000081000000|100%| O|  |TAMS 0x0000000080f00000, 0x0000000080f00000| Untracked 
|   4|0x0000000081000000, 0x0000000081100000, 0x0000000081100000|100%| O|  |TAMS 0x0000000081000000, 0x0000000081000000| Untracked 
|   5|0x0000000081100000, 0x0000000081200000, 0x0000000081200000|100%| O|  |TAMS 0x0000000081100000, 0x0000000081100000| Untracked 
|   6|0x0000000081200000, 0x0000000081300000, 0x0000000081300000|100%| O|  |TAMS 0x0000000081200000, 0x0000000081200000| Untracked 
|   7|0x0000000081300000, 0x0000000081400000, 0x0000000081400000|100%| O|  |TAMS 0x0000000081300000, 0x0000000081300000| Untracked 
|   8|0x0000000081400000, 0x0000000081400000, 0x0000000081500000|  0%| F|  |TAMS 0x0000000081400000, 0x0000000081400000| Untracked 
|   9|0x0000000081500000, 0x0000000081500000, 0x0000000081600000|  0%| F|  |TAMS 0x0000000081500000, 0x0000000081500000| Untracked 
|  10|0x0000000081600000, 0x0000000081600000, 0x0000000081700000|  0%| F|  |TAMS 0x0000000081600000, 0x0000000081600000| Untracked 
|  11|0x0000000081700000, 0x0000000081700000, 0x0000000081800000|  0%| F|  |TAMS 0x0000000081700000, 0x0000000081700000| Untracked 
|  12|0x0000000081800000, 0x0000000081800000, 0x0000000081900000|  0%| F|  |TAMS 0x0000000081800000, 0x0000000081800000| Untracked 
|  13|0x0000000081900000, 0x0000000081900000, 0x0000000081a00000|  0%| F|  |TAMS 0x0000000081900000, 0x0000000081900000| Untracked 
|  14|0x0000000081a00000, 0x0000000081a00000, 0x0000000081b00000|  0%| F|  |TAMS 0x0000000081a00000, 0x0000000081a00000| Untracked 
|  15|0x0000000081b00000, 0x0000000081b00000, 0x0000000081c00000|  0%| F|  |TAMS 0x0000000081b00000, 0x0000000081b00000| Untracked 
|  16|0x0000000081c00000, 0x0000000081c00000, 0x0000000081d00000|  0%| F|  |TAMS 0x0000000081c00000, 0x0000000081c00000| Untracked 
|  17|0x0000000081d00000, 0x0000000081d00000, 0x0000000081e00000|  0%| F|  |TAMS 0x0000000081d00000, 0x0000000081d00000| Untracked 
|  18|0x0000000081e00000, 0x0000000081e00000, 0x0000000081f00000|  0%| F|  |TAMS 0x0000000081e00000, 0x0000000081e00000| Untracked 
|  19|0x0000000081f00000, 0x0000000081f00000, 0x0000000082000000|  0%| F|  |TAMS 0x0000000081f00000, 0x0000000081f00000| Untracked 
|  20|0x0000000082000000, 0x0000000082000000, 0x0000000082100000|  0%| F|  |TAMS 0x0000000082000000, 0x0000000082000000| Untracked 
|  21|0x0000000082100000, 0x0000000082100000, 0x0000000082200000|  0%| F|  |TAMS 0x0000000082100000, 0x0000000082100000| Untracked 
|  22|0x0000000082200000, 0x0000000082200000, 0x0000000082300000|  0%| F|  |TAMS 0x0000000082200000, 0x0000000082200000| Untracked 
|  23|0x0000000082300000, 0x0000000082300000, 0x0000000082400000|  0%| F|  |TAMS 0x0000000082300000, 0x0000000082300000| Untracked 
|  24|0x0000000082400000, 0x0000000082400000, 0x0000000082500000|  0%| F|  |TAMS 0x0000000082400000, 0x0000000082400000| Untracked 
|  25|0x0000000082500000, 0x0000000082500000, 0x0000000082600000|  0%| F|  |TAMS 0x0000000082500000, 0x0000000082500000| Untracked 
|  26|0x0000000082600000, 0x0000000082600000, 0x0000000082700000|  0%| F|  |TAMS 0x0000000082600000, 0x0000000082600000| Untracked 
|  27|0x0000000082700000, 0x0000000082700000, 0x0000000082800000|  0%| F|  |TAMS 0x0000000082700000, 0x0000000082700000| Untracked 
|  28|0x0000000082800000, 0x0000000082800000, 0x0000000082900000|  0%| F|  |TAMS 0x0000000082800000, 0x0000000082800000| Untracked 
|  29|0x0000000082900000, 0x0000000082900000, 0x0000000082a00000|  0%| F|  |TAMS 0x0000000082900000, 0x0000000082900000| Untracked 
|  30|0x0000000082a00000, 0x0000000082a00000, 0x0000000082b00000|  0%| F|  |TAMS 0x0000000082a00000, 0x0000000082a00000| Untracked 
|  31|0x0000000082b00000, 0x0000000082b00000, 0x0000000082c00000|  0%| F|  |TAMS 0x0000000082b00000, 0x0000000082b00000| Untracked 
|  32|0x0000000082c00000, 0x0000000082c00000, 0x0000000082d00000|  0%| F|  |TAMS 0x0000000082c00000, 0x0000000082c00000| Untracked 
|  33|0x0000000082d00000, 0x0000000082d00000, 0x0000000082e00000|  0%| F|  |TAMS 0x0000000082d00000, 0x0000000082d00000| Untracked 
|  34|0x0000000082e00000, 0x0000000082e00000, 0x0000000082f00000|  0%| F|  |TAMS 0x0000000082e00000, 0x0000000082e00000| Untracked 
|  35|0x0000000082f00000, 0x0000000082f00000, 0x0000000083000000|  0%| F|  |TAMS 0x0000000082f00000, 0x0000000082f00000| Untracked 
|  36|0x0000000083000000, 0x0000000083000000, 0x0000000083100000|  0%| F|  |TAMS 0x0000000083000000, 0x0000000083000000| Untracked 
|  37|0x0000000083100000, 0x0000000083100000, 0x0000000083200000|  0%| F|  |TAMS 0x0000000083100000, 0x0000000083100000| Untracked 
|  38|0x0000000083200000, 0x0000000083200000, 0x0000000083300000|  0%| F|  |TAMS 0x0000000083200000, 0x0000000083200000| Untracked 
|  39|0x0000000083300000, 0x0000000083300000, 0x0000000083400000|  0%| F|  |TAMS 0x0000000083300000, 0x0000000083300000| Untracked 
|  40|0x0000000083400000, 0x0000000083400000, 0x0000000083500000|  0%| F|  |TAMS 0x0000000083400000, 0x0000000083400000| Untracked 
|  41|0x0000000083500000, 0x0000000083500000, 0x0000000083600000|  0%| F|  |TAMS 0x0000000083500000, 0x0000000083500000| Untracked 
|  42|0x0000000083600000, 0x0000000083600000, 0x0000000083700000|  0%| F|  |TAMS 0x0000000083600000, 0x0000000083600000| Untracked 
|  43|0x0000000083700000, 0x0000000083700000, 0x0000000083800000|  0%| F|  |TAMS 0x0000000083700000, 0x0000000083700000| Untracked 
|  44|0x0000000083800000, 0x0000000083800000, 0x0000000083900000|  0%| F|  |TAMS 0x0000000083800000, 0x0000000083800000| Untracked 
|  45|0x0000000083900000, 0x0000000083900000, 0x0000000083a00000|  0%| F|  |TAMS 0x0000000083900000, 0x0000000083900000| Untracked 
|  46|0x0000000083a00000, 0x0000000083a00000, 0x0000000083b00000|  0%| F|  |TAMS 0x0000000083a00000, 0x0000000083a00000| Untracked 
|  47|0x0000000083b00000, 0x0000000083b00000, 0x0000000083c00000|  0%| F|  |TAMS 0x0000000083b00000, 0x0000000083b00000| Untracked 
|  48|0x0000000083c00000, 0x0000000083c00000, 0x0000000083d00000|  0%| F|  |TAMS 0x0000000083c00000, 0x0000000083c00000| Untracked 
|  49|0x0000000083d00000, 0x0000000083d00000, 0x0000000083e00000|  0%| F|  |TAMS 0x0000000083d00000, 0x0000000083d00000| Untracked 
|  50|0x0000000083e00000, 0x0000000083e00000, 0x0000000083f00000|  0%| F|  |TAMS 0x0000000083e00000, 0x0000000083e00000| Untracked 
|  51|0x0000000083f00000, 0x0000000083f00000, 0x0000000084000000|  0%| F|  |TAMS 0x0000000083f00000, 0x0000000083f00000| Untracked 
|  52|0x0000000084000000, 0x0000000084000000, 0x0000000084100000|  0%| F|  |TAMS 0x0000000084000000, 0x0000000084000000| Untracked 
|  53|0x0000000084100000, 0x0000000084100000, 0x0000000084200000|  0%| F|  |TAMS 0x0000000084100000, 0x0000000084100000| Untracked 
|  54|0x0000000084200000, 0x0000000084200000, 0x0000000084300000|  0%| F|  |TAMS 0x0000000084200000, 0x0000000084200000| Untracked 
|  55|0x0000000084300000, 0x0000000084300000, 0x0000000084400000|  0%| F|  |TAMS 0x0000000084300000, 0x0000000084300000| Untracked 
|  56|0x0000000084400000, 0x0000000084400000, 0x0000000084500000|  0%| F|  |TAMS 0x0000000084400000, 0x0000000084400000| Untracked 
|  57|0x0000000084500000, 0x0000000084500000, 0x0000000084600000|  0%| F|  |TAMS 0x0000000084500000, 0x0000000084500000| Untracked 
|  58|0x0000000084600000, 0x0000000084600000, 0x0000000084700000|  0%| F|  |TAMS 0x0000000084600000, 0x0000000084600000| Untracked 
|  59|0x0000000084700000, 0x0000000084700000, 0x0000000084800000|  0%| F|  |TAMS 0x0000000084700000, 0x0000000084700000| Untracked 
|  60|0x0000000084800000, 0x0000000084800000, 0x0000000084900000|  0%| F|  |TAMS 0x0000000084800000, 0x0000000084800000| Untracked 
|  61|0x0000000084900000, 0x0000000084900000, 0x0000000084a00000|  0%| F|  |TAMS 0x0000000084900000, 0x0000000084900000| Untracked 
|  62|0x0000000084a00000, 0x0000000084a00000, 0x0000000084b00000|  0%| F|  |TAMS 0x0000000084a00000, 0x0000000084a00000| Untracked 
|  63|0x0000000084b00000, 0x0000000084b00000, 0x0000000084c00000|  0%| F|  |TAMS 0x0000000084b00000, 0x0000000084b00000| Untracked 
|  64|0x0000000084c00000, 0x0000000084c00000, 0x0000000084d00000|  0%| F|  |TAMS 0x0000000084c00000, 0x0000000084c00000| Untracked 
|  65|0x0000000084d00000, 0x0000000084d00000, 0x0000000084e00000|  0%| F|  |TAMS 0x0000000084d00000, 0x0000000084d00000| Untracked 
|  66|0x0000000084e00000, 0x0000000084e00000, 0x0000000084f00000|  0%| F|  |TAMS 0x0000000084e00000, 0x0000000084e00000| Untracked 
|  67|0x0000000084f00000, 0x0000000084f00000, 0x0000000085000000|  0%| F|  |TAMS 0x0000000084f00000, 0x0000000084f00000| Untracked 
|  68|0x0000000085000000, 0x0000000085000000, 0x0000000085100000|  0%| F|  |TAMS 0x0000000085000000, 0x0000000085000000| Untracked 
|  69|0x0000000085100000, 0x0000000085100000, 0x0000000085200000|  0%| F|  |TAMS 0x0000000085100000, 0x0000000085100000| Untracked 
|  70|0x0000000085200000, 0x0000000085200000, 0x0000000085300000|  0%| F|  |TAMS 0x0000000085200000, 0x0000000085200000| Untracked 
|  71|0x0000000085300000, 0x0000000085300000, 0x0000000085400000|  0%| F|  |TAMS 0x0000000085300000, 0x0000000085300000| Untracked 
|  72|0x0000000085400000, 0x0000000085400000, 0x0000000085500000|  0%| F|  |TAMS 0x0000000085400000, 0x0000000085400000| Untracked 
|  73|0x0000000085500000, 0x0000000085500000, 0x0000000085600000|  0%| F|  |TAMS 0x0000000085500000, 0x0000000085500000| Untracked 
|  74|0x0000000085600000, 0x0000000085600000, 0x0000000085700000|  0%| F|  |TAMS 0x0000000085600000, 0x0000000085600000| Untracked 
|  75|0x0000000085700000, 0x0000000085700000, 0x0000000085800000|  0%| F|  |TAMS 0x0000000085700000, 0x0000000085700000| Untracked 
|  76|0x0000000085800000, 0x0000000085800000, 0x0000000085900000|  0%| F|  |TAMS 0x0000000085800000, 0x0000000085800000| Untracked 
|  77|0x0000000085900000, 0x0000000085900000, 0x0000000085a00000|  0%| F|  |TAMS 0x0000000085900000, 0x0000000085900000| Untracked 
|  78|0x0000000085a00000, 0x0000000085a00000, 0x0000000085b00000|  0%| F|  |TAMS 0x0000000085a00000, 0x0000000085a00000| Untracked 
|  79|0x0000000085b00000, 0x0000000085b00000, 0x0000000085c00000|  0%| F|  |TAMS 0x0000000085b00000, 0x0000000085b00000| Untracked 
|  80|0x0000000085c00000, 0x0000000085c00000, 0x0000000085d00000|  0%| F|  |TAMS 0x0000000085c00000, 0x0000000085c00000| Untracked 
|  81|0x0000000085d00000, 0x0000000085d00000, 0x0000000085e00000|  0%| F|  |TAMS 0x0000000085d00000, 0x0000000085d00000| Untracked 
|  82|0x0000000085e00000, 0x0000000085e00000, 0x0000000085f00000|  0%| F|  |TAMS 0x0000000085e00000, 0x0000000085e00000| Untracked 
|  83|0x0000000085f00000, 0x0000000085f00000, 0x0000000086000000|  0%| F|  |TAMS 0x0000000085f00000, 0x0000000085f00000| Untracked 
|  84|0x0000000086000000, 0x0000000086000000, 0x0000000086100000|  0%| F|  |TAMS 0x0000000086000000, 0x0000000086000000| Untracked 
|  85|0x0000000086100000, 0x0000000086100000, 0x0000000086200000|  0%| F|  |TAMS 0x0000000086100000, 0x0000000086100000| Untracked 
|  86|0x0000000086200000, 0x0000000086200000, 0x0000000086300000|  0%| F|  |TAMS 0x0000000086200000, 0x0000000086200000| Untracked 
|  87|0x0000000086300000, 0x0000000086300000, 0x0000000086400000|  0%| F|  |TAMS 0x0000000086300000, 0x0000000086300000| Untracked 
|  88|0x0000000086400000, 0x0000000086400000, 0x0000000086500000|  0%| F|  |TAMS 0x0000000086400000, 0x0000000086400000| Untracked 
|  89|0x0000000086500000, 0x0000000086500000, 0x0000000086600000|  0%| F|  |TAMS 0x0000000086500000, 0x0000000086500000| Untracked 
|  90|0x0000000086600000, 0x0000000086600000, 0x0000000086700000|  0%| F|  |TAMS 0x0000000086600000, 0x0000000086600000| Untracked 
|  91|0x0000000086700000, 0x0000000086700000, 0x0000000086800000|  0%| F|  |TAMS 0x0000000086700000, 0x0000000086700000| Untracked 
|  92|0x0000000086800000, 0x0000000086800000, 0x0000000086900000|  0%| F|  |TAMS 0x0000000086800000, 0x0000000086800000| Untracked 
|  93|0x0000000086900000, 0x0000000086900000, 0x0000000086a00000|  0%| F|  |TAMS 0x0000000086900000, 0x0000000086900000| Untracked 
|  94|0x0000000086a00000, 0x0000000086a00000, 0x0000000086b00000|  0%| F|  |TAMS 0x0000000086a00000, 0x0000000086a00000| Untracked 
|  95|0x0000000086b00000, 0x0000000086b00000, 0x0000000086c00000|  0%| F|  |TAMS 0x0000000086b00000, 0x0000000086b00000| Untracked 
|  96|0x0000000086c00000, 0x0000000086c00000, 0x0000000086d00000|  0%| F|  |TAMS 0x0000000086c00000, 0x0000000086c00000| Untracked 
|  97|0x0000000086d00000, 0x0000000086d00000, 0x0000000086e00000|  0%| F|  |TAMS 0x0000000086d00000, 0x0000000086d00000| Untracked 
|  98|0x0000000086e00000, 0x0000000086e00000, 0x0000000086f00000|  0%| F|  |TAMS 0x0000000086e00000, 0x0000000086e00000| Untracked 
|  99|0x0000000086f00000, 0x0000000086f00000, 0x0000000087000000|  0%| F|  |TAMS 0x0000000086f00000, 0x0000000086f00000| Untracked 
| 100|0x0000000087000000, 0x0000000087000000, 0x0000000087100000|  0%| F|  |TAMS 0x0000000087000000, 0x0000000087000000| Untracked 
| 101|0x0000000087100000, 0x0000000087100000, 0x0000000087200000|  0%| F|  |TAMS 0x0000000087100000, 0x0000000087100000| Untracked 
| 102|0x0000000087200000, 0x0000000087200000, 0x0000000087300000|  0%| F|  |TAMS 0x0000000087200000, 0x0000000087200000| Untracked 
| 103|0x0000000087300000, 0x0000000087300000, 0x0000000087400000|  0%| F|  |TAMS 0x0000000087300000, 0x0000000087300000| Untracked 
| 104|0x0000000087400000, 0x0000000087400000, 0x0000000087500000|  0%| F|  |TAMS 0x0000000087400000, 0x0000000087400000| Untracked 
| 105|0x0000000087500000, 0x0000000087500000, 0x0000000087600000|  0%| F|  |TAMS 0x0000000087500000, 0x0000000087500000| Untracked 
| 106|0x0000000087600000, 0x0000000087600000, 0x0000000087700000|  0%| F|  |TAMS 0x0000000087600000, 0x0000000087600000| Untracked 
| 107|0x0000000087700000, 0x0000000087700000, 0x0000000087800000|  0%| F|  |TAMS 0x0000000087700000, 0x0000000087700000| Untracked 
| 108|0x0000000087800000, 0x0000000087800000, 0x0000000087900000|  0%| F|  |TAMS 0x0000000087800000, 0x0000000087800000| Untracked 
| 109|0x0000000087900000, 0x0000000087900000, 0x0000000087a00000|  0%| F|  |TAMS 0x0000000087900000, 0x0000000087900000| Untracked 
| 110|0x0000000087a00000, 0x0000000087a00000, 0x0000000087b00000|  0%| F|  |TAMS 0x0000000087a00000, 0x0000000087a00000| Untracked 
| 111|0x0000000087b00000, 0x0000000087b00000, 0x0000000087c00000|  0%| F|  |TAMS 0x0000000087b00000, 0x0000000087b00000| Untracked 
| 112|0x0000000087c00000, 0x0000000087c00000, 0x0000000087d00000|  0%| F|  |TAMS 0x0000000087c00000, 0x0000000087c00000| Untracked 
| 113|0x0000000087d00000, 0x0000000087d00000, 0x0000000087e00000|  0%| F|  |TAMS 0x0000000087d00000, 0x0000000087d00000| Untracked 
| 114|0x0000000087e00000, 0x0000000087e00000, 0x0000000087f00000|  0%| F|  |TAMS 0x0000000087e00000, 0x0000000087e00000| Untracked 
| 115|0x0000000087f00000, 0x0000000087f00000, 0x0000000088000000|  0%| F|  |TAMS 0x0000000087f00000, 0x0000000087f00000| Untracked 
| 116|0x0000000088000000, 0x0000000088000000, 0x0000000088100000|  0%| F|  |TAMS 0x0000000088000000, 0x0000000088000000| Untracked 
| 117|0x0000000088100000, 0x0000000088100000, 0x0000000088200000|  0%| F|  |TAMS 0x0000000088100000, 0x0000000088100000| Untracked 
| 118|0x0000000088200000, 0x0000000088200000, 0x0000000088300000|  0%| F|  |TAMS 0x0000000088200000, 0x0000000088200000| Untracked 
| 119|0x0000000088300000, 0x0000000088300000, 0x0000000088400000|  0%| F|  |TAMS 0x0000000088300000, 0x0000000088300000| Untracked 
| 120|0x0000000088400000, 0x0000000088400000, 0x0000000088500000|  0%| F|  |TAMS 0x0000000088400000, 0x0000000088400000| Untracked 
| 121|0x0000000088500000, 0x00000000885da400, 0x0000000088600000| 85%| S|CS|TAMS 0x0000000088500000, 0x0000000088500000| Complete 
| 122|0x0000000088600000, 0x0000000088600000, 0x0000000088700000|  0%| F|  |TAMS 0x0000000088600000, 0x0000000088600000| Untracked 
| 123|0x0000000088700000, 0x0000000088700000, 0x0000000088800000|  0%| F|  |TAMS 0x0000000088700000, 0x0000000088700000| Untracked 
| 124|0x0000000088800000, 0x0000000088800000, 0x0000000088900000|  0%| F|  |TAMS 0x0000000088800000, 0x0000000088800000| Untracked 
| 125|0x0000000088900000, 0x0000000088a00000, 0x0000000088a00000|100%| E|  |TAMS 0x0000000088900000, 0x0000000088900000| Complete 
| 126|0x0000000088a00000, 0x0000000088b00000, 0x0000000088b00000|100%| E|CS|TAMS 0x0000000088a00000, 0x0000000088a00000| Complete 
| 127|0x0000000088b00000, 0x0000000088c00000, 0x0000000088c00000|100%| E|CS|TAMS 0x0000000088b00000, 0x0000000088b00000| Complete 

Card table byte_map: [0x0000017399d40000,0x000001739a140000] _byte_map_base: 0x000001739993a000

Marking Bits (Prev, Next): (CMBitMap*) 0x0000017382697fe8, (CMBitMap*) 0x0000017382698020
 Prev Bits: [0x000001739a540000, 0x000001739c510000)
 Next Bits: [0x000001739c510000, 0x000001739e4e0000)

Polling page: 0x00000173804d0000

Metaspace:

Usage:
  Non-class:     11.71 MB capacity,    11.55 MB ( 99%) used,   125.57 KB (  1%) free+waste,    30.88 KB ( <1%) overhead. 
      Class:      1.47 MB capacity,     1.36 MB ( 93%) used,    96.67 KB (  6%) free+waste,    15.31 KB (  1%) overhead. 
       Both:     13.18 MB capacity,    12.91 MB ( 98%) used,   222.24 KB (  2%) free+waste,    46.19 KB ( <1%) overhead. 

Virtual space:
  Non-class space:       12.00 MB reserved,      11.75 MB ( 98%) committed 
      Class space:        1.00 GB reserved,       1.50 MB ( <1%) committed 
             Both:        1.01 GB reserved,      13.25 MB (  1%) committed 

Chunk freelists:
   Non-Class:  5.63 KB
       Class:  0 bytes
        Both:  5.63 KB

CodeHeap 'non-profiled nmethods': size=238912Kb used=1872Kb max_used=1872Kb free=237040Kb
 bounds [0x000001738aff0000, 0x000001738b260000, 0x0000017399940000]
CodeHeap 'non-nmethods': size=6848Kb used=2231Kb max_used=2231Kb free=4616Kb
 bounds [0x000001738a940000, 0x000001738abb0000, 0x000001738aff0000]
 total_blobs=1708 nmethods=1278 adapters=339
 compilation: enabled
              stopped_count=0, restarted_count=0
 full_count=0

Compilation events (10 events):
Event: 1.100 Thread 0x00000173a1451800 1126       1       java.lang.String::<init> (10 bytes)
Event: 1.101 Thread 0x00000173a1451800 nmethod 1126 0x000001738b178810 code [0x000001738b1789c0, 0x000001738b178b10]
Event: 1.101 Thread 0x00000173a1451800 1127       1       java.util.Optional::empty (6 bytes)
Event: 1.101 Thread 0x00000173a1260800 nmethod 1124 0x000001738b178c10 code [0x000001738b178de0, 0x000001738b179000]
Event: 1.101 Thread 0x00000173a1260800 1128       1       jdk.internal.module.SystemModuleFinders$SystemImage::reader (4 bytes)
Event: 1.101 Thread 0x00000173a1451800 nmethod 1127 0x000001738b179110 code [0x000001738b1792c0, 0x000001738b1793b8]
Event: 1.101 Thread 0x00000173a1260800 nmethod 1128 0x000001738b179410 code [0x000001738b1795c0, 0x000001738b1796b8]
Event: 1.101 Thread 0x00000173a1451800 1129       1       jdk.internal.jimage.ImageReader::requireOpen (18 bytes)
Event: 1.101 Thread 0x00000173a1451800 nmethod 1129 0x000001738b179710 code [0x000001738b1798e0, 0x000001738b179ad0]
Event: 1.102 Thread 0x00000173a1456800 nmethod 1125 0x000001738b179b90 code [0x000001738b179e40, 0x000001738b17a6d0]

GC Heap History (2 events):
Event: 0.728 GC heap before
{Heap before GC invocations=0 (full 0):
 garbage-first heap   total 131072K, used 14336K [0x0000000080c00000, 0x0000000100000000)
  region size 1024K, 14 young (14336K), 0 survivors (0K)
 Metaspace       used 8981K, capacity 9152K, committed 9216K, reserved 1056768K
  class space    used 913K, capacity 995K, committed 1024K, reserved 1048576K
}
Event: 0.734 GC heap after
{Heap after GC invocations=1 (full 0):
 garbage-first heap   total 131072K, used 8184K [0x0000000080c00000, 0x0000000100000000)
  region size 1024K, 2 young (2048K), 2 survivors (2048K)
 Metaspace       used 8981K, capacity 9152K, committed 9216K, reserved 1056768K
  class space    used 913K, capacity 995K, committed 1024K, reserved 1048576K
}

Deoptimization events (0 events):
No events

Classes redefined (0 events):
No events

Internal exceptions (10 events):
Event: 0.796 Thread 0x0000017382657800 Exception <a 'java/lang/NoSuchMethodError'{0x0000000088a11100}: java.lang.invoke.DirectMethodHandle$Holder.invokeStaticInit(Ljava/lang/Object;IIII)Ljava/lang/Object;> (0x0000000088a11100) thrown at [t:/workspace/open/src/hotspot/share/interpreter/linkReso
Event: 0.982 Thread 0x0000017382657800 Exception <a 'java/lang/NoSuchMethodError'{0x0000000088aed2d0}: java.lang.invoke.DirectMethodHandle$Holder.invokeStatic(Ljava/lang/Object;Ljava/lang/Object;IIII)Ljava/lang/Object;> (0x0000000088aed2d0) thrown at [t:/workspace/open/src/hotspot/share/interp
Event: 0.983 Thread 0x0000017382657800 Exception <a 'java/lang/NoSuchMethodError'{0x0000000088af0618}: java.lang.invoke.DirectMethodHandle$Holder.invokeStaticInit(Ljava/lang/Object;Ljava/lang/Object;IIII)Ljava/lang/Object;> (0x0000000088af0618) thrown at [t:/workspace/open/src/hotspot/share/in
Event: 0.994 Thread 0x0000017382657800 Exception <a 'java/lang/ClassNotFoundException'{0x000000008890e540}: javax/management/remote/rmi/RMIServerImpl_Skel> (0x000000008890e540) thrown at [t:/workspace/open/src/hotspot/share/classfile/systemDictionary.cpp, line 231]
Event: 1.035 Thread 0x0000017382657800 Exception <a 'java/lang/ClassNotFoundException'{0x00000000889b0638}: jdk/internal/agent/resources/spi/agentProvider> (0x00000000889b0638) thrown at [t:/workspace/open/src/hotspot/share/classfile/systemDictionary.cpp, line 231]
Event: 1.043 Thread 0x0000017382657800 Exception <a 'java/lang/NoSuchMethodError'{0x0000000088806f60}: java.lang.invoke.DirectMethodHandle$Holder.invokeStatic(Ljava/lang/Object;Ljava/lang/Object;Ljava/lang/Object;Ljava/lang/Object;Ljava/lang/Object;Ljava/lang/Object;Ljava/lang/Object;Ljava/lan
Event: 1.044 Thread 0x0000017382657800 Exception <a 'java/lang/NoSuchMethodError'{0x0000000088813920}: java.lang.invoke.DirectMethodHandle$Holder.invokeStatic(Ljava/lang/Object;Ljava/lang/Object;Ljava/lang/Object;Ljava/lang/Object;Ljava/lang/Object;Ljava/lang/Object;Ljava/lang/Object;Ljava/lan
Event: 1.047 Thread 0x0000017382657800 Exception <a 'java/lang/NoSuchMethodError'{0x000000008882d5a8}: java.lang.invoke.DelegatingMethodHandle$Holder.reinvoke_L(Ljava/lang/Object;ILjava/lang/Object;)Ljava/lang/Object;> (0x000000008882d5a8) thrown at [t:/workspace/open/src/hotspot/share/interpr
Event: 1.095 Thread 0x0000017382657800 Exception <a 'java/lang/ClassNotFoundException'{0x00000000886919a8}: javax/smartcardio/CardPermission> (0x00000000886919a8) thrown at [t:/workspace/open/src/hotspot/share/classfile/systemDictionary.cpp, line 231]
Event: 1.098 Thread 0x0000017382657800 Exception <a 'java/io/FileNotFoundException'{0x00000000886a01e8}> (0x00000000886a01e8) thrown at [t:/workspace/open/src/hotspot/share/prims/jni.cpp, line 615]

Events (10 events):
Event: 1.099 loading class java/util/PropertyPermissionCollection$1
Event: 1.099 loading class java/util/PropertyPermissionCollection$1 done
Event: 1.099 loading class java/security/PermissionsEnumerator
Event: 1.099 loading class java/security/PermissionsEnumerator done
Event: 1.100 loading class java/security/AccessControlException
Event: 1.100 loading class java/security/AccessControlException done
Event: 1.101 loading class ch/qos/logback/core/status/InfoStatus
Event: 1.101 loading class ch/qos/logback/core/status/InfoStatus done
Event: 1.102 loading class ch/qos/logback/core/status/StatusBase
Event: 1.102 loading class ch/qos/logback/core/status/StatusBase done


Dynamic libraries:
0x00007ff731fa0000 - 0x00007ff731fe7000 	C:\Program Files\Java\jdk-11.0.4\bin\javaw.exe
0x00007ffa611a0000 - 0x00007ffa61390000 	C:\WINDOWS\SYSTEM32\ntdll.dll
0x00007ffa608c0000 - 0x00007ffa60972000 	C:\WINDOWS\System32\KERNEL32.DLL
0x00007ffa5e400000 - 0x00007ffa5e6a3000 	C:\WINDOWS\System32\KERNELBASE.dll
0x00007ffa5b960000 - 0x00007ffa5b9ef000 	C:\WINDOWS\SYSTEM32\apphelp.dll
0x00007ffa144b0000 - 0x00007ffa14942000 	C:\WINDOWS\SYSTEM32\AcLayers.DLL
0x00007ffa60820000 - 0x00007ffa608be000 	C:\WINDOWS\System32\msvcrt.dll
0x00007ffa60980000 - 0x00007ffa60b14000 	C:\WINDOWS\System32\USER32.dll
0x00007ffa5d870000 - 0x00007ffa5d891000 	C:\WINDOWS\System32\win32u.dll
0x00007ffa5f6d0000 - 0x00007ffa5f6f6000 	C:\WINDOWS\System32\GDI32.dll
0x00007ffa5d8f0000 - 0x00007ffa5da84000 	C:\WINDOWS\System32\gdi32full.dll
0x00007ffa5e360000 - 0x00007ffa5e3fe000 	C:\WINDOWS\System32\msvcp_win.dll
0x00007ffa5e7c0000 - 0x00007ffa5e8ba000 	C:\WINDOWS\System32\ucrtbase.dll
0x00007ffa5ee40000 - 0x00007ffa5ee92000 	C:\WINDOWS\System32\SHLWAPI.dll
0x00007ffa5ff10000 - 0x00007ffa60246000 	C:\WINDOWS\System32\combase.dll
0x00007ffa5fdf0000 - 0x00007ffa5ff10000 	C:\WINDOWS\System32\RPCRT4.dll
0x00007ffa5d7a0000 - 0x00007ffa5d820000 	C:\WINDOWS\System32\bcryptPrimitives.dll
0x00007ffa5ec10000 - 0x00007ffa5ecb3000 	C:\WINDOWS\System32\ADVAPI32.dll
0x00007ffa5eda0000 - 0x00007ffa5ee37000 	C:\WINDOWS\System32\sechost.dll
0x0000017380330000 - 0x0000017380333000 	C:\WINDOWS\SYSTEM32\sfc.dll
0x00007ffa53440000 - 0x00007ffa534c9000 	C:\WINDOWS\SYSTEM32\WINSPOOL.DRV
0x00007ffa5d6f0000 - 0x00007ffa5d701000 	C:\WINDOWS\System32\kernel.appcore.dll
0x00007ffa5d840000 - 0x00007ffa5d866000 	C:\WINDOWS\System32\bcrypt.dll
0x00007ffa5a160000 - 0x00007ffa5a24f000 	C:\WINDOWS\SYSTEM32\PROPSYS.dll
0x00007ffa61090000 - 0x00007ffa61154000 	C:\WINDOWS\System32\OLEAUT32.dll
0x00007ffa5e930000 - 0x00007ffa5e9d9000 	C:\WINDOWS\System32\shcore.dll
0x00007ffa5cc60000 - 0x00007ffa5cc9a000 	C:\WINDOWS\SYSTEM32\IPHLPAPI.DLL
0x00007ffa57420000 - 0x00007ffa57431000 	C:\WINDOWS\SYSTEM32\sfc_os.DLL
0x00007ffa607f0000 - 0x00007ffa6081e000 	C:\WINDOWS\System32\IMM32.DLL
0x00007ffa4fb00000 - 0x00007ffa4fd85000 	C:\WINDOWS\WinSxS\amd64_microsoft.windows.common-controls_6595b64144ccf1df_6.0.18362.592_none_e6c0b1911312be02\COMCTL32.dll
0x00007ffa56d20000 - 0x00007ffa56d2a000 	C:\WINDOWS\SYSTEM32\VERSION.dll
0x00007ffa590b0000 - 0x00007ffa590c6000 	C:\Program Files\Java\jdk-11.0.4\bin\vcruntime140.dll
0x00007ffa3c190000 - 0x00007ffa3c23a000 	C:\Program Files\Java\jdk-11.0.4\bin\msvcp140.dll
0x00007ffa18aa0000 - 0x00007ffa195c7000 	C:\Program Files\Java\jdk-11.0.4\bin\server\jvm.dll
0x00007ffa607b0000 - 0x00007ffa607b8000 	C:\WINDOWS\System32\PSAPI.DLL
0x00007ffa20870000 - 0x00007ffa20879000 	C:\WINDOWS\SYSTEM32\WSOCK32.dll
0x00007ffa5a480000 - 0x00007ffa5a4a4000 	C:\WINDOWS\SYSTEM32\WINMM.dll
0x00007ffa5ea40000 - 0x00007ffa5eaaf000 	C:\WINDOWS\System32\WS2_32.dll
0x00007ffa5a450000 - 0x00007ffa5a47d000 	C:\WINDOWS\SYSTEM32\WINMMBASE.dll
0x00007ffa5d8a0000 - 0x00007ffa5d8ea000 	C:\WINDOWS\System32\cfgmgr32.dll
0x00007ffa1ecf0000 - 0x00007ffa1ed01000 	C:\Program Files\Java\jdk-11.0.4\bin\verify.dll
0x00007ffa4e6b0000 - 0x00007ffa4e8a4000 	C:\WINDOWS\SYSTEM32\DBGHELP.DLL
0x00007ffa4e670000 - 0x00007ffa4e69a000 	C:\WINDOWS\SYSTEM32\dbgcore.DLL
0x00007ffa1ecc0000 - 0x00007ffa1ece9000 	C:\Program Files\Java\jdk-11.0.4\bin\java.dll
0x00007ffa1eca0000 - 0x00007ffa1ecb6000 	C:\Program Files\Java\jdk-11.0.4\bin\zip.dll
0x00007ffa1ec90000 - 0x00007ffa1ec9a000 	C:\Program Files\Java\jdk-11.0.4\bin\jimage.dll
0x00007ffa5f700000 - 0x00007ffa5fde5000 	C:\WINDOWS\System32\SHELL32.dll
0x00007ffa5da90000 - 0x00007ffa5e20f000 	C:\WINDOWS\System32\windows.storage.dll
0x00007ffa5d780000 - 0x00007ffa5d79f000 	C:\WINDOWS\System32\profapi.dll
0x00007ffa5d710000 - 0x00007ffa5d75a000 	C:\WINDOWS\System32\powrprof.dll
0x00007ffa5d6e0000 - 0x00007ffa5d6f0000 	C:\WINDOWS\System32\UMPDC.dll
0x00007ffa5d820000 - 0x00007ffa5d837000 	C:\WINDOWS\System32\cryptsp.dll
0x00007ffa1ec70000 - 0x00007ffa1ec89000 	C:\Program Files\Java\jdk-11.0.4\bin\net.dll
0x00007ffa5f340000 - 0x00007ffa5f516000 	C:\WINDOWS\System32\urlmon.dll
0x00007ffa5eea0000 - 0x00007ffa5f146000 	C:\WINDOWS\System32\iertutil.dll
0x00007ffa51d50000 - 0x00007ffa51e40000 	C:\WINDOWS\SYSTEM32\WINHTTP.dll
0x00007ffa5d120000 - 0x00007ffa5d12c000 	C:\WINDOWS\SYSTEM32\CRYPTBASE.DLL
0x00007ffa5cf50000 - 0x00007ffa5cfb7000 	C:\WINDOWS\system32\mswsock.dll
0x00007ffa1e320000 - 0x00007ffa1e333000 	C:\Program Files\Java\jdk-11.0.4\bin\nio.dll
0x00007ffa5a050000 - 0x00007ffa5a059000 	C:\Program Files\Java\jdk-11.0.4\bin\management.dll
0x00007ffa59950000 - 0x00007ffa5995c000 	C:\Program Files\Java\jdk-11.0.4\bin\management_ext.dll
0x00007ffa20660000 - 0x00007ffa20676000 	C:\WINDOWS\system32\napinsp.dll
0x00007ffa20640000 - 0x00007ffa2065a000 	C:\WINDOWS\system32\pnrpnsp.dll
0x00007ffa5cca0000 - 0x00007ffa5cd6a000 	C:\WINDOWS\SYSTEM32\DNSAPI.dll
0x00007ffa607e0000 - 0x00007ffa607e8000 	C:\WINDOWS\System32\NSI.dll
0x00007ffa2dd00000 - 0x00007ffa2dd0e000 	C:\WINDOWS\System32\winrnr.dll
0x00007ffa57f30000 - 0x00007ffa57f4c000 	C:\WINDOWS\system32\NLAapi.dll
0x00007ffa51cc0000 - 0x00007ffa51cd5000 	C:\WINDOWS\system32\wshbth.dll
0x00007ffa51160000 - 0x00007ffa5116a000 	C:\Windows\System32\rasadhlp.dll
0x00007ffa52110000 - 0x00007ffa52187000 	C:\WINDOWS\System32\fwpuclnt.dll
0x00007ffa5cac0000 - 0x00007ffa5caf3000 	C:\WINDOWS\system32\rsaenh.dll
0x00007ffa5d600000 - 0x00007ffa5d625000 	C:\WINDOWS\SYSTEM32\USERENV.dll
0x00007ffa52440000 - 0x00007ffa52456000 	C:\WINDOWS\SYSTEM32\dhcpcsvc6.DLL
0x00007ffa52c10000 - 0x00007ffa52c2c000 	C:\WINDOWS\SYSTEM32\dhcpcsvc.DLL

dbghelp: loaded successfully - version: 4.0.5 - missing functions: none
symbol engine: initialized successfully - sym options: 0x614 - pdb path: .;C:\Program Files\Java\jdk-11.0.4\bin;C:\WINDOWS\SYSTEM32;C:\WINDOWS\WinSxS\amd64_microsoft.windows.common-controls_6595b64144ccf1df_6.0.18362.592_none_e6c0b1911312be02;C:\Program Files\Java\jdk-11.0.4\bin\server

VM Arguments:
jvm_args: -Dcom.sun.management.jmxremote -Dcom.sun.management.jmxremote.port=58749 -Dcom.sun.management.jmxremote.authenticate=false -Dcom.sun.management.jmxremote.ssl=false -Djava.rmi.server.hostname=localhost -Dspring.jmx.enabled=true -Dspring.liveBeansView.mbeanDomain -Dspring.application.admin.enabled=true -Xverify:none -XX:TieredStopAtLevel=1 -Dspring.boot.project.name=newproject -Dfile.encoding=Cp1252 
java_command: com.example.demo.NewprojectApplication --spring.output.ansi.enabled=always
java_class_path (initial): C:\Users\ASHISH\Desktop\sts\newproject\bin\main;C:\Users\ASHISH\.gradle\caches\modules-2\files-2.1\org.springframework.boot\spring-boot-starter-data-jpa\2.2.4.RELEASE\374fc811a6e64632593cae83fe6786b1b93b574\spring-boot-starter-data-jpa-2.2.4.RELEASE.jar;C:\Users\ASHISH\.gradle\caches\modules-2\files-2.1\org.springframework.boot\spring-boot-starter-security\2.2.4.RELEASE\6ae84ac22148368eca716c64424e2f5d9db7a156\spring-boot-starter-security-2.2.4.RELEASE.jar;C:\Users\ASHISH\.gradle\caches\modules-2\files-2.1\org.springframework.boot\spring-boot-starter-thymeleaf\2.2.4.RELEASE\168d71302f3227702e8a2d74841136c6e0814d81\spring-boot-starter-thymeleaf-2.2.4.RELEASE.jar;C:\Users\ASHISH\.gradle\caches\modules-2\files-2.1\org.springframework.boot\spring-boot-starter-web-services\2.2.4.RELEASE\3c19d62e7891bb70d99d1366fddc31a5b09cf0a7\spring-boot-starter-web-services-2.2.4.RELEASE.jar;C:\Users\ASHISH\.gradle\caches\modules-2\files-2.1\com.vaadin\vaadin-spring-boot-starter\14.1.16\a5db68224e202cac2f1f2e0356f3ba4203dc93cf\vaadin-spring-boot-starter-14.1.16.jar;C:\Users\ASHISH\.gradle\caches\modules-2\files-2.1\org.springframework.boot\spring-boot-starter-web\2.2.4.RELEASE\ec75d01d212b5229c16d872fb127744c0ed46ed8\spring-boot-starter-web-2.2.4.RELEASE.jar;C:\Users\ASHISH\.gradle\caches\modules-2\files-2.1\org.springframework.boot\spring-boot-starter-webflux\2.2.4.RELEASE\e26ab42e62ac9a398941dda033b0ea17edce2643\spring-boot-starter-webflux-2.2.4.RELEASE.jar;C:\Users\ASHISH\.gradle\caches\modules-2\files-2.1\org.springframework.boot\spring-boot-starter-aop\2.2.4.RELEASE\26fe8208e070eb17e48e101f812c4519103165a\spring-boot-starter-aop-2.2.4.RELEASE.jar;C:\Users\ASHISH\.gradle\caches\modules-2\files-2.1\org.springframework.boot\spring-boot-starter-jdbc\2.2.4.RELEASE\2391d4f6f338b1eee003f0aadfcd4124cd3ed191\spring-boot-starter-jdbc-2.2.4.RELEASE.jar;C:\Users\ASHISH\.gradle\caches\modules-2\files-2.1\com.sun.xml.messaging.saaj\saaj-impl\1.5.1\e76b10e4f99630d0e5
Launcher Type: SUN_STANDARD

[Global flags]
     bool BytecodeVerificationLocal                = false                                     {product} {command line}
     bool BytecodeVerificationRemote               = false                                     {product} {command line}
     intx CICompilerCount                          = 3                                         {product} {ergonomic}
     uint ConcGCThreads                            = 1                                         {product} {ergonomic}
     uint G1ConcRefinementThreads                  = 4                                         {product} {ergonomic}
   size_t G1HeapRegionSize                         = 1048576                                   {product} {ergonomic}
    uintx GCDrainStackTargetSize                   = 64                                        {product} {ergonomic}
   size_t InitialHeapSize                          = 134217728                                 {product} {ergonomic}
     bool ManagementServer                         = true                                      {product} {command line}
   size_t MarkStackSize                            = 4194304                                   {product} {ergonomic}
   size_t MaxHeapSize                              = 2134900736                                {product} {ergonomic}
   size_t MaxNewSize                               = 1280311296                                {product} {ergonomic}
   size_t MinHeapDeltaBytes                        = 1048576                                   {product} {ergonomic}
    uintx NonNMethodCodeHeapSize                   = 6973028                                {pd product} {ergonomic}
    uintx NonProfiledCodeHeapSize                  = 244685212                              {pd product} {ergonomic}
    uintx ProfiledCodeHeapSize                     = 0                                      {pd product} {ergonomic}
    uintx ReservedCodeCacheSize                    = 251658240                              {pd product} {ergonomic}
     bool SegmentedCodeCache                       = true                                      {product} {ergonomic}
     intx TieredStopAtLevel                        = 1                                         {product} {command line}
     bool UseCompressedClassPointers               = true                                 {lp64_product} {ergonomic}
     bool UseCompressedOops                        = true                                 {lp64_product} {ergonomic}
     bool UseG1GC                                  = true                                      {product} {ergonomic}
     bool UseLargePagesIndividualAllocation        = false                                  {pd product} {ergonomic}

Logging:
Log output configuration:
 #0: stdout all=warning uptime,level,tags
 #1: stderr all=off uptime,level,tags

Environment Variables:
PATH=C:/Program Files/Java/jdk-11.0.4/bin/server;C:/Program Files/Java/jdk-11.0.4/bin;C:\Program Files\Java\jdk-11.0.4\bin;C:\Program Files (x86)\Common Files\Microsoft Shared\Windows Live;C:\WINDOWS\system32;C:\WINDOWS;C:\WINDOWS\System32\Wbem;C:\WINDOWS\System32\WindowsPowerShell\v1.0\;C:\Program Files (x86)\Windows Live\Shared;C:\Program Files (x86)\ATI Technologies\ATI.ACE\Core-Static;C:\Program Files\Intel\WiFi\bin\;C:\Program Files\Common Files\Intel\WirelessCommon\;C:\WINDOWS\System32\OpenSSH\;C:\Program Files (x86)\AMD\ATI.ACE\Core-Static;C:\Program Files\nodejs\;C:\Program Files\Git\cmd;C:\Program Files\Java\jdk-11.0.4\bin;;C:\Users\ASHISH\Desktop\sts-bundle\sts-3.9.10.RELEASE;
USERNAME=ASHISH
OS=Windows_NT
PROCESSOR_IDENTIFIER=Intel64 Family 6 Model 42 Stepping 7, GenuineIntel



---------------  S Y S T E M  ---------------

OS: Windows 10 , 64 bit Build 18362 (10.0.18362.329)

CPU:total 4 (initial active 4) (2 cores per cpu, 2 threads per core) family 6 model 42 stepping 7, cmov, cx8, fxsr, mmx, sse, sse2, sse3, ssse3, sse4.1, sse4.2, popcnt, avx, aes, clmul, ht, tsc, tscinvbit

Memory: 4k page, system-wide physical 8139M (4396M free)
TotalPageFile size 16331M (AvailPageFile size 12318M)
current process WorkingSet (physical memory assigned to process): 73M, peak: 73M
current process commit charge ("private bytes"): 217M, peak: 217M

vm_info: Java HotSpot(TM) 64-Bit Server VM (11.0.4+10-LTS) for windows-amd64 JRE (11.0.4+10-LTS), built on Jul  4 2019 16:28:13 by "mach5one" with MS VC++ 15.5 (VS2017)

END.
