#
# A fatal error has been detected by the Java Runtime Environment:
#
#  EXCEPTION_ACCESS_VIOLATION (0xc0000005) at pc=0x00007ffb82267a16, pid=9264, tid=6900
#
# JRE version: Java(TM) SE Runtime Environment (11.0.4+10) (build 11.0.4+10-LTS)
# Java VM: Java HotSpot(TM) 64-Bit Server VM (11.0.4+10-LTS, mixed mode, tiered, compressed oops, g1 gc, windows-amd64)
# Problematic frame:
# V  [jvm.dll+0x6c7a16]
#
# No core dump will be written. Minidumps are not enabled by default on client versions of Windows
#
# If you would like to submit a bug report, please visit:
#   http://bugreport.java.com/bugreport/crash.jsp
#

---------------  S U M M A R Y ------------

Command Line: -Dcom.sun.management.jmxremote -Dcom.sun.management.jmxremote.port=50698 -Dcom.sun.management.jmxremote.authenticate=false -Dcom.sun.management.jmxremote.ssl=false -Djava.rmi.server.hostname=localhost -Dspring.jmx.enabled=true -Dspring.liveBeansView.mbeanDomain -Dspring.application.admin.enabled=true -Xverify:none -XX:TieredStopAtLevel=1 -Dspring.boot.project.name=newproject -Dfile.encoding=Cp1252 com.example.demo.NewprojectApplication --spring.output.ansi.enabled=always

Host: Intel(R) Core(TM) i5-2410M CPU @ 2.30GHz, 4 cores, 7G,  Windows 10 , 64 bit Build 18362 (10.0.18362.329)
Time: Tue Feb 11 23:11:37 2020 India Standard Time elapsed time: 1 seconds (0d 0h 0m 1s)

---------------  T H R E A D  ---------------

Current thread (0x000001aaadd18800):  WatcherThread [stack: 0x0000001195e00000,0x0000001195f00000] [id=6900]

Stack: [0x0000001195e00000,0x0000001195f00000],  sp=0x0000001195effb60,  free space=1022k
Native frames: (J=compiled Java code, j=interpreted, Vv=VM code, C=native code)
V  [jvm.dll+0x6c7a16]
V  [jvm.dll+0x71321d]
V  [jvm.dll+0x738bd9]
V  [jvm.dll+0x634c82]
C  [ucrtbase.dll+0x20e72]
C  [KERNEL32.DLL+0x17bd4]
C  [ntdll.dll+0x6ced1]


siginfo: EXCEPTION_ACCESS_VIOLATION (0xc0000005), reading address 0x0000000800000007


Register to memory mapping:

RIP=0x00007ffb82267a16 jvm.dll
RAX=0x0000000800000007 is an unknown value
RBX=0x0 is NULL
RCX=0x000001aaadd04410 points into unknown readable memory: 58 35 47 82 fb 7f 00 00
RDX=0x0000000000000032 is an unknown value
RSP=0x0000001195effb60 points into unknown readable memory: 00 88 d1 ad aa 01 00 00
RBP=0x0000000000000002 is an unknown value
RSI=0x000001aaad25f930 points into unknown readable memory: 07 00 00 00 08 00 00 00
RDI=0x0000000000000001 is an unknown value
R8 =0x0 is NULL
R9 =0x000001aa96030b80 is at begin+0 in a stub
StubRoutines::atomic_cmpxchg_long [0x000001aa96030b80, 0x000001aa96030b89[ (9 bytes)
R10=0x00000000546c6148 is an unknown value
R11=0x000001d470e6146a is an unknown value
R12=0x0 is NULL
R13=0x000001aaadd18800 points into unknown readable memory: 58 7c 47 82 fb 7f 00 00
R14=0x0000000000000032 is an unknown value
R15=0x000001aaadc38540 points into unknown readable memory: 00 00 00 00 00 00 00 00


Registers:
RAX=0x0000000800000007, RBX=0x0000000000000000, RCX=0x000001aaadd04410, RDX=0x0000000000000032
RSP=0x0000001195effb60, RBP=0x0000000000000002, RSI=0x000001aaad25f930, RDI=0x0000000000000001
R8 =0x0000000000000000, R9 =0x000001aa96030b80, R10=0x00000000546c6148, R11=0x000001d470e6146a
R12=0x0000000000000000, R13=0x000001aaadd18800, R14=0x0000000000000032, R15=0x000001aaadc38540
RIP=0x00007ffb82267a16, EFLAGS=0x0000000000010246

Top of Stack: (sp=0x0000001195effb60)
0x0000001195effb60:   000001aaadd18800 000001aaadd18800
0x0000001195effb70:   0000edc571cc94ec 00007ffb821a87c9
0x0000001195effb80:   00007ffb82613798 00007ffb822b321d
0x0000001195effb90:   000001aa8c586130 000001aa8c586130
0x0000001195effba0:   000001aa8c586130 431bde82d7b634db
0x0000001195effbb0:   000001aaadc38540 0000edc571cc94ec
0x0000001195effbc0:   000001aa8c586130 00007ffb822d8bd9
0x0000001195effbd0:   0000000000000001 0000000000000032
0x0000001195effbe0:   0000000000000032 0000000000000002
0x0000001195effbf0:   0000000000000000 0000000000000000
0x0000001195effc00:   0000000000000000 0000000000000000
0x0000001195effc10:   0000000000000000 0000000000000000
0x0000001195effc20:   0000000000000000 0000000000000000
0x0000001195effc30:   0000000000000000 0000000000000000
0x0000001195effc40:   0000000000000000 0000001195effe80
0x0000001195effc50:   000001aaadd18800 00007ffb821d4c82 

Instructions: (pc=0x00007ffb82267a16)
0x00007ffb822679f6:   cc cc cc cc cc cc cc cc cc cc 48 89 5c 24 10 56
0x00007ffb82267a06:   48 83 ec 20 48 8b 35 47 6c 3a 00 33 db 48 8b 06
0x00007ffb82267a16:   39 18 7e 27 48 89 7c 24 30 8b fb 48 8b 40 18 48
0x00007ffb82267a26:   8b 0c 07 48 8b 01 ff 50 08 48 8b 06 48 8d 7f 08 


Stack slot to memory mapping:
stack at sp + 0 slots: 0x000001aaadd18800 points into unknown readable memory: 58 7c 47 82 fb 7f 00 00
stack at sp + 1 slots: 0x000001aaadd18800 points into unknown readable memory: 58 7c 47 82 fb 7f 00 00
stack at sp + 2 slots: 0x0000edc571cc94ec is an unknown value
stack at sp + 3 slots: 0x00007ffb821a87c9 jvm.dll
stack at sp + 4 slots: 0x00007ffb82613798 jvm.dll
stack at sp + 5 slots: 0x00007ffb822b321d jvm.dll
stack at sp + 6 slots: 0x000001aa8c586130 points into unknown readable memory: 01 00 00 00 00 00 00 00
stack at sp + 7 slots: 0x000001aa8c586130 points into unknown readable memory: 01 00 00 00 00 00 00 00


---------------  P R O C E S S  ---------------

Threads class SMR info:
_java_thread_list=0x000001aaadcb0500, length=13, elements={
0x000001aa8c587800, 0x000001aaad0bb800, 0x000001aaad0c4800, 0x000001aaad0d4800,
0x000001aaad0d6800, 0x000001aaad122800, 0x000001aaad128800, 0x000001aaac848000,
0x000001aaad2ea000, 0x000001aaad362000, 0x000001aaadc92000, 0x000001aaadca4800,
0x000001aaadd0c800
}

Java Threads: ( => current thread )
  0x000001aa8c587800 JavaThread "main" [_thread_in_Java, id=9720, stack(0x0000001194900000,0x0000001194a00000)]
  0x000001aaad0bb800 JavaThread "Reference Handler" daemon [_thread_blocked, id=13304, stack(0x0000001195000000,0x0000001195100000)]
  0x000001aaad0c4800 JavaThread "Finalizer" daemon [_thread_blocked, id=6332, stack(0x0000001195100000,0x0000001195200000)]
  0x000001aaad0d4800 JavaThread "Signal Dispatcher" daemon [_thread_blocked, id=12220, stack(0x0000001195200000,0x0000001195300000)]
  0x000001aaad0d6800 JavaThread "Attach Listener" daemon [_thread_blocked, id=7060, stack(0x0000001195300000,0x0000001195400000)]
  0x000001aaad122800 JavaThread "C1 CompilerThread0" daemon [_thread_in_vm, id=12332, stack(0x0000001195400000,0x0000001195500000)]
  0x000001aaad128800 JavaThread "Sweeper thread" daemon [_thread_blocked, id=12900, stack(0x0000001195500000,0x0000001195600000)]
  0x000001aaac848000 JavaThread "Common-Cleaner" daemon [_thread_blocked, id=2808, stack(0x0000001195600000,0x0000001195700000)]
  0x000001aaad2ea000 JavaThread "C1 CompilerThread1" daemon [_thread_in_native, id=3372, stack(0x0000001195700000,0x0000001195800000)]
  0x000001aaad362000 JavaThread "Service Thread" daemon [_thread_blocked, id=2864, stack(0x0000001195800000,0x0000001195900000)]
  0x000001aaadc92000 JavaThread "RMI TCP Accept-0" daemon [_thread_in_native, id=8904, stack(0x0000001195b00000,0x0000001195c00000)]
  0x000001aaadca4800 JavaThread "RMI TCP Accept-50698" daemon [_thread_in_native, id=6884, stack(0x0000001195c00000,0x0000001195d00000)]
  0x000001aaadd0c800 JavaThread "RMI TCP Accept-0" daemon [_thread_in_native, id=5600, stack(0x0000001195d00000,0x0000001195e00000)]

Other Threads:
  0x000001aaad092800 VMThread "VM Thread" [stack: 0x0000001194f00000,0x0000001195000000] [id=6152]
=>0x000001aaadd18800 WatcherThread [stack: 0x0000001195e00000,0x0000001195f00000] [id=6900]
  0x000001aa8c59c800 GCTaskThread "GC Thread#0" [stack: 0x0000001194a00000,0x0000001194b00000] [id=12376]
  0x000001aaadc5f800 GCTaskThread "GC Thread#1" [stack: 0x0000001195900000,0x0000001195a00000] [id=7380]
  0x000001aaadc60000 GCTaskThread "GC Thread#2" [stack: 0x0000001195a00000,0x0000001195b00000] [id=1356]
  0x000001aa8c5d0000 ConcurrentGCThread "G1 Main Marker" [stack: 0x0000001194b00000,0x0000001194c00000] [id=5644]
  0x000001aa8c5d1000 ConcurrentGCThread "G1 Conc#0" [stack: 0x0000001194c00000,0x0000001194d00000] [id=5016]
  0x000001aaac6f6000 ConcurrentGCThread "G1 Refine#0" [stack: 0x0000001194d00000,0x0000001194e00000] [id=9036]
  0x000001aaac6f8800 ConcurrentGCThread "G1 Young RemSet Sampling" [stack: 0x0000001194e00000,0x0000001194f00000] [id=12160]

Threads with active compile tasks:
C1 CompilerThread01285   !   1       java.lang.StringCoding::decode (165 bytes)
C1 CompilerThread11280       1       java.net.URLStreamHandler::parseURL (1201 bytes)

VM state:not at safepoint (normal execution)

VM Mutex/Monitor currently owned by a thread:  ([mutex/lock_event])
[0x000001aa8c584550] SystemDictionary_lock - owner thread: 0x0000000000000000
[0x000001aa8c586130] PeriodicTask_lock - owner thread: 0x000001aaadd18800

Heap address: 0x0000000080c00000, size: 2036 MB, Compressed Oops mode: 32-bit
Narrow klass base: 0x0000000000000000, Narrow klass shift: 3
Compressed class space size: 1073741824 Address: 0x0000000100000000

Heap:
 garbage-first heap   total 131072K, used 14184K [0x0000000080c00000, 0x0000000100000000)
  region size 1024K, 7 young (7168K), 1 survivors (1024K)
 Metaspace       used 13394K, capacity 13781K, committed 13952K, reserved 1060864K
  class space    used 1406K, capacity 1538K, committed 1664K, reserved 1048576K
Heap Regions: E=young(eden), S=young(survivor), O=old, HS=humongous(starts), HC=humongous(continues), CS=collection set, F=free, A=archive, TAMS=top-at-mark-start (previous, next)
|   0|0x0000000080c00000, 0x0000000080d00000, 0x0000000080d00000|100%|HS|  |TAMS 0x0000000080c00000, 0x0000000080c00000| Complete 
|   1|0x0000000080d00000, 0x0000000080e00000, 0x0000000080e00000|100%| O|  |TAMS 0x0000000080d00000, 0x0000000080d00000| Untracked 
|   2|0x0000000080e00000, 0x0000000080f00000, 0x0000000080f00000|100%| O|  |TAMS 0x0000000080e00000, 0x0000000080e00000| Untracked 
|   3|0x0000000080f00000, 0x0000000081000000, 0x0000000081000000|100%| O|  |TAMS 0x0000000080f00000, 0x0000000080f00000| Untracked 
|   4|0x0000000081000000, 0x0000000081100000, 0x0000000081100000|100%| O|  |TAMS 0x0000000081000000, 0x0000000081000000| Untracked 
|   5|0x0000000081100000, 0x0000000081200000, 0x0000000081200000|100%| O|  |TAMS 0x0000000081100000, 0x0000000081100000| Untracked 
|   6|0x0000000081200000, 0x0000000081300000, 0x0000000081300000|100%| O|  |TAMS 0x0000000081200000, 0x0000000081200000| Untracked 
|   7|0x0000000081300000, 0x0000000081400000, 0x0000000081400000|100%| O|  |TAMS 0x0000000081300000, 0x0000000081300000| Untracked 
|   8|0x0000000081400000, 0x0000000081400000, 0x0000000081500000|  0%| F|  |TAMS 0x0000000081400000, 0x0000000081400000| Untracked 
|   9|0x0000000081500000, 0x0000000081500000, 0x0000000081600000|  0%| F|  |TAMS 0x0000000081500000, 0x0000000081500000| Untracked 
|  10|0x0000000081600000, 0x0000000081600000, 0x0000000081700000|  0%| F|  |TAMS 0x0000000081600000, 0x0000000081600000| Untracked 
|  11|0x0000000081700000, 0x0000000081700000, 0x0000000081800000|  0%| F|  |TAMS 0x0000000081700000, 0x0000000081700000| Untracked 
|  12|0x0000000081800000, 0x0000000081800000, 0x0000000081900000|  0%| F|  |TAMS 0x0000000081800000, 0x0000000081800000| Untracked 
|  13|0x0000000081900000, 0x0000000081900000, 0x0000000081a00000|  0%| F|  |TAMS 0x0000000081900000, 0x0000000081900000| Untracked 
|  14|0x0000000081a00000, 0x0000000081a00000, 0x0000000081b00000|  0%| F|  |TAMS 0x0000000081a00000, 0x0000000081a00000| Untracked 
|  15|0x0000000081b00000, 0x0000000081b00000, 0x0000000081c00000|  0%| F|  |TAMS 0x0000000081b00000, 0x0000000081b00000| Untracked 
|  16|0x0000000081c00000, 0x0000000081c00000, 0x0000000081d00000|  0%| F|  |TAMS 0x0000000081c00000, 0x0000000081c00000| Untracked 
|  17|0x0000000081d00000, 0x0000000081d00000, 0x0000000081e00000|  0%| F|  |TAMS 0x0000000081d00000, 0x0000000081d00000| Untracked 
|  18|0x0000000081e00000, 0x0000000081e00000, 0x0000000081f00000|  0%| F|  |TAMS 0x0000000081e00000, 0x0000000081e00000| Untracked 
|  19|0x0000000081f00000, 0x0000000081f00000, 0x0000000082000000|  0%| F|  |TAMS 0x0000000081f00000, 0x0000000081f00000| Untracked 
|  20|0x0000000082000000, 0x0000000082000000, 0x0000000082100000|  0%| F|  |TAMS 0x0000000082000000, 0x0000000082000000| Untracked 
|  21|0x0000000082100000, 0x0000000082100000, 0x0000000082200000|  0%| F|  |TAMS 0x0000000082100000, 0x0000000082100000| Untracked 
|  22|0x0000000082200000, 0x0000000082200000, 0x0000000082300000|  0%| F|  |TAMS 0x0000000082200000, 0x0000000082200000| Untracked 
|  23|0x0000000082300000, 0x0000000082300000, 0x0000000082400000|  0%| F|  |TAMS 0x0000000082300000, 0x0000000082300000| Untracked 
|  24|0x0000000082400000, 0x0000000082400000, 0x0000000082500000|  0%| F|  |TAMS 0x0000000082400000, 0x0000000082400000| Untracked 
|  25|0x0000000082500000, 0x0000000082500000, 0x0000000082600000|  0%| F|  |TAMS 0x0000000082500000, 0x0000000082500000| Untracked 
|  26|0x0000000082600000, 0x0000000082600000, 0x0000000082700000|  0%| F|  |TAMS 0x0000000082600000, 0x0000000082600000| Untracked 
|  27|0x0000000082700000, 0x0000000082700000, 0x0000000082800000|  0%| F|  |TAMS 0x0000000082700000, 0x0000000082700000| Untracked 
|  28|0x0000000082800000, 0x0000000082800000, 0x0000000082900000|  0%| F|  |TAMS 0x0000000082800000, 0x0000000082800000| Untracked 
|  29|0x0000000082900000, 0x0000000082900000, 0x0000000082a00000|  0%| F|  |TAMS 0x0000000082900000, 0x0000000082900000| Untracked 
|  30|0x0000000082a00000, 0x0000000082a00000, 0x0000000082b00000|  0%| F|  |TAMS 0x0000000082a00000, 0x0000000082a00000| Untracked 
|  31|0x0000000082b00000, 0x0000000082b00000, 0x0000000082c00000|  0%| F|  |TAMS 0x0000000082b00000, 0x0000000082b00000| Untracked 
|  32|0x0000000082c00000, 0x0000000082c00000, 0x0000000082d00000|  0%| F|  |TAMS 0x0000000082c00000, 0x0000000082c00000| Untracked 
|  33|0x0000000082d00000, 0x0000000082d00000, 0x0000000082e00000|  0%| F|  |TAMS 0x0000000082d00000, 0x0000000082d00000| Untracked 
|  34|0x0000000082e00000, 0x0000000082e00000, 0x0000000082f00000|  0%| F|  |TAMS 0x0000000082e00000, 0x0000000082e00000| Untracked 
|  35|0x0000000082f00000, 0x0000000082f00000, 0x0000000083000000|  0%| F|  |TAMS 0x0000000082f00000, 0x0000000082f00000| Untracked 
|  36|0x0000000083000000, 0x0000000083000000, 0x0000000083100000|  0%| F|  |TAMS 0x0000000083000000, 0x0000000083000000| Untracked 
|  37|0x0000000083100000, 0x0000000083100000, 0x0000000083200000|  0%| F|  |TAMS 0x0000000083100000, 0x0000000083100000| Untracked 
|  38|0x0000000083200000, 0x0000000083200000, 0x0000000083300000|  0%| F|  |TAMS 0x0000000083200000, 0x0000000083200000| Untracked 
|  39|0x0000000083300000, 0x0000000083300000, 0x0000000083400000|  0%| F|  |TAMS 0x0000000083300000, 0x0000000083300000| Untracked 
|  40|0x0000000083400000, 0x0000000083400000, 0x0000000083500000|  0%| F|  |TAMS 0x0000000083400000, 0x0000000083400000| Untracked 
|  41|0x0000000083500000, 0x0000000083500000, 0x0000000083600000|  0%| F|  |TAMS 0x0000000083500000, 0x0000000083500000| Untracked 
|  42|0x0000000083600000, 0x0000000083600000, 0x0000000083700000|  0%| F|  |TAMS 0x0000000083600000, 0x0000000083600000| Untracked 
|  43|0x0000000083700000, 0x0000000083700000, 0x0000000083800000|  0%| F|  |TAMS 0x0000000083700000, 0x0000000083700000| Untracked 
|  44|0x0000000083800000, 0x0000000083800000, 0x0000000083900000|  0%| F|  |TAMS 0x0000000083800000, 0x0000000083800000| Untracked 
|  45|0x0000000083900000, 0x0000000083900000, 0x0000000083a00000|  0%| F|  |TAMS 0x0000000083900000, 0x0000000083900000| Untracked 
|  46|0x0000000083a00000, 0x0000000083a00000, 0x0000000083b00000|  0%| F|  |TAMS 0x0000000083a00000, 0x0000000083a00000| Untracked 
|  47|0x0000000083b00000, 0x0000000083b00000, 0x0000000083c00000|  0%| F|  |TAMS 0x0000000083b00000, 0x0000000083b00000| Untracked 
|  48|0x0000000083c00000, 0x0000000083c00000, 0x0000000083d00000|  0%| F|  |TAMS 0x0000000083c00000, 0x0000000083c00000| Untracked 
|  49|0x0000000083d00000, 0x0000000083d00000, 0x0000000083e00000|  0%| F|  |TAMS 0x0000000083d00000, 0x0000000083d00000| Untracked 
|  50|0x0000000083e00000, 0x0000000083e00000, 0x0000000083f00000|  0%| F|  |TAMS 0x0000000083e00000, 0x0000000083e00000| Untracked 
|  51|0x0000000083f00000, 0x0000000083f00000, 0x0000000084000000|  0%| F|  |TAMS 0x0000000083f00000, 0x0000000083f00000| Untracked 
|  52|0x0000000084000000, 0x0000000084000000, 0x0000000084100000|  0%| F|  |TAMS 0x0000000084000000, 0x0000000084000000| Untracked 
|  53|0x0000000084100000, 0x0000000084100000, 0x0000000084200000|  0%| F|  |TAMS 0x0000000084100000, 0x0000000084100000| Untracked 
|  54|0x0000000084200000, 0x0000000084200000, 0x0000000084300000|  0%| F|  |TAMS 0x0000000084200000, 0x0000000084200000| Untracked 
|  55|0x0000000084300000, 0x0000000084300000, 0x0000000084400000|  0%| F|  |TAMS 0x0000000084300000, 0x0000000084300000| Untracked 
|  56|0x0000000084400000, 0x0000000084400000, 0x0000000084500000|  0%| F|  |TAMS 0x0000000084400000, 0x0000000084400000| Untracked 
|  57|0x0000000084500000, 0x0000000084500000, 0x0000000084600000|  0%| F|  |TAMS 0x0000000084500000, 0x0000000084500000| Untracked 
|  58|0x0000000084600000, 0x0000000084600000, 0x0000000084700000|  0%| F|  |TAMS 0x0000000084600000, 0x0000000084600000| Untracked 
|  59|0x0000000084700000, 0x0000000084700000, 0x0000000084800000|  0%| F|  |TAMS 0x0000000084700000, 0x0000000084700000| Untracked 
|  60|0x0000000084800000, 0x0000000084800000, 0x0000000084900000|  0%| F|  |TAMS 0x0000000084800000, 0x0000000084800000| Untracked 
|  61|0x0000000084900000, 0x0000000084900000, 0x0000000084a00000|  0%| F|  |TAMS 0x0000000084900000, 0x0000000084900000| Untracked 
|  62|0x0000000084a00000, 0x0000000084a00000, 0x0000000084b00000|  0%| F|  |TAMS 0x0000000084a00000, 0x0000000084a00000| Untracked 
|  63|0x0000000084b00000, 0x0000000084b00000, 0x0000000084c00000|  0%| F|  |TAMS 0x0000000084b00000, 0x0000000084b00000| Untracked 
|  64|0x0000000084c00000, 0x0000000084c00000, 0x0000000084d00000|  0%| F|  |TAMS 0x0000000084c00000, 0x0000000084c00000| Untracked 
|  65|0x0000000084d00000, 0x0000000084d00000, 0x0000000084e00000|  0%| F|  |TAMS 0x0000000084d00000, 0x0000000084d00000| Untracked 
|  66|0x0000000084e00000, 0x0000000084e00000, 0x0000000084f00000|  0%| F|  |TAMS 0x0000000084e00000, 0x0000000084e00000| Untracked 
|  67|0x0000000084f00000, 0x0000000084f00000, 0x0000000085000000|  0%| F|  |TAMS 0x0000000084f00000, 0x0000000084f00000| Untracked 
|  68|0x0000000085000000, 0x0000000085000000, 0x0000000085100000|  0%| F|  |TAMS 0x0000000085000000, 0x0000000085000000| Untracked 
|  69|0x0000000085100000, 0x0000000085100000, 0x0000000085200000|  0%| F|  |TAMS 0x0000000085100000, 0x0000000085100000| Untracked 
|  70|0x0000000085200000, 0x0000000085200000, 0x0000000085300000|  0%| F|  |TAMS 0x0000000085200000, 0x0000000085200000| Untracked 
|  71|0x0000000085300000, 0x0000000085300000, 0x0000000085400000|  0%| F|  |TAMS 0x0000000085300000, 0x0000000085300000| Untracked 
|  72|0x0000000085400000, 0x0000000085400000, 0x0000000085500000|  0%| F|  |TAMS 0x0000000085400000, 0x0000000085400000| Untracked 
|  73|0x0000000085500000, 0x0000000085500000, 0x0000000085600000|  0%| F|  |TAMS 0x0000000085500000, 0x0000000085500000| Untracked 
|  74|0x0000000085600000, 0x0000000085600000, 0x0000000085700000|  0%| F|  |TAMS 0x0000000085600000, 0x0000000085600000| Untracked 
|  75|0x0000000085700000, 0x0000000085700000, 0x0000000085800000|  0%| F|  |TAMS 0x0000000085700000, 0x0000000085700000| Untracked 
|  76|0x0000000085800000, 0x0000000085800000, 0x0000000085900000|  0%| F|  |TAMS 0x0000000085800000, 0x0000000085800000| Untracked 
|  77|0x0000000085900000, 0x0000000085900000, 0x0000000085a00000|  0%| F|  |TAMS 0x0000000085900000, 0x0000000085900000| Untracked 
|  78|0x0000000085a00000, 0x0000000085a00000, 0x0000000085b00000|  0%| F|  |TAMS 0x0000000085a00000, 0x0000000085a00000| Untracked 
|  79|0x0000000085b00000, 0x0000000085b00000, 0x0000000085c00000|  0%| F|  |TAMS 0x0000000085b00000, 0x0000000085b00000| Untracked 
|  80|0x0000000085c00000, 0x0000000085c00000, 0x0000000085d00000|  0%| F|  |TAMS 0x0000000085c00000, 0x0000000085c00000| Untracked 
|  81|0x0000000085d00000, 0x0000000085d00000, 0x0000000085e00000|  0%| F|  |TAMS 0x0000000085d00000, 0x0000000085d00000| Untracked 
|  82|0x0000000085e00000, 0x0000000085e00000, 0x0000000085f00000|  0%| F|  |TAMS 0x0000000085e00000, 0x0000000085e00000| Untracked 
|  83|0x0000000085f00000, 0x0000000085f00000, 0x0000000086000000|  0%| F|  |TAMS 0x0000000085f00000, 0x0000000085f00000| Untracked 
|  84|0x0000000086000000, 0x0000000086000000, 0x0000000086100000|  0%| F|  |TAMS 0x0000000086000000, 0x0000000086000000| Untracked 
|  85|0x0000000086100000, 0x0000000086100000, 0x0000000086200000|  0%| F|  |TAMS 0x0000000086100000, 0x0000000086100000| Untracked 
|  86|0x0000000086200000, 0x0000000086200000, 0x0000000086300000|  0%| F|  |TAMS 0x0000000086200000, 0x0000000086200000| Untracked 
|  87|0x0000000086300000, 0x0000000086300000, 0x0000000086400000|  0%| F|  |TAMS 0x0000000086300000, 0x0000000086300000| Untracked 
|  88|0x0000000086400000, 0x0000000086400000, 0x0000000086500000|  0%| F|  |TAMS 0x0000000086400000, 0x0000000086400000| Untracked 
|  89|0x0000000086500000, 0x0000000086500000, 0x0000000086600000|  0%| F|  |TAMS 0x0000000086500000, 0x0000000086500000| Untracked 
|  90|0x0000000086600000, 0x0000000086600000, 0x0000000086700000|  0%| F|  |TAMS 0x0000000086600000, 0x0000000086600000| Untracked 
|  91|0x0000000086700000, 0x0000000086700000, 0x0000000086800000|  0%| F|  |TAMS 0x0000000086700000, 0x0000000086700000| Untracked 
|  92|0x0000000086800000, 0x0000000086800000, 0x0000000086900000|  0%| F|  |TAMS 0x0000000086800000, 0x0000000086800000| Untracked 
|  93|0x0000000086900000, 0x0000000086900000, 0x0000000086a00000|  0%| F|  |TAMS 0x0000000086900000, 0x0000000086900000| Untracked 
|  94|0x0000000086a00000, 0x0000000086a00000, 0x0000000086b00000|  0%| F|  |TAMS 0x0000000086a00000, 0x0000000086a00000| Untracked 
|  95|0x0000000086b00000, 0x0000000086b00000, 0x0000000086c00000|  0%| F|  |TAMS 0x0000000086b00000, 0x0000000086b00000| Untracked 
|  96|0x0000000086c00000, 0x0000000086c00000, 0x0000000086d00000|  0%| F|  |TAMS 0x0000000086c00000, 0x0000000086c00000| Untracked 
|  97|0x0000000086d00000, 0x0000000086d00000, 0x0000000086e00000|  0%| F|  |TAMS 0x0000000086d00000, 0x0000000086d00000| Untracked 
|  98|0x0000000086e00000, 0x0000000086e00000, 0x0000000086f00000|  0%| F|  |TAMS 0x0000000086e00000, 0x0000000086e00000| Untracked 
|  99|0x0000000086f00000, 0x0000000086f00000, 0x0000000087000000|  0%| F|  |TAMS 0x0000000086f00000, 0x0000000086f00000| Untracked 
| 100|0x0000000087000000, 0x0000000087000000, 0x0000000087100000|  0%| F|  |TAMS 0x0000000087000000, 0x0000000087000000| Untracked 
| 101|0x0000000087100000, 0x0000000087100000, 0x0000000087200000|  0%| F|  |TAMS 0x0000000087100000, 0x0000000087100000| Untracked 
| 102|0x0000000087200000, 0x0000000087200000, 0x0000000087300000|  0%| F|  |TAMS 0x0000000087200000, 0x0000000087200000| Untracked 
| 103|0x0000000087300000, 0x0000000087300000, 0x0000000087400000|  0%| F|  |TAMS 0x0000000087300000, 0x0000000087300000| Untracked 
| 104|0x0000000087400000, 0x0000000087400000, 0x0000000087500000|  0%| F|  |TAMS 0x0000000087400000, 0x0000000087400000| Untracked 
| 105|0x0000000087500000, 0x0000000087500000, 0x0000000087600000|  0%| F|  |TAMS 0x0000000087500000, 0x0000000087500000| Untracked 
| 106|0x0000000087600000, 0x0000000087600000, 0x0000000087700000|  0%| F|  |TAMS 0x0000000087600000, 0x0000000087600000| Untracked 
| 107|0x0000000087700000, 0x0000000087700000, 0x0000000087800000|  0%| F|  |TAMS 0x0000000087700000, 0x0000000087700000| Untracked 
| 108|0x0000000087800000, 0x0000000087800000, 0x0000000087900000|  0%| F|  |TAMS 0x0000000087800000, 0x0000000087800000| Untracked 
| 109|0x0000000087900000, 0x0000000087900000, 0x0000000087a00000|  0%| F|  |TAMS 0x0000000087900000, 0x0000000087900000| Untracked 
| 110|0x0000000087a00000, 0x0000000087a00000, 0x0000000087b00000|  0%| F|  |TAMS 0x0000000087a00000, 0x0000000087a00000| Untracked 
| 111|0x0000000087b00000, 0x0000000087b00000, 0x0000000087c00000|  0%| F|  |TAMS 0x0000000087b00000, 0x0000000087b00000| Untracked 
| 112|0x0000000087c00000, 0x0000000087c00000, 0x0000000087d00000|  0%| F|  |TAMS 0x0000000087c00000, 0x0000000087c00000| Untracked 
| 113|0x0000000087d00000, 0x0000000087d00000, 0x0000000087e00000|  0%| F|  |TAMS 0x0000000087d00000, 0x0000000087d00000| Untracked 
| 114|0x0000000087e00000, 0x0000000087e00000, 0x0000000087f00000|  0%| F|  |TAMS 0x0000000087e00000, 0x0000000087e00000| Untracked 
| 115|0x0000000087f00000, 0x0000000087f00000, 0x0000000088000000|  0%| F|  |TAMS 0x0000000087f00000, 0x0000000087f00000| Untracked 
| 116|0x0000000088000000, 0x0000000088000000, 0x0000000088100000|  0%| F|  |TAMS 0x0000000088000000, 0x0000000088000000| Untracked 
| 117|0x0000000088100000, 0x0000000088100000, 0x0000000088200000|  0%| F|  |TAMS 0x0000000088100000, 0x0000000088100000| Untracked 
| 118|0x0000000088200000, 0x0000000088200000, 0x0000000088300000|  0%| F|  |TAMS 0x0000000088200000, 0x0000000088200000| Untracked 
| 119|0x0000000088300000, 0x0000000088300000, 0x0000000088400000|  0%| F|  |TAMS 0x0000000088300000, 0x0000000088300000| Untracked 
| 120|0x0000000088400000, 0x0000000088400000, 0x0000000088500000|  0%| F|  |TAMS 0x0000000088400000, 0x0000000088400000| Untracked 
| 121|0x0000000088500000, 0x000000008855dfe8, 0x0000000088600000| 36%| E|  |TAMS 0x0000000088500000, 0x0000000088500000| Complete 
| 122|0x0000000088600000, 0x00000000886da3e0, 0x0000000088700000| 85%| S|CS|TAMS 0x0000000088600000, 0x0000000088600000| Complete 
| 123|0x0000000088700000, 0x0000000088800000, 0x0000000088800000|100%| E|CS|TAMS 0x0000000088700000, 0x0000000088700000| Complete 
| 124|0x0000000088800000, 0x0000000088900000, 0x0000000088900000|100%| E|CS|TAMS 0x0000000088800000, 0x0000000088800000| Complete 
| 125|0x0000000088900000, 0x0000000088a00000, 0x0000000088a00000|100%| E|CS|TAMS 0x0000000088900000, 0x0000000088900000| Complete 
| 126|0x0000000088a00000, 0x0000000088b00000, 0x0000000088b00000|100%| E|CS|TAMS 0x0000000088a00000, 0x0000000088a00000| Complete 
| 127|0x0000000088b00000, 0x0000000088c00000, 0x0000000088c00000|100%| E|CS|TAMS 0x0000000088b00000, 0x0000000088b00000| Complete 

Card table byte_map: [0x000001aaa5a60000,0x000001aaa5e60000] _byte_map_base: 0x000001aaa565a000

Marking Bits (Prev, Next): (CMBitMap*) 0x000001aa8c5c70c8, (CMBitMap*) 0x000001aa8c5c7100
 Prev Bits: [0x000001aaa6260000, 0x000001aaa8230000)
 Next Bits: [0x000001aaa8230000, 0x000001aaaa200000)

Polling page: 0x000001aa8c310000

Metaspace:

Usage:
  Non-class:     11.96 MB capacity,    11.72 MB ( 98%) used,   208.27 KB (  2%) free+waste,    31.13 KB ( <1%) overhead. 
      Class:      1.53 MB capacity,     1.38 MB ( 90%) used,   139.45 KB (  9%) free+waste,    15.44 KB ( <1%) overhead. 
       Both:     13.49 MB capacity,    13.10 MB ( 97%) used,   347.72 KB (  3%) free+waste,    46.56 KB ( <1%) overhead. 

Virtual space:
  Non-class space:       12.00 MB reserved,      12.00 MB (100%) committed 
      Class space:        1.00 GB reserved,       1.63 MB ( <1%) committed 
             Both:        1.01 GB reserved,      13.63 MB (  1%) committed 

Chunk freelists:
   Non-Class:  5.63 KB
       Class:  3.75 KB
        Both:  9.38 KB

CodeHeap 'non-profiled nmethods': size=238912Kb used=1929Kb max_used=1929Kb free=236982Kb
 bounds [0x000001aa966e0000, 0x000001aa96950000, 0x000001aaa5030000]
CodeHeap 'non-nmethods': size=6848Kb used=1668Kb max_used=1668Kb free=5179Kb
 bounds [0x000001aa96030000, 0x000001aa962a0000, 0x000001aa966e0000]
 total_blobs=1722 nmethods=1293 adapters=339
 compilation: enabled
              stopped_count=0, restarted_count=0
 full_count=0

Compilation events (10 events):
Event: 1.070 Thread 0x000001aaad2ea000 1118       1       jdk.internal.jimage.ImageStringsReader::hashCode (31 bytes)
Event: 1.070 Thread 0x000001aaad122800 1119       1       jdk.internal.jimage.ImageLocation::decompress (153 bytes)
Event: 1.070 Thread 0x000001aaad2ea000 nmethod 1118 0x000001aa96866a90 code [0x000001aa96866c60, 0x000001aa96866e00]
Event: 1.070 Thread 0x000001aaad2ea000 1120       1       jdk.internal.jimage.ImageStringsReader::charsFromByteBufferLength (47 bytes)
Event: 1.071 Thread 0x000001aaad2ea000 nmethod 1120 0x000001aa96866f10 code [0x000001aa968670e0, 0x000001aa96867300]
Event: 1.071 Thread 0x000001aaad2ea000 1121       1       jdk.internal.jimage.ImageStringsReader::charsFromByteBuffer (186 bytes)
Event: 1.071 Thread 0x000001aaad122800 nmethod 1119 0x000001aa96867410 code [0x000001aa96867660, 0x000001aa96867da0]
Event: 1.071 Thread 0x000001aaad122800 1123       1       java.util.Optional::empty (6 bytes)
Event: 1.071 Thread 0x000001aaad122800 nmethod 1123 0x000001aa96868190 code [0x000001aa96868340, 0x000001aa96868438]
Event: 1.071 Thread 0x000001aaad122800 1122       1       java.lang.String::<init> (10 bytes)

GC Heap History (4 events):
Event: 0.706 GC heap before
{Heap before GC invocations=0 (full 0):
 garbage-first heap   total 131072K, used 14336K [0x0000000080c00000, 0x0000000100000000)
  region size 1024K, 14 young (14336K), 0 survivors (0K)
 Metaspace       used 9051K, capacity 9216K, committed 9472K, reserved 1058816K
  class space    used 919K, capacity 995K, committed 1024K, reserved 1048576K
}
Event: 0.712 GC heap after
{Heap after GC invocations=1 (full 0):
 garbage-first heap   total 131072K, used 8192K [0x0000000080c00000, 0x0000000100000000)
  region size 1024K, 2 young (2048K), 2 survivors (2048K)
 Metaspace       used 9051K, capacity 9216K, committed 9472K, reserved 1058816K
  class space    used 919K, capacity 995K, committed 1024K, reserved 1048576K
}
Event: 1.045 GC heap before
{Heap before GC invocations=1 (full 0):
 garbage-first heap   total 131072K, used 13312K [0x0000000080c00000, 0x0000000100000000)
  region size 1024K, 7 young (7168K), 2 survivors (2048K)
 Metaspace       used 12263K, capacity 12649K, committed 12800K, reserved 1060864K
  class space    used 1292K, capacity 1438K, committed 1536K, reserved 1048576K
}
Event: 1.049 GC heap after
{Heap after GC invocations=2 (full 0):
 garbage-first heap   total 131072K, used 9064K [0x0000000080c00000, 0x0000000100000000)
  region size 1024K, 1 young (1024K), 1 survivors (1024K)
 Metaspace       used 12263K, capacity 12649K, committed 12800K, reserved 1060864K
  class space    used 1292K, capacity 1438K, committed 1536K, reserved 1048576K
}

Deoptimization events (0 events):
No events

Classes redefined (0 events):
No events

Internal exceptions (10 events):
Event: 0.770 Thread 0x000001aa8c587800 Exception <a 'java/lang/NoSuchMethodError'{0x0000000088a0d9b0}: java.lang.invoke.DirectMethodHandle$Holder.invokeStaticInit(Ljava/lang/Object;IIII)Ljava/lang/Object;> (0x0000000088a0d9b0) thrown at [t:/workspace/open/src/hotspot/share/interpreter/linkReso
Event: 0.942 Thread 0x000001aa8c587800 Exception <a 'java/lang/NoSuchMethodError'{0x0000000088ae9260}: java.lang.invoke.DirectMethodHandle$Holder.invokeStatic(Ljava/lang/Object;Ljava/lang/Object;IIII)Ljava/lang/Object;> (0x0000000088ae9260) thrown at [t:/workspace/open/src/hotspot/share/interp
Event: 0.943 Thread 0x000001aa8c587800 Exception <a 'java/lang/NoSuchMethodError'{0x0000000088aec5a8}: java.lang.invoke.DirectMethodHandle$Holder.invokeStaticInit(Ljava/lang/Object;Ljava/lang/Object;IIII)Ljava/lang/Object;> (0x0000000088aec5a8) thrown at [t:/workspace/open/src/hotspot/share/in
Event: 0.957 Thread 0x000001aa8c587800 Exception <a 'java/lang/ClassNotFoundException'{0x000000008890a540}: javax/management/remote/rmi/RMIServerImpl_Skel> (0x000000008890a540) thrown at [t:/workspace/open/src/hotspot/share/classfile/systemDictionary.cpp, line 231]
Event: 1.004 Thread 0x000001aa8c587800 Exception <a 'java/lang/ClassNotFoundException'{0x00000000889b2540}: jdk/internal/agent/resources/spi/agentProvider> (0x00000000889b2540) thrown at [t:/workspace/open/src/hotspot/share/classfile/systemDictionary.cpp, line 231]
Event: 1.012 Thread 0x000001aa8c587800 Exception <a 'java/lang/NoSuchMethodError'{0x0000000088808d60}: java.lang.invoke.DirectMethodHandle$Holder.invokeStatic(Ljava/lang/Object;Ljava/lang/Object;Ljava/lang/Object;Ljava/lang/Object;Ljava/lang/Object;Ljava/lang/Object;Ljava/lang/Object;Ljava/lan
Event: 1.013 Thread 0x000001aa8c587800 Exception <a 'java/lang/NoSuchMethodError'{0x0000000088815720}: java.lang.invoke.DirectMethodHandle$Holder.invokeStatic(Ljava/lang/Object;Ljava/lang/Object;Ljava/lang/Object;Ljava/lang/Object;Ljava/lang/Object;Ljava/lang/Object;Ljava/lang/Object;Ljava/lan
Event: 1.015 Thread 0x000001aa8c587800 Exception <a 'java/lang/NoSuchMethodError'{0x000000008882f3a8}: java.lang.invoke.DelegatingMethodHandle$Holder.reinvoke_L(Ljava/lang/Object;ILjava/lang/Object;)Ljava/lang/Object;> (0x000000008882f3a8) thrown at [t:/workspace/open/src/hotspot/share/interpr
Event: 1.066 Thread 0x000001aa8c587800 Exception <a 'java/lang/ClassNotFoundException'{0x0000000088b90cc0}: javax/smartcardio/CardPermission> (0x0000000088b90cc0) thrown at [t:/workspace/open/src/hotspot/share/classfile/systemDictionary.cpp, line 231]
Event: 1.068 Thread 0x000001aa8c587800 Exception <a 'java/io/FileNotFoundException'{0x0000000088b9f2b0}> (0x0000000088b9f2b0) thrown at [t:/workspace/open/src/hotspot/share/prims/jni.cpp, line 615]

Events (10 events):
Event: 1.069 loading class java/util/PropertyPermissionCollection$1
Event: 1.069 loading class java/util/PropertyPermissionCollection$1 done
Event: 1.069 loading class java/security/PermissionsEnumerator
Event: 1.070 loading class java/security/PermissionsEnumerator done
Event: 1.070 loading class java/security/AccessControlException
Event: 1.070 loading class java/security/AccessControlException done
Event: 1.071 loading class ch/qos/logback/core/status/InfoStatus
Event: 1.071 loading class ch/qos/logback/core/status/InfoStatus done
Event: 1.071 loading class ch/qos/logback/core/status/StatusBase
Event: 1.071 loading class ch/qos/logback/core/status/StatusBase done


Dynamic libraries:
0x00007ff7639a0000 - 0x00007ff7639e7000 	C:\Program Files\Java\jdk-11.0.4\bin\javaw.exe
0x00007ffbba1e0000 - 0x00007ffbba3d0000 	C:\WINDOWS\SYSTEM32\ntdll.dll
0x00007ffbb8310000 - 0x00007ffbb83c2000 	C:\WINDOWS\System32\KERNEL32.DLL
0x00007ffbb7100000 - 0x00007ffbb73a3000 	C:\WINDOWS\System32\KERNELBASE.dll
0x00007ffbb49a0000 - 0x00007ffbb4a2f000 	C:\WINDOWS\SYSTEM32\apphelp.dll
0x00007ffb706a0000 - 0x00007ffb70b32000 	C:\WINDOWS\SYSTEM32\AcLayers.DLL
0x00007ffbb9ea0000 - 0x00007ffbb9f3e000 	C:\WINDOWS\System32\msvcrt.dll
0x00007ffbb7900000 - 0x00007ffbb7a94000 	C:\WINDOWS\System32\USER32.dll
0x00007ffbb73e0000 - 0x00007ffbb7401000 	C:\WINDOWS\System32\win32u.dll
0x00007ffbb9040000 - 0x00007ffbb9066000 	C:\WINDOWS\System32\GDI32.dll
0x00007ffbb7520000 - 0x00007ffbb76b4000 	C:\WINDOWS\System32\gdi32full.dll
0x00007ffbb67e0000 - 0x00007ffbb687e000 	C:\WINDOWS\System32\msvcp_win.dll
0x00007ffbb6880000 - 0x00007ffbb697a000 	C:\WINDOWS\System32\ucrtbase.dll
0x00007ffbb8250000 - 0x00007ffbb82a2000 	C:\WINDOWS\System32\SHLWAPI.dll
0x00007ffbb7f10000 - 0x00007ffbb8246000 	C:\WINDOWS\System32\combase.dll
0x00007ffbb9310000 - 0x00007ffbb9430000 	C:\WINDOWS\System32\RPCRT4.dll
0x00007ffbb7810000 - 0x00007ffbb7890000 	C:\WINDOWS\System32\bcryptPrimitives.dll
0x00007ffbb9070000 - 0x00007ffbb9113000 	C:\WINDOWS\System32\ADVAPI32.dll
0x00007ffbb9d50000 - 0x00007ffbb9de7000 	C:\WINDOWS\System32\sechost.dll
0x000001aa8c240000 - 0x000001aa8c243000 	C:\WINDOWS\SYSTEM32\sfc.dll
0x00007ffbaba50000 - 0x00007ffbabad9000 	C:\WINDOWS\SYSTEM32\WINSPOOL.DRV
0x00007ffbb6730000 - 0x00007ffbb6741000 	C:\WINDOWS\System32\kernel.appcore.dll
0x00007ffbb73b0000 - 0x00007ffbb73d6000 	C:\WINDOWS\System32\bcrypt.dll
0x00007ffbb31a0000 - 0x00007ffbb328f000 	C:\WINDOWS\SYSTEM32\PROPSYS.dll
0x00007ffbb9c80000 - 0x00007ffbb9d44000 	C:\WINDOWS\System32\OLEAUT32.dll
0x00007ffbb8920000 - 0x00007ffbb89c9000 	C:\WINDOWS\System32\shcore.dll
0x00007ffbb5ca0000 - 0x00007ffbb5cda000 	C:\WINDOWS\SYSTEM32\IPHLPAPI.DLL
0x00007ffb9c490000 - 0x00007ffb9c4a1000 	C:\WINDOWS\SYSTEM32\sfc_os.DLL
0x00007ffbb8c80000 - 0x00007ffbb8cae000 	C:\WINDOWS\System32\IMM32.DLL
0x00007ffba8b10000 - 0x00007ffba8d95000 	C:\WINDOWS\WinSxS\amd64_microsoft.windows.common-controls_6595b64144ccf1df_6.0.18362.592_none_e6c0b1911312be02\COMCTL32.dll
0x00007ffbb0080000 - 0x00007ffbb008a000 	C:\WINDOWS\SYSTEM32\VERSION.dll
0x00007ffbb2ff0000 - 0x00007ffbb3006000 	C:\Program Files\Java\jdk-11.0.4\bin\vcruntime140.dll
0x00007ffbb1470000 - 0x00007ffbb151a000 	C:\Program Files\Java\jdk-11.0.4\bin\msvcp140.dll
0x00007ffb81ba0000 - 0x00007ffb826c7000 	C:\Program Files\Java\jdk-11.0.4\bin\server\jvm.dll
0x00007ffbb9580000 - 0x00007ffbb9588000 	C:\WINDOWS\System32\PSAPI.DLL
0x00007ffbb3020000 - 0x00007ffbb3029000 	C:\WINDOWS\SYSTEM32\WSOCK32.dll
0x00007ffbb34c0000 - 0x00007ffbb34e4000 	C:\WINDOWS\SYSTEM32\WINMM.dll
0x00007ffbb8cb0000 - 0x00007ffbb8d1f000 	C:\WINDOWS\System32\WS2_32.dll
0x00007ffbb3490000 - 0x00007ffbb34bd000 	C:\WINDOWS\SYSTEM32\WINMMBASE.dll
0x00007ffbb78b0000 - 0x00007ffbb78fa000 	C:\WINDOWS\System32\cfgmgr32.dll
0x00007ffbafb40000 - 0x00007ffbafb51000 	C:\Program Files\Java\jdk-11.0.4\bin\verify.dll
0x00007ffba7390000 - 0x00007ffba7584000 	C:\WINDOWS\SYSTEM32\DBGHELP.DLL
0x00007ffba7360000 - 0x00007ffba738a000 	C:\WINDOWS\SYSTEM32\dbgcore.DLL
0x00007ffbad4e0000 - 0x00007ffbad509000 	C:\Program Files\Java\jdk-11.0.4\bin\java.dll
0x00007ffbad280000 - 0x00007ffbad296000 	C:\Program Files\Java\jdk-11.0.4\bin\zip.dll
0x00007ffbb2fe0000 - 0x00007ffbb2fea000 	C:\Program Files\Java\jdk-11.0.4\bin\jimage.dll
0x00007ffbb9590000 - 0x00007ffbb9c75000 	C:\WINDOWS\System32\SHELL32.dll
0x00007ffbb6980000 - 0x00007ffbb70ff000 	C:\WINDOWS\System32\windows.storage.dll
0x00007ffbb6750000 - 0x00007ffbb676f000 	C:\WINDOWS\System32\profapi.dll
0x00007ffbb6770000 - 0x00007ffbb67ba000 	C:\WINDOWS\System32\powrprof.dll
0x00007ffbb6720000 - 0x00007ffbb6730000 	C:\WINDOWS\System32\UMPDC.dll
0x00007ffbb7890000 - 0x00007ffbb78a7000 	C:\WINDOWS\System32\cryptsp.dll
0x00007ffbaa460000 - 0x00007ffbaa479000 	C:\Program Files\Java\jdk-11.0.4\bin\net.dll
0x00007ffbb9fc0000 - 0x00007ffbba196000 	C:\WINDOWS\System32\urlmon.dll
0x00007ffbb89d0000 - 0x00007ffbb8c76000 	C:\WINDOWS\System32\iertutil.dll
0x00007ffbaac00000 - 0x00007ffbaacf0000 	C:\WINDOWS\SYSTEM32\WINHTTP.dll
0x00007ffbb6160000 - 0x00007ffbb616c000 	C:\WINDOWS\SYSTEM32\CRYPTBASE.DLL
0x00007ffbb5f90000 - 0x00007ffbb5ff7000 	C:\WINDOWS\system32\mswsock.dll
0x00007ffbaa440000 - 0x00007ffbaa453000 	C:\Program Files\Java\jdk-11.0.4\bin\nio.dll
0x00007ffbb3500000 - 0x00007ffbb3509000 	C:\Program Files\Java\jdk-11.0.4\bin\management.dll
0x00007ffbb3300000 - 0x00007ffbb330c000 	C:\Program Files\Java\jdk-11.0.4\bin\management_ext.dll
0x00007ffb9d970000 - 0x00007ffb9d986000 	C:\WINDOWS\system32\napinsp.dll
0x00007ffb9d950000 - 0x00007ffb9d96a000 	C:\WINDOWS\system32\pnrpnsp.dll
0x00007ffbb5ce0000 - 0x00007ffbb5daa000 	C:\WINDOWS\SYSTEM32\DNSAPI.dll
0x00007ffbb9130000 - 0x00007ffbb9138000 	C:\WINDOWS\System32\NSI.dll
0x00007ffbb3520000 - 0x00007ffbb352e000 	C:\WINDOWS\System32\winrnr.dll
0x00007ffbb0f70000 - 0x00007ffbb0f8c000 	C:\WINDOWS\system32\NLAapi.dll
0x00007ffbac410000 - 0x00007ffbac425000 	C:\WINDOWS\system32\wshbth.dll
0x00007ffbaa120000 - 0x00007ffbaa12a000 	C:\Windows\System32\rasadhlp.dll
0x00007ffbab380000 - 0x00007ffbab3f7000 	C:\WINDOWS\System32\fwpuclnt.dll
0x00007ffbb5b00000 - 0x00007ffbb5b33000 	C:\WINDOWS\system32\rsaenh.dll
0x00007ffbb6610000 - 0x00007ffbb6635000 	C:\WINDOWS\SYSTEM32\USERENV.dll
0x00007ffbab460000 - 0x00007ffbab476000 	C:\WINDOWS\SYSTEM32\dhcpcsvc6.DLL
0x00007ffbab480000 - 0x00007ffbab49c000 	C:\WINDOWS\SYSTEM32\dhcpcsvc.DLL

dbghelp: loaded successfully - version: 4.0.5 - missing functions: none
symbol engine: initialized successfully - sym options: 0x614 - pdb path: .;C:\Program Files\Java\jdk-11.0.4\bin;C:\WINDOWS\SYSTEM32;C:\WINDOWS\WinSxS\amd64_microsoft.windows.common-controls_6595b64144ccf1df_6.0.18362.592_none_e6c0b1911312be02;C:\Program Files\Java\jdk-11.0.4\bin\server

VM Arguments:
jvm_args: -Dcom.sun.management.jmxremote -Dcom.sun.management.jmxremote.port=50698 -Dcom.sun.management.jmxremote.authenticate=false -Dcom.sun.management.jmxremote.ssl=false -Djava.rmi.server.hostname=localhost -Dspring.jmx.enabled=true -Dspring.liveBeansView.mbeanDomain -Dspring.application.admin.enabled=true -Xverify:none -XX:TieredStopAtLevel=1 -Dspring.boot.project.name=newproject -Dfile.encoding=Cp1252 
java_command: com.example.demo.NewprojectApplication --spring.output.ansi.enabled=always
java_class_path (initial): C:\Users\ASHISH\Desktop\sts\newproject\bin\main;C:\Users\ASHISH\.gradle\caches\modules-2\files-2.1\org.springframework.boot\spring-boot-starter-data-jpa\2.2.4.RELEASE\374fc811a6e64632593cae83fe6786b1b93b574\spring-boot-starter-data-jpa-2.2.4.RELEASE.jar;C:\Users\ASHISH\.gradle\caches\modules-2\files-2.1\org.springframework.boot\spring-boot-starter-security\2.2.4.RELEASE\6ae84ac22148368eca716c64424e2f5d9db7a156\spring-boot-starter-security-2.2.4.RELEASE.jar;C:\Users\ASHISH\.gradle\caches\modules-2\files-2.1\org.springframework.boot\spring-boot-starter-thymeleaf\2.2.4.RELEASE\168d71302f3227702e8a2d74841136c6e0814d81\spring-boot-starter-thymeleaf-2.2.4.RELEASE.jar;C:\Users\ASHISH\.gradle\caches\modules-2\files-2.1\org.springframework.boot\spring-boot-starter-web-services\2.2.4.RELEASE\3c19d62e7891bb70d99d1366fddc31a5b09cf0a7\spring-boot-starter-web-services-2.2.4.RELEASE.jar;C:\Users\ASHISH\.gradle\caches\modules-2\files-2.1\com.vaadin\vaadin-spring-boot-starter\14.1.16\a5db68224e202cac2f1f2e0356f3ba4203dc93cf\vaadin-spring-boot-starter-14.1.16.jar;C:\Users\ASHISH\.gradle\caches\modules-2\files-2.1\org.springframework.boot\spring-boot-starter-web\2.2.4.RELEASE\ec75d01d212b5229c16d872fb127744c0ed46ed8\spring-boot-starter-web-2.2.4.RELEASE.jar;C:\Users\ASHISH\.gradle\caches\modules-2\files-2.1\org.springframework.boot\spring-boot-starter-webflux\2.2.4.RELEASE\e26ab42e62ac9a398941dda033b0ea17edce2643\spring-boot-starter-webflux-2.2.4.RELEASE.jar;C:\Users\ASHISH\.gradle\caches\modules-2\files-2.1\org.springframework.boot\spring-boot-starter-aop\2.2.4.RELEASE\26fe8208e070eb17e48e101f812c4519103165a\spring-boot-starter-aop-2.2.4.RELEASE.jar;C:\Users\ASHISH\.gradle\caches\modules-2\files-2.1\org.springframework.boot\spring-boot-starter-jdbc\2.2.4.RELEASE\2391d4f6f338b1eee003f0aadfcd4124cd3ed191\spring-boot-starter-jdbc-2.2.4.RELEASE.jar;C:\Users\ASHISH\.gradle\caches\modules-2\files-2.1\com.sun.xml.messaging.saaj\saaj-impl\1.5.1\e76b10e4f99630d0e5
Launcher Type: SUN_STANDARD

[Global flags]
     bool BytecodeVerificationLocal                = false                                     {product} {command line}
     bool BytecodeVerificationRemote               = false                                     {product} {command line}
     intx CICompilerCount                          = 3                                         {product} {ergonomic}
     uint ConcGCThreads                            = 1                                         {product} {ergonomic}
     uint G1ConcRefinementThreads                  = 4                                         {product} {ergonomic}
   size_t G1HeapRegionSize                         = 1048576                                   {product} {ergonomic}
    uintx GCDrainStackTargetSize                   = 64                                        {product} {ergonomic}
   size_t InitialHeapSize                          = 134217728                                 {product} {ergonomic}
     bool ManagementServer                         = true                                      {product} {command line}
   size_t MarkStackSize                            = 4194304                                   {product} {ergonomic}
   size_t MaxHeapSize                              = 2134900736                                {product} {ergonomic}
   size_t MaxNewSize                               = 1280311296                                {product} {ergonomic}
   size_t MinHeapDeltaBytes                        = 1048576                                   {product} {ergonomic}
    uintx NonNMethodCodeHeapSize                   = 6973028                                {pd product} {ergonomic}
    uintx NonProfiledCodeHeapSize                  = 244685212                              {pd product} {ergonomic}
    uintx ProfiledCodeHeapSize                     = 0                                      {pd product} {ergonomic}
    uintx ReservedCodeCacheSize                    = 251658240                              {pd product} {ergonomic}
     bool SegmentedCodeCache                       = true                                      {product} {ergonomic}
     intx TieredStopAtLevel                        = 1                                         {product} {command line}
     bool UseCompressedClassPointers               = true                                 {lp64_product} {ergonomic}
     bool UseCompressedOops                        = true                                 {lp64_product} {ergonomic}
     bool UseG1GC                                  = true                                      {product} {ergonomic}
     bool UseLargePagesIndividualAllocation        = false                                  {pd product} {ergonomic}

Logging:
Log output configuration:
 #0: stdout all=warning uptime,level,tags
 #1: stderr all=off uptime,level,tags

Environment Variables:
PATH=C:/Program Files/Java/jdk-11.0.4/bin/server;C:/Program Files/Java/jdk-11.0.4/bin;C:\Program Files\Java\jdk-11.0.4\bin;C:\Program Files (x86)\Common Files\Microsoft Shared\Windows Live;C:\WINDOWS\system32;C:\WINDOWS;C:\WINDOWS\System32\Wbem;C:\WINDOWS\System32\WindowsPowerShell\v1.0\;C:\Program Files (x86)\Windows Live\Shared;C:\Program Files (x86)\ATI Technologies\ATI.ACE\Core-Static;C:\Program Files\Intel\WiFi\bin\;C:\Program Files\Common Files\Intel\WirelessCommon\;C:\WINDOWS\System32\OpenSSH\;C:\Program Files (x86)\AMD\ATI.ACE\Core-Static;C:\Program Files\nodejs\;C:\Program Files\Git\cmd;C:\Program Files\Java\jdk-11.0.4\bin;;C:\Users\ASHISH\Desktop\sts-bundle\sts-3.9.10.RELEASE;
USERNAME=ASHISH
OS=Windows_NT
PROCESSOR_IDENTIFIER=Intel64 Family 6 Model 42 Stepping 7, GenuineIntel



---------------  S Y S T E M  ---------------

OS: Windows 10 , 64 bit Build 18362 (10.0.18362.329)

CPU:total 4 (initial active 4) (2 cores per cpu, 2 threads per core) family 6 model 42 stepping 7, cmov, cx8, fxsr, mmx, sse, sse2, sse3, ssse3, sse4.1, sse4.2, popcnt, avx, aes, clmul, ht, tsc, tscinvbit

Memory: 4k page, system-wide physical 8139M (3880M free)
TotalPageFile size 16331M (AvailPageFile size 11319M)
current process WorkingSet (physical memory assigned to process): 76M, peak: 76M
current process commit charge ("private bytes"): 219M, peak: 219M

vm_info: Java HotSpot(TM) 64-Bit Server VM (11.0.4+10-LTS) for windows-amd64 JRE (11.0.4+10-LTS), built on Jul  4 2019 16:28:13 by "mach5one" with MS VC++ 15.5 (VS2017)

END.
