#
# A fatal error has been detected by the Java Runtime Environment:
#
#  EXCEPTION_ACCESS_VIOLATION (0xc0000005) at pc=0x00007ffa257656f6, pid=12216, tid=1840
#
# JRE version: Java(TM) SE Runtime Environment (11.0.4+10) (build 11.0.4+10-LTS)
# Java VM: Java HotSpot(TM) 64-Bit Server VM (11.0.4+10-LTS, mixed mode, tiered, compressed oops, g1 gc, windows-amd64)
# Problematic frame:
# V  [jvm.dll+0x6256f6]
#
# No core dump will be written. Minidumps are not enabled by default on client versions of Windows
#
# If you would like to submit a bug report, please visit:
#   http://bugreport.java.com/bugreport/crash.jsp
#

---------------  S U M M A R Y ------------

Command Line: -agentlib:jdwp=transport=dt_socket,suspend=y,address=localhost:56959 -Dcom.sun.management.jmxremote -Dcom.sun.management.jmxremote.port=56958 -Dcom.sun.management.jmxremote.authenticate=false -Dcom.sun.management.jmxremote.ssl=false -Djava.rmi.server.hostname=localhost -Dspring.jmx.enabled=true -Dspring.liveBeansView.mbeanDomain -Dspring.application.admin.enabled=true -Xverify:none -XX:TieredStopAtLevel=1 -Dspring.boot.project.name=newproject -Dfile.encoding=Cp1252 com.example.demo.NewprojectApplication --spring.output.ansi.enabled=always

Host: Intel(R) Core(TM) i5-2410M CPU @ 2.30GHz, 4 cores, 7G,  Windows 10 , 64 bit Build 18362 (10.0.18362.329)
Time: Wed Feb  5 23:28:10 2020 India Standard Time elapsed time: 1 seconds (0d 0h 0m 1s)

---------------  T H R E A D  ---------------

Current thread (0x0000024acd99e800):  GCTaskThread "GC Thread#0" [stack: 0x0000005223600000,0x0000005223700000] [id=1840]

Stack: [0x0000005223600000,0x0000005223700000],  sp=0x00000052236fe3a0,  free space=1016k
Native frames: (J=compiled Java code, j=interpreted, Vv=VM code, C=native code)
V  [jvm.dll+0x6256f6]
V  [jvm.dll+0x5ea5c9]
V  [jvm.dll+0x2e2ba5]
V  [jvm.dll+0x2e2629]
V  [jvm.dll+0x736717]
V  [jvm.dll+0x736b80]
V  [jvm.dll+0x329e95]
V  [jvm.dll+0x329998]
V  [jvm.dll+0x2f5b90]
V  [jvm.dll+0x7a5690]
V  [jvm.dll+0x634c82]
C  [ucrtbase.dll+0x20e72]
C  [KERNEL32.DLL+0x17bd4]
C  [ntdll.dll+0x6ced1]

JavaThread 0x0000024aebcf7800 (nid = 12092) was being processed
Java frames: (J=compiled Java code, j=interpreted, Vv=VM code)
j  java.lang.Object.wait(J)V+0 java.base@11.0.4
j  java.lang.ref.ReferenceQueue.remove(J)Ljava/lang/ref/Reference;+59 java.base@11.0.4
j  jdk.internal.ref.CleanerImpl.run()V+65 java.base@11.0.4
j  java.lang.Thread.run()V+11 java.base@11.0.4
j  jdk.internal.misc.InnocuousThread.run()V+20 java.base@11.0.4
v  ~StubRoutines::call_stub

siginfo: EXCEPTION_ACCESS_VIOLATION (0xc0000005), reading address 0x0000000400000003


Register to memory mapping:

RIP=0x00007ffa257656f6 jvm.dll
RAX=0x0000000400000003 is an unknown value
RBX=0x00000000000000c0 is an unknown value
RCX=0x0 is NULL
RDX=0x00000052236fe430 points into unknown readable memory: c8 0c d4 eb 4a 02 00 00
RSP=0x00000052236fe3a0 points into unknown readable memory: 00 00 00 00 00 00 00 00
RBP=0x0 is NULL
RSI={method} {0x0000024aebd40cd0} 'wait' '(J)V' in 'java/lang/Object'
RDI=0x00000000000000c0 is an unknown value
R8 =0x0 is NULL
R9 =0x00000052236fe548 points into unknown readable memory: 00 00 00 00 00 00 00 00
R10=0x0000024aebd40c88 is pointing into metadata
R11=0x00000052236fe5c8 points into unknown readable memory: 29 26 42 25 fa 7f 00 00
R12=0x00000052236fe548 points into unknown readable memory: 00 00 00 00 00 00 00 00
R13=0x00000000000003d8 is an unknown value
R14=0x0000024aec8069d0 points into unknown readable memory: 03 00 00 00 04 00 00 00
R15=0x00000052236fe430 points into unknown readable memory: c8 0c d4 eb 4a 02 00 00


Registers:
RAX=0x0000000400000003, RBX=0x00000000000000c0, RCX=0x0000000000000000, RDX=0x00000052236fe430
RSP=0x00000052236fe3a0, RBP=0x0000000000000000, RSI=0x0000024aebd40cc8, RDI=0x00000000000000c0
R8 =0x0000000000000000, R9 =0x00000052236fe548, R10=0x0000024aebd40c88, R11=0x00000052236fe5c8
R12=0x00000052236fe548, R13=0x00000000000003d8, R14=0x0000024aec8069d0, R15=0x00000052236fe430
RIP=0x00007ffa257656f6, EFLAGS=0x0000000000010246

Top of Stack: (sp=0x00000052236fe3a0)
0x00000052236fe3a0:   0000000000000000 0000000000000000
0x00000052236fe3b0:   0000000000000000 0000000000000000
0x00000052236fe3c0:   0000000000000000 0000000000000000
0x00000052236fe3d0:   0000024aec93a8c0 0000024aec93a848
0x00000052236fe3e0:   0000000000000000 0000000000000000
0x00000052236fe3f0:   0000024aebd40cc8 00000052236fe550
0x00000052236fe400:   00000052236fe548 00007ffa2572a5c9
0x00000052236fe410:   00000052236fe548 00000052236fe550
0x00000052236fe420:   0000024aebd40cc8 00000052236fe548
0x00000052236fe430:   0000024aebd40cc8 0000024acd99e800
0x00000052236fe440:   0000024aec93a8c0 00007ffa25422ba5
0x00000052236fe450:   00000052236fe710 00000052236fe6e0
0x00000052236fe460:   00000052236fe550 0000000000000000
0x00000052236fe470:   0000000000000001 0000024aebd40cc8
0x00000052236fe480:   0000024acd99e800 0000000000000003
0x00000052236fe490:   0000024acd99e800 0000000000000000 

Instructions: (pc=0x00007ffa257656f6)
0x00007ffa257656d6:   24 70 48 89 77 10 8b fb 66 90 8b c7 25 1f 00 00
0x00007ffa257656e6:   80 7d 07 ff c8 83 c8 e0 ff c0 48 63 c8 49 8b 06
0x00007ffa257656f6:   48 8b 14 c8 48 85 d2 74 15 48 8b 02 48 85 c0 74
0x00007ffa25765706:   0d 49 3b 07 75 08 0f b7 42 08 3b c5 74 79 ff c7 


Stack slot to memory mapping:
stack at sp + 0 slots: 0x0 is NULL
stack at sp + 1 slots: 0x0 is NULL
stack at sp + 2 slots: 0x0 is NULL
stack at sp + 3 slots: 0x0 is NULL
stack at sp + 4 slots: 0x0 is NULL
stack at sp + 5 slots: 0x0 is NULL
stack at sp + 6 slots: 0x0000024aec93a8c0 points into unknown readable memory: d0 1b 9c 25 fa 7f 00 00
stack at sp + 7 slots: 0x0000024aec93a848 points into unknown readable memory: e0 1b 9c 25 fa 7f 00 00


---------------  P R O C E S S  ---------------

Threads class SMR info:
_java_thread_list=0x0000024aed540590, length=16, elements={
0x0000024acd988800, 0x0000024aec56d800, 0x0000024aec577000, 0x0000024aec5dc800,
0x0000024aec589000, 0x0000024aec58b000, 0x0000024aec593800, 0x0000024aebcf7800,
0x0000024aec807000, 0x0000024aec834800, 0x0000024aec838000, 0x0000024aec83d000,
0x0000024aec84e000, 0x0000024aed4bc000, 0x0000024aed4d1800, 0x0000024aed53f000
}

Java Threads: ( => current thread )
  0x0000024acd988800 JavaThread "main" [_thread_blocked, id=7908, stack(0x0000005223500000,0x0000005223600000)]
  0x0000024aec56d800 JavaThread "Reference Handler" daemon [_thread_blocked, id=1900, stack(0x0000005223c00000,0x0000005223d00000)]
  0x0000024aec577000 JavaThread "Finalizer" daemon [_thread_blocked, id=3220, stack(0x0000005223d00000,0x0000005223e00000)]
  0x0000024aec5dc800 JavaThread "Signal Dispatcher" daemon [_thread_blocked, id=11476, stack(0x0000005223e00000,0x0000005223f00000)]
  0x0000024aec589000 JavaThread "Attach Listener" daemon [_thread_blocked, id=3260, stack(0x0000005223f00000,0x0000005224000000)]
  0x0000024aec58b000 JavaThread "C1 CompilerThread0" daemon [_thread_blocked, id=1624, stack(0x0000005224000000,0x0000005224100000)]
  0x0000024aec593800 JavaThread "Sweeper thread" daemon [_thread_blocked, id=7132, stack(0x0000005224100000,0x0000005224200000)]
  0x0000024aebcf7800 JavaThread "Common-Cleaner" daemon [_thread_blocked, id=12092, stack(0x0000005224200000,0x0000005224300000)]
  0x0000024aec807000 JavaThread "C1 CompilerThread1" daemon [_thread_blocked, id=4700, stack(0x0000005224300000,0x0000005224400000)]
  0x0000024aec834800 JavaThread "JDWP Transport Listener: dt_socket" daemon [_thread_blocked, id=8880, stack(0x0000005224400000,0x0000005224500000)]
  0x0000024aec838000 JavaThread "JDWP Event Helper Thread" daemon [_thread_blocked, id=10344, stack(0x0000005224500000,0x0000005224600000)]
  0x0000024aec83d000 JavaThread "JDWP Command Reader" daemon [_thread_in_native, id=12056, stack(0x0000005224600000,0x0000005224700000)]
  0x0000024aec84e000 JavaThread "Service Thread" daemon [_thread_blocked, id=3172, stack(0x0000005224700000,0x0000005224800000)]
  0x0000024aed4bc000 JavaThread "RMI TCP Accept-0" daemon [_thread_in_native, id=6456, stack(0x0000005224a00000,0x0000005224b00000)]
  0x0000024aed4d1800 JavaThread "RMI TCP Accept-56958" daemon [_thread_in_native, id=6900, stack(0x0000005224b00000,0x0000005224c00000)]
  0x0000024aed53f000 JavaThread "RMI TCP Accept-0" daemon [_thread_in_native, id=12044, stack(0x0000005224c00000,0x0000005224d00000)]

Other Threads:
  0x0000024aec546000 VMThread "VM Thread" [stack: 0x0000005223b00000,0x0000005223c00000] [id=5032]
  0x0000024aed54c800 WatcherThread [stack: 0x0000005224d00000,0x0000005224e00000] [id=6244]
=>0x0000024acd99e800 GCTaskThread "GC Thread#0" [stack: 0x0000005223600000,0x0000005223700000] [id=1840]
  0x0000024aed479800 GCTaskThread "GC Thread#1" [stack: 0x0000005224800000,0x0000005224900000] [id=9832]
  0x0000024aed47b000 GCTaskThread "GC Thread#2" [stack: 0x0000005224900000,0x0000005224a00000] [id=11888]
  0x0000024acd9d0800 ConcurrentGCThread "G1 Main Marker" [stack: 0x0000005223700000,0x0000005223800000] [id=7280]
  0x0000024acd9d2800 ConcurrentGCThread "G1 Conc#0" [stack: 0x0000005223800000,0x0000005223900000] [id=6684]
  0x0000024aebba3800 ConcurrentGCThread "G1 Refine#0" [stack: 0x0000005223900000,0x0000005223a00000] [id=996]
  0x0000024aebba4800 ConcurrentGCThread "G1 Young RemSet Sampling" [stack: 0x0000005223a00000,0x0000005223b00000] [id=5420]

Threads with active compile tasks:

VM state:at safepoint (normal execution)

VM Mutex/Monitor currently owned by a thread:  ([mutex/lock_event])
[0x0000024acd986250] Threads_lock - owner thread: 0x0000024aec546000
[0x0000024acd986b50] Heap_lock - owner thread: 0x0000024acd988800

Heap address: 0x0000000080c00000, size: 2036 MB, Compressed Oops mode: 32-bit
Narrow klass base: 0x0000000000000000, Narrow klass shift: 3
Compressed class space size: 1073741824 Address: 0x0000000100000000

Heap:
 garbage-first heap   total 131072K, used 12020K [0x0000000080c00000, 0x0000000100000000)
  region size 1024K, 5 young (5120K), 1 survivors (1024K)
 Metaspace       used 12165K, capacity 12502K, committed 12672K, reserved 1060864K
  class space    used 1275K, capacity 1402K, committed 1408K, reserved 1048576K
Heap Regions: E=young(eden), S=young(survivor), O=old, HS=humongous(starts), HC=humongous(continues), CS=collection set, F=free, A=archive, TAMS=top-at-mark-start (previous, next)
|   0|0x0000000080c00000, 0x0000000080d00000, 0x0000000080d00000|100%|HS|  |TAMS 0x0000000080c00000, 0x0000000080c00000| Complete 
|   1|0x0000000080d00000, 0x0000000080e00000, 0x0000000080e00000|100%| O|  |TAMS 0x0000000080d00000, 0x0000000080d00000| Untracked 
|   2|0x0000000080e00000, 0x0000000080f00000, 0x0000000080f00000|100%| O|  |TAMS 0x0000000080e00000, 0x0000000080e00000| Untracked 
|   3|0x0000000080f00000, 0x0000000081000000, 0x0000000081000000|100%| O|  |TAMS 0x0000000080f00000, 0x0000000080f00000| Untracked 
|   4|0x0000000081000000, 0x0000000081100000, 0x0000000081100000|100%| O|  |TAMS 0x0000000081000000, 0x0000000081000000| Untracked 
|   5|0x0000000081100000, 0x0000000081200000, 0x0000000081200000|100%| O|  |TAMS 0x0000000081100000, 0x0000000081100000| Untracked 
|   6|0x0000000081200000, 0x0000000081300000, 0x0000000081300000|100%| O|  |TAMS 0x0000000081200000, 0x0000000081200000| Untracked 
|   7|0x0000000081300000, 0x0000000081360b50, 0x0000000081400000| 37%| O|  |TAMS 0x0000000081300000, 0x0000000081300000| Untracked 
|   8|0x0000000081400000, 0x0000000081400000, 0x0000000081500000|  0%| F|  |TAMS 0x0000000081400000, 0x0000000081400000| Untracked 
|   9|0x0000000081500000, 0x0000000081500000, 0x0000000081600000|  0%| F|  |TAMS 0x0000000081500000, 0x0000000081500000| Untracked 
|  10|0x0000000081600000, 0x0000000081600000, 0x0000000081700000|  0%| F|  |TAMS 0x0000000081600000, 0x0000000081600000| Untracked 
|  11|0x0000000081700000, 0x0000000081700000, 0x0000000081800000|  0%| F|  |TAMS 0x0000000081700000, 0x0000000081700000| Untracked 
|  12|0x0000000081800000, 0x0000000081800000, 0x0000000081900000|  0%| F|  |TAMS 0x0000000081800000, 0x0000000081800000| Untracked 
|  13|0x0000000081900000, 0x0000000081900000, 0x0000000081a00000|  0%| F|  |TAMS 0x0000000081900000, 0x0000000081900000| Untracked 
|  14|0x0000000081a00000, 0x0000000081a00000, 0x0000000081b00000|  0%| F|  |TAMS 0x0000000081a00000, 0x0000000081a00000| Untracked 
|  15|0x0000000081b00000, 0x0000000081b00000, 0x0000000081c00000|  0%| F|  |TAMS 0x0000000081b00000, 0x0000000081b00000| Untracked 
|  16|0x0000000081c00000, 0x0000000081c00000, 0x0000000081d00000|  0%| F|  |TAMS 0x0000000081c00000, 0x0000000081c00000| Untracked 
|  17|0x0000000081d00000, 0x0000000081d00000, 0x0000000081e00000|  0%| F|  |TAMS 0x0000000081d00000, 0x0000000081d00000| Untracked 
|  18|0x0000000081e00000, 0x0000000081e00000, 0x0000000081f00000|  0%| F|  |TAMS 0x0000000081e00000, 0x0000000081e00000| Untracked 
|  19|0x0000000081f00000, 0x0000000081f00000, 0x0000000082000000|  0%| F|  |TAMS 0x0000000081f00000, 0x0000000081f00000| Untracked 
|  20|0x0000000082000000, 0x0000000082000000, 0x0000000082100000|  0%| F|  |TAMS 0x0000000082000000, 0x0000000082000000| Untracked 
|  21|0x0000000082100000, 0x0000000082100000, 0x0000000082200000|  0%| F|  |TAMS 0x0000000082100000, 0x0000000082100000| Untracked 
|  22|0x0000000082200000, 0x0000000082200000, 0x0000000082300000|  0%| F|  |TAMS 0x0000000082200000, 0x0000000082200000| Untracked 
|  23|0x0000000082300000, 0x0000000082300000, 0x0000000082400000|  0%| F|  |TAMS 0x0000000082300000, 0x0000000082300000| Untracked 
|  24|0x0000000082400000, 0x0000000082400000, 0x0000000082500000|  0%| F|  |TAMS 0x0000000082400000, 0x0000000082400000| Untracked 
|  25|0x0000000082500000, 0x0000000082500000, 0x0000000082600000|  0%| F|  |TAMS 0x0000000082500000, 0x0000000082500000| Untracked 
|  26|0x0000000082600000, 0x0000000082600000, 0x0000000082700000|  0%| F|  |TAMS 0x0000000082600000, 0x0000000082600000| Untracked 
|  27|0x0000000082700000, 0x0000000082700000, 0x0000000082800000|  0%| F|  |TAMS 0x0000000082700000, 0x0000000082700000| Untracked 
|  28|0x0000000082800000, 0x0000000082800000, 0x0000000082900000|  0%| F|  |TAMS 0x0000000082800000, 0x0000000082800000| Untracked 
|  29|0x0000000082900000, 0x0000000082900000, 0x0000000082a00000|  0%| F|  |TAMS 0x0000000082900000, 0x0000000082900000| Untracked 
|  30|0x0000000082a00000, 0x0000000082a00000, 0x0000000082b00000|  0%| F|  |TAMS 0x0000000082a00000, 0x0000000082a00000| Untracked 
|  31|0x0000000082b00000, 0x0000000082b00000, 0x0000000082c00000|  0%| F|  |TAMS 0x0000000082b00000, 0x0000000082b00000| Untracked 
|  32|0x0000000082c00000, 0x0000000082c00000, 0x0000000082d00000|  0%| F|  |TAMS 0x0000000082c00000, 0x0000000082c00000| Untracked 
|  33|0x0000000082d00000, 0x0000000082d00000, 0x0000000082e00000|  0%| F|  |TAMS 0x0000000082d00000, 0x0000000082d00000| Untracked 
|  34|0x0000000082e00000, 0x0000000082e00000, 0x0000000082f00000|  0%| F|  |TAMS 0x0000000082e00000, 0x0000000082e00000| Untracked 
|  35|0x0000000082f00000, 0x0000000082f00000, 0x0000000083000000|  0%| F|  |TAMS 0x0000000082f00000, 0x0000000082f00000| Untracked 
|  36|0x0000000083000000, 0x0000000083000000, 0x0000000083100000|  0%| F|  |TAMS 0x0000000083000000, 0x0000000083000000| Untracked 
|  37|0x0000000083100000, 0x0000000083100000, 0x0000000083200000|  0%| F|  |TAMS 0x0000000083100000, 0x0000000083100000| Untracked 
|  38|0x0000000083200000, 0x0000000083200000, 0x0000000083300000|  0%| F|  |TAMS 0x0000000083200000, 0x0000000083200000| Untracked 
|  39|0x0000000083300000, 0x0000000083300000, 0x0000000083400000|  0%| F|  |TAMS 0x0000000083300000, 0x0000000083300000| Untracked 
|  40|0x0000000083400000, 0x0000000083400000, 0x0000000083500000|  0%| F|  |TAMS 0x0000000083400000, 0x0000000083400000| Untracked 
|  41|0x0000000083500000, 0x0000000083500000, 0x0000000083600000|  0%| F|  |TAMS 0x0000000083500000, 0x0000000083500000| Untracked 
|  42|0x0000000083600000, 0x0000000083600000, 0x0000000083700000|  0%| F|  |TAMS 0x0000000083600000, 0x0000000083600000| Untracked 
|  43|0x0000000083700000, 0x0000000083700000, 0x0000000083800000|  0%| F|  |TAMS 0x0000000083700000, 0x0000000083700000| Untracked 
|  44|0x0000000083800000, 0x0000000083800000, 0x0000000083900000|  0%| F|  |TAMS 0x0000000083800000, 0x0000000083800000| Untracked 
|  45|0x0000000083900000, 0x0000000083900000, 0x0000000083a00000|  0%| F|  |TAMS 0x0000000083900000, 0x0000000083900000| Untracked 
|  46|0x0000000083a00000, 0x0000000083a00000, 0x0000000083b00000|  0%| F|  |TAMS 0x0000000083a00000, 0x0000000083a00000| Untracked 
|  47|0x0000000083b00000, 0x0000000083b00000, 0x0000000083c00000|  0%| F|  |TAMS 0x0000000083b00000, 0x0000000083b00000| Untracked 
|  48|0x0000000083c00000, 0x0000000083c00000, 0x0000000083d00000|  0%| F|  |TAMS 0x0000000083c00000, 0x0000000083c00000| Untracked 
|  49|0x0000000083d00000, 0x0000000083d00000, 0x0000000083e00000|  0%| F|  |TAMS 0x0000000083d00000, 0x0000000083d00000| Untracked 
|  50|0x0000000083e00000, 0x0000000083e00000, 0x0000000083f00000|  0%| F|  |TAMS 0x0000000083e00000, 0x0000000083e00000| Untracked 
|  51|0x0000000083f00000, 0x0000000083f00000, 0x0000000084000000|  0%| F|  |TAMS 0x0000000083f00000, 0x0000000083f00000| Untracked 
|  52|0x0000000084000000, 0x0000000084000000, 0x0000000084100000|  0%| F|  |TAMS 0x0000000084000000, 0x0000000084000000| Untracked 
|  53|0x0000000084100000, 0x0000000084100000, 0x0000000084200000|  0%| F|  |TAMS 0x0000000084100000, 0x0000000084100000| Untracked 
|  54|0x0000000084200000, 0x0000000084200000, 0x0000000084300000|  0%| F|  |TAMS 0x0000000084200000, 0x0000000084200000| Untracked 
|  55|0x0000000084300000, 0x0000000084300000, 0x0000000084400000|  0%| F|  |TAMS 0x0000000084300000, 0x0000000084300000| Untracked 
|  56|0x0000000084400000, 0x0000000084400000, 0x0000000084500000|  0%| F|  |TAMS 0x0000000084400000, 0x0000000084400000| Untracked 
|  57|0x0000000084500000, 0x0000000084500000, 0x0000000084600000|  0%| F|  |TAMS 0x0000000084500000, 0x0000000084500000| Untracked 
|  58|0x0000000084600000, 0x0000000084600000, 0x0000000084700000|  0%| F|  |TAMS 0x0000000084600000, 0x0000000084600000| Untracked 
|  59|0x0000000084700000, 0x0000000084700000, 0x0000000084800000|  0%| F|  |TAMS 0x0000000084700000, 0x0000000084700000| Untracked 
|  60|0x0000000084800000, 0x0000000084800000, 0x0000000084900000|  0%| F|  |TAMS 0x0000000084800000, 0x0000000084800000| Untracked 
|  61|0x0000000084900000, 0x0000000084900000, 0x0000000084a00000|  0%| F|  |TAMS 0x0000000084900000, 0x0000000084900000| Untracked 
|  62|0x0000000084a00000, 0x0000000084a00000, 0x0000000084b00000|  0%| F|  |TAMS 0x0000000084a00000, 0x0000000084a00000| Untracked 
|  63|0x0000000084b00000, 0x0000000084b00000, 0x0000000084c00000|  0%| F|  |TAMS 0x0000000084b00000, 0x0000000084b00000| Untracked 
|  64|0x0000000084c00000, 0x0000000084c00000, 0x0000000084d00000|  0%| F|  |TAMS 0x0000000084c00000, 0x0000000084c00000| Untracked 
|  65|0x0000000084d00000, 0x0000000084d00000, 0x0000000084e00000|  0%| F|  |TAMS 0x0000000084d00000, 0x0000000084d00000| Untracked 
|  66|0x0000000084e00000, 0x0000000084e00000, 0x0000000084f00000|  0%| F|  |TAMS 0x0000000084e00000, 0x0000000084e00000| Untracked 
|  67|0x0000000084f00000, 0x0000000084f00000, 0x0000000085000000|  0%| F|  |TAMS 0x0000000084f00000, 0x0000000084f00000| Untracked 
|  68|0x0000000085000000, 0x0000000085000000, 0x0000000085100000|  0%| F|  |TAMS 0x0000000085000000, 0x0000000085000000| Untracked 
|  69|0x0000000085100000, 0x0000000085100000, 0x0000000085200000|  0%| F|  |TAMS 0x0000000085100000, 0x0000000085100000| Untracked 
|  70|0x0000000085200000, 0x0000000085200000, 0x0000000085300000|  0%| F|  |TAMS 0x0000000085200000, 0x0000000085200000| Untracked 
|  71|0x0000000085300000, 0x0000000085300000, 0x0000000085400000|  0%| F|  |TAMS 0x0000000085300000, 0x0000000085300000| Untracked 
|  72|0x0000000085400000, 0x0000000085400000, 0x0000000085500000|  0%| F|  |TAMS 0x0000000085400000, 0x0000000085400000| Untracked 
|  73|0x0000000085500000, 0x0000000085500000, 0x0000000085600000|  0%| F|  |TAMS 0x0000000085500000, 0x0000000085500000| Untracked 
|  74|0x0000000085600000, 0x0000000085600000, 0x0000000085700000|  0%| F|  |TAMS 0x0000000085600000, 0x0000000085600000| Untracked 
|  75|0x0000000085700000, 0x0000000085700000, 0x0000000085800000|  0%| F|  |TAMS 0x0000000085700000, 0x0000000085700000| Untracked 
|  76|0x0000000085800000, 0x0000000085800000, 0x0000000085900000|  0%| F|  |TAMS 0x0000000085800000, 0x0000000085800000| Untracked 
|  77|0x0000000085900000, 0x0000000085900000, 0x0000000085a00000|  0%| F|  |TAMS 0x0000000085900000, 0x0000000085900000| Untracked 
|  78|0x0000000085a00000, 0x0000000085a00000, 0x0000000085b00000|  0%| F|  |TAMS 0x0000000085a00000, 0x0000000085a00000| Untracked 
|  79|0x0000000085b00000, 0x0000000085b00000, 0x0000000085c00000|  0%| F|  |TAMS 0x0000000085b00000, 0x0000000085b00000| Untracked 
|  80|0x0000000085c00000, 0x0000000085c00000, 0x0000000085d00000|  0%| F|  |TAMS 0x0000000085c00000, 0x0000000085c00000| Untracked 
|  81|0x0000000085d00000, 0x0000000085d00000, 0x0000000085e00000|  0%| F|  |TAMS 0x0000000085d00000, 0x0000000085d00000| Untracked 
|  82|0x0000000085e00000, 0x0000000085e00000, 0x0000000085f00000|  0%| F|  |TAMS 0x0000000085e00000, 0x0000000085e00000| Untracked 
|  83|0x0000000085f00000, 0x0000000085f00000, 0x0000000086000000|  0%| F|  |TAMS 0x0000000085f00000, 0x0000000085f00000| Untracked 
|  84|0x0000000086000000, 0x0000000086000000, 0x0000000086100000|  0%| F|  |TAMS 0x0000000086000000, 0x0000000086000000| Untracked 
|  85|0x0000000086100000, 0x0000000086100000, 0x0000000086200000|  0%| F|  |TAMS 0x0000000086100000, 0x0000000086100000| Untracked 
|  86|0x0000000086200000, 0x0000000086200000, 0x0000000086300000|  0%| F|  |TAMS 0x0000000086200000, 0x0000000086200000| Untracked 
|  87|0x0000000086300000, 0x0000000086300000, 0x0000000086400000|  0%| F|  |TAMS 0x0000000086300000, 0x0000000086300000| Untracked 
|  88|0x0000000086400000, 0x0000000086400000, 0x0000000086500000|  0%| F|  |TAMS 0x0000000086400000, 0x0000000086400000| Untracked 
|  89|0x0000000086500000, 0x0000000086500000, 0x0000000086600000|  0%| F|  |TAMS 0x0000000086500000, 0x0000000086500000| Untracked 
|  90|0x0000000086600000, 0x0000000086600000, 0x0000000086700000|  0%| F|  |TAMS 0x0000000086600000, 0x0000000086600000| Untracked 
|  91|0x0000000086700000, 0x0000000086700000, 0x0000000086800000|  0%| F|  |TAMS 0x0000000086700000, 0x0000000086700000| Untracked 
|  92|0x0000000086800000, 0x0000000086800000, 0x0000000086900000|  0%| F|  |TAMS 0x0000000086800000, 0x0000000086800000| Untracked 
|  93|0x0000000086900000, 0x0000000086900000, 0x0000000086a00000|  0%| F|  |TAMS 0x0000000086900000, 0x0000000086900000| Untracked 
|  94|0x0000000086a00000, 0x0000000086a00000, 0x0000000086b00000|  0%| F|  |TAMS 0x0000000086a00000, 0x0000000086a00000| Untracked 
|  95|0x0000000086b00000, 0x0000000086b00000, 0x0000000086c00000|  0%| F|  |TAMS 0x0000000086b00000, 0x0000000086b00000| Untracked 
|  96|0x0000000086c00000, 0x0000000086c00000, 0x0000000086d00000|  0%| F|  |TAMS 0x0000000086c00000, 0x0000000086c00000| Untracked 
|  97|0x0000000086d00000, 0x0000000086d00000, 0x0000000086e00000|  0%| F|  |TAMS 0x0000000086d00000, 0x0000000086d00000| Untracked 
|  98|0x0000000086e00000, 0x0000000086e00000, 0x0000000086f00000|  0%| F|  |TAMS 0x0000000086e00000, 0x0000000086e00000| Untracked 
|  99|0x0000000086f00000, 0x0000000086f00000, 0x0000000087000000|  0%| F|  |TAMS 0x0000000086f00000, 0x0000000086f00000| Untracked 
| 100|0x0000000087000000, 0x0000000087000000, 0x0000000087100000|  0%| F|  |TAMS 0x0000000087000000, 0x0000000087000000| Untracked 
| 101|0x0000000087100000, 0x0000000087100000, 0x0000000087200000|  0%| F|  |TAMS 0x0000000087100000, 0x0000000087100000| Untracked 
| 102|0x0000000087200000, 0x0000000087200000, 0x0000000087300000|  0%| F|  |TAMS 0x0000000087200000, 0x0000000087200000| Untracked 
| 103|0x0000000087300000, 0x0000000087300000, 0x0000000087400000|  0%| F|  |TAMS 0x0000000087300000, 0x0000000087300000| Untracked 
| 104|0x0000000087400000, 0x0000000087400000, 0x0000000087500000|  0%| F|  |TAMS 0x0000000087400000, 0x0000000087400000| Untracked 
| 105|0x0000000087500000, 0x0000000087500000, 0x0000000087600000|  0%| F|  |TAMS 0x0000000087500000, 0x0000000087500000| Untracked 
| 106|0x0000000087600000, 0x0000000087600000, 0x0000000087700000|  0%| F|  |TAMS 0x0000000087600000, 0x0000000087600000| Untracked 
| 107|0x0000000087700000, 0x0000000087700000, 0x0000000087800000|  0%| F|  |TAMS 0x0000000087700000, 0x0000000087700000| Untracked 
| 108|0x0000000087800000, 0x0000000087800000, 0x0000000087900000|  0%| F|  |TAMS 0x0000000087800000, 0x0000000087800000| Untracked 
| 109|0x0000000087900000, 0x0000000087900000, 0x0000000087a00000|  0%| F|  |TAMS 0x0000000087900000, 0x0000000087900000| Untracked 
| 110|0x0000000087a00000, 0x0000000087a00000, 0x0000000087b00000|  0%| F|  |TAMS 0x0000000087a00000, 0x0000000087a00000| Untracked 
| 111|0x0000000087b00000, 0x0000000087b00000, 0x0000000087c00000|  0%| F|  |TAMS 0x0000000087b00000, 0x0000000087b00000| Untracked 
| 112|0x0000000087c00000, 0x0000000087d00000, 0x0000000087d00000|100%| E|CS|TAMS 0x0000000087c00000, 0x0000000087c00000| Complete 
| 113|0x0000000087d00000, 0x0000000087e00000, 0x0000000087e00000|100%| E|CS|TAMS 0x0000000087d00000, 0x0000000087d00000| Complete 
| 114|0x0000000087e00000, 0x0000000087e00000, 0x0000000087f00000|  0%| F|  |TAMS 0x0000000087e00000, 0x0000000087e00000| Untracked 
| 115|0x0000000087f00000, 0x0000000087f00000, 0x0000000088000000|  0%| F|  |TAMS 0x0000000087f00000, 0x0000000087f00000| Untracked 
| 116|0x0000000088000000, 0x0000000088000000, 0x0000000088100000|  0%| F|  |TAMS 0x0000000088000000, 0x0000000088000000| Untracked 
| 117|0x0000000088100000, 0x0000000088100000, 0x0000000088200000|  0%| F|  |TAMS 0x0000000088100000, 0x0000000088100000| Untracked 
| 118|0x0000000088200000, 0x0000000088200000, 0x0000000088300000|  0%| F|  |TAMS 0x0000000088200000, 0x0000000088200000| Untracked 
| 119|0x0000000088300000, 0x0000000088300000, 0x0000000088400000|  0%| F|  |TAMS 0x0000000088300000, 0x0000000088300000| Untracked 
| 120|0x0000000088400000, 0x0000000088400000, 0x0000000088500000|  0%| F|  |TAMS 0x0000000088400000, 0x0000000088400000| Untracked 
| 121|0x0000000088500000, 0x0000000088500000, 0x0000000088600000|  0%| F|  |TAMS 0x0000000088500000, 0x0000000088500000| Untracked 
| 122|0x0000000088600000, 0x0000000088600000, 0x0000000088700000|  0%| F|  |TAMS 0x0000000088600000, 0x0000000088600000| Untracked 
| 123|0x0000000088700000, 0x00000000887af980, 0x0000000088800000| 68%| S|  |TAMS 0x0000000088700000, 0x0000000088700000| Complete 
| 124|0x0000000088800000, 0x0000000088900000, 0x0000000088900000|100%| E|CS|TAMS 0x0000000088800000, 0x0000000088800000| Complete 
| 125|0x0000000088900000, 0x0000000088a00000, 0x0000000088a00000|100%| E|CS|TAMS 0x0000000088900000, 0x0000000088900000| Complete 
| 126|0x0000000088a00000, 0x0000000088b00000, 0x0000000088b00000|100%| E|CS|TAMS 0x0000000088a00000, 0x0000000088a00000| Complete 
| 127|0x0000000088b00000, 0x0000000088c00000, 0x0000000088c00000|100%| E|CS|TAMS 0x0000000088b00000, 0x0000000088b00000| Complete 

Card table byte_map: [0x0000024ae5070000,0x0000024ae5470000] _byte_map_base: 0x0000024ae4c6a000

Marking Bits (Prev, Next): (CMBitMap*) 0x0000024acd9c7b08, (CMBitMap*) 0x0000024acd9c7b40
 Prev Bits: [0x0000024ae5870000, 0x0000024ae7840000)
 Next Bits: [0x0000024ae7840000, 0x0000024ae9810000)

Polling page: 0x0000024acb760000

Metaspace:

Usage:
  Non-class:     10.84 MB capacity,    10.64 MB ( 98%) used,   179.19 KB (  2%) free+waste,    30.38 KB ( <1%) overhead. 
      Class:      1.37 MB capacity,     1.25 MB ( 91%) used,   111.86 KB (  8%) free+waste,    14.75 KB (  1%) overhead. 
       Both:     12.21 MB capacity,    11.88 MB ( 97%) used,   291.05 KB (  2%) free+waste,    45.13 KB ( <1%) overhead. 

Virtual space:
  Non-class space:       12.00 MB reserved,      11.00 MB ( 92%) committed 
      Class space:        1.00 GB reserved,       1.38 MB ( <1%) committed 
             Both:        1.01 GB reserved,      12.38 MB (  1%) committed 

Chunk freelists:
   Non-Class:  4.50 KB
       Class:  768 bytes
        Both:  5.25 KB

CodeHeap 'non-profiled nmethods': size=238912Kb used=1521Kb max_used=1521Kb free=237390Kb
 bounds [0x0000024ad6320000, 0x0000024ad6590000, 0x0000024ae4c70000]
CodeHeap 'non-nmethods': size=6848Kb used=1737Kb max_used=1737Kb free=5110Kb
 bounds [0x0000024ad5c70000, 0x0000024ad5ee0000, 0x0000024ad6320000]
 total_blobs=1468 nmethods=1061 adapters=325
 compilation: enabled
              stopped_count=0, restarted_count=0
 full_count=0

Compilation events (10 events):
Event: 1.380 Thread 0x0000024aec58b000 1054       1       java.lang.invoke.MethodHandles$Lookup::checkField (56 bytes)
Event: 1.380 Thread 0x0000024aec58b000 nmethod 1054 0x0000024ad6498090 code [0x0000024ad6498260, 0x0000024ad6498480]
Event: 1.381 Thread 0x0000024aec807000 1058  s    1       java.util.Properties::put (10 bytes)
Event: 1.382 Thread 0x0000024aec58b000 1059   !   1       java.util.concurrent.ConcurrentHashMap::computeIfAbsent (576 bytes)
Event: 1.382 Thread 0x0000024aec807000 nmethod 1058 0x0000024ad6498a10 code [0x0000024ad6498bc0, 0x0000024ad6498e90]
Event: 1.385 Thread 0x0000024aec58b000 nmethod 1059 0x0000024ad6498f90 code [0x0000024ad64992c0, 0x0000024ad649abf0]
Event: 1.398 Thread 0x0000024aec807000 1060       1       java.nio.charset.Charset::lookup (44 bytes)
Event: 1.398 Thread 0x0000024aec58b000 1061       1       java.util.jar.Attributes$Name::hashCode (5 bytes)
Event: 1.398 Thread 0x0000024aec58b000 nmethod 1061 0x0000024ad649ba90 code [0x0000024ad649bc40, 0x0000024ad649bd58]
Event: 1.398 Thread 0x0000024aec807000 nmethod 1060 0x0000024ad649be10 code [0x0000024ad649c000, 0x0000024ad649c2d0]

GC Heap History (3 events):
Event: 0.985 GC heap before
{Heap before GC invocations=0 (full 0):
 garbage-first heap   total 131072K, used 14336K [0x0000000080c00000, 0x0000000100000000)
  region size 1024K, 14 young (14336K), 0 survivors (0K)
 Metaspace       used 8741K, capacity 8902K, committed 9216K, reserved 1056768K
  class space    used 870K, capacity 928K, committed 1024K, reserved 1048576K
}
Event: 0.992 GC heap after
{Heap after GC invocations=1 (full 0):
 garbage-first heap   total 131072K, used 7924K [0x0000000080c00000, 0x0000000100000000)
  region size 1024K, 2 young (2048K), 2 survivors (2048K)
 Metaspace       used 8741K, capacity 8902K, committed 9216K, reserved 1056768K
  class space    used 870K, capacity 928K, committed 1024K, reserved 1048576K
}
Event: 1.398 GC heap before
{Heap before GC invocations=1 (full 0):
 garbage-first heap   total 131072K, used 12020K [0x0000000080c00000, 0x0000000100000000)
  region size 1024K, 6 young (6144K), 2 survivors (2048K)
 Metaspace       used 12165K, capacity 12502K, committed 12672K, reserved 1060864K
  class space    used 1275K, capacity 1402K, committed 1408K, reserved 1048576K
}

Deoptimization events (0 events):
No events

Classes redefined (0 events):
No events

Internal exceptions (10 events):
Event: 1.066 Thread 0x0000024acd988800 Exception <a 'java/lang/NoSuchMethodError'{0x0000000088a11348}: java.lang.invoke.DirectMethodHandle$Holder.invokeSpecialIFC(Ljava/lang/Object;Ljava/lang/Object;Ljava/lang/Object;)I> (0x0000000088a11348) thrown at [t:/workspace/open/src/hotspot/share/inter
Event: 1.092 Thread 0x0000024acd988800 Exception <a 'java/lang/NoSuchMethodError'{0x0000000088a75218}: java.lang.invoke.DirectMethodHandle$Holder.invokeStatic(Ljava/lang/Object;IIII)Ljava/lang/Object;> (0x0000000088a75218) thrown at [t:/workspace/open/src/hotspot/share/interpreter/linkResolver
Event: 1.092 Thread 0x0000024acd988800 Exception <a 'java/lang/NoSuchMethodError'{0x0000000088a78330}: java.lang.invoke.DirectMethodHandle$Holder.invokeStaticInit(Ljava/lang/Object;IIII)Ljava/lang/Object;> (0x0000000088a78330) thrown at [t:/workspace/open/src/hotspot/share/interpreter/linkReso
Event: 1.311 Thread 0x0000024acd988800 Exception <a 'java/lang/NoSuchMethodError'{0x0000000088954e48}: java.lang.invoke.DirectMethodHandle$Holder.invokeStatic(Ljava/lang/Object;Ljava/lang/Object;IIII)Ljava/lang/Object;> (0x0000000088954e48) thrown at [t:/workspace/open/src/hotspot/share/interp
Event: 1.311 Thread 0x0000024acd988800 Exception <a 'java/lang/NoSuchMethodError'{0x0000000088958190}: java.lang.invoke.DirectMethodHandle$Holder.invokeStaticInit(Ljava/lang/Object;Ljava/lang/Object;IIII)Ljava/lang/Object;> (0x0000000088958190) thrown at [t:/workspace/open/src/hotspot/share/in
Event: 1.323 Thread 0x0000024acd988800 Exception <a 'java/lang/ClassNotFoundException'{0x0000000088975cd8}: javax/management/remote/rmi/RMIServerImpl_Skel> (0x0000000088975cd8) thrown at [t:/workspace/open/src/hotspot/share/classfile/systemDictionary.cpp, line 231]
Event: 1.369 Thread 0x0000024acd988800 Exception <a 'java/lang/ClassNotFoundException'{0x0000000088811388}: jdk/internal/agent/resources/spi/agentProvider> (0x0000000088811388) thrown at [t:/workspace/open/src/hotspot/share/classfile/systemDictionary.cpp, line 231]
Event: 1.377 Thread 0x0000024acd988800 Exception <a 'java/lang/NoSuchMethodError'{0x00000000888676d0}: java.lang.invoke.DirectMethodHandle$Holder.invokeStatic(Ljava/lang/Object;Ljava/lang/Object;Ljava/lang/Object;Ljava/lang/Object;Ljava/lang/Object;Ljava/lang/Object;Ljava/lang/Object;Ljava/lan
Event: 1.379 Thread 0x0000024acd988800 Exception <a 'java/lang/NoSuchMethodError'{0x0000000088874090}: java.lang.invoke.DirectMethodHandle$Holder.invokeStatic(Ljava/lang/Object;Ljava/lang/Object;Ljava/lang/Object;Ljava/lang/Object;Ljava/lang/Object;Ljava/lang/Object;Ljava/lang/Object;Ljava/lan
Event: 1.381 Thread 0x0000024acd988800 Exception <a 'java/lang/NoSuchMethodError'{0x000000008888dd18}: java.lang.invoke.DelegatingMethodHandle$Holder.reinvoke_L(Ljava/lang/Object;ILjava/lang/Object;)Ljava/lang/Object;> (0x000000008888dd18) thrown at [t:/workspace/open/src/hotspot/share/interpr

Events (10 events):
Event: 1.392 loading class org/springframework/boot/SpringApplication done
Event: 1.392 loading class jdk/internal/loader/URLClassPath$JarLoader$2
Event: 1.392 loading class jdk/internal/loader/URLClassPath$JarLoader$2 done
Event: 1.395 loading class org/apache/commons/logging/LogFactory
Event: 1.395 loading class org/apache/commons/logging/LogFactory done
Event: 1.396 loading class org/apache/commons/logging/LogAdapter
Event: 1.396 loading class org/apache/commons/logging/LogAdapter done
Event: 1.397 loading class org/apache/logging/log4j/spi/ExtendedLogger
Event: 1.397 loading class org/apache/logging/log4j/spi/ExtendedLogger done
Event: 1.398 Executing VM operation: G1CollectForAllocation


Dynamic libraries:
0x00007ff794e40000 - 0x00007ff794e87000 	C:\Program Files\Java\jdk-11.0.4\bin\javaw.exe
0x00007ffa611a0000 - 0x00007ffa61390000 	C:\WINDOWS\SYSTEM32\ntdll.dll
0x00007ffa608c0000 - 0x00007ffa60972000 	C:\WINDOWS\System32\KERNEL32.DLL
0x00007ffa5e400000 - 0x00007ffa5e6a3000 	C:\WINDOWS\System32\KERNELBASE.dll
0x00007ffa5b960000 - 0x00007ffa5b9ef000 	C:\WINDOWS\SYSTEM32\apphelp.dll
0x00007ff9fea80000 - 0x00007ff9fef12000 	C:\WINDOWS\SYSTEM32\AcLayers.DLL
0x00007ffa60820000 - 0x00007ffa608be000 	C:\WINDOWS\System32\msvcrt.dll
0x00007ffa60980000 - 0x00007ffa60b14000 	C:\WINDOWS\System32\USER32.dll
0x00007ffa5d870000 - 0x00007ffa5d891000 	C:\WINDOWS\System32\win32u.dll
0x00007ffa5f6d0000 - 0x00007ffa5f6f6000 	C:\WINDOWS\System32\GDI32.dll
0x00007ffa5d8f0000 - 0x00007ffa5da84000 	C:\WINDOWS\System32\gdi32full.dll
0x00007ffa5e360000 - 0x00007ffa5e3fe000 	C:\WINDOWS\System32\msvcp_win.dll
0x00007ffa5e7c0000 - 0x00007ffa5e8ba000 	C:\WINDOWS\System32\ucrtbase.dll
0x00007ffa5ee40000 - 0x00007ffa5ee92000 	C:\WINDOWS\System32\SHLWAPI.dll
0x00007ffa5ff10000 - 0x00007ffa60246000 	C:\WINDOWS\System32\combase.dll
0x00007ffa5fdf0000 - 0x00007ffa5ff10000 	C:\WINDOWS\System32\RPCRT4.dll
0x00007ffa5d7a0000 - 0x00007ffa5d820000 	C:\WINDOWS\System32\bcryptPrimitives.dll
0x00007ffa5ec10000 - 0x00007ffa5ecb3000 	C:\WINDOWS\System32\ADVAPI32.dll
0x00007ffa5eda0000 - 0x00007ffa5ee37000 	C:\WINDOWS\System32\sechost.dll
0x0000024acb690000 - 0x0000024acb693000 	C:\WINDOWS\SYSTEM32\sfc.dll
0x00007ffa53440000 - 0x00007ffa534c9000 	C:\WINDOWS\SYSTEM32\WINSPOOL.DRV
0x00007ffa5d6f0000 - 0x00007ffa5d701000 	C:\WINDOWS\System32\kernel.appcore.dll
0x00007ffa5d840000 - 0x00007ffa5d866000 	C:\WINDOWS\System32\bcrypt.dll
0x00007ffa5a160000 - 0x00007ffa5a24f000 	C:\WINDOWS\SYSTEM32\PROPSYS.dll
0x00007ffa61090000 - 0x00007ffa61154000 	C:\WINDOWS\System32\OLEAUT32.dll
0x00007ffa5e930000 - 0x00007ffa5e9d9000 	C:\WINDOWS\System32\shcore.dll
0x00007ffa5cc60000 - 0x00007ffa5cc9a000 	C:\WINDOWS\SYSTEM32\IPHLPAPI.DLL
0x00007ffa57420000 - 0x00007ffa57431000 	C:\WINDOWS\SYSTEM32\sfc_os.DLL
0x00007ffa607f0000 - 0x00007ffa6081e000 	C:\WINDOWS\System32\IMM32.DLL
0x00007ffa4fb00000 - 0x00007ffa4fd85000 	C:\WINDOWS\WinSxS\amd64_microsoft.windows.common-controls_6595b64144ccf1df_6.0.18362.592_none_e6c0b1911312be02\COMCTL32.dll
0x00007ffa56d20000 - 0x00007ffa56d2a000 	C:\WINDOWS\SYSTEM32\VERSION.dll
0x00007ffa58ad0000 - 0x00007ffa58ae6000 	C:\Program Files\Java\jdk-11.0.4\bin\vcruntime140.dll
0x00007ffa49ac0000 - 0x00007ffa49b6a000 	C:\Program Files\Java\jdk-11.0.4\bin\msvcp140.dll
0x00007ffa25140000 - 0x00007ffa25c67000 	C:\Program Files\Java\jdk-11.0.4\bin\server\jvm.dll
0x00007ffa607b0000 - 0x00007ffa607b8000 	C:\WINDOWS\System32\PSAPI.DLL
0x00007ffa5a480000 - 0x00007ffa5a4a4000 	C:\WINDOWS\SYSTEM32\WINMM.dll
0x00007ffa5a040000 - 0x00007ffa5a049000 	C:\WINDOWS\SYSTEM32\WSOCK32.dll
0x00007ffa5ea40000 - 0x00007ffa5eaaf000 	C:\WINDOWS\System32\WS2_32.dll
0x00007ffa5a450000 - 0x00007ffa5a47d000 	C:\WINDOWS\SYSTEM32\winmmbase.dll
0x00007ffa5d8a0000 - 0x00007ffa5d8ea000 	C:\WINDOWS\System32\cfgmgr32.dll
0x00007ffa598a0000 - 0x00007ffa598b1000 	C:\Program Files\Java\jdk-11.0.4\bin\verify.dll
0x00007ffa4e6b0000 - 0x00007ffa4e8a4000 	C:\WINDOWS\SYSTEM32\DBGHELP.DLL
0x00007ffa4e670000 - 0x00007ffa4e69a000 	C:\WINDOWS\SYSTEM32\dbgcore.DLL
0x00007ffa58e60000 - 0x00007ffa58e89000 	C:\Program Files\Java\jdk-11.0.4\bin\java.dll
0x00007ffa49360000 - 0x00007ffa49397000 	C:\Program Files\Java\jdk-11.0.4\bin\jdwp.dll
0x00007ffa58e40000 - 0x00007ffa58e56000 	C:\Program Files\Java\jdk-11.0.4\bin\zip.dll
0x00007ffa58e30000 - 0x00007ffa58e3a000 	C:\Program Files\Java\jdk-11.0.4\bin\jimage.dll
0x00007ffa5f700000 - 0x00007ffa5fde5000 	C:\WINDOWS\System32\SHELL32.dll
0x00007ffa5da90000 - 0x00007ffa5e20f000 	C:\WINDOWS\System32\windows.storage.dll
0x00007ffa5d780000 - 0x00007ffa5d79f000 	C:\WINDOWS\System32\profapi.dll
0x00007ffa5d710000 - 0x00007ffa5d75a000 	C:\WINDOWS\System32\powrprof.dll
0x00007ffa5d6e0000 - 0x00007ffa5d6f0000 	C:\WINDOWS\System32\UMPDC.dll
0x00007ffa5d820000 - 0x00007ffa5d837000 	C:\WINDOWS\System32\cryptsp.dll
0x00007ffa59ae0000 - 0x00007ffa59aea000 	C:\Program Files\Java\jdk-11.0.4\bin\dt_socket.dll
0x00007ffa5cf50000 - 0x00007ffa5cfb7000 	C:\WINDOWS\System32\mswsock.dll
0x00007ffa5cca0000 - 0x00007ffa5cd6a000 	C:\WINDOWS\SYSTEM32\DNSAPI.dll
0x00007ffa607e0000 - 0x00007ffa607e8000 	C:\WINDOWS\System32\NSI.dll
0x00007ffa52110000 - 0x00007ffa52187000 	C:\WINDOWS\System32\fwpuclnt.dll
0x00007ffa51160000 - 0x00007ffa5116a000 	C:\Windows\System32\rasadhlp.dll
0x00007ffa58e10000 - 0x00007ffa58e29000 	C:\Program Files\Java\jdk-11.0.4\bin\net.dll
0x00007ffa5f340000 - 0x00007ffa5f516000 	C:\WINDOWS\System32\urlmon.dll
0x00007ffa5eea0000 - 0x00007ffa5f146000 	C:\WINDOWS\System32\iertutil.dll
0x00007ffa51d50000 - 0x00007ffa51e40000 	C:\WINDOWS\SYSTEM32\WINHTTP.dll
0x00007ffa5d120000 - 0x00007ffa5d12c000 	C:\WINDOWS\SYSTEM32\CRYPTBASE.DLL
0x00007ffa58df0000 - 0x00007ffa58e03000 	C:\Program Files\Java\jdk-11.0.4\bin\nio.dll
0x00007ffa59040000 - 0x00007ffa59049000 	C:\Program Files\Java\jdk-11.0.4\bin\management.dll
0x00007ffa58c90000 - 0x00007ffa58c9c000 	C:\Program Files\Java\jdk-11.0.4\bin\management_ext.dll
0x00007ffa27db0000 - 0x00007ffa27dc6000 	C:\WINDOWS\system32\napinsp.dll
0x00007ffa150c0000 - 0x00007ffa150da000 	C:\WINDOWS\system32\pnrpnsp.dll
0x00007ffa27da0000 - 0x00007ffa27dae000 	C:\WINDOWS\System32\winrnr.dll
0x00007ffa57f30000 - 0x00007ffa57f4c000 	C:\WINDOWS\system32\NLAapi.dll
0x00007ffa51cc0000 - 0x00007ffa51cd5000 	C:\WINDOWS\system32\wshbth.dll
0x00007ffa5cac0000 - 0x00007ffa5caf3000 	C:\WINDOWS\system32\rsaenh.dll
0x00007ffa5d600000 - 0x00007ffa5d625000 	C:\WINDOWS\SYSTEM32\USERENV.dll
0x00007ffa52440000 - 0x00007ffa52456000 	C:\WINDOWS\SYSTEM32\dhcpcsvc6.DLL
0x00007ffa52c10000 - 0x00007ffa52c2c000 	C:\WINDOWS\SYSTEM32\dhcpcsvc.DLL

dbghelp: loaded successfully - version: 4.0.5 - missing functions: none
symbol engine: initialized successfully - sym options: 0x614 - pdb path: .;C:\Program Files\Java\jdk-11.0.4\bin;C:\WINDOWS\SYSTEM32;C:\WINDOWS\WinSxS\amd64_microsoft.windows.common-controls_6595b64144ccf1df_6.0.18362.592_none_e6c0b1911312be02;C:\Program Files\Java\jdk-11.0.4\bin\server

VM Arguments:
jvm_args: -agentlib:jdwp=transport=dt_socket,suspend=y,address=localhost:56959 -Dcom.sun.management.jmxremote -Dcom.sun.management.jmxremote.port=56958 -Dcom.sun.management.jmxremote.authenticate=false -Dcom.sun.management.jmxremote.ssl=false -Djava.rmi.server.hostname=localhost -Dspring.jmx.enabled=true -Dspring.liveBeansView.mbeanDomain -Dspring.application.admin.enabled=true -Xverify:none -XX:TieredStopAtLevel=1 -Dspring.boot.project.name=newproject -Dfile.encoding=Cp1252 
java_command: com.example.demo.NewprojectApplication --spring.output.ansi.enabled=always
java_class_path (initial): C:\Users\ASHISH\Desktop\sts\newproject\bin\main;C:\Users\ASHISH\.gradle\caches\modules-2\files-2.1\org.springframework.boot\spring-boot-starter-data-jpa\2.2.4.RELEASE\374fc811a6e64632593cae83fe6786b1b93b574\spring-boot-starter-data-jpa-2.2.4.RELEASE.jar;C:\Users\ASHISH\.gradle\caches\modules-2\files-2.1\org.springframework.boot\spring-boot-starter-security\2.2.4.RELEASE\6ae84ac22148368eca716c64424e2f5d9db7a156\spring-boot-starter-security-2.2.4.RELEASE.jar;C:\Users\ASHISH\.gradle\caches\modules-2\files-2.1\org.springframework.boot\spring-boot-starter-thymeleaf\2.2.4.RELEASE\168d71302f3227702e8a2d74841136c6e0814d81\spring-boot-starter-thymeleaf-2.2.4.RELEASE.jar;C:\Users\ASHISH\.gradle\caches\modules-2\files-2.1\org.springframework.boot\spring-boot-starter-web-services\2.2.4.RELEASE\3c19d62e7891bb70d99d1366fddc31a5b09cf0a7\spring-boot-starter-web-services-2.2.4.RELEASE.jar;C:\Users\ASHISH\.gradle\caches\modules-2\files-2.1\com.vaadin\vaadin-spring-boot-starter\14.1.16\a5db68224e202cac2f1f2e0356f3ba4203dc93cf\vaadin-spring-boot-starter-14.1.16.jar;C:\Users\ASHISH\.gradle\caches\modules-2\files-2.1\org.springframework.boot\spring-boot-starter-web\2.2.4.RELEASE\ec75d01d212b5229c16d872fb127744c0ed46ed8\spring-boot-starter-web-2.2.4.RELEASE.jar;C:\Users\ASHISH\.gradle\caches\modules-2\files-2.1\org.springframework.boot\spring-boot-starter-webflux\2.2.4.RELEASE\e26ab42e62ac9a398941dda033b0ea17edce2643\spring-boot-starter-webflux-2.2.4.RELEASE.jar;C:\Users\ASHISH\.gradle\caches\modules-2\files-2.1\org.springframework.boot\spring-boot-starter-aop\2.2.4.RELEASE\26fe8208e070eb17e48e101f812c4519103165a\spring-boot-starter-aop-2.2.4.RELEASE.jar;C:\Users\ASHISH\.gradle\caches\modules-2\files-2.1\org.springframework.boot\spring-boot-starter-jdbc\2.2.4.RELEASE\2391d4f6f338b1eee003f0aadfcd4124cd3ed191\spring-boot-starter-jdbc-2.2.4.RELEASE.jar;C:\Users\ASHISH\.gradle\caches\modules-2\files-2.1\com.sun.xml.messaging.saaj\saaj-impl\1.5.1\e76b10e4f99630d0e5
Launcher Type: SUN_STANDARD

[Global flags]
     bool BytecodeVerificationLocal                = false                                     {product} {command line}
     bool BytecodeVerificationRemote               = false                                     {product} {command line}
     intx CICompilerCount                          = 3                                         {product} {ergonomic}
     uint ConcGCThreads                            = 1                                         {product} {ergonomic}
     uint G1ConcRefinementThreads                  = 4                                         {product} {ergonomic}
   size_t G1HeapRegionSize                         = 1048576                                   {product} {ergonomic}
    uintx GCDrainStackTargetSize                   = 64                                        {product} {ergonomic}
   size_t InitialHeapSize                          = 134217728                                 {product} {ergonomic}
     bool ManagementServer                         = true                                      {product} {command line}
   size_t MarkStackSize                            = 4194304                                   {product} {ergonomic}
   size_t MaxHeapSize                              = 2134900736                                {product} {ergonomic}
   size_t MaxNewSize                               = 1280311296                                {product} {ergonomic}
   size_t MinHeapDeltaBytes                        = 1048576                                   {product} {ergonomic}
    uintx NonNMethodCodeHeapSize                   = 6973028                                {pd product} {ergonomic}
    uintx NonProfiledCodeHeapSize                  = 244685212                              {pd product} {ergonomic}
    uintx ProfiledCodeHeapSize                     = 0                                      {pd product} {ergonomic}
    uintx ReservedCodeCacheSize                    = 251658240                              {pd product} {ergonomic}
     bool SegmentedCodeCache                       = true                                      {product} {ergonomic}
     intx TieredStopAtLevel                        = 1                                         {product} {command line}
     bool UseCompressedClassPointers               = true                                 {lp64_product} {ergonomic}
     bool UseCompressedOops                        = true                                 {lp64_product} {ergonomic}
     bool UseG1GC                                  = true                                      {product} {ergonomic}
     bool UseLargePagesIndividualAllocation        = false                                  {pd product} {ergonomic}

Logging:
Log output configuration:
 #0: stdout all=warning uptime,level,tags
 #1: stderr all=off uptime,level,tags

Environment Variables:
PATH=C:/Program Files/Java/jdk-11.0.4/bin/server;C:/Program Files/Java/jdk-11.0.4/bin;C:\Program Files\Java\jdk-11.0.4\bin;C:\Program Files (x86)\Common Files\Microsoft Shared\Windows Live;C:\WINDOWS\system32;C:\WINDOWS;C:\WINDOWS\System32\Wbem;C:\WINDOWS\System32\WindowsPowerShell\v1.0\;C:\Program Files (x86)\Windows Live\Shared;C:\Program Files (x86)\ATI Technologies\ATI.ACE\Core-Static;C:\Program Files\Intel\WiFi\bin\;C:\Program Files\Common Files\Intel\WirelessCommon\;C:\WINDOWS\System32\OpenSSH\;C:\Program Files (x86)\AMD\ATI.ACE\Core-Static;C:\Program Files\nodejs\;C:\Program Files\Git\cmd;C:\Program Files\Java\jdk-11.0.4\bin;;C:\Users\ASHISH\Desktop\sts-bundle\sts-3.9.10.RELEASE;
USERNAME=ASHISH
OS=Windows_NT
PROCESSOR_IDENTIFIER=Intel64 Family 6 Model 42 Stepping 7, GenuineIntel



---------------  S Y S T E M  ---------------

OS: Windows 10 , 64 bit Build 18362 (10.0.18362.329)

CPU:total 4 (initial active 4) (2 cores per cpu, 2 threads per core) family 6 model 42 stepping 7, cmov, cx8, fxsr, mmx, sse, sse2, sse3, ssse3, sse4.1, sse4.2, popcnt, avx, aes, clmul, ht, tsc, tscinvbit

Memory: 4k page, system-wide physical 8139M (3219M free)
TotalPageFile size 16331M (AvailPageFile size 10304M)
current process WorkingSet (physical memory assigned to process): 71M, peak: 71M
current process commit charge ("private bytes"): 215M, peak: 215M

vm_info: Java HotSpot(TM) 64-Bit Server VM (11.0.4+10-LTS) for windows-amd64 JRE (11.0.4+10-LTS), built on Jul  4 2019 16:28:13 by "mach5one" with MS VC++ 15.5 (VS2017)

END.
