#
# A fatal error has been detected by the Java Runtime Environment:
#
#  EXCEPTION_ACCESS_VIOLATION (0xc0000005) at pc=0x00007ffa14d17a16, pid=4488, tid=3120
#
# JRE version: Java(TM) SE Runtime Environment (11.0.4+10) (build 11.0.4+10-LTS)
# Java VM: Java HotSpot(TM) 64-Bit Server VM (11.0.4+10-LTS, mixed mode, tiered, compressed oops, g1 gc, windows-amd64)
# Problematic frame:
# V  [jvm.dll+0x6c7a16]
#
# No core dump will be written. Minidumps are not enabled by default on client versions of Windows
#
# If you would like to submit a bug report, please visit:
#   http://bugreport.java.com/bugreport/crash.jsp
#

---------------  S U M M A R Y ------------

Command Line: -Dcom.sun.management.jmxremote -Dcom.sun.management.jmxremote.port=49926 -Dcom.sun.management.jmxremote.authenticate=false -Dcom.sun.management.jmxremote.ssl=false -Djava.rmi.server.hostname=localhost -Dspring.jmx.enabled=true -Dspring.liveBeansView.mbeanDomain -Dspring.application.admin.enabled=true -Xverify:none -XX:TieredStopAtLevel=1 -Dspring.boot.project.name=newproject -Dfile.encoding=Cp1252 com.example.demo.NewprojectApplication --spring.output.ansi.enabled=always

Host: Intel(R) Core(TM) i5-2410M CPU @ 2.30GHz, 4 cores, 7G,  Windows 10 , 64 bit Build 18362 (10.0.18362.329)
Time: Wed Feb  5 06:59:43 2020 India Standard Time elapsed time: 1 seconds (0d 0h 0m 1s)

---------------  T H R E A D  ---------------

Current thread (0x0000027358bc6800):  WatcherThread [stack: 0x000000ab66500000,0x000000ab66600000] [id=3120]

Stack: [0x000000ab66500000,0x000000ab66600000],  sp=0x000000ab665ff610,  free space=1021k
Native frames: (J=compiled Java code, j=interpreted, Vv=VM code, C=native code)
V  [jvm.dll+0x6c7a16]
V  [jvm.dll+0x71321d]
V  [jvm.dll+0x738bd9]
V  [jvm.dll+0x634c82]
C  [ucrtbase.dll+0x20e72]
C  [KERNEL32.DLL+0x17bd4]
C  [ntdll.dll+0x6ced1]


siginfo: EXCEPTION_ACCESS_VIOLATION (0xc0000005), reading address 0x0000000800000007


Register to memory mapping:

RIP=0x00007ffa14d17a16 jvm.dll
RAX=0x0000000800000007 is an unknown value
RBX=0x0 is NULL
RCX=0x0000027358bb4310 points into unknown readable memory: 58 35 f2 14 fa 7f 00 00
RDX=0x000000000000003f is an unknown value
RSP=0x000000ab665ff610 points into unknown readable memory: 00 68 bc 58 73 02 00 00
RBP=0x0000000000000002 is an unknown value
RSI=0x0000027358b1dca0 points into unknown readable memory: 07 00 00 00 08 00 00 00
RDI=