#
# A fatal error has been detected by the Java Runtime Environment:
#
#  EXCEPTION_ACCESS_VIOLATION (0xc0000005) at pc=0x00007ffb85a1e7a5, pid=11348, tid=6948
#
# JRE version: Java(TM) SE Runtime Environment (11.0.4+10) (build 11.0.4+10-LTS)
# Java VM: Java HotSpot(TM) 64-Bit Server VM (11.0.4+10-LTS, mixed mode, tiered, compressed oops, g1 gc, windows-amd64)
# Problematic frame:
# V  [jvm.dll+0x65e7a5]
#
# No core dump will be written. Minidumps are not enabled by default on client versions of Windows
#
# If you would like to submit a bug report, please visit:
#   http://bugreport.java.com/bugreport/crash.jsp
#

---------------  S U M M A R Y ------------

Command Line: -Dcom.sun.management.jmxremote -Dcom.sun.management.jmxremote.port=64822 -Dcom.sun.management.jmxremote.authenticate=false -Dcom.sun.management.jmxremote.ssl=false -Djava.rmi.server.hostname=localhost -Dspring.jmx.enabled=true -Dspring.liveBeansView.mbeanDomain -Dspring.application.admin.enabled=true -Xverify:none -XX:TieredStopAtLevel=1 -Dspring.boot.project.name=newproject -Dfile.encoding=Cp1252 com.example.demo.NewprojectApplication --spring.output.ansi.enabled=always

Host: Intel(R) Core(TM) i5-2410M CPU @ 2.30GHz, 4 cores, 7G,  Windows 10 , 64 bit Build 18362 (10.0.18362.329)
Time: Tue Feb 11 17:52:41 2020 India Standard Time elapsed time: 1 seconds (0d 0h 0m 1s)

---------------  T H R E A D  ---------------

Current thread (0x000001aaa6e3c000):  WatcherThread [stack: 0x000000aa82400000,0x000000aa82500000] [id=6948]

Stack: [0x000000aa82400000,0x000000aa82500000],  sp=0x000000aa824ffb40,  free space=1022k
Native frames: (J=compiled Java code, j=interpreted, Vv=VM code, C=native code)
V  [jvm.dll+0x65e7a5]
V  [jvm.dll+0x6c7a2f]
V  [jvm.dll+0x71321d]
V  [jvm.dll+0x738bd9]
V  [jvm.dll+0x634c82]
C  [ucrtbase.dll+0x20e72]
C  [KERNEL32.DLL+0x17bd4]
C  [ntdll.dll+0x6ced1]


siginfo: EXCEPTION_ACCESS_VIOLATION (0xc0000005), reading address 0x0000000400000003


Register to memory mapping:

RIP=0x00007ffb85a1e7a5 jvm.dll
RAX=0x0000000400000003 is an unknown value
RBX=0x000001aaa6da73c0 points into unknown readable memory: 60 a4 c8 85 fb 7f 00 00
RCX=0x000001aaa6d8faa0 points into unknown readable memory: 03 00 00 00 04 00 00 00
RDX=0x0000000000000032 is an unknown value
RSP=0x000000aa824ffb40 points into unknown readable memory: e0 47 61 87 aa 01 00 00
RBP=0x0000000000000002 is an unknown value
RSI=0x000001aaa6d8fa10 points into unknown readable memory: 80 38 e2 a6 aa 01 00 00
RDI=0x0 is NULL
R8 =0x0 is NULL
R9 =0x000001aa8f900b80 is at begin+0 in a stub
StubRoutines::atomic_cmpxchg_long [0x000001aa8f900b80, 0x000001aa8f900b89[ (9 bytes)
R10=0x00000000546c6148 is an unknown value
R11=0x000001c238b54480 is an unknown value
R12=0x0 is NULL
R13=0x000001aaa6e3c000 points into unknown readable memory: 58 7c c9 85 fb 7f 00 00
R14=0x0000000000000032 is an unknown value
R15=0x000001aaa6d31390 points into unknown readable memory: 00 00 00 00 00 00 00 00


Registers:
RAX=0x0000000400000003, RBX=0x000001aaa6da73c0, RCX=0x000001aaa6d8faa0, RDX=0x0000000000000032
RSP=0x000000aa824ffb40, RBP=0x0000000000000002, RSI=0x000001aaa6d8fa10, RDI=0x0000000000000000
R8 =0x0000000000000000, R9 =0x000001aa8f900b80, R10=0x00000000546c6148, R11=0x000001c238b54480
R12=0x0000000000000000, R13=0x000001aaa6e3c000, R14=0x0000000000000032, R15=0x000001aaa6d31390
RIP=0x00007ffb85a1e7a5, EFLAGS=0x0000000000010206

Top of Stack: (sp=0x000000aa824ffb40)
0x000000aa824ffb40:   000001aa876147e0 0000000000000974
0x000000aa824ffb50:   0000000000000001 00007ffb859c7d40
0x000000aa824ffb60:   0000000000000000 00007ffb85a87a2f
0x000000aa824ffb70:   000001aaa6e3c000 000001aaa6e3c000
0x000000aa824ffb80:   0000dc5c5eb6901c 00007ffb859c87c9
0x000000aa824ffb90:   00007ffb85e33798 00007ffb85ad321d
0x000000aa824ffba0:   0000000000000001 000001aa876147e0
0x000000aa824ffbb0:   000001aa876147e0 431bde82d7b634db
0x000000aa824ffbc0:   000001aaa6d31390 0000dc5c5eb6901c
0x000000aa824ffbd0:   000001aa876147e0 00007ffb85af8bd9
0x000000aa824ffbe0:   0000000000000001 0000000000000032
0x000000aa824ffbf0:   0000000000000032 0000000000000002
0x000000aa824ffc00:   0000000000000000 0000000000000000
0x000000aa824ffc10:   0000000000000000 00007ffbb7121edb
0x000000aa824ffc20:   0000000000000000 00007ffbba2335d0
0x000000aa824ffc30:   0000000000000000 0000000000000000 

Instructions: (pc=0x00007ffb85a1e7a5)
0x00007ffb85a1e785:   70 48 83 c4 50 5f c3 cc cc cc cc 40 53 48 83 ec
0x00007ffb85a1e795:   20 48 8b d9 48 8b 49 38 48 85 c9 74 0c 48 8b 01
0x00007ffb85a1e7a5:   ff 10 48 8b 4b 28 48 89 01 48 83 c4 20 5b c3 cc
0x00007ffb85a1e7b5:   cc cc cc cc cc cc cc cc cc cc cc 48 89 5c 24 08 


Stack slot to memory mapping:
stack at sp + 0 slots: 0x000001aa876147e0 points into unknown readable memory: 01 00 00 00 00 00 00 00
stack at sp + 1 slots: 