#
# A fatal error has been detected by the Java Runtime Environment:
#
#  EXCEPTION_ACCESS_VIOLATION (0xc0000005) at pc=0x00007ffb82b07a29, pid=12788, tid=8308
#
# JRE version: Java(TM) SE Runtime Environment (11.0.4+10) (build 11.0.4+10-LTS)
# Java VM: Java HotSpot(TM) 64-Bit Server VM (11.0.4+10-LTS, mixed mode, tiered, compressed oops, g1 gc, windows-amd64)
# Problematic frame:
# V  [jvm.dll+0x6c7a29]
#
# No core dump will be written. Minidumps are not enabled by default on client versions of Windows
#
# If you would like to submit a bug report, please visit:
#   http://bugreport.java.com/bugreport/crash.jsp
#

---------------  S U M M A R Y ------------

Command Line: -Dcom.sun.management.jmxremote -Dcom.sun.management.jmxremote.port=60114 -Dcom.sun.management.jmxremote.authenticate=false -Dcom.sun.management.jmxremote.ssl=false -Djava.rmi.server.hostname=localhost -Dspring.jmx.enabled=true -Dspring.liveBeansView.mbeanDomain -Dspring.application.admin.enabled=true -Xverify:none -XX:TieredStopAtLevel=1 -Dspring.boot.project.name=newproject -Dfile.encoding=Cp1252 com.example.demo.NewprojectApplication --spring.output.ansi.enabled=always

Host: Intel(R) Core(TM) i5-2410M CPU @ 2.30GHz, 4 cores, 7G,  Windows 10 , 64 bit Build 18362 (10.0.18362.329)
Time: Sun Feb  9 21:11:03 2020 India Standard Time elapsed time: 1 seconds (0d 0h 0m 1s)

---------------  T H R E A D  ---------------

Current thread (0x000001898476c000):  WatcherThread [stack: 0x0000007da0e00000,0x0000007da0f00000] [id=8308]

Stack: [0x0000007da0e00000,0x0000007da0f00000],  sp=0x0000007da0effd10,  free space=1023k
Native frames: (J=compiled Java code, j=interpreted, Vv=VM code, C=native code)
V  [jvm.dll+0x6c7a29]
V  [jvm.dll+0x71321d]
V  [jvm.dll+0x738bd9]
V  [jvm.dll+0x634c82]
C  [ucrtbase.dll+0x20e72]
C  [KERNEL32.DLL+0x17bd4]
C  [ntdll.dll+0x6ced1]


siginfo: EXCEPTION_ACCESS_VIOLATION (0xc0000005), reading address 0x000000100000000f


Register to memory mapping:

RIP=0x00007ffb82b07a29 jvm.dll
RAX=0x00000189846710a0 points into unknown readable memory: 0f 00 00 00 10 00 00 00
RBX=0x0 is NULL
RCX=0x000000100000000f is an unknown value
RDX=0x0000000000000032 is an unknown value
RSP=0x0000007da0effd10 points into unknown readable memory: 00 c0 76 84 89 01 00 00
RBP=0x0000000000000002 is an unknown value
RSI=0x00000189846710f0 points into unknown readable memory: 90 31 75 84 89 01 00 00
RDI=0x0 is NULL
R8 =0x0 is NULL
R9 =0x00000189ed080b80 is at begin+0 in a stub
StubRoutines::atomic_cmpxchg_long [0x00000189ed080b80, 0x00000189ed080b89[ (9 bytes)
R10=0x00000000546c6148 is an unknown value
R11=0x0000006f7397fece is an unknown value
R12=0x0 is NULL
R13=0x000001898476c000 points into unknown readable memory: 58 7c d1 82 fb 7f 00 00
R14=0x0000000000000032 is an unknown value
R15=0x00000189846266f0 points into unknown readable memory: 00 00 00 00 00 00 00 00


Registers:
RAX=0x00000189846710a0, RBX=0x0000000000000000, RCX=0x000000100000000f, RDX=0x0000000000000032
RSP=0x0000007da0effd10, RBP=0x0000000000000002, RSI=0x00000189846710f0, RDI=0x0000000000000000
R8 =0x0000000000000000, R9 =0x00000189ed080b80, R10=0x00000000546c6148, R11=0x0000006f7397fece
R12=0x0000000000000000, R13=0x000001898476c000, R14=0x0000000000000032, R15=0x00000189846266f0
RIP=0x00007ffb82b07a29, EFLAGS=0x0000000000010202

Top of Stack: (sp=0x0000007da0effd10)
0x0000007da0effd10:   000001898476c000 000001898476c000
0x0000007da0effd20:   00004a0225eaed60 00007ffb82a487c9
0x0000007da0effd30:   00007ffb82eb3798 00007ffb82b5321d
0x0000007da0effd40:   0000000000000001 00000189e4d95710
0x0000007da0effd50:   00000189e4d95710 431bde82d7b634db
0x0000007da0effd60:   00000189846266f0 00004a0225eaed60
0x0000007da0effd70:   00000189e4d95710 00007ffb82b78bd9
0x0000007da0effd80:   0000000000000001 0000000000000032
0x0000007da0effd90:   0000000000000032 0000000000000002
0x0000007da0effda0:   0000000000000000 0000000000000000
0x0000007da0effdb0:   0000000000000000 0000000000000000
0x0000007da0effdc0:   0000000000000000 0000000000000000
0x0000007da0effdd0:   0000000000000000 0000000000000000
0x0000007da0effde0:   0000000000000000 0000000000000000
0x0000007da0effdf0:   0000000000000000 0000007da0effeb0
0x0000007da0effe00:   000001898476c000 00007ffb82a74c82 

Instructions: (pc=0x00007ffb82b07a29)
0x00007ffb82b07a09:   20 48 8b 35 47 6c 3a 00 33 db 48 8b 06 39 18 7e
0x00007ffb82b07a19:   27 48 89 7c 24 30 8b fb 48 8b 40 18 48 8b 0c 07
0x00007ffb82b07a29:   48 8b 01 ff 50 08 48 8b 06 48 8d 7f 08 ff c3 3b
0x00007ffb82b07a39:   18 7c e5 48 8b 7c 24 30 48 8b 5c 24 38 48 83 c4 


Stack slot to memory mapping:
stack at sp + 0 slots: 0x000001898476c000 points into unknown readable memory: 58 7c d1 82 fb 7f 00 00
stack at sp + 1 slots: 0x000001898476c000 points into unknown readable memory: 58 7c d1 82 fb 7f 00 00
stack at sp + 2 slots: 0x00004a0225eaed60 is an unknown value
stack at sp + 3 slots: 0x00007ffb82a487c9 jvm.dll
stack at sp + 4 slots: 0x00007ffb82eb3798 jvm.dll
stack at sp + 5 slots: 0x00007ffb82b5321d msvcp_win.dll
stack at sp + 6 slots: 0x0000000000000001 is an unknown value
stack at sp + 7 slots: 0x00000189e4d95710 points into unknown readable memory: 01 00 00 00 00 00 00 00


---------------  P R O C E S S  ---------------

Threads class SMR info:
_java_thread_list=0x000001898475aea0, length=14, elements={
0x00000189e4d97000, 0x00000189ff9a8800, 0x00000189ff9b2000, 0x00000189ff9c0800,
0x00000189ff9c2800, 0x00000189ff9c4800, 0x00000189ffa2c800, 0x00000189ff133000,
0x00000189ffc32800, 0x0000018984623000, 0x00000189846fb800, 0x0000018984700800,
0x0000018984762000, 0x00000189847ce000
}

Java Threads: ( => current thread )
  0x00000189e4d97000 JavaThread "main" [_thread_in_native, id=796, stack(0x0000007d9f700000,0x0000007d9f800000)]
  0x00000189ff9a8800 JavaThread "Reference Handler" daemon [_thread_blocked, id=13000, stack(0x0000007d9ff00000,0x0000007da0000000)]
  0x00000189ff9b2000 JavaThread "Finalizer" daemon [_thread_blocked, id=12892, stack(0x0000007da0000000,0x0000007da0100000)]
  0x00000189ff9c0800 JavaThread "Signal Dispatcher" daemon [_thread_blocked, id=6936, stack(0x0000007da0100000,0x0000007da0200000)]
  0x00000189ff9c2800 JavaThread "Attach Listener" daemon [_thread_blocked, id=2176, stack(0x0000007da0200000,0x0000007da0300000)]
  0x00000189ff9c4800 JavaThread "C1 CompilerThread0" daemon [_thread_blocked, id=9804, stack(0x0000007da0300000,0x0000007da0400000)]
  0x00000189ffa2c800 JavaThread "Sweeper thread" daemon [_thread_blocked, id=8312, stack(0x0000007da0400000,0x0000007da0500000)]
  0x00000189ff133000 JavaThread "Common-Cleaner" daemon [_thread_blocked, id=9544, stack(0x0000007da0500000,0x0000007da0600000)]
  0x00000189ffc32800 JavaThread "Service Thread" daemon [_thread_blocked, id=10024, stack(0x0000007da0600000,0x0000007da0700000)]
  0x0000018984623000 JavaThread "C1 CompilerThread1" daemon [_thread_in_native, id=12060, stack(0x0000007da0700000,0x0000007da0800000)]
  0x00000189846fb800 JavaThread "RMI TCP Accept-0" daemon [_thread_in_native, id=8608, stack(0x0000007da0b00000,0x0000007da0c00000)]
  0x0000018984700800 JavaThread "RMI TCP Accept-60114" daemon [_thread_in_native, id=8212, stack(0x0000007da0c00000,0x0000007da0d00000)]
  0x0000018984762000 JavaThread "RMI TCP Accept-0" daemon [_thread_in_native, id=2416, stack(0x0000007da0d00000,0x0000007da0e00000)]
  0x00000189847ce000 JavaThread "C1 CompilerThread2" daemon [_thread_blocked, id=10944, stack(0x0000007da0f00000,0x0000007da1000000)]

Other Threads:
  0x00000189ff982800 VMThread "VM Thread" [stack: 0x0000007d9fe00000,0x0000007d9ff00000] [id=5808]
=>0x000001898476c000 WatcherThread [stack: 0x0000007da0e00000,0x0000007da0f00000] [id=8308]
  0x00000189e4dae000 GCTaskThread "GC Thread#0" [stack: 0x0000007d9f900000,0x0000007d9fa00000] [id=7956]
  0x0000018984654000 GCTaskThread "GC Thread#1" [stack: 0x0000007da0800000,0x0000007da0900000] [id=3008]
  0x0000018984655000 GCTaskThread "GC Thread#2" [stack: 0x0000007da0900000,0x0000007da0a00000] [id=6980]
  0x00000189e4de0000 ConcurrentGCThread "G1 Main Marker" [stack: 0x0000007d9fa00000,0x0000007d9fb00000] [id=10928]
  0x00000189e4de2000 ConcurrentGCThread "G1 Conc#0" [stack: 0x0000007d9fb00000,0x0000007d9fc00000] [id=9600]
  0x00000189fefe0800 ConcurrentGCThread "G1 Refine#0" [stack: 0x0000007d9fc00000,0x0000007d9fd00000] [id=13144]
  0x00000189ffd2b000 ConcurrentGCThread "G1 Refine#1" [stack: 0x0000007da0a00000,0x0000007da0b00000] [id=7228]
  0x00000189fefe2000 ConcurrentGCThread "G1 Young RemSet Sampling" [stack: 0x0000007d9fd00000,0x0000007d9fe00000] [id=9312]

Threads with active compile tasks:

VM state:not at safepoint (normal execution)

VM Mutex/Monitor currently owned by a thread:  ([mutex/lock_event])
[0x00000189e4d95710] PeriodicTask_lock - owner thread: 0x000001898476c000

Heap address: 0x0000000080c00000, size: 2036 MB, Compressed Oops mode: 32-bit
Narrow klass base: 0x0000000000000000, Narrow klass shift: 3
Compressed class space size: 1073741824 Address: 0x0000000100000000

Heap:
 garbage-first heap   total 131072K, used 13022K [0x0000000080c00000, 0x0000000100000000)
  region size 1024K, 6 young (6144K), 1 survivors (1024K)
 Metaspace       used 13292K, capacity 13557K, committed 13824K, reserved 1060864K
  class space    used 1400K, capacity 1506K, committed 1536K, reserved 1048576K
Heap Regions: E=young(eden), S=young(survivor), O=old, HS=humongous(starts), HC=humongous(continues), CS=collection set, F=free, A=archive, TAMS=top-at-mark-start (previous, next)
|   0|0x0000000080c00000, 0x0000000080d00000, 0x0000000080d00000|100%|HS|  |TAMS 0x0000000080c00000, 0x0000000080c00000| Complete 
|   1|0x0000000080d00000, 0x0000000080e00000, 0x0000000080e00000|100%| O|  |TAMS 0x0000000080d00000, 0x0000000080d00000| Untracked 
|   2|0x0000000080e00000, 0x0000000080f00000, 0x0000000080f00000|100%| O|  |TAMS 0x0000000080e00000, 0x0000000080e00000| Untracked 
|   3|0x0000000080f00000, 0x0000000081000000, 0x0000000081000000|100%| O|  |TAMS 0x0000000080f00000, 0x0000000080f00000| Untracked 
|   4|0x0000000081000000, 0x0000000081100000, 0x0000000081100000|100%| O|  |TAMS 0x0000000081000000, 0x0000000081000000| Untracked 
|   5|0x0000000081100000, 0x0000000081200000, 0x0000000081200000|100%| O|  |TAMS 0x0000000081100000, 0x0000000081100000| Untracked 
|   6|0x0000000081200000, 0x0000000081300000, 0x0000000081300000|100%| O|  |TAMS 0x0000000081200000, 0x0000000081200000| Untracked 
|   7|0x0000000081300000, 0x00000000813f1a00, 0x0000000081400000| 94%| O|  |TAMS 0x0000000081300000, 0x0000000081300000| Untracked 
|   8|0x0000000081400000, 0x0000000081400000, 0x0000000081500000|  0%| F|  |TAMS 0x0000000081400000, 0x0000000081400000| Untracked 
|   9|0x0000000081500000, 0x0000000081500000, 0x0000000081600000|  0%| F|  |TAMS 0x0000000081500000, 0x0000000081500000| Untracked 
|  10|0x0000000081600000, 0x0000000081600000, 0x0000000081700000|  0%| F|  |TAMS 0x0000000081600000, 0x0000000081600000| Untracked 
|  11|0x0000000081700000, 0x0000000081700000, 0x0000000081800000|  0%| F|  |TAMS 0x0000000081700000, 0x0000000081700000| Untracked 
|  12|0x0000000081800000, 0x0000000081800000, 0x0000000081900000|  0%| F|  |TAMS 0x0000000081800000, 0x0000000081800000| Untracked 
|  13|0x0000000081900000, 0x0000000081900000, 0x0000000081a00000|  0%| F|  |TAMS 0x0000000081900000, 0x0000000081900000| Untracked 
|  14|0x0000000081a00000, 0x0000000081a00000, 0x0000000081b00000|  0%| F|  |TAMS 0x0000000081a00000, 0x0000000081a00000| Untracked 
|  15|0x0000000081b00000, 0x0000000081b00000, 0x0000000081c00000|  0%| F|  |TAMS 0x0000000081b00000, 0x0000000081b00000| Untracked 
|  16|0x0000000081c00000, 0x0000000081c00000, 0x0000000081d00000|  0%| F|  |TAMS 0x0000000081c00000, 0x0000000081c00000| Untracked 
|  17|0x0000000081d00000, 0x0000000081d00000, 0x0000000081e00000|  0%| F|  |TAMS 0x0000000081d00000, 0x0000000081d00000| Untracked 
|  18|0x0000000081e00000, 0x0000000081e00000, 0x0000000081f00000|  0%| F|  |TAMS 0x0000000081e00000, 0x0000000081e00000| Untracked 
|  19|0x0000000081f00000, 0x0000000081f00000, 0x0000000082000000|  0%| F|  |TAMS 0x0000000081f00000, 0x0000000081f00000| Untracked 
|  20|0x0000000082000000, 0x0000000082000000, 0x0000000082100000|  0%| F|  |TAMS 0x0000000082000000, 0x0000000082000000| Untracked 
|  21|0x0000000082100000, 0x0000000082100000, 0x0000000082200000|  0%| F|  |TAMS 0x0000000082100000, 0x0000000082100000| Untracked 
|  22|0x0000000082200000, 0x0000000082200000, 0x0000000082300000|  0%| F|  |TAMS 0x0000000082200000, 0x0000000082200000| Untracked 
|  23|0x0000000082300000, 0x0000000082300000, 0x0000000082400000|  0%| F|  |TAMS 0x0000000082300000, 0x0000000082300000| Untracked 
|  24|0x0000000082400000, 0x0000000082400000, 0x0000000082500000|  0%| F|  |TAMS 0x0000000082400000, 0x0000000082400000| Untracked 
|  25|0x0000000082500000, 0x0000000082500000, 0x0000000082600000|  0%| F|  |TAMS 0x0000000082500000, 0x0000000082500000| Untracked 
|  26|0x0000000082600000, 0x0000000082600000, 0x0000000082700000|  0%| F|  |TAMS 0x0000000082600000, 0x0000000082600000| Untracked 
|  27|0x0000000082700000, 0x0000000082700000, 0x0000000082800000|  0%| F|  |TAMS 0x0000000082700000, 0x0000000082700000| Untracked 
|  28|0x0000000082800000, 0x0000000082800000, 0x0000000082900000|  0%| F|  |TAMS 0x0000000082800000, 0x0000000082800000| Untracked 
|  29|0x0000000082900000, 0x0000000082900000, 0x0000000082a00000|  0%| F|  |TAMS 0x0000000082900000, 0x0000000082900000| Untracked 
|  30|0x0000000082a00000, 0x0000000082a00000, 0x0000000082b00000|  0%| F|  |TAMS 0x0000000082a00000, 0x0000000082a00000| Untracked 
|  31|0x0000000082b00000, 0x0000000082b00000, 0x0000000082c00000|  0%| F|  |TAMS 0x0000000082b00000, 0x0000000082b00000| Untracked 
|  32|0x0000000082c00000, 0x0000000082c00000, 0x0000000082d00000|  0%| F|  |TAMS 0x0000000082c00000, 0x0000000082c00000| Untracked 
|  33|0x0000000082d00000, 0x0000000082d00000, 0x0000000082e00000|  0%| F|  |TAMS 0x0000000082d00000, 0x0000000082d00000| Untracked 
|  34|0x0000000082e00000, 0x0000000082e00000, 0x0000000082f00000|  0%| F|  |TAMS 0x0000000082e00000, 0x0000000082e00000| Untracked 
|  35|0x0000000082f00000, 0x0000000082f00000, 0x0000000083000000|  0%| F|  |TAMS 0x0000000082f00000, 0x0000000082f00000| Untracked 
|  36|0x0000000083000000, 0x0000000083000000, 0x0000000083100000|  0%| F|  |TAMS 0x0000000083000000, 0x0000000083000000| Untracked 
|  37|0x0000000083100000, 0x0000000083100000, 0x0000000083200000|  0%| F|  |TAMS 0x0000000083100000, 0x0000000083100000| Untracked 
|  38|0x0000000083200000, 0x0000000083200000, 0x0000000083300000|  0%| F|  |TAMS 0x0000000083200000, 0x0000000083200000| Untracked 
|  39|0x0000000083300000, 0x0000000083300000, 0x0000000083400000|  0%| F|  |TAMS 0x0000000083300000, 0x0000000083300000| Untracked 
|  40|0x0000000083400000, 0x0000000083400000, 0x0000000083500000|  0%| F|  |TAMS 0x0000000083400000, 0x0000000083400000| Untracked 
|  41|0x0000000083500000, 0x0000000083500000, 0x0000000083600000|  0%| F|  |TAMS 0x0000000083500000, 0x0000000083500000| Untracked 
|  42|0x0000000083600000, 0x0000000083600000, 0x0000000083700000|  0%| F|  |TAMS 0x0000000083600000, 0x0000000083600000| Untracked 
|  43|0x0000000083700000, 0x0000000083700000, 0x0000000083800000|  0%| F|  |TAMS 0x0000000083700000, 0x0000000083700000| Untracked 
|  44|0x0000000083800000, 0x0000000083800000, 0x0000000083900000|  0%| F|  |TAMS 0x0000000083800000, 0x0000000083800000| Untracked 
|  45|0x0000000083900000, 0x0000000083900000, 0x0000000083a00000|  0%| F|  |TAMS 0x0000000083900000, 0x0000000083900000| Untracked 
|  46|0x0000000083a00000, 0x0000000083a00000, 0x0000000083b00000|  0%| F|  |TAMS 0x0000000083a00000, 0x0000000083a00000| Untracked 
|  47|0x0000000083b00000, 0x0000000083b00000, 0x0000000083c00000|  0%| F|  |TAMS 0x0000000083b00000, 0x0000000083b00000| Untracked 
|  48|0x0000000083c00000, 0x0000000083c00000, 0x0000000083d00000|  0%| F|  |TAMS 0x0000000083c00000, 0x0000000083c00000| Untracked 
|  49|0x0000000083d00000, 0x0000000083d00000, 0x0000000083e00000|  0%| F|  |TAMS 0x0000000083d00000, 0x0000000083d00000| Untracked 
|  50|0x0000000083e00000, 0x0000000083e00000, 0x0000000083f00000|  0%| F|  |TAMS 0x0000000083e00000, 0x0000000083e00000| Untracked 
|  51|0x0000000083f00000, 0x0000000083f00000, 0x0000000084000000|  0%| F|  |TAMS 0x0000000083f00000, 0x0000000083f00000| Untracked 
|  52|0x0000000084000000, 0x0000000084000000, 0x0000000084100000|  0%| F|  |TAMS 0x0000000084000000, 0x0000000084000000| Untracked 
|  53|0x0000000084100000, 0x0000000084100000, 0x0000000084200000|  0%| F|  |TAMS 0x0000000084100000, 0x0000000084100000| Untracked 
|  54|0x0000000084200000, 0x0000000084200000, 0x0000000084300000|  0%| F|  |TAMS 0x0000000084200000, 0x0000000084200000| Untracked 
|  55|0x0000000084300000, 0x0000000084300000, 0x0000000084400000|  0%| F|  |TAMS 0x0000000084300000, 0x0000000084300000| Untracked 
|  56|0x0000000084400000, 0x0000000084400000, 0x0000000084500000|  0%| F|  |TAMS 0x0000000084400000, 0x0000000084400000| Untracked 
|  57|0x0000000084500000, 0x0000000084500000, 0x0000000084600000|  0%| F|  |TAMS 0x0000000084500000, 0x0000000084500000| Untracked 
|  58|0x0000000084600000, 0x0000000084600000, 0x0000000084700000|  0%| F|  |TAMS 0x0000000084600000, 0x0000000084600000| Untracked 
|  59|0x0000000084700000, 0x0000000084700000, 0x0000000084800000|  0%| F|  |TAMS 0x0000000084700000, 0x0000000084700000| Untracked 
|  60|0x0000000084800000, 0x0000000084800000, 0x0000000084900000|  0%| F|  |TAMS 0x0000000084800000, 0x0000000084800000| Untracked 
|  61|0x0000000084900000, 0x0000000084900000, 0x0000000084a00000|  0%| F|  |TAMS 0x0000000084900000, 0x0000000084900000| Untracked 
|  62|0x0000000084a00000, 0x0000000084a00000, 0x0000000084b00000|  0%| F|  |TAMS 0x0000000084a00000, 0x0000000084a00000| Untracked 
|  63|0x0000000084b00000, 0x0000000084b00000, 0x0000000084c00000|  0%| F|  |TAMS 0x0000000084b00000, 0x0000000084b00000| Untracked 
|  64|0x0000000084c00000, 0x0000000084c00000, 0x0000000084d00000|  0%| F|  |TAMS 0x0000000084c00000, 0x0000000084c00000| Untracked 
|  65|0x0000000084d00000, 0x0000000084d00000, 0x0000000084e00000|  0%| F|  |TAMS 0x0000000084d00000, 0x0000000084d00000| Untracked 
|  66|0x0000000084e00000, 0x0000000084e00000, 0x0000000084f00000|  0%| F|  |TAMS 0x0000000084e00000, 0x0000000084e00000| Untracked 
|  67|0x0000000084f00000, 0x0000000084f00000, 0x0000000085000000|  0%| F|  |TAMS 0x0000000084f00000, 0x0000000084f00000| Untracked 
|  68|0x0000000085000000, 0x0000000085000000, 0x0000000085100000|  0%| F|  |TAMS 0x0000000085000000, 0x0000000085000000| Untracked 
|  69|0x0000000085100000, 0x0000000085100000, 0x0000000085200000|  0%| F|  |TAMS 0x0000000085100000, 0x0000000085100000| Untracked 
|  70|0x0000000085200000, 0x0000000085200000, 0x0000000085300000|  0%| F|  |TAMS 0x0000000085200000, 0x0000000085200000| Untracked 
|  71|0x0000000085300000, 0x0000000085300000, 0x0000000085400000|  0%| F|  |TAMS 0x0000000085300000, 0x0000000085300000| Untracked 
|  72|0x0000000085400000, 0x0000000085400000, 0x0000000085500000|  0%| F|  |TAMS 0x0000000085400000, 0x0000000085400000| Untracked 
|  73|0x0000000085500000, 0x0000000085500000, 0x0000000085600000|  0%| F|  |TAMS 0x0000000085500000, 0x0000000085500000| Untracked 
|  74|0x0000000085600000, 0x0000000085600000, 0x0000000085700000|  0%| F|  |TAMS 0x0000000085600000, 0x0000000085600000| Untracked 
|  75|0x0000000085700000, 0x0000000085700000, 0x0000000085800000|  0%| F|  |TAMS 0x0000000085700000, 0x0000000085700000| Untracked 
|  76|0x0000000085800000, 0x0000000085800000, 0x0000000085900000|  0%| F|  |TAMS 0x0000000085800000, 0x0000000085800000| Untracked 
|  77|0x0000000085900000, 0x0000000085900000, 0x0000000085a00000|  0%| F|  |TAMS 0x0000000085900000, 0x0000000085900000| Untracked 
|  78|0x0000000085a00000, 0x0000000085a00000, 0x0000000085b00000|  0%| F|  |TAMS 0x0000000085a00000, 0x0000000085a00000| Untracked 
|  79|0x0000000085b00000, 0x0000000085b00000, 0x0000000085c00000|  0%| F|  |TAMS 0x0000000085b00000, 0x0000000085b00000| Untracked 
|  80|0x0000000085c00000, 0x0000000085c00000, 0x0000000085d00000|  0%| F|  |TAMS 0x0000000085c00000, 0x0000000085c00000| Untracked 
|  81|0x0000000085d00000, 0x0000000085d00000, 0x0000000085e00000|  0%| F|  |TAMS 0x0000000085d00000, 0x0000000085d00000| Untracked 
|  82|0x0000000085e00000, 0x0000000085e00000, 0x0000000085f00000|  0%| F|  |TAMS 0x0000000085e00000, 0x0000000085e00000| Untracked 
|  83|0x0000000085f00000, 0x0000000085f00000, 0x0000000086000000|  0%| F|  |TAMS 0x0000000085f00000, 0x0000000085f00000| Untracked 
|  84|0x0000000086000000, 0x0000000086000000, 0x0000000086100000|  0%| F|  |TAMS 0x0000000086000000, 0x0000000086000000| Untracked 
|  85|0x0000000086100000, 0x0000000086100000, 0x0000000086200000|  0%| F|  |TAMS 0x0000000086100000, 0x0000000086100000| Untracked 
|  86|0x0000000086200000, 0x0000000086200000, 0x0000000086300000|  0%| F|  |TAMS 0x0000000086200000, 0x0000000086200000| Untracked 
|  87|0x0000000086300000, 0x0000000086300000, 0x0000000086400000|  0%| F|  |TAMS 0x0000000086300000, 0x0000000086300000| Untracked 
|  88|0x0000000086400000, 0x0000000086400000, 0x0000000086500000|  0%| F|  |TAMS 0x0000000086400000, 0x0000000086400000| Untracked 
|  89|0x0000000086500000, 0x0000000086500000, 0x0000000086600000|  0%| F|  |TAMS 0x0000000086500000, 0x0000000086500000| Untracked 
|  90|0x0000000086600000, 0x0000000086600000, 0x0000000086700000|  0%| F|  |TAMS 0x0000000086600000, 0x0000000086600000| Untracked 
|  91|0x0000000086700000, 0x0000000086700000, 0x0000000086800000|  0%| F|  |TAMS 0x0000000086700000, 0x0000000086700000| Untracked 
|  92|0x0000000086800000, 0x0000000086800000, 0x0000000086900000|  0%| F|  |TAMS 0x0000000086800000, 0x0000000086800000| Untracked 
|  93|0x0000000086900000, 0x0000000086900000, 0x0000000086a00000|  0%| F|  |TAMS 0x0000000086900000, 0x0000000086900000| Untracked 
|  94|0x0000000086a00000, 0x0000000086a00000, 0x0000000086b00000|  0%| F|  |TAMS 0x0000000086a00000, 0x0000000086a00000| Untracked 
|  95|0x0000000086b00000, 0x0000000086b00000, 0x0000000086c00000|  0%| F|  |TAMS 0x0000000086b00000, 0x0000000086b00000| Untracked 
|  96|0x0000000086c00000, 0x0000000086c00000, 0x0000000086d00000|  0%| F|  |TAMS 0x0000000086c00000, 0x0000000086c00000| Untracked 
|  97|0x0000000086d00000, 0x0000000086d00000, 0x0000000086e00000|  0%| F|  |TAMS 0x0000000086d00000, 0x0000000086d00000| Untracked 
|  98|0x0000000086e00000, 0x0000000086e00000, 0x0000000086f00000|  0%| F|  |TAMS 0x0000000086e00000, 0x0000000086e00000| Untracked 
|  99|0x0000000086f00000, 0x0000000086f00000, 0x0000000087000000|  0%| F|  |TAMS 0x0000000086f00000, 0x0000000086f00000| Untracked 
| 100|0x0000000087000000, 0x0000000087000000, 0x0000000087100000|  0%| F|  |TAMS 0x0000000087000000, 0x0000000087000000| Untracked 
| 101|0x0000000087100000, 0x0000000087100000, 0x0000000087200000|  0%| F|  |TAMS 0x0000000087100000, 0x0000000087100000| Untracked 
| 102|0x0000000087200000, 0x0000000087200000, 0x0000000087300000|  0%| F|  |TAMS 0x0000000087200000, 0x0000000087200000| Untracked 
| 103|0x0000000087300000, 0x0000000087300000, 0x0000000087400000|  0%| F|  |TAMS 0x0000000087300000, 0x0000000087300000| Untracked 
| 104|0x0000000087400000, 0x0000000087400000, 0x0000000087500000|  0%| F|  |TAMS 0x0000000087400000, 0x0000000087400000| Untracked 
| 105|0x0000000087500000, 0x0000000087500000, 0x0000000087600000|  0%| F|  |TAMS 0x0000000087500000, 0x0000000087500000| Untracked 
| 106|0x0000000087600000, 0x0000000087600000, 0x0000000087700000|  0%| F|  |TAMS 0x0000000087600000, 0x0000000087600000| Untracked 
| 107|0x0000000087700000, 0x0000000087700000, 0x0000000087800000|  0%| F|  |TAMS 0x0000000087700000, 0x0000000087700000| Untracked 
| 108|0x0000000087800000, 0x0000000087800000, 0x0000000087900000|  0%| F|  |TAMS 0x0000000087800000, 0x0000000087800000| Untracked 
| 109|0x0000000087900000, 0x0000000087900000, 0x0000000087a00000|  0%| F|  |TAMS 0x0000000087900000, 0x0000000087900000| Untracked 
| 110|0x0000000087a00000, 0x0000000087a00000, 0x0000000087b00000|  0%| F|  |TAMS 0x0000000087a00000, 0x0000000087a00000| Untracked 
| 111|0x0000000087b00000, 0x0000000087b00000, 0x0000000087c00000|  0%| F|  |TAMS 0x0000000087b00000, 0x0000000087b00000| Untracked 
| 112|0x0000000087c00000, 0x0000000087c00000, 0x0000000087d00000|  0%| F|  |TAMS 0x0000000087c00000, 0x0000000087c00000| Untracked 
| 113|0x0000000087d00000, 0x0000000087d00000, 0x0000000087e00000|  0%| F|  |TAMS 0x0000000087d00000, 0x0000000087d00000| Untracked 
| 114|0x0000000087e00000, 0x0000000087e00000, 0x0000000087f00000|  0%| F|  |TAMS 0x0000000087e00000, 0x0000000087e00000| Untracked 
| 115|0x0000000087f00000, 0x0000000087f00000, 0x0000000088000000|  0%| F|  |TAMS 0x0000000087f00000, 0x0000000087f00000| Untracked 
| 116|0x0000000088000000, 0x0000000088000000, 0x0000000088100000|  0%| F|  |TAMS 0x0000000088000000, 0x0000000088000000| Untracked 
| 117|0x0000000088100000, 0x0000000088100000, 0x0000000088200000|  0%| F|  |TAMS 0x0000000088100000, 0x0000000088100000| Untracked 
| 118|0x0000000088200000, 0x0000000088200000, 0x0000000088300000|  0%| F|  |TAMS 0x0000000088200000, 0x0000000088200000| Untracked 
| 119|0x0000000088300000, 0x0000000088300000, 0x0000000088400000|  0%| F|  |TAMS 0x0000000088300000, 0x0000000088300000| Untracked 
| 120|0x0000000088400000, 0x0000000088400000, 0x0000000088500000|  0%| F|  |TAMS 0x0000000088400000, 0x0000000088400000| Untracked 
| 121|0x0000000088500000, 0x00000000885584f8, 0x0000000088600000| 34%| E|  |TAMS 0x0000000088500000, 0x0000000088500000| Complete 
| 122|0x0000000088600000, 0x0000000088700000, 0x0000000088700000|100%| E|CS|TAMS 0x0000000088600000, 0x0000000088600000| Complete 
| 123|0x0000000088700000, 0x00000000887c5ee0, 0x0000000088800000| 77%| S|CS|TAMS 0x0000000088700000, 0x0000000088700000| Complete 
| 124|0x0000000088800000, 0x0000000088900000, 0x0000000088900000|100%| E|CS|TAMS 0x0000000088800000, 0x0000000088800000| Complete 
| 125|0x0000000088900000, 0x0000000088a00000, 0x0000000088a00000|100%| E|CS|TAMS 0x0000000088900000, 0x0000000088900000| Complete 
| 126|0x0000000088a00000, 0x0000000088b00000, 0x0000000088b00000|100%| E|CS|TAMS 0x0000000088a00000, 0x0000000088a00000| Complete 
| 127|0x0000000088b00000, 0x0000000088c00000, 0x0000000088c00000|100%| E|CS|TAMS 0x0000000088b00000, 0x0000000088b00000| Complete 

Card table byte_map: [0x00000189fc480000,0x00000189fc880000] _byte_map_base: 0x00000189fc07a000

Marking Bits (Prev, Next): (CMBitMap*) 0x00000189e4dd7238, (CMBitMap*) 0x00000189e4dd7270
 Prev Bits: [0x00000189fcc80000, 0x00000189fec50000)
 Next Bits: [0x0000018980000000, 0x0000018981fd0000)

Polling page: 0x00000189e2b90000

Metaspace:

Usage:
  Non-class:     11.83 MB capacity,    11.62 MB ( 98%) used,   181.39 KB (  1%) free+waste,    31.00 KB ( <1%) overhead. 
      Class:      1.50 MB capacity,     1.37 MB ( 91%) used,   116.53 KB (  8%) free+waste,    15.38 KB ( <1%) overhead. 
       Both:     13.33 MB capacity,    13.00 MB ( 97%) used,   297.92 KB (  2%) free+waste,    46.38 KB ( <1%) overhead. 

Virtual space:
  Non-class space:       12.00 MB reserved,      12.00 MB (100%) committed 
      Class space:        1.00 GB reserved,       1.63 MB ( <1%) committed 
             Both:        1.01 GB reserved,      13.63 MB (  1%) committed 

Chunk freelists:
   Non-Class:  5.63 KB
       Class:  3.75 KB
        Both:  9.38 KB

CodeHeap 'non-profiled nmethods': size=238912Kb used=1906Kb max_used=1906Kb free=237005Kb
 bounds [0x00000189ed730000, 0x00000189ed9a0000, 0x00000189fc080000]
CodeHeap 'non-nmethods': size=6848Kb used=2231Kb max_used=2231Kb free=4616Kb
 bounds [0x00000189ed080000, 0x00000189ed2f0000, 0x00000189ed730000]
 total_blobs=1719 nmethods=1289 adapters=339
 compilation: enabled
              stopped_count=0, restarted_count=0
 full_count=0

Compilation events (10 events):
Event: 1.407 Thread 0x0000018984623000 1111       1       java.lang.String::indexOf (65 bytes)
Event: 1.407 Thread 0x00000189ff9c4800 1112       1       java.lang.StringLatin1::indexOf (25 bytes)
Event: 1.407 Thread 0x00000189ff9c4800 nmethod 1112 0x00000189ed8b7410 code [0x00000189ed8b75c0, 0x00000189ed8b7730]
Event: 1.407 Thread 0x0000018984623000 nmethod 1111 0x00000189ed8b7d10 code [0x00000189ed8b7ee0, 0x00000189ed8b81b0]
Event: 1.408 Thread 0x00000189ff9c4800 1114       1       java.net.URI::match (56 bytes)
Event: 1.408 Thread 0x00000189ff9c4800 nmethod 1114 0x00000189ed8b8390 code [0x00000189ed8b8540, 0x00000189ed8b8718]
Event: 1.409 Thread 0x0000018984623000 1115       1       java.lang.Class::forName (47 bytes)
Event: 1.409 Thread 0x0000018984623000 nmethod 1115 0x00000189ed8b8790 code [0x00000189ed8b8960, 0x00000189ed8b8b90]
Event: 1.409 Thread 0x00000189ff9c4800 1116       1       java.security.CodeSource::getLocation (5 bytes)
Event: 1.409 Thread 0x00000189ff9c4800 nmethod 1116 0x00000189ed8b8c90 code [0x00000189ed8b8e40, 0x00000189ed8b8f58]

GC Heap History (4 events):
Event: 1.031 GC heap before
{Heap before GC invocations=0 (full 0):
 garbage-first heap   total 131072K, used 15360K [0x0000000080c00000, 0x0000000100000000)
  region size 1024K, 14 young (14336K), 0 survivors (0K)
 Metaspace       used 8953K, capacity 9152K, committed 9216K, reserved 1056768K
  class space    used 911K, capacity 995K, committed 1024K, reserved 1048576K
}
Event: 1.037 GC heap after
{Heap after GC invocations=1 (full 0):
 garbage-first heap   total 131072K, used 8131K [0x0000000080c00000, 0x0000000100000000)
  region size 1024K, 2 young (2048K), 2 survivors (2048K)
 Metaspace       used 8953K, capacity 9152K, committed 9216K, reserved 1056768K
  class space    used 911K, capacity 995K, committed 1024K, reserved 1048576K
}
Event: 1.372 GC heap before
{Heap before GC invocations=1 (full 0):
 garbage-first heap   total 131072K, used 12227K [0x0000000080c00000, 0x0000000100000000)
  region size 1024K, 6 young (6144K), 2 survivors (2048K)
 Metaspace       used 12147K, capacity 12521K, committed 12800K, reserved 1060864K
  class space    used 1282K, capacity 1438K, committed 1536K, reserved 1048576K
}
Event: 1.377 GC heap after
{Heap after GC invocations=2 (full 0):
 garbage-first heap   total 131072K, used 8926K [0x0000000080c00000, 0x0000000100000000)
  region size 1024K, 1 young (1024K), 1 survivors (1024K)
 Metaspace       used 12147K, capacity 12521K, committed 12800K, reserved 1060864K
  class space    used 1282K, capacity 1438K, committed 1536K, reserved 1048576K
}

Deoptimization events (0 events):
No events

Classes redefined (0 events):
No events

Internal exceptions (10 events):
Event: 1.100 Thread 0x00000189e4d97000 Exception <a 'java/lang/NoSuchMethodError'{0x0000000088a11f50}: java.lang.invoke.DirectMethodHandle$Holder.invokeStaticInit(Ljava/lang/Object;IIII)Ljava/lang/Object;> (0x0000000088a11f50) thrown at [t:/workspace/open/src/hotspot/share/interpreter/linkReso
Event: 1.286 Thread 0x00000189e4d97000 Exception <a 'java/lang/NoSuchMethodError'{0x0000000088aeeee0}: java.lang.invoke.DirectMethodHandle$Holder.invokeStatic(Ljava/lang/Object;Ljava/lang/Object;IIII)Ljava/lang/Object;> (0x0000000088aeeee0) thrown at [t:/workspace/open/src/hotspot/share/interp
Event: 1.286 Thread 0x00000189e4d97000 Exception <a 'java/lang/NoSuchMethodError'{0x0000000088af2228}: java.lang.invoke.DirectMethodHandle$Holder.invokeStaticInit(Ljava/lang/Object;Ljava/lang/Object;IIII)Ljava/lang/Object;> (0x0000000088af2228) thrown at [t:/workspace/open/src/hotspot/share/in
Event: 1.303 Thread 0x00000189e4d97000 Exception <a 'java/lang/ClassNotFoundException'{0x000000008890fec8}: javax/management/remote/rmi/RMIServerImpl_Skel> (0x000000008890fec8) thrown at [t:/workspace/open/src/hotspot/share/classfile/systemDictionary.cpp, line 231]
Event: 1.343 Thread 0x00000189e4d97000 Exception <a 'java/lang/ClassNotFoundException'{0x00000000889b3be0}: jdk/internal/agent/resources/spi/agentProvider> (0x00000000889b3be0) thrown at [t:/workspace/open/src/hotspot/share/classfile/systemDictionary.cpp, line 231]
Event: 1.351 Thread 0x00000189e4d97000 Exception <a 'java/lang/NoSuchMethodError'{0x000000008880a5d0}: java.lang.invoke.DirectMethodHandle$Holder.invokeStatic(Ljava/lang/Object;Ljava/lang/Object;Ljava/lang/Object;Ljava/lang/Object;Ljava/lang/Object;Ljava/lang/Object;Ljava/lang/Object;Ljava/lan
Event: 1.352 Thread 0x00000189e4d97000 Exception <a 'java/lang/NoSuchMethodError'{0x0000000088816f90}: java.lang.invoke.DirectMethodHandle$Holder.invokeStatic(Ljava/lang/Object;Ljava/lang/Object;Ljava/lang/Object;Ljava/lang/Object;Ljava/lang/Object;Ljava/lang/Object;Ljava/lang/Object;Ljava/lan
Event: 1.353 Thread 0x00000189e4d97000 Exception <a 'java/lang/NoSuchMethodError'{0x0000000088830e80}: java.lang.invoke.DelegatingMethodHandle$Holder.reinvoke_L(Ljava/lang/Object;ILjava/lang/Object;)Ljava/lang/Object;> (0x0000000088830e80) thrown at [t:/workspace/open/src/hotspot/share/interpr
Event: 1.407 Thread 0x00000189e4d97000 Exception <a 'java/lang/ClassNotFoundException'{0x0000000088ac9478}: javax/smartcardio/CardPermission> (0x0000000088ac9478) thrown at [t:/workspace/open/src/hotspot/share/classfile/systemDictionary.cpp, line 231]
Event: 1.409 Thread 0x00000189e4d97000 Exception <a 'java/io/FileNotFoundException'{0x0000000088ad7a68}> (0x0000000088ad7a68) thrown at [t:/workspace/open/src/hotspot/share/prims/jni.cpp, line 615]

Events (10 events):
Event: 1.409 loading class java/security/GeneralSecurityException
Event: 1.409 loading class java/security/GeneralSecurityException done
Event: 1.409 loading class sun/security/provider/PolicyParser$ParsingException done
Event: 1.409 loading class sun/security/provider/PolicyFile$7
Event: 1.409 loading class sun/security/provider/PolicyFile$7 done
Event: 1.409 loading class sun/security/provider/PolicyFile$9
Event: 1.410 loading class sun/security/provider/PolicyFile$9 done
Event: 1.410 loading class sun/security/provider/PolicyFile$SelfPermission
Event: 1.410 loading class sun/security/provider/PolicyFile$SelfPermission done
Event: 1.410 loading class java/util/PropertyPermissionCollection


Dynamic libraries:
0x00007ff7f9890000 - 0x00007ff7f98d7000 	C:\Program Files\Java\jdk-11.0.4\bin\javaw.exe
0x00007ffbba1e0000 - 0x00007ffbba3d0000 	C:\WINDOWS\SYSTEM32\ntdll.dll
0x00007ffbb8310000 - 0x00007ffbb83c2000 	C:\WINDOWS\System32\KERNEL32.DLL
0x00007ffbb7100000 - 0x00007ffbb73a3000 	C:\WINDOWS\System32\KERNELBASE.dll
0x00007ffbb49a0000 - 0x00007ffbb4a2f000 	C:\WINDOWS\SYSTEM32\apphelp.dll
0x00007ffb6c5a0000 - 0x00007ffb6ca32000 	C:\WINDOWS\SYSTEM32\AcLayers.DLL
0x00007ffbb9ea0000 - 0x00007ffbb9f3e000 	C:\WINDOWS\System32\msvcrt.dll
0x00007ffbb7900000 - 0x00007ffbb7a94000 	C:\WINDOWS\System32\USER32.dll
0x00007ffbb73e0000 - 0x00007ffbb7401000 	C:\WINDOWS\System32\win32u.dll
0x00007ffbb9040000 - 0x00007ffbb9066000 	C:\WINDOWS\System32\GDI32.dll
0x00007ffbb7520000 - 0x00007ffbb76b4000 	C:\WINDOWS\System32\gdi32full.dll
0x00007ffbb67e0000 - 0x00007ffbb687e000 	C:\WINDOWS\System32\msvcp_win.dll
0x00007ffbb6880000 - 0x00007ffbb697a000 	C:\WINDOWS\System32\ucrtbase.dll
0x00007ffbb8250000 - 0x00007ffbb82a2000 	C:\WINDOWS\System32\SHLWAPI.dll
0x00007ffbb7f10000 - 0x00007ffbb8246000 	C:\WINDOWS\System32\combase.dll
0x00007ffbb9310000 - 0x00007ffbb9430000 	C:\WINDOWS\System32\RPCRT4.dll
0x00007ffbb7810000 - 0x00007ffbb7890000 	C:\WINDOWS\System32\bcryptPrimitives.dll
0x00007ffbb9070000 - 0x00007ffbb9113000 	C:\WINDOWS\System32\ADVAPI32.dll
0x00007ffbb9d50000 - 0x00007ffbb9de7000 	C:\WINDOWS\System32\sechost.dll
0x00000189e29f0000 - 0x00000189e29f3000 	C:\WINDOWS\SYSTEM32\sfc.dll
0x00007ffbaba50000 - 0x00007ffbabad9000 	C:\WINDOWS\SYSTEM32\WINSPOOL.DRV
0x00007ffbb6730000 - 0x00007ffbb6741000 	C:\WINDOWS\System32\kernel.appcore.dll
0x00007ffbb73b0000 - 0x00007ffbb73d6000 	C:\WINDOWS\System32\bcrypt.dll
0x00007ffbb31a0000 - 0x00007ffbb328f000 	C:\WINDOWS\SYSTEM32\PROPSYS.dll
0x00007ffbb9c80000 - 0x00007ffbb9d44000 	C:\WINDOWS\System32\OLEAUT32.dll
0x00007ffbb8920000 - 0x00007ffbb89c9000 	C:\WINDOWS\System32\shcore.dll
0x00007ffbb5ca0000 - 0x00007ffbb5cda000 	C:\WINDOWS\SYSTEM32\IPHLPAPI.DLL
0x00007ffb9c490000 - 0x00007ffb9c4a1000 	C:\WINDOWS\SYSTEM32\sfc_os.DLL
0x00007ffbb8c80000 - 0x00007ffbb8cae000 	C:\WINDOWS\System32\IMM32.DLL
0x00007ffba8b10000 - 0x00007ffba8d95000 	C:\WINDOWS\WinSxS\amd64_microsoft.windows.common-controls_6595b64144ccf1df_6.0.18362.592_none_e6c0b1911312be02\COMCTL32.dll
0x00007ffbb0080000 - 0x00007ffbb008a000 	C:\WINDOWS\SYSTEM32\VERSION.dll
0x00007ffbb2db0000 - 0x00007ffbb2dc6000 	C:\Program Files\Java\jdk-11.0.4\bin\vcruntime140.dll
0x00007ffbad260000 - 0x00007ffbad30a000 	C:\Program Files\Java\jdk-11.0.4\bin\msvcp140.dll
0x00007ffb82440000 - 0x00007ffb82f67000 	C:\Program Files\Java\jdk-11.0.4\bin\server\jvm.dll
0x00007ffbb9580000 - 0x00007ffbb9588000 	C:\WINDOWS\System32\PSAPI.DLL
0x00007ffb98dd0000 - 0x00007ffb98dd9000 	C:\WINDOWS\SYSTEM32\WSOCK32.dll
0x00007ffbb8cb0000 - 0x00007ffbb8d1f000 	C:\WINDOWS\System32\WS2_32.dll
0x00007ffbb34c0000 - 0x00007ffbb34e4000 	C:\WINDOWS\SYSTEM32\WINMM.dll
0x00007ffbb3490000 - 0x00007ffbb34bd000 	C:\WINDOWS\SYSTEM32\WINMMBASE.dll
0x00007ffbb78b0000 - 0x00007ffbb78fa000 	C:\WINDOWS\System32\cfgmgr32.dll
0x00007ffb942e0000 - 0x00007ffb942f1000 	C:\Program Files\Java\jdk-11.0.4\bin\verify.dll
0x00007ffba7390000 - 0x00007ffba7584000 	C:\WINDOWS\SYSTEM32\DBGHELP.DLL
0x00007ffba7360000 - 0x00007ffba738a000 	C:\WINDOWS\SYSTEM32\dbgcore.DLL
0x00007ffb8e920000 - 0x00007ffb8e949000 	C:\Program Files\Java\jdk-11.0.4\bin\java.dll
0x00007ffb942c0000 - 0x00007ffb942d6000 	C:\Program Files\Java\jdk-11.0.4\bin\zip.dll
0x00007ffb98ae0000 - 0x00007ffb98aea000 	C:\Program Files\Java\jdk-11.0.4\bin\jimage.dll
0x00007ffbb9590000 - 0x00007ffbb9c75000 	C:\WINDOWS\System32\SHELL32.dll
0x00007ffbb6980000 - 0x00007ffbb70ff000 	C:\WINDOWS\System32\windows.storage.dll
0x00007ffbb6750000 - 0x00007ffbb676f000 	C:\WINDOWS\System32\profapi.dll
0x00007ffbb6770000 - 0x00007ffbb67ba000 	C:\WINDOWS\System32\powrprof.dll
0x00007ffbb6720000 - 0x00007ffbb6730000 	C:\WINDOWS\System32\UMPDC.dll
0x00007ffbb7890000 - 0x00007ffbb78a7000 	C:\WINDOWS\System32\cryptsp.dll
0x00007ffb8e900000 - 0x00007ffb8e919000 	C:\Program Files\Java\jdk-11.0.4\bin\net.dll
0x00007ffbb9fc0000 - 0x00007ffbba196000 	C:\WINDOWS\System32\urlmon.dll
0x00007ffbb89d0000 - 0x00007ffbb8c76000 	C:\WINDOWS\System32\iertutil.dll
0x00007ffbaac00000 - 0x00007ffbaacf0000 	C:\WINDOWS\SYSTEM32\WINHTTP.dll
0x00007ffbb6160000 - 0x00007ffbb616c000 	C:\WINDOWS\SYSTEM32\CRYPTBASE.DLL
0x00007ffbb5f90000 - 0x00007ffbb5ff7000 	C:\WINDOWS\system32\mswsock.dll
0x00007ffb8e8e0000 - 0x00007ffb8e8f3000 	C:\Program Files\Java\jdk-11.0.4\bin\nio.dll
0x00007ffbb3550000 - 0x00007ffbb3559000 	C:\Program Files\Java\jdk-11.0.4\bin\management.dll
0x00007ffbb2340000 - 0x00007ffbb234c000 	C:\Program Files\Java\jdk-11.0.4\bin\management_ext.dll
0x00007ffb8ad40000 - 0x00007ffb8ad56000 	C:\WINDOWS\system32\napinsp.dll
0x00007ffb83d50000 - 0x00007ffb83d6a000 	C:\WINDOWS\system32\pnrpnsp.dll
0x00007ffbb5ce0000 - 0x00007ffbb5daa000 	C:\WINDOWS\SYSTEM32\DNSAPI.dll
0x00007ffbb9130000 - 0x00007ffbb9138000 	C:\WINDOWS\System32\NSI.dll
0x00007ffb9c8d0000 - 0x00007ffb9c8de000 	C:\WINDOWS\System32\winrnr.dll
0x00007ffbb0f70000 - 0x00007ffbb0f8c000 	C:\WINDOWS\system32\NLAapi.dll
0x00007ffbac410000 - 0x00007ffbac425000 	C:\WINDOWS\system32\wshbth.dll
0x00007ffbaa120000 - 0x00007ffbaa12a000 	C:\Windows\System32\rasadhlp.dll
0x00007ffbab380000 - 0x00007ffbab3f7000 	C:\WINDOWS\System32\fwpuclnt.dll
0x00007ffbb5b00000 - 0x00007ffbb5b33000 	C:\WINDOWS\system32\rsaenh.dll
0x00007ffbb6610000 - 0x00007ffbb6635000 	C:\WINDOWS\SYSTEM32\USERENV.dll
0x00007ffbab460000 - 0x00007ffbab476000 	C:\WINDOWS\SYSTEM32\dhcpcsvc6.DLL
0x00007ffbab480000 - 0x00007ffbab49c000 	C:\WINDOWS\SYSTEM32\dhcpcsvc.DLL

dbghelp: loaded successfully - version: 4.0.5 - missing functions: none
symbol engine: initialized successfully - sym options: 0x614 - pdb path: .;C:\Program Files\Java\jdk-11.0.4\bin;C:\WINDOWS\SYSTEM32;C:\WINDOWS\WinSxS\amd64_microsoft.windows.common-controls_6595b64144ccf1df_6.0.18362.592_none_e6c0b1911312be02;C:\Program Files\Java\jdk-11.0.4\bin\server

VM Arguments:
jvm_args: -Dcom.sun.management.jmxremote -Dcom.sun.management.jmxremote.port=60114 -Dcom.sun.management.jmxremote.authenticate=false -Dcom.sun.management.jmxremote.ssl=false -Djava.rmi.server.hostname=localhost -Dspring.jmx.enabled=true -Dspring.liveBeansView.mbeanDomain -Dspring.application.admin.enabled=true -Xverify:none -XX:TieredStopAtLevel=1 -Dspring.boot.project.name=newproject -Dfile.encoding=Cp1252 
java_command: com.example.demo.NewprojectApplication --spring.output.ansi.enabled=always
java_class_path (initial): C:\Users\ASHISH\Desktop\sts\newproject\bin\main;C:\Users\ASHISH\.gradle\caches\modules-2\files-2.1\org.springframework.boot\spring-boot-starter-data-jpa\2.2.4.RELEASE\374fc811a6e64632593cae83fe6786b1b93b574\spring-boot-starter-data-jpa-2.2.4.RELEASE.jar;C:\Users\ASHISH\.gradle\caches\modules-2\files-2.1\org.springframework.boot\spring-boot-starter-security\2.2.4.RELEASE\6ae84ac22148368eca716c64424e2f5d9db7a156\spring-boot-starter-security-2.2.4.RELEASE.jar;C:\Users\ASHISH\.gradle\caches\modules-2\files-2.1\org.springframework.boot\spring-boot-starter-thymeleaf\2.2.4.RELEASE\168d71302f3227702e8a2d74841136c6e0814d81\spring-boot-starter-thymeleaf-2.2.4.RELEASE.jar;C:\Users\ASHISH\.gradle\caches\modules-2\files-2.1\org.springframework.boot\spring-boot-starter-web-services\2.2.4.RELEASE\3c19d62e7891bb70d99d1366fddc31a5b09cf0a7\spring-boot-starter-web-services-2.2.4.RELEASE.jar;C:\Users\ASHISH\.gradle\caches\modules-2\files-2.1\com.vaadin\vaadin-spring-boot-starter\14.1.16\a5db68224e202cac2f1f2e0356f3ba4203dc93cf\vaadin-spring-boot-starter-14.1.16.jar;C:\Users\ASHISH\.gradle\caches\modules-2\files-2.1\org.springframework.boot\spring-boot-starter-web\2.2.4.RELEASE\ec75d01d212b5229c16d872fb127744c0ed46ed8\spring-boot-starter-web-2.2.4.RELEASE.jar;C:\Users\ASHISH\.gradle\caches\modules-2\files-2.1\org.springframework.boot\spring-boot-starter-webflux\2.2.4.RELEASE\e26ab42e62ac9a398941dda033b0ea17edce2643\spring-boot-starter-webflux-2.2.4.RELEASE.jar;C:\Users\ASHISH\.gradle\caches\modules-2\files-2.1\org.springframework.boot\spring-boot-starter-aop\2.2.4.RELEASE\26fe8208e070eb17e48e101f812c4519103165a\spring-boot-starter-aop-2.2.4.RELEASE.jar;C:\Users\ASHISH\.gradle\caches\modules-2\files-2.1\org.springframework.boot\spring-boot-starter-jdbc\2.2.4.RELEASE\2391d4f6f338b1eee003f0aadfcd4124cd3ed191\spring-boot-starter-jdbc-2.2.4.RELEASE.jar;C:\Users\ASHISH\.gradle\caches\modules-2\files-2.1\com.sun.xml.messaging.saaj\saaj-impl\1.5.1\e76b10e4f99630d0e5
Launcher Type: SUN_STANDARD

[Global flags]
     bool BytecodeVerificationLocal                = false                                     {product} {command line}
     bool BytecodeVerificationRemote               = false                                     {product} {command line}
     intx CICompilerCount                          = 3                                         {product} {ergonomic}
     uint ConcGCThreads                            = 1                                         {product} {ergonomic}
     uint G1ConcRefinementThreads                  = 4                                         {product} {ergonomic}
   size_t G1HeapRegionSize                         = 1048576                                   {product} {ergonomic}
    uintx GCDrainStackTargetSize                   = 64                                        {product} {ergonomic}
   size_t InitialHeapSize                          = 134217728                                 {product} {ergonomic}
     bool ManagementServer                         = true                                      {product} {command line}
   size_t MarkStackSize                            = 4194304                                   {product} {ergonomic}
   size_t MaxHeapSize                              = 2134900736                                {product} {ergonomic}
   size_t MaxNewSize                               = 1280311296                                {product} {ergonomic}
   size_t MinHeapDeltaBytes                        = 1048576                                   {product} {ergonomic}
    uintx NonNMethodCodeHeapSize                   = 6973028                                {pd product} {ergonomic}
    uintx NonProfiledCodeHeapSize                  = 244685212                              {pd product} {ergonomic}
    uintx ProfiledCodeHeapSize                     = 0                                      {pd product} {ergonomic}
    uintx ReservedCodeCacheSize                    = 251658240                              {pd product} {ergonomic}
     bool SegmentedCodeCache                       = true                                      {product} {ergonomic}
     intx TieredStopAtLevel                        = 1                                         {product} {command line}
     bool UseCompressedClassPointers               = true                                 {lp64_product} {ergonomic}
     bool UseCompressedOops                        = true                                 {lp64_product} {ergonomic}
     bool UseG1GC                                  = true                                      {product} {ergonomic}
     bool UseLargePagesIndividualAllocation        = false                                  {pd product} {ergonomic}

Logging:
Log output configuration:
 #0: stdout all=warning uptime,level,tags
 #1: stderr all=off uptime,level,tags

Environment Variables:
PATH=C:/Program Files/Java/jdk-11.0.4/bin/server;C:/Program Files/Java/jdk-11.0.4/bin;C:\Program Files\Java\jdk-11.0.4\bin;C:\Program Files (x86)\Common Files\Microsoft Shared\Windows Live;C:\WINDOWS\system32;C:\WINDOWS;C:\WINDOWS\System32\Wbem;C:\WINDOWS\System32\WindowsPowerShell\v1.0\;C:\Program Files (x86)\Windows Live\Shared;C:\Program Files (x86)\ATI Technologies\ATI.ACE\Core-Static;C:\Program Files\Intel\WiFi\bin\;C:\Program Files\Common Files\Intel\WirelessCommon\;C:\WINDOWS\System32\OpenSSH\;C:\Program Files (x86)\AMD\ATI.ACE\Core-Static;C:\Program Files\nodejs\;C:\Program Files\Git\cmd;C:\Program Files\Java\jdk-11.0.4\bin;;C:\Users\ASHISH\Desktop\sts-bundle\sts-3.9.10.RELEASE;
USERNAME=ASHISH
OS=Windows_NT
PROCESSOR_IDENTIFIER=Intel64 Family 6 Model 42 Stepping 7, GenuineIntel



---------------  S Y S T E M  ---------------

OS: Windows 10 , 64 bit Build 18362 (10.0.18362.329)

CPU:total 4 (initial active 4) (2 cores per cpu, 2 threads per core) family 6 model 42 stepping 7, cmov, cx8, fxsr, mmx, sse, sse2, sse3, ssse3, sse4.1, sse4.2, popcnt, avx, aes, clmul, ht, tsc, tscinvbit

Memory: 4k page, system-wide physical 8139M (3968M free)
TotalPageFile size 16331M (AvailPageFile size 11773M)
current process WorkingSet (physical memory assigned to process): 75M, peak: 75M
current process commit charge ("private bytes"): 218M, peak: 218M

vm_info: Java HotSpot(TM) 64-Bit Server VM (11.0.4+10-LTS) for windows-amd64 JRE (11.0.4+10-LTS), built on Jul  4 2019 16:28:13 by "mach5one" with MS VC++ 15.5 (VS2017)

END.
